ElfRec#045162 (0x00009060)	2026-02-06T08:19:17.3465719Z	size=752
<Event xmlns=http://schemas.microsoft.com/win/2004/08/events/event><System><Provider Name=Microsoft-Windows-Security-Auditing Guid={54849625-5478-4994-a5ba-3e3b0328c30d}/>
<EventID Qualifiers=(null)>4624</EventID>
<Version>3</Version>
<Level>0</Level>
<Task>12544</Task>
<Opcode>0</Opcode>
<Keywords>0x8020000000000000</Keywords>
<TimeCreated SystemTime=2026-02-06T08:19:17.346571900Z/>
<EventRecordID>45162</EventRecordID>
<Correlation ActivityID={58c37ec8-9032-0001-eb7f-c3583290dc01} RelatedActivityID=(null)/>
<Execution ProcessID=792 ThreadID=876/>
<Channel>Security</Channel>
<Computer>win11ja111</Computer>
<Security UserID=(null)/>
</System>
<EventData><Data Name=SubjectUserSid>S-1-5-18</Data>
<Data Name=SubjectUserName>WIN11JA111$</Data>
<Data Name=SubjectDomainName>WORKGROUP</Data>
<Data Name=SubjectLogonId>0x3e7</Data>
<Data Name=TargetUserSid>S-1-5-18</Data>
<Data Name=TargetUserName>SYSTEM</Data>
<Data Name=TargetDomainName>NT AUTHORITY</Data>
<Data Name=TargetLogonId>0x3e7</Data>
<Data Name=LogonType>5</Data>
<Data Name=LogonProcessName>Advapi  </Data>
<Data Name=AuthenticationPackageName>Negotiate</Data>
<Data Name=WorkstationName>-</Data>
<Data Name=LogonGuid>{00000000-0000-0000-0000-000000000000}</Data>
<Data Name=TransmittedServices>-</Data>
<Data Name=LmPackageName>-</Data>
<Data Name=KeyLength>0</Data>
<Data Name=ProcessId>0x310</Data>
<Data Name=ProcessName>C:\Windows\System32\services.exe</Data>
<Data Name=IpAddress>-</Data>
<Data Name=IpPort>-</Data>
<Data Name=ImpersonationLevel>%%1833</Data>
<Data Name=RestrictedAdminMode>-</Data>
<Data Name=RemoteCredentialGuard>-</Data>
<Data Name=TargetOutboundUserName>-</Data>
<Data Name=TargetOutboundDomainName>-</Data>
<Data Name=VirtualAccount>%%1843</Data>
<Data Name=TargetLinkedLogonId>0x0</Data>
<Data Name=ElevatedToken>%%1842</Data>
</EventData>
</Event>
ElfRec#045163 (0x00009350)	2026-02-06T08:19:17.3465821Z	size=1016
<Event xmlns=http://schemas.microsoft.com/win/2004/08/events/event><System><Provider Name=Microsoft-Windows-Security-Auditing Guid={54849625-5478-4994-a5ba-3e3b0328c30d}/>
<EventID Qualifiers=(null)>4672</EventID>
<Version>0</Version>
<Level>0</Level>
<Task>12548</Task>
<Opcode>0</Opcode>
<Keywords>0x8020000000000000</Keywords>
<TimeCreated SystemTime=2026-02-06T08:19:17.346582100Z/>
<EventRecordID>45163</EventRecordID>
<Correlation ActivityID={58c37ec8-9032-0001-eb7f-c3583290dc01} RelatedActivityID=(null)/>
<Execution ProcessID=792 ThreadID=876/>
<Channel>Security</Channel>
<Computer>win11ja111</Computer>
<Security UserID=(null)/>
</System>
<EventData><Data Name=SubjectUserSid>S-1-5-18</Data>
<Data Name=SubjectUserName>SYSTEM</Data>
<Data Name=SubjectDomainName>NT AUTHORITY</Data>
<Data Name=SubjectLogonId>0x3e7</Data>
<Data Name=PrivilegeList>SeAssignPrimaryTokenPrivilege
			SeTcbPrivilege
			SeSecurityPrivilege
			SeTakeOwnershipPrivilege
			SeLoadDriverPrivilege
			SeBackupPrivilege
			SeRestorePrivilege
			SeDebugPrivilege
			SeAuditPrivilege
			SeSystemEnvironmentPrivilege
			SeImpersonatePrivilege
			SeDelegateSessionUserImpersonatePrivilege</Data>
</EventData>
</Event>
ElfRec#045164 (0x00009748)	2026-02-06T08:19:17.4385417Z	size=1240
<Event xmlns=http://schemas.microsoft.com/win/2004/08/events/event><System><Provider Name=Microsoft-Windows-Security-Auditing Guid={54849625-5478-4994-a5ba-3e3b0328c30d}/>
<EventID Qualifiers=(null)>5379</EventID>
<Version>0</Version>
<Level>0</Level>
<Task>13824</Task>
<Opcode>0</Opcode>
<Keywords>0x8020000000000000</Keywords>
<TimeCreated SystemTime=2026-02-06T08:19:17.438541700Z/>
<EventRecordID>45164</EventRecordID>
<Correlation ActivityID={58c37ec8-9032-0001-eb7f-c3583290dc01} RelatedActivityID=(null)/>
<Execution ProcessID=792 ThreadID=6320/>
<Channel>Security</Channel>
<Computer>win11ja111</Computer>
<Security UserID=(null)/>
</System>
<EventData><Data Name=SubjectUserSid>S-1-5-18</Data>
<Data Name=SubjectUserName>WIN11JA111$</Data>
<Data Name=SubjectDomainName>WORKGROUP</Data>
<Data Name=SubjectLogonId>0x3e7</Data>
<Data Name=TargetName>WindowsLive:(token):name=02rfqjcdkuvkaotn;serviceuri=*</Data>
<Data Name=Type>0</Data>
<Data Name=CountOfCredentialsReturned>0</Data>
<Data Name=ReadOperation>%%8100</Data>
<Data Name=ReturnCode>3221226021</Data>
<Data Name=ProcessCreationTime>2026-02-06T08:19:17.348431600Z</Data>
<Data Name=ClientProcessId>268</Data>
</EventData>
</Event>
ElfRec#045165 (0x00009c20)	2026-02-06T08:19:17.4388057Z	size=552
<Event xmlns=http://schemas.microsoft.com/win/2004/08/events/event><System><Provider Name=Microsoft-Windows-Security-Auditing Guid={54849625-5478-4994-a5ba-3e3b0328c30d}/>
<EventID Qualifiers=(null)>5379</EventID>
<Version>0</Version>
<Level>0</Level>
<Task>13824</Task>
<Opcode>0</Opcode>
<Keywords>0x8020000000000000</Keywords>
<TimeCreated SystemTime=2026-02-06T08:19:17.438805700Z/>
<EventRecordID>45165</EventRecordID>
<Correlation ActivityID={58c37ec8-9032-0001-eb7f-c3583290dc01} RelatedActivityID=(null)/>
<Execution ProcessID=792 ThreadID=6320/>
<Channel>Security</Channel>
<Computer>win11ja111</Computer>
<Security UserID=(null)/>
</System>
<EventData><Data Name=SubjectUserSid>S-1-5-18</Data>
<Data Name=SubjectUserName>WIN11JA111$</Data>
<Data Name=SubjectDomainName>WORKGROUP</Data>
<Data Name=SubjectLogonId>0x3e7</Data>
<Data Name=TargetName>WindowsLive:(cert):name=02rfqjcdkuvkaotn;serviceuri=*</Data>
<Data Name=Type>0</Data>
<Data Name=CountOfCredentialsReturned>0</Data>
<Data Name=ReadOperation>%%8100</Data>
<Data Name=ReturnCode>3221226021</Data>
<Data Name=ProcessCreationTime>2026-02-06T08:19:17.348431600Z</Data>
<Data Name=ClientProcessId>268</Data>
</EventData>
</Event>
ElfRec#045166 (0x00009e48)	2026-02-06T08:19:17.4389222Z	size=528
<Event xmlns=http://schemas.microsoft.com/win/2004/08/events/event><System><Provider Name=Microsoft-Windows-Security-Auditing Guid={54849625-5478-4994-a5ba-3e3b0328c30d}/>
<EventID Qualifiers=(null)>5379</EventID>
<Version>0</Version>
<Level>0</Level>
<Task>13824</Task>
<Opcode>0</Opcode>
<Keywords>0x8020000000000000</Keywords>
<TimeCreated SystemTime=2026-02-06T08:19:17.438922200Z/>
<EventRecordID>45166</EventRecordID>
<Correlation ActivityID={58c37ec8-9032-0001-eb7f-c3583290dc01} RelatedActivityID=(null)/>
<Execution ProcessID=792 ThreadID=6320/>
<Channel>Security</Channel>
<Computer>win11ja111</Computer>
<Security UserID=(null)/>
</System>
<EventData><Data Name=SubjectUserSid>S-1-5-18</Data>
<Data Name=SubjectUserName>WIN11JA111$</Data>
<Data Name=SubjectDomainName>WORKGROUP</Data>
<Data Name=SubjectLogonId>0x3e7</Data>
<Data Name=TargetName>WindowsLive:target=virtualapp/didlogical</Data>
<Data Name=Type>0</Data>
<Data Name=CountOfCredentialsReturned>1</Data>
<Data Name=ReadOperation>%%8100</Data>
<Data Name=ReturnCode>0</Data>
<Data Name=ProcessCreationTime>2026-02-06T08:19:17.348431600Z</Data>
<Data Name=ClientProcessId>268</Data>
</EventData>
</Event>
ElfRec#045167 (0x0000a058)	2026-02-06T08:19:17.4426876Z	size=520
<Event xmlns=http://schemas.microsoft.com/win/2004/08/events/event><System><Provider Name=Microsoft-Windows-Security-Auditing Guid={54849625-5478-4994-a5ba-3e3b0328c30d}/>
<EventID Qualifiers=(null)>5379</EventID>
<Version>0</Version>
<Level>0</Level>
<Task>13824</Task>
<Opcode>0</Opcode>
<Keywords>0x8020000000000000</Keywords>
<TimeCreated SystemTime=2026-02-06T08:19:17.442687600Z/>
<EventRecordID>45167</EventRecordID>
<Correlation ActivityID={58c37ec8-9032-0001-eb7f-c3583290dc01} RelatedActivityID=(null)/>
<Execution ProcessID=792 ThreadID=8352/>
<Channel>Security</Channel>
<Computer>win11ja111</Computer>
<Security UserID=(null)/>
</System>
<EventData><Data Name=SubjectUserSid>S-1-5-18</Data>
<Data Name=SubjectUserName>WIN11JA111$</Data>
<Data Name=SubjectDomainName>WORKGROUP</Data>
<Data Name=SubjectLogonId>0x3e7</Data>
<Data Name=TargetName>MicrosoftAccount:user=02rfqjcdkuvkaotn</Data>
<Data Name=Type>0</Data>
<Data Name=CountOfCredentialsReturned>0</Data>
<Data Name=ReadOperation>%%8100</Data>
<Data Name=ReturnCode>3221226021</Data>
<Data Name=ProcessCreationTime>2026-02-06T08:19:17.348431600Z</Data>
<Data Name=ClientProcessId>268</Data>
</EventData>
</Event>
ElfRec#045168 (0x0000a260)	2026-02-06T08:19:17.4427577Z	size=552
<Event xmlns=http://schemas.microsoft.com/win/2004/08/events/event><System><Provider Name=Microsoft-Windows-Security-Auditing Guid={54849625-5478-4994-a5ba-3e3b0328c30d}/>
<EventID Qualifiers=(null)>5379</EventID>
<Version>0</Version>
<Level>0</Level>
<Task>13824</Task>
<Opcode>0</Opcode>
<Keywords>0x8020000000000000</Keywords>
<TimeCreated SystemTime=2026-02-06T08:19:17.442757700Z/>
<EventRecordID>45168</EventRecordID>
<Correlation ActivityID={58c37ec8-9032-0001-eb7f-c3583290dc01} RelatedActivityID=(null)/>
<Execution ProcessID=792 ThreadID=8352/>
<Channel>Security</Channel>
<Computer>win11ja111</Computer>
<Security UserID=(null)/>
</System>
<EventData><Data Name=SubjectUserSid>S-1-5-18</Data>
<Data Name=SubjectUserName>WIN11JA111$</Data>
<Data Name=SubjectDomainName>WORKGROUP</Data>
<Data Name=SubjectLogonId>0x3e7</Data>
<Data Name=TargetName>WindowsLive:(token):name=02rfqjcdkuvkaotn;serviceuri=*</Data>
<Data Name=Type>0</Data>
<Data Name=CountOfCredentialsReturned>0</Data>
<Data Name=ReadOperation>%%8100</Data>
<Data Name=ReturnCode>3221226021</Data>
<Data Name=ProcessCreationTime>2026-02-06T08:19:17.348431600Z</Data>
<Data Name=ClientProcessId>268</Data>
</EventData>
</Event>
ElfRec#045169 (0x0000a488)	2026-02-06T08:19:17.4429721Z	size=552
<Event xmlns=http://schemas.microsoft.com/win/2004/08/events/event><System><Provider Name=Microsoft-Windows-Security-Auditing Guid={54849625-5478-4994-a5ba-3e3b0328c30d}/>
<EventID Qualifiers=(null)>5379</EventID>
<Version>0</Version>
<Level>0</Level>
<Task>13824</Task>
<Opcode>0</Opcode>
<Keywords>0x8020000000000000</Keywords>
<TimeCreated SystemTime=2026-02-06T08:19:17.442972100Z/>
<EventRecordID>45169</EventRecordID>
<Correlation ActivityID={58c37ec8-9032-0001-eb7f-c3583290dc01} RelatedActivityID=(null)/>
<Execution ProcessID=792 ThreadID=8352/>
<Channel>Security</Channel>
<Computer>win11ja111</Computer>
<Security UserID=(null)/>
</System>
<EventData><Data Name=SubjectUserSid>S-1-5-18</Data>
<Data Name=SubjectUserName>WIN11JA111$</Data>
<Data Name=SubjectDomainName>WORKGROUP</Data>
<Data Name=SubjectLogonId>0x3e7</Data>
<Data Name=TargetName>WindowsLive:(cert):name=02rfqjcdkuvkaotn;serviceuri=*</Data>
<Data Name=Type>0</Data>
<Data Name=CountOfCredentialsReturned>0</Data>
<Data Name=ReadOperation>%%8100</Data>
<Data Name=ReturnCode>3221226021</Data>
<Data Name=ProcessCreationTime>2026-02-06T08:19:17.348431600Z</Data>
<Data Name=ClientProcessId>268</Data>
</EventData>
</Event>
ElfRec#045170 (0x0000a6b0)	2026-02-06T08:19:17.4764546Z	size=560
<Event xmlns=http://schemas.microsoft.com/win/2004/08/events/event><System><Provider Name=Microsoft-Windows-Security-Auditing Guid={54849625-5478-4994-a5ba-3e3b0328c30d}/>
<EventID Qualifiers=(null)>5379</EventID>
<Version>0</Version>
<Level>0</Level>
<Task>13824</Task>
<Opcode>0</Opcode>
<Keywords>0x8020000000000000</Keywords>
<TimeCreated SystemTime=2026-02-06T08:19:17.476454600Z/>
<EventRecordID>45170</EventRecordID>
<Correlation ActivityID={58c37ec8-9032-0001-eb7f-c3583290dc01} RelatedActivityID=(null)/>
<Execution ProcessID=792 ThreadID=8352/>
<Channel>Security</Channel>
<Computer>win11ja111</Computer>
<Security UserID=(null)/>
</System>
<EventData><Data Name=SubjectUserSid>S-1-5-21-842971399-2517075446-1932419135-1001</Data>
<Data Name=SubjectUserName>endoaki</Data>
<Data Name=SubjectDomainName>WIN11JA111</Data>
<Data Name=SubjectLogonId>0x73f6e14</Data>
<Data Name=TargetName>WindowsLive:(token):name=02glvolxmcanxdkt;serviceuri=*</Data>
<Data Name=Type>0</Data>
<Data Name=CountOfCredentialsReturned>0</Data>
<Data Name=ReadOperation>%%8100</Data>
<Data Name=ReturnCode>3221226021</Data>
<Data Name=ProcessCreationTime>2026-02-06T08:19:17.348431600Z</Data>
<Data Name=ClientProcessId>268</Data>
</EventData>
</Event>
ElfRec#045171 (0x0000a8e0)	2026-02-06T08:19:17.4766425Z	size=560
<Event xmlns=http://schemas.microsoft.com/win/2004/08/events/event><System><Provider Name=Microsoft-Windows-Security-Auditing Guid={54849625-5478-4994-a5ba-3e3b0328c30d}/>
<EventID Qualifiers=(null)>5379</EventID>
<Version>0</Version>
<Level>0</Level>
<Task>13824</Task>
<Opcode>0</Opcode>
<Keywords>0x8020000000000000</Keywords>
<TimeCreated SystemTime=2026-02-06T08:19:17.476642500Z/>
<EventRecordID>45171</EventRecordID>
<Correlation ActivityID={58c37ec8-9032-0001-eb7f-c3583290dc01} RelatedActivityID=(null)/>
<Execution ProcessID=792 ThreadID=8352/>
<Channel>Security</Channel>
<Computer>win11ja111</Computer>
<Security UserID=(null)/>
</System>
<EventData><Data Name=SubjectUserSid>S-1-5-21-842971399-2517075446-1932419135-1001</Data>
<Data Name=SubjectUserName>endoaki</Data>
<Data Name=SubjectDomainName>WIN11JA111</Data>
<Data Name=SubjectLogonId>0x73f6e14</Data>
<Data Name=TargetName>WindowsLive:(cert):name=02glvolxmcanxdkt;serviceuri=*</Data>
<Data Name=Type>0</Data>
<Data Name=CountOfCredentialsReturned>0</Data>
<Data Name=ReadOperation>%%8100</Data>
<Data Name=ReturnCode>3221226021</Data>
<Data Name=ProcessCreationTime>2026-02-06T08:19:17.348431600Z</Data>
<Data Name=ClientProcessId>268</Data>
</EventData>
</Event>
ElfRec#045172 (0x0000ab10)	2026-02-06T08:19:17.4767225Z	size=536
<Event xmlns=http://schemas.microsoft.com/win/2004/08/events/event><System><Provider Name=Microsoft-Windows-Security-Auditing Guid={54849625-5478-4994-a5ba-3e3b0328c30d}/>
<EventID Qualifiers=(null)>5379</EventID>
<Version>0</Version>
<Level>0</Level>
<Task>13824</Task>
<Opcode>0</Opcode>
<Keywords>0x8020000000000000</Keywords>
<TimeCreated SystemTime=2026-02-06T08:19:17.476722500Z/>
<EventRecordID>45172</EventRecordID>
<Correlation ActivityID={58c37ec8-9032-0001-eb7f-c3583290dc01} RelatedActivityID=(null)/>
<Execution ProcessID=792 ThreadID=8352/>
<Channel>Security</Channel>
<Computer>win11ja111</Computer>
<Security UserID=(null)/>
</System>
<EventData><Data Name=SubjectUserSid>S-1-5-21-842971399-2517075446-1932419135-1001</Data>
<Data Name=SubjectUserName>endoaki</Data>
<Data Name=SubjectDomainName>WIN11JA111</Data>
<Data Name=SubjectLogonId>0x73f6e14</Data>
<Data Name=TargetName>WindowsLive:target=virtualapp/didlogical</Data>
<Data Name=Type>0</Data>
<Data Name=CountOfCredentialsReturned>1</Data>
<Data Name=ReadOperation>%%8100</Data>
<Data Name=ReturnCode>0</Data>
<Data Name=ProcessCreationTime>2026-02-06T08:19:17.348431600Z</Data>
<Data Name=ClientProcessId>268</Data>
</EventData>
</Event>
ElfRec#045173 (0x0000ad28)	2026-02-06T08:19:20.8091444Z	size=520
<Event xmlns=http://schemas.microsoft.com/win/2004/08/events/event><System><Provider Name=Microsoft-Windows-Security-Auditing Guid={54849625-5478-4994-a5ba-3e3b0328c30d}/>
<EventID Qualifiers=(null)>5379</EventID>
<Version>0</Version>
<Level>0</Level>
<Task>13824</Task>
<Opcode>0</Opcode>
<Keywords>0x8020000000000000</Keywords>
<TimeCreated SystemTime=2026-02-06T08:19:20.809144400Z/>
<EventRecordID>45173</EventRecordID>
<Correlation ActivityID={58c37ec8-9032-0001-eb7f-c3583290dc01} RelatedActivityID=(null)/>
<Execution ProcessID=792 ThreadID=8352/>
<Channel>Security</Channel>
<Computer>win11ja111</Computer>
<Security UserID=(null)/>
</System>
<EventData><Data Name=SubjectUserSid>S-1-5-18</Data>
<Data Name=SubjectUserName>WIN11JA111$</Data>
<Data Name=SubjectDomainName>WORKGROUP</Data>
<Data Name=SubjectLogonId>0x3e7</Data>
<Data Name=TargetName>MicrosoftAccount:user=02rfqjcdkuvkaotn</Data>
<Data Name=Type>0</Data>
<Data Name=CountOfCredentialsReturned>0</Data>
<Data Name=ReadOperation>%%8100</Data>
<Data Name=ReturnCode>3221226021</Data>
<Data Name=ProcessCreationTime>2026-02-06T08:19:17.348431600Z</Data>
<Data Name=ClientProcessId>268</Data>
</EventData>
</Event>
ElfRec#045174 (0x0000af30)	2026-02-06T08:19:20.8103466Z	size=520
<Event xmlns=http://schemas.microsoft.com/win/2004/08/events/event><System><Provider Name=Microsoft-Windows-Security-Auditing Guid={54849625-5478-4994-a5ba-3e3b0328c30d}/>
<EventID Qualifiers=(null)>5379</EventID>
<Version>0</Version>
<Level>0</Level>
<Task>13824</Task>
<Opcode>0</Opcode>
<Keywords>0x8020000000000000</Keywords>
<TimeCreated SystemTime=2026-02-06T08:19:20.810346600Z/>
<EventRecordID>45174</EventRecordID>
<Correlation ActivityID={58c37ec8-9032-0001-eb7f-c3583290dc01} RelatedActivityID=(null)/>
<Execution ProcessID=792 ThreadID=8352/>
<Channel>Security</Channel>
<Computer>win11ja111</Computer>
<Security UserID=(null)/>
</System>
<EventData><Data Name=SubjectUserSid>S-1-5-18</Data>
<Data Name=SubjectUserName>WIN11JA111$</Data>
<Data Name=SubjectDomainName>WORKGROUP</Data>
<Data Name=SubjectLogonId>0x3e7</Data>
<Data Name=TargetName>MicrosoftAccount:user=02rfqjcdkuvkaotn</Data>
<Data Name=Type>0</Data>
<Data Name=CountOfCredentialsReturned>0</Data>
<Data Name=ReadOperation>%%8100</Data>
<Data Name=ReturnCode>3221226021</Data>
<Data Name=ProcessCreationTime>2026-02-06T08:19:17.348431600Z</Data>
<Data Name=ClientProcessId>268</Data>
</EventData>
</Event>
ElfRec#045175 (0x0000b138)	2026-02-06T08:19:21.0730729Z	size=520
<Event xmlns=http://schemas.microsoft.com/win/2004/08/events/event><System><Provider Name=Microsoft-Windows-Security-Auditing Guid={54849625-5478-4994-a5ba-3e3b0328c30d}/>
<EventID Qualifiers=(null)>5379</EventID>
<Version>0</Version>
<Level>0</Level>
<Task>13824</Task>
<Opcode>0</Opcode>
<Keywords>0x8020000000000000</Keywords>
<TimeCreated SystemTime=2026-02-06T08:19:21.073072900Z/>
<EventRecordID>45175</EventRecordID>
<Correlation ActivityID={58c37ec8-9032-0001-eb7f-c3583290dc01} RelatedActivityID=(null)/>
<Execution ProcessID=792 ThreadID=8352/>
<Channel>Security</Channel>
<Computer>win11ja111</Computer>
<Security UserID=(null)/>
</System>
<EventData><Data Name=SubjectUserSid>S-1-5-18</Data>
<Data Name=SubjectUserName>WIN11JA111$</Data>
<Data Name=SubjectDomainName>WORKGROUP</Data>
<Data Name=SubjectLogonId>0x3e7</Data>
<Data Name=TargetName>MicrosoftAccount:user=02rfqjcdkuvkaotn</Data>
<Data Name=Type>0</Data>
<Data Name=CountOfCredentialsReturned>0</Data>
<Data Name=ReadOperation>%%8100</Data>
<Data Name=ReturnCode>3221226021</Data>
<Data Name=ProcessCreationTime>2026-02-06T08:19:17.348431600Z</Data>
<Data Name=ClientProcessId>268</Data>
</EventData>
</Event>
ElfRec#045176 (0x0000b340)	2026-02-06T08:19:21.0737726Z	size=520
<Event xmlns=http://schemas.microsoft.com/win/2004/08/events/event><System><Provider Name=Microsoft-Windows-Security-Auditing Guid={54849625-5478-4994-a5ba-3e3b0328c30d}/>
<EventID Qualifiers=(null)>5379</EventID>
<Version>0</Version>
<Level>0</Level>
<Task>13824</Task>
<Opcode>0</Opcode>
<Keywords>0x8020000000000000</Keywords>
<TimeCreated SystemTime=2026-02-06T08:19:21.073772600Z/>
<EventRecordID>45176</EventRecordID>
<Correlation ActivityID={58c37ec8-9032-0001-eb7f-c3583290dc01} RelatedActivityID=(null)/>
<Execution ProcessID=792 ThreadID=8352/>
<Channel>Security</Channel>
<Computer>win11ja111</Computer>
<Security UserID=(null)/>
</System>
<EventData><Data Name=SubjectUserSid>S-1-5-18</Data>
<Data Name=SubjectUserName>WIN11JA111$</Data>
<Data Name=SubjectDomainName>WORKGROUP</Data>
<Data Name=SubjectLogonId>0x3e7</Data>
<Data Name=TargetName>MicrosoftAccount:user=02rfqjcdkuvkaotn</Data>
<Data Name=Type>0</Data>
<Data Name=CountOfCredentialsReturned>0</Data>
<Data Name=ReadOperation>%%8100</Data>
<Data Name=ReturnCode>3221226021</Data>
<Data Name=ProcessCreationTime>2026-02-06T08:19:17.348431600Z</Data>
<Data Name=ClientProcessId>268</Data>
</EventData>
</Event>
ElfRec#045177 (0x0000b548)	2026-02-06T08:19:21.2307244Z	size=528
<Event xmlns=http://schemas.microsoft.com/win/2004/08/events/event><System><Provider Name=Microsoft-Windows-Security-Auditing Guid={54849625-5478-4994-a5ba-3e3b0328c30d}/>
<EventID Qualifiers=(null)>5379</EventID>
<Version>0</Version>
<Level>0</Level>
<Task>13824</Task>
<Opcode>0</Opcode>
<Keywords>0x8020000000000000</Keywords>
<TimeCreated SystemTime=2026-02-06T08:19:21.230724400Z/>
<EventRecordID>45177</EventRecordID>
<Correlation ActivityID={58c37ec8-9032-0001-eb7f-c3583290dc01} RelatedActivityID=(null)/>
<Execution ProcessID=792 ThreadID=8352/>
<Channel>Security</Channel>
<Computer>win11ja111</Computer>
<Security UserID=(null)/>
</System>
<EventData><Data Name=SubjectUserSid>S-1-5-21-842971399-2517075446-1932419135-1001</Data>
<Data Name=SubjectUserName>endoaki</Data>
<Data Name=SubjectDomainName>WIN11JA111</Data>
<Data Name=SubjectLogonId>0x73f6e14</Data>
<Data Name=TargetName>MicrosoftAccount:user=02glvolxmcanxdkt</Data>
<Data Name=Type>0</Data>
<Data Name=CountOfCredentialsReturned>0</Data>
<Data Name=ReadOperation>%%8100</Data>
<Data Name=ReturnCode>3221226021</Data>
<Data Name=ProcessCreationTime>2026-02-06T08:19:17.348431600Z</Data>
<Data Name=ClientProcessId>268</Data>
</EventData>
</Event>
ElfRec#045178 (0x0000b758)	2026-02-06T08:19:21.2310170Z	size=560
<Event xmlns=http://schemas.microsoft.com/win/2004/08/events/event><System><Provider Name=Microsoft-Windows-Security-Auditing Guid={54849625-5478-4994-a5ba-3e3b0328c30d}/>
<EventID Qualifiers=(null)>5379</EventID>
<Version>0</Version>
<Level>0</Level>
<Task>13824</Task>
<Opcode>0</Opcode>
<Keywords>0x8020000000000000</Keywords>
<TimeCreated SystemTime=2026-02-06T08:19:21.231017000Z/>
<EventRecordID>45178</EventRecordID>
<Correlation ActivityID={58c37ec8-9032-0001-eb7f-c3583290dc01} RelatedActivityID=(null)/>
<Execution ProcessID=792 ThreadID=8352/>
<Channel>Security</Channel>
<Computer>win11ja111</Computer>
<Security UserID=(null)/>
</System>
<EventData><Data Name=SubjectUserSid>S-1-5-21-842971399-2517075446-1932419135-1001</Data>
<Data Name=SubjectUserName>endoaki</Data>
<Data Name=SubjectDomainName>WIN11JA111</Data>
<Data Name=SubjectLogonId>0x73f6e14</Data>
<Data Name=TargetName>WindowsLive:(token):name=02glvolxmcanxdkt;serviceuri=*</Data>
<Data Name=Type>0</Data>
<Data Name=CountOfCredentialsReturned>0</Data>
<Data Name=ReadOperation>%%8100</Data>
<Data Name=ReturnCode>3221226021</Data>
<Data Name=ProcessCreationTime>2026-02-06T08:19:17.348431600Z</Data>
<Data Name=ClientProcessId>268</Data>
</EventData>
</Event>
ElfRec#045179 (0x0000b988)	2026-02-06T08:19:21.2316866Z	size=560
<Event xmlns=http://schemas.microsoft.com/win/2004/08/events/event><System><Provider Name=Microsoft-Windows-Security-Auditing Guid={54849625-5478-4994-a5ba-3e3b0328c30d}/>
<EventID Qualifiers=(null)>5379</EventID>
<Version>0</Version>
<Level>0</Level>
<Task>13824</Task>
<Opcode>0</Opcode>
<Keywords>0x8020000000000000</Keywords>
<TimeCreated SystemTime=2026-02-06T08:19:21.231686600Z/>
<EventRecordID>45179</EventRecordID>
<Correlation ActivityID={58c37ec8-9032-0001-eb7f-c3583290dc01} RelatedActivityID=(null)/>
<Execution ProcessID=792 ThreadID=8352/>
<Channel>Security</Channel>
<Computer>win11ja111</Computer>
<Security UserID=(null)/>
</System>
<EventData><Data Name=SubjectUserSid>S-1-5-21-842971399-2517075446-1932419135-1001</Data>
<Data Name=SubjectUserName>endoaki</Data>
<Data Name=SubjectDomainName>WIN11JA111</Data>
<Data Name=SubjectLogonId>0x73f6e14</Data>
<Data Name=TargetName>WindowsLive:(cert):name=02glvolxmcanxdkt;serviceuri=*</Data>
<Data Name=Type>0</Data>
<Data Name=CountOfCredentialsReturned>0</Data>
<Data Name=ReadOperation>%%8100</Data>
<Data Name=ReturnCode>3221226021</Data>
<Data Name=ProcessCreationTime>2026-02-06T08:19:17.348431600Z</Data>
<Data Name=ClientProcessId>268</Data>
</EventData>
</Event>
ElfRec#045180 (0x0000bbb8)	2026-02-06T08:19:23.4483500Z	size=528
<Event xmlns=http://schemas.microsoft.com/win/2004/08/events/event><System><Provider Name=Microsoft-Windows-Security-Auditing Guid={54849625-5478-4994-a5ba-3e3b0328c30d}/>
<EventID Qualifiers=(null)>5379</EventID>
<Version>0</Version>
<Level>0</Level>
<Task>13824</Task>
<Opcode>0</Opcode>
<Keywords>0x8020000000000000</Keywords>
<TimeCreated SystemTime=2026-02-06T08:19:23.448350000Z/>
<EventRecordID>45180</EventRecordID>
<Correlation ActivityID={58c37ec8-9032-0001-eb7f-c3583290dc01} RelatedActivityID=(null)/>
<Execution ProcessID=792 ThreadID=2816/>
<Channel>Security</Channel>
<Computer>win11ja111</Computer>
<Security UserID=(null)/>
</System>
<EventData><Data Name=SubjectUserSid>S-1-5-21-842971399-2517075446-1932419135-1001</Data>
<Data Name=SubjectUserName>endoaki</Data>
<Data Name=SubjectDomainName>WIN11JA111</Data>
<Data Name=SubjectLogonId>0x73f6e14</Data>
<Data Name=TargetName>MicrosoftAccount:user=02glvolxmcanxdkt</Data>
<Data Name=Type>0</Data>
<Data Name=CountOfCredentialsReturned>0</Data>
<Data Name=ReadOperation>%%8100</Data>
<Data Name=ReturnCode>3221226021</Data>
<Data Name=ProcessCreationTime>2026-02-06T08:19:17.348431600Z</Data>
<Data Name=ClientProcessId>268</Data>
</EventData>
</Event>
ElfRec#045181 (0x0000bdc8)	2026-02-06T08:19:25.4724081Z	size=528
<Event xmlns=http://schemas.microsoft.com/win/2004/08/events/event><System><Provider Name=Microsoft-Windows-Security-Auditing Guid={54849625-5478-4994-a5ba-3e3b0328c30d}/>
<EventID Qualifiers=(null)>5379</EventID>
<Version>0</Version>
<Level>0</Level>
<Task>13824</Task>
<Opcode>0</Opcode>
<Keywords>0x8020000000000000</Keywords>
<TimeCreated SystemTime=2026-02-06T08:19:25.472408100Z/>
<EventRecordID>45181</EventRecordID>
<Correlation ActivityID={58c37ec8-9032-0001-eb7f-c3583290dc01} RelatedActivityID=(null)/>
<Execution ProcessID=792 ThreadID=10696/>
<Channel>Security</Channel>
<Computer>win11ja111</Computer>
<Security UserID=(null)/>
</System>
<EventData><Data Name=SubjectUserSid>S-1-5-21-842971399-2517075446-1932419135-1001</Data>
<Data Name=SubjectUserName>endoaki</Data>
<Data Name=SubjectDomainName>WIN11JA111</Data>
<Data Name=SubjectLogonId>0x73f6e14</Data>
<Data Name=TargetName>MicrosoftAccount:user=02glvolxmcanxdkt</Data>
<Data Name=Type>0</Data>
<Data Name=CountOfCredentialsReturned>0</Data>
<Data Name=ReadOperation>%%8100</Data>
<Data Name=ReturnCode>3221226021</Data>
<Data Name=ProcessCreationTime>2026-02-06T08:19:17.348431600Z</Data>
<Data Name=ClientProcessId>268</Data>
</EventData>
</Event>
ElfRec#045182 (0x0000bfd8)	2026-02-06T08:19:25.4725259Z	size=560
<Event xmlns=http://schemas.microsoft.com/win/2004/08/events/event><System><Provider Name=Microsoft-Windows-Security-Auditing Guid={54849625-5478-4994-a5ba-3e3b0328c30d}/>
<EventID Qualifiers=(null)>5379</EventID>
<Version>0</Version>
<Level>0</Level>
<Task>13824</Task>
<Opcode>0</Opcode>
<Keywords>0x8020000000000000</Keywords>
<TimeCreated SystemTime=2026-02-06T08:19:25.472525900Z/>
<EventRecordID>45182</EventRecordID>
<Correlation ActivityID={58c37ec8-9032-0001-eb7f-c3583290dc01} RelatedActivityID=(null)/>
<Execution ProcessID=792 ThreadID=6320/>
<Channel>Security</Channel>
<Computer>win11ja111</Computer>
<Security UserID=(null)/>
</System>
<EventData><Data Name=SubjectUserSid>S-1-5-21-842971399-2517075446-1932419135-1001</Data>
<Data Name=SubjectUserName>endoaki</Data>
<Data Name=SubjectDomainName>WIN11JA111</Data>
<Data Name=SubjectLogonId>0x73f6e14</Data>
<Data Name=TargetName>WindowsLive:(token):name=02glvolxmcanxdkt;serviceuri=*</Data>
<Data Name=Type>0</Data>
<Data Name=CountOfCredentialsReturned>0</Data>
<Data Name=ReadOperation>%%8100</Data>
<Data Name=ReturnCode>3221226021</Data>
<Data Name=ProcessCreationTime>2026-02-06T08:19:17.348431600Z</Data>
<Data Name=ClientProcessId>268</Data>
</EventData>
</Event>
ElfRec#045183 (0x0000c208)	2026-02-06T08:19:25.4824142Z	size=560
<Event xmlns=http://schemas.microsoft.com/win/2004/08/events/event><System><Provider Name=Microsoft-Windows-Security-Auditing Guid={54849625-5478-4994-a5ba-3e3b0328c30d}/>
<EventID Qualifiers=(null)>5379</EventID>
<Version>0</Version>
<Level>0</Level>
<Task>13824</Task>
<Opcode>0</Opcode>
<Keywords>0x8020000000000000</Keywords>
<TimeCreated SystemTime=2026-02-06T08:19:25.482414200Z/>
<EventRecordID>45183</EventRecordID>
<Correlation ActivityID={58c37ec8-9032-0001-eb7f-c3583290dc01} RelatedActivityID=(null)/>
<Execution ProcessID=792 ThreadID=6320/>
<Channel>Security</Channel>
<Computer>win11ja111</Computer>
<Security UserID=(null)/>
</System>
<EventData><Data Name=SubjectUserSid>S-1-5-21-842971399-2517075446-1932419135-1001</Data>
<Data Name=SubjectUserName>endoaki</Data>
<Data Name=SubjectDomainName>WIN11JA111</Data>
<Data Name=SubjectLogonId>0x73f6e14</Data>
<Data Name=TargetName>WindowsLive:(cert):name=02glvolxmcanxdkt;serviceuri=*</Data>
<Data Name=Type>0</Data>
<Data Name=CountOfCredentialsReturned>0</Data>
<Data Name=ReadOperation>%%8100</Data>
<Data Name=ReturnCode>3221226021</Data>
<Data Name=ProcessCreationTime>2026-02-06T08:19:17.348431600Z</Data>
<Data Name=ClientProcessId>268</Data>
</EventData>
</Event>
ElfRec#045184 (0x0000c438)	2026-02-06T08:19:26.0021245Z	size=528
<Event xmlns=http://schemas.microsoft.com/win/2004/08/events/event><System><Provider Name=Microsoft-Windows-Security-Auditing Guid={54849625-5478-4994-a5ba-3e3b0328c30d}/>
<EventID Qualifiers=(null)>5379</EventID>
<Version>0</Version>
<Level>0</Level>
<Task>13824</Task>
<Opcode>0</Opcode>
<Keywords>0x8020000000000000</Keywords>
<TimeCreated SystemTime=2026-02-06T08:19:26.002124500Z/>
<EventRecordID>45184</EventRecordID>
<Correlation ActivityID={58c37ec8-9032-0001-eb7f-c3583290dc01} RelatedActivityID=(null)/>
<Execution ProcessID=792 ThreadID=10696/>
<Channel>Security</Channel>
<Computer>win11ja111</Computer>
<Security UserID=(null)/>
</System>
<EventData><Data Name=SubjectUserSid>S-1-5-21-842971399-2517075446-1932419135-1001</Data>
<Data Name=SubjectUserName>endoaki</Data>
<Data Name=SubjectDomainName>WIN11JA111</Data>
<Data Name=SubjectLogonId>0x73f6e14</Data>
<Data Name=TargetName>MicrosoftAccount:user=02glvolxmcanxdkt</Data>
<Data Name=Type>0</Data>
<Data Name=CountOfCredentialsReturned>0</Data>
<Data Name=ReadOperation>%%8100</Data>
<Data Name=ReturnCode>3221226021</Data>
<Data Name=ProcessCreationTime>2026-02-06T08:19:17.348431600Z</Data>
<Data Name=ClientProcessId>268</Data>
</EventData>
</Event>
ElfRec#045185 (0x0000c648)	2026-02-06T08:19:26.0080760Z	size=528
<Event xmlns=http://schemas.microsoft.com/win/2004/08/events/event><System><Provider Name=Microsoft-Windows-Security-Auditing Guid={54849625-5478-4994-a5ba-3e3b0328c30d}/>
<EventID Qualifiers=(null)>5379</EventID>
<Version>0</Version>
<Level>0</Level>
<Task>13824</Task>
<Opcode>0</Opcode>
<Keywords>0x8020000000000000</Keywords>
<TimeCreated SystemTime=2026-02-06T08:19:26.008076000Z/>
<EventRecordID>45185</EventRecordID>
<Correlation ActivityID={58c37ec8-9032-0001-eb7f-c3583290dc01} RelatedActivityID=(null)/>
<Execution ProcessID=792 ThreadID=6320/>
<Channel>Security</Channel>
<Computer>win11ja111</Computer>
<Security UserID=(null)/>
</System>
<EventData><Data Name=SubjectUserSid>S-1-5-21-842971399-2517075446-1932419135-1001</Data>
<Data Name=SubjectUserName>endoaki</Data>
<Data Name=SubjectDomainName>WIN11JA111</Data>
<Data Name=SubjectLogonId>0x73f6e14</Data>
<Data Name=TargetName>MicrosoftAccount:user=02glvolxmcanxdkt</Data>
<Data Name=Type>0</Data>
<Data Name=CountOfCredentialsReturned>0</Data>
<Data Name=ReadOperation>%%8100</Data>
<Data Name=ReturnCode>3221226021</Data>
<Data Name=ProcessCreationTime>2026-02-06T08:19:17.348431600Z</Data>
<Data Name=ClientProcessId>268</Data>
</EventData>
</Event>
ElfRec#045186 (0x0000c858)	2026-02-06T08:19:26.0104247Z	size=528
<Event xmlns=http://schemas.microsoft.com/win/2004/08/events/event><System><Provider Name=Microsoft-Windows-Security-Auditing Guid={54849625-5478-4994-a5ba-3e3b0328c30d}/>
<EventID Qualifiers=(null)>5379</EventID>
<Version>0</Version>
<Level>0</Level>
<Task>13824</Task>
<Opcode>0</Opcode>
<Keywords>0x8020000000000000</Keywords>
<TimeCreated SystemTime=2026-02-06T08:19:26.010424700Z/>
<EventRecordID>45186</EventRecordID>
<Correlation ActivityID={58c37ec8-9032-0001-eb7f-c3583290dc01} RelatedActivityID=(null)/>
<Execution ProcessID=792 ThreadID=10696/>
<Channel>Security</Channel>
<Computer>win11ja111</Computer>
<Security UserID=(null)/>
</System>
<EventData><Data Name=SubjectUserSid>S-1-5-21-842971399-2517075446-1932419135-1001</Data>
<Data Name=SubjectUserName>endoaki</Data>
<Data Name=SubjectDomainName>WIN11JA111</Data>
<Data Name=SubjectLogonId>0x73f6e14</Data>
<Data Name=TargetName>MicrosoftAccount:user=02glvolxmcanxdkt</Data>
<Data Name=Type>0</Data>
<Data Name=CountOfCredentialsReturned>0</Data>
<Data Name=ReadOperation>%%8100</Data>
<Data Name=ReturnCode>3221226021</Data>
<Data Name=ProcessCreationTime>2026-02-06T08:19:17.348431600Z</Data>
<Data Name=ClientProcessId>268</Data>
</EventData>
</Event>
ElfRec#045187 (0x0000ca68)	2026-02-06T08:19:26.0116756Z	size=528
<Event xmlns=http://schemas.microsoft.com/win/2004/08/events/event><System><Provider Name=Microsoft-Windows-Security-Auditing Guid={54849625-5478-4994-a5ba-3e3b0328c30d}/>
<EventID Qualifiers=(null)>5379</EventID>
<Version>0</Version>
<Level>0</Level>
<Task>13824</Task>
<Opcode>0</Opcode>
<Keywords>0x8020000000000000</Keywords>
<TimeCreated SystemTime=2026-02-06T08:19:26.011675600Z/>
<EventRecordID>45187</EventRecordID>
<Correlation ActivityID={58c37ec8-9032-0001-eb7f-c3583290dc01} RelatedActivityID=(null)/>
<Execution ProcessID=792 ThreadID=10696/>
<Channel>Security</Channel>
<Computer>win11ja111</Computer>
<Security UserID=(null)/>
</System>
<EventData><Data Name=SubjectUserSid>S-1-5-21-842971399-2517075446-1932419135-1001</Data>
<Data Name=SubjectUserName>endoaki</Data>
<Data Name=SubjectDomainName>WIN11JA111</Data>
<Data Name=SubjectLogonId>0x73f6e14</Data>
<Data Name=TargetName>MicrosoftAccount:user=02glvolxmcanxdkt</Data>
<Data Name=Type>0</Data>
<Data Name=CountOfCredentialsReturned>0</Data>
<Data Name=ReadOperation>%%8100</Data>
<Data Name=ReturnCode>3221226021</Data>
<Data Name=ProcessCreationTime>2026-02-06T08:19:17.348431600Z</Data>
<Data Name=ClientProcessId>268</Data>
</EventData>
</Event>
ElfRec#045188 (0x0000cc78)	2026-02-06T08:20:10.5853547Z	size=488
<Event xmlns=http://schemas.microsoft.com/win/2004/08/events/event><System><Provider Name=Microsoft-Windows-Security-Auditing Guid={54849625-5478-4994-a5ba-3e3b0328c30d}/>
<EventID Qualifiers=(null)>5379</EventID>
<Version>0</Version>
<Level>0</Level>
<Task>13824</Task>
<Opcode>0</Opcode>
<Keywords>0x8020000000000000</Keywords>
<TimeCreated SystemTime=2026-02-06T08:20:10.585354700Z/>
<EventRecordID>45188</EventRecordID>
<Correlation ActivityID={58c37ec8-9032-0001-eb7f-c3583290dc01} RelatedActivityID=(null)/>
<Execution ProcessID=792 ThreadID=10696/>
<Channel>Security</Channel>
<Computer>win11ja111</Computer>
<Security UserID=(null)/>
</System>
<EventData><Data Name=SubjectUserSid>S-1-5-21-842971399-2517075446-1932419135-1001</Data>
<Data Name=SubjectUserName>endoaki</Data>
<Data Name=SubjectDomainName>WIN11JA111</Data>
<Data Name=SubjectLogonId>0x73f6e14</Data>
<Data Name=TargetName>MicrosoftOffice*</Data>
<Data Name=Type>0</Data>
<Data Name=CountOfCredentialsReturned>0</Data>
<Data Name=ReadOperation>%%8100</Data>
<Data Name=ReturnCode>3221226021</Data>
<Data Name=ProcessCreationTime>2026-02-06T08:20:08.485547300Z</Data>
<Data Name=ClientProcessId>548</Data>
</EventData>
</Event>
ElfRec#045189 (0x0000ce60)	2026-02-06T08:20:12.0838169Z	size=472
<Event xmlns=http://schemas.microsoft.com/win/2004/08/events/event><System><Provider Name=Microsoft-Windows-Security-Auditing Guid={54849625-5478-4994-a5ba-3e3b0328c30d}/>
<EventID Qualifiers=(null)>4797</EventID>
<Version>0</Version>
<Level>0</Level>
<Task>13824</Task>
<Opcode>0</Opcode>
<Keywords>0x8020000000000000</Keywords>
<TimeCreated SystemTime=2026-02-06T08:20:12.083816900Z/>
<EventRecordID>45189</EventRecordID>
<Correlation ActivityID={58c37ec8-9032-0001-eb7f-c3583290dc01} RelatedActivityID=(null)/>
<Execution ProcessID=792 ThreadID=2816/>
<Channel>Security</Channel>
<Computer>win11ja111</Computer>
<Security UserID=(null)/>
</System>
<EventData><Data Name=SubjectUserSid>S-1-5-21-842971399-2517075446-1932419135-1001</Data>
<Data Name=SubjectUserName>endoaki</Data>
<Data Name=SubjectDomainName>WIN11JA111</Data>
<Data Name=SubjectLogonId>0x73f6e14</Data>
<Data Name=Workstation>WIN11JA111</Data>
<Data Name=TargetUserName>Administrator</Data>
<Data Name=TargetDomainName>WIN11JA111</Data>
</EventData>
</Event>
ElfRec#045190 (0x0000d038)	2026-02-06T08:20:12.0898354Z	size=472
<Event xmlns=http://schemas.microsoft.com/win/2004/08/events/event><System><Provider Name=Microsoft-Windows-Security-Auditing Guid={54849625-5478-4994-a5ba-3e3b0328c30d}/>
<EventID Qualifiers=(null)>4797</EventID>
<Version>0</Version>
<Level>0</Level>
<Task>13824</Task>
<Opcode>0</Opcode>
<Keywords>0x8020000000000000</Keywords>
<TimeCreated SystemTime=2026-02-06T08:20:12.089835400Z/>
<EventRecordID>45190</EventRecordID>
<Correlation ActivityID={58c37ec8-9032-0001-eb7f-c3583290dc01} RelatedActivityID=(null)/>
<Execution ProcessID=792 ThreadID=2816/>
<Channel>Security</Channel>
<Computer>win11ja111</Computer>
<Security UserID=(null)/>
</System>
<EventData><Data Name=SubjectUserSid>S-1-5-21-842971399-2517075446-1932419135-1001</Data>
<Data Name=SubjectUserName>endoaki</Data>
<Data Name=SubjectDomainName>WIN11JA111</Data>
<Data Name=SubjectLogonId>0x73f6e14</Data>
<Data Name=Workstation>WIN11JA111</Data>
<Data Name=TargetUserName>DefaultAccount</Data>
<Data Name=TargetDomainName>WIN11JA111</Data>
</EventData>
</Event>
ElfRec#045191 (0x0000d210)	2026-02-06T08:20:12.0965560Z	size=456
<Event xmlns=http://schemas.microsoft.com/win/2004/08/events/event><System><Provider Name=Microsoft-Windows-Security-Auditing Guid={54849625-5478-4994-a5ba-3e3b0328c30d}/>
<EventID Qualifiers=(null)>4797</EventID>
<Version>0</Version>
<Level>0</Level>
<Task>13824</Task>
<Opcode>0</Opcode>
<Keywords>0x8020000000000000</Keywords>
<TimeCreated SystemTime=2026-02-06T08:20:12.096556000Z/>
<EventRecordID>45191</EventRecordID>
<Correlation ActivityID={58c37ec8-9032-0001-eb7f-c3583290dc01} RelatedActivityID=(null)/>
<Execution ProcessID=792 ThreadID=2816/>
<Channel>Security</Channel>
<Computer>win11ja111</Computer>
<Security UserID=(null)/>
</System>
<EventData><Data Name=SubjectUserSid>S-1-5-21-842971399-2517075446-1932419135-1001</Data>
<Data Name=SubjectUserName>endoaki</Data>
<Data Name=SubjectDomainName>WIN11JA111</Data>
<Data Name=SubjectLogonId>0x73f6e14</Data>
<Data Name=Workstation>WIN11JA111</Data>
<Data Name=TargetUserName>Guest</Data>
<Data Name=TargetDomainName>WIN11JA111</Data>
</EventData>
</Event>
ElfRec#045192 (0x0000d3d8)	2026-02-06T08:20:12.0972898Z	size=480
<Event xmlns=http://schemas.microsoft.com/win/2004/08/events/event><System><Provider Name=Microsoft-Windows-Security-Auditing Guid={54849625-5478-4994-a5ba-3e3b0328c30d}/>
<EventID Qualifiers=(null)>4797</EventID>
<Version>0</Version>
<Level>0</Level>
<Task>13824</Task>
<Opcode>0</Opcode>
<Keywords>0x8020000000000000</Keywords>
<TimeCreated SystemTime=2026-02-06T08:20:12.097289800Z/>
<EventRecordID>45192</EventRecordID>
<Correlation ActivityID={58c37ec8-9032-0001-eb7f-c3583290dc01} RelatedActivityID=(null)/>
<Execution ProcessID=792 ThreadID=2816/>
<Channel>Security</Channel>
<Computer>win11ja111</Computer>
<Security UserID=(null)/>
</System>
<EventData><Data Name=SubjectUserSid>S-1-5-21-842971399-2517075446-1932419135-1001</Data>
<Data Name=SubjectUserName>endoaki</Data>
<Data Name=SubjectDomainName>WIN11JA111</Data>
<Data Name=SubjectLogonId>0x73f6e14</Data>
<Data Name=Workstation>WIN11JA111</Data>
<Data Name=TargetUserName>WDAGUtilityAccount</Data>
<Data Name=TargetDomainName>WIN11JA111</Data>
</EventData>
</Event>
ElfRec#045193 (0x0000d5b8)	2026-02-06T08:20:29.4256790Z	size=528
<Event xmlns=http://schemas.microsoft.com/win/2004/08/events/event><System><Provider Name=Microsoft-Windows-Security-Auditing Guid={54849625-5478-4994-a5ba-3e3b0328c30d}/>
<EventID Qualifiers=(null)>5379</EventID>
<Version>0</Version>
<Level>0</Level>
<Task>13824</Task>
<Opcode>0</Opcode>
<Keywords>0x8020000000000000</Keywords>
<TimeCreated SystemTime=2026-02-06T08:20:29.425679000Z/>
<EventRecordID>45193</EventRecordID>
<Correlation ActivityID={58c37ec8-9032-0001-eb7f-c3583290dc01} RelatedActivityID=(null)/>
<Execution ProcessID=792 ThreadID=10696/>
<Channel>Security</Channel>
<Computer>win11ja111</Computer>
<Security UserID=(null)/>
</System>
<EventData><Data Name=SubjectUserSid>S-1-5-21-842971399-2517075446-1932419135-1001</Data>
<Data Name=SubjectUserName>endoaki</Data>
<Data Name=SubjectDomainName>WIN11JA111</Data>
<Data Name=SubjectLogonId>0x73f6e14</Data>
<Data Name=TargetName>MicrosoftAccount:user=02glvolxmcanxdkt</Data>
<Data Name=Type>0</Data>
<Data Name=CountOfCredentialsReturned>0</Data>
<Data Name=ReadOperation>%%8100</Data>
<Data Name=ReturnCode>3221226021</Data>
<Data Name=ProcessCreationTime>2026-02-06T08:19:17.348431600Z</Data>
<Data Name=ClientProcessId>268</Data>
</EventData>
</Event>
ElfRec#045194 (0x0000d7c8)	2026-02-06T08:20:29.4258844Z	size=560
<Event xmlns=http://schemas.microsoft.com/win/2004/08/events/event><System><Provider Name=Microsoft-Windows-Security-Auditing Guid={54849625-5478-4994-a5ba-3e3b0328c30d}/>
<EventID Qualifiers=(null)>5379</EventID>
<Version>0</Version>
<Level>0</Level>
<Task>13824</Task>
<Opcode>0</Opcode>
<Keywords>0x8020000000000000</Keywords>
<TimeCreated SystemTime=2026-02-06T08:20:29.425884400Z/>
<EventRecordID>45194</EventRecordID>
<Correlation ActivityID={58c37ec8-9032-0001-eb7f-c3583290dc01} RelatedActivityID=(null)/>
<Execution ProcessID=792 ThreadID=10696/>
<Channel>Security</Channel>
<Computer>win11ja111</Computer>
<Security UserID=(null)/>
</System>
<EventData><Data Name=SubjectUserSid>S-1-5-21-842971399-2517075446-1932419135-1001</Data>
<Data Name=SubjectUserName>endoaki</Data>
<Data Name=SubjectDomainName>WIN11JA111</Data>
<Data Name=SubjectLogonId>0x73f6e14</Data>
<Data Name=TargetName>WindowsLive:(token):name=02glvolxmcanxdkt;serviceuri=*</Data>
<Data Name=Type>0</Data>
<Data Name=CountOfCredentialsReturned>0</Data>
<Data Name=ReadOperation>%%8100</Data>
<Data Name=ReturnCode>3221226021</Data>
<Data Name=ProcessCreationTime>2026-02-06T08:19:17.348431600Z</Data>
<Data Name=ClientProcessId>268</Data>
</EventData>
</Event>
ElfRec#045195 (0x0000d9f8)	2026-02-06T08:20:29.4320343Z	size=560
<Event xmlns=http://schemas.microsoft.com/win/2004/08/events/event><System><Provider Name=Microsoft-Windows-Security-Auditing Guid={54849625-5478-4994-a5ba-3e3b0328c30d}/>
<EventID Qualifiers=(null)>5379</EventID>
<Version>0</Version>
<Level>0</Level>
<Task>13824</Task>
<Opcode>0</Opcode>
<Keywords>0x8020000000000000</Keywords>
<TimeCreated SystemTime=2026-02-06T08:20:29.432034300Z/>
<EventRecordID>45195</EventRecordID>
<Correlation ActivityID={58c37ec8-9032-0001-eb7f-c3583290dc01} RelatedActivityID=(null)/>
<Execution ProcessID=792 ThreadID=10696/>
<Channel>Security</Channel>
<Computer>win11ja111</Computer>
<Security UserID=(null)/>
</System>
<EventData><Data Name=SubjectUserSid>S-1-5-21-842971399-2517075446-1932419135-1001</Data>
<Data Name=SubjectUserName>endoaki</Data>
<Data Name=SubjectDomainName>WIN11JA111</Data>
<Data Name=SubjectLogonId>0x73f6e14</Data>
<Data Name=TargetName>WindowsLive:(cert):name=02glvolxmcanxdkt;serviceuri=*</Data>
<Data Name=Type>0</Data>
<Data Name=CountOfCredentialsReturned>0</Data>
<Data Name=ReadOperation>%%8100</Data>
<Data Name=ReturnCode>3221226021</Data>
<Data Name=ProcessCreationTime>2026-02-06T08:19:17.348431600Z</Data>
<Data Name=ClientProcessId>268</Data>
</EventData>
</Event>
ElfRec#045196 (0x0000dc28)	2026-02-06T08:20:29.9713268Z	size=528
<Event xmlns=http://schemas.microsoft.com/win/2004/08/events/event><System><Provider Name=Microsoft-Windows-Security-Auditing Guid={54849625-5478-4994-a5ba-3e3b0328c30d}/>
<EventID Qualifiers=(null)>5379</EventID>
<Version>0</Version>
<Level>0</Level>
<Task>13824</Task>
<Opcode>0</Opcode>
<Keywords>0x8020000000000000</Keywords>
<TimeCreated SystemTime=2026-02-06T08:20:29.971326800Z/>
<EventRecordID>45196</EventRecordID>
<Correlation ActivityID={58c37ec8-9032-0001-eb7f-c3583290dc01} RelatedActivityID=(null)/>
<Execution ProcessID=792 ThreadID=876/>
<Channel>Security</Channel>
<Computer>win11ja111</Computer>
<Security UserID=(null)/>
</System>
<EventData><Data Name=SubjectUserSid>S-1-5-21-842971399-2517075446-1932419135-1001</Data>
<Data Name=SubjectUserName>endoaki</Data>
<Data Name=SubjectDomainName>WIN11JA111</Data>
<Data Name=SubjectLogonId>0x73f6e14</Data>
<Data Name=TargetName>MicrosoftAccount:user=02glvolxmcanxdkt</Data>
<Data Name=Type>0</Data>
<Data Name=CountOfCredentialsReturned>0</Data>
<Data Name=ReadOperation>%%8100</Data>
<Data Name=ReturnCode>3221226021</Data>
<Data Name=ProcessCreationTime>2026-02-06T08:19:17.348431600Z</Data>
<Data Name=ClientProcessId>268</Data>
</EventData>
</Event>
