ElfRec#000135 (0x0000ea30)	2026-01-14T04:56:24.5491372Z	size=384
<Event xmlns=http://schemas.microsoft.com/win/2004/08/events/event><System><Provider Name=Microsoft-Windows-Servicing Guid={bd12f3b8-fc40-4a61-a307-b7a013a069c1}/>
<EventID Qualifiers=(null)>1</EventID>
<Version>0</Version>
<Level>0</Level>
<Task>1</Task>
<Opcode>0</Opcode>
<Keywords>0x8000000000000000</Keywords>
<TimeCreated SystemTime=2026-01-14T04:56:24.549137200Z/>
<EventRecordID>135</EventRecordID>
<Correlation ActivityID=(null) RelatedActivityID=(null)/>
<Execution ProcessID=2264 ThreadID=10808/>
<Channel>Setup</Channel>
<Computer>DESKTOP-5VCD46O</Computer>
<Security UserID=S-1-5-18/>
</System>
<UserData><CbsPackageInitiateChanges xmlns=http://manifests.microsoft.com/win/2004/08/windows/setup_provider><PackageIdentifier>KB777778</PackageIdentifier>
<InitialPackageState>5064</InitialPackageState>
<InitialPackageStateTextized>Staged</InitialPackageStateTextized>
<IntendedPackageState>5064</IntendedPackageState>
<IntendedPackageStateTextized>Staged</IntendedPackageStateTextized>
<Client>Arbiter</Client>
</CbsPackageInitiateChanges>
</UserData>
</Event>
ElfRec#000136 (0x0000ebb0)	2026-01-14T04:56:24.5491397Z	size=448
<Event xmlns=http://schemas.microsoft.com/win/2004/08/events/event><System><Provider Name=Microsoft-Windows-Servicing Guid={bd12f3b8-fc40-4a61-a307-b7a013a069c1}/>
<EventID Qualifiers=(null)>1</EventID>
<Version>0</Version>
<Level>0</Level>
<Task>1</Task>
<Opcode>0</Opcode>
<Keywords>0x8000000000000000</Keywords>
<TimeCreated SystemTime=2026-01-14T04:56:24.549139700Z/>
<EventRecordID>136</EventRecordID>
<Correlation ActivityID=(null) RelatedActivityID=(null)/>
<Execution ProcessID=2264 ThreadID=10808/>
<Channel>Setup</Channel>
<Computer>DESKTOP-5VCD46O</Computer>
<Security UserID=S-1-5-18/>
</System>
<UserData><CbsPackageInitiateChanges xmlns=http://manifests.microsoft.com/win/2004/08/windows/setup_provider><PackageIdentifier>Microsoft-Windows-Printing-PMCPPC-FoD-en-US</PackageIdentifier>
<InitialPackageState>5064</InitialPackageState>
<InitialPackageStateTextized>Staged</InitialPackageStateTextized>
<IntendedPackageState>5064</IntendedPackageState>
<IntendedPackageStateTextized>Staged</IntendedPackageStateTextized>
<Client>Arbiter</Client>
</CbsPackageInitiateChanges>
</UserData>
</Event>
ElfRec#000137 (0x0000ed70)	2026-01-14T04:56:24.5491421Z	size=384
<Event xmlns=http://schemas.microsoft.com/win/2004/08/events/event><System><Provider Name=Microsoft-Windows-Servicing Guid={bd12f3b8-fc40-4a61-a307-b7a013a069c1}/>
<EventID Qualifiers=(null)>1</EventID>
<Version>0</Version>
<Level>0</Level>
<Task>1</Task>
<Opcode>0</Opcode>
<Keywords>0x8000000000000000</Keywords>
<TimeCreated SystemTime=2026-01-14T04:56:24.549142100Z/>
<EventRecordID>137</EventRecordID>
<Correlation ActivityID=(null) RelatedActivityID=(null)/>
<Execution ProcessID=2264 ThreadID=10808/>
<Channel>Setup</Channel>
<Computer>DESKTOP-5VCD46O</Computer>
<Security UserID=S-1-5-18/>
</System>
<UserData><CbsPackageInitiateChanges xmlns=http://manifests.microsoft.com/win/2004/08/windows/setup_provider><PackageIdentifier>KB777778</PackageIdentifier>
<InitialPackageState>5064</InitialPackageState>
<InitialPackageStateTextized>Staged</InitialPackageStateTextized>
<IntendedPackageState>5064</IntendedPackageState>
<IntendedPackageStateTextized>Staged</IntendedPackageStateTextized>
<Client>Arbiter</Client>
</CbsPackageInitiateChanges>
</UserData>
</Event>
ElfRec#000138 (0x0000eef0)	2026-01-14T04:56:24.5491447Z	size=464
<Event xmlns=http://schemas.microsoft.com/win/2004/08/events/event><System><Provider Name=Microsoft-Windows-Servicing Guid={bd12f3b8-fc40-4a61-a307-b7a013a069c1}/>
<EventID Qualifiers=(null)>1</EventID>
<Version>0</Version>
<Level>0</Level>
<Task>1</Task>
<Opcode>0</Opcode>
<Keywords>0x8000000000000000</Keywords>
<TimeCreated SystemTime=2026-01-14T04:56:24.549144700Z/>
<EventRecordID>138</EventRecordID>
<Correlation ActivityID=(null) RelatedActivityID=(null)/>
<Execution ProcessID=2264 ThreadID=10808/>
<Channel>Setup</Channel>
<Computer>DESKTOP-5VCD46O</Computer>
<Security UserID=S-1-5-18/>
</System>
<UserData><CbsPackageInitiateChanges xmlns=http://manifests.microsoft.com/win/2004/08/windows/setup_provider><PackageIdentifier>Microsoft-Windows-ProjFS-OptionalFeature-FOD-en-US</PackageIdentifier>
<InitialPackageState>5064</InitialPackageState>
<InitialPackageStateTextized>Staged</InitialPackageStateTextized>
<IntendedPackageState>5064</IntendedPackageState>
<IntendedPackageStateTextized>Staged</IntendedPackageStateTextized>
<Client>Arbiter</Client>
</CbsPackageInitiateChanges>
</UserData>
</Event>
ElfRec#000139 (0x0000f0c0)	2026-01-14T04:56:24.5491469Z	size=384
<Event xmlns=http://schemas.microsoft.com/win/2004/08/events/event><System><Provider Name=Microsoft-Windows-Servicing Guid={bd12f3b8-fc40-4a61-a307-b7a013a069c1}/>
<EventID Qualifiers=(null)>1</EventID>
<Version>0</Version>
<Level>0</Level>
<Task>1</Task>
<Opcode>0</Opcode>
<Keywords>0x8000000000000000</Keywords>
<TimeCreated SystemTime=2026-01-14T04:56:24.549146900Z/>
<EventRecordID>139</EventRecordID>
<Correlation ActivityID=(null) RelatedActivityID=(null)/>
<Execution ProcessID=2264 ThreadID=10808/>
<Channel>Setup</Channel>
<Computer>DESKTOP-5VCD46O</Computer>
<Security UserID=S-1-5-18/>
</System>
<UserData><CbsPackageInitiateChanges xmlns=http://manifests.microsoft.com/win/2004/08/windows/setup_provider><PackageIdentifier>KB777778</PackageIdentifier>
<InitialPackageState>5064</InitialPackageState>
<InitialPackageStateTextized>Staged</InitialPackageStateTextized>
<IntendedPackageState>5064</IntendedPackageState>
<IntendedPackageStateTextized>Staged</IntendedPackageStateTextized>
<Client>Arbiter</Client>
</CbsPackageInitiateChanges>
</UserData>
</Event>
ElfRec#000140 (0x0000f240)	2026-01-14T04:56:24.5491491Z	size=384
<Event xmlns=http://schemas.microsoft.com/win/2004/08/events/event><System><Provider Name=Microsoft-Windows-Servicing Guid={bd12f3b8-fc40-4a61-a307-b7a013a069c1}/>
<EventID Qualifiers=(null)>1</EventID>
<Version>0</Version>
<Level>0</Level>
<Task>1</Task>
<Opcode>0</Opcode>
<Keywords>0x8000000000000000</Keywords>
<TimeCreated SystemTime=2026-01-14T04:56:24.549149100Z/>
<EventRecordID>140</EventRecordID>
<Correlation ActivityID=(null) RelatedActivityID=(null)/>
<Execution ProcessID=2264 ThreadID=10808/>
<Channel>Setup</Channel>
<Computer>DESKTOP-5VCD46O</Computer>
<Security UserID=S-1-5-18/>
</System>
<UserData><CbsPackageInitiateChanges xmlns=http://manifests.microsoft.com/win/2004/08/windows/setup_provider><PackageIdentifier>KB777778</PackageIdentifier>
<InitialPackageState>5064</InitialPackageState>
<InitialPackageStateTextized>Staged</InitialPackageStateTextized>
<IntendedPackageState>5064</IntendedPackageState>
<IntendedPackageStateTextized>Staged</IntendedPackageStateTextized>
<Client>Arbiter</Client>
</CbsPackageInitiateChanges>
</UserData>
</Event>
ElfRec#000141 (0x0000f3c0)	2026-01-14T04:56:24.5491516Z	size=384
<Event xmlns=http://schemas.microsoft.com/win/2004/08/events/event><System><Provider Name=Microsoft-Windows-Servicing Guid={bd12f3b8-fc40-4a61-a307-b7a013a069c1}/>
<EventID Qualifiers=(null)>1</EventID>
<Version>0</Version>
<Level>0</Level>
<Task>1</Task>
<Opcode>0</Opcode>
<Keywords>0x8000000000000000</Keywords>
<TimeCreated SystemTime=2026-01-14T04:56:24.549151600Z/>
<EventRecordID>141</EventRecordID>
<Correlation ActivityID=(null) RelatedActivityID=(null)/>
<Execution ProcessID=2264 ThreadID=10808/>
<Channel>Setup</Channel>
<Computer>DESKTOP-5VCD46O</Computer>
<Security UserID=S-1-5-18/>
</System>
<UserData><CbsPackageInitiateChanges xmlns=http://manifests.microsoft.com/win/2004/08/windows/setup_provider><PackageIdentifier>KB777778</PackageIdentifier>
<InitialPackageState>5064</InitialPackageState>
<InitialPackageStateTextized>Staged</InitialPackageStateTextized>
<IntendedPackageState>5064</IntendedPackageState>
<IntendedPackageStateTextized>Staged</IntendedPackageStateTextized>
<Client>Arbiter</Client>
</CbsPackageInitiateChanges>
</UserData>
</Event>
ElfRec#000142 (0x0000f540)	2026-01-14T04:56:24.5491539Z	size=384
<Event xmlns=http://schemas.microsoft.com/win/2004/08/events/event><System><Provider Name=Microsoft-Windows-Servicing Guid={bd12f3b8-fc40-4a61-a307-b7a013a069c1}/>
<EventID Qualifiers=(null)>1</EventID>
<Version>0</Version>
<Level>0</Level>
<Task>1</Task>
<Opcode>0</Opcode>
<Keywords>0x8000000000000000</Keywords>
<TimeCreated SystemTime=2026-01-14T04:56:24.549153900Z/>
<EventRecordID>142</EventRecordID>
<Correlation ActivityID=(null) RelatedActivityID=(null)/>
<Execution ProcessID=2264 ThreadID=10808/>
<Channel>Setup</Channel>
<Computer>DESKTOP-5VCD46O</Computer>
<Security UserID=S-1-5-18/>
</System>
<UserData><CbsPackageInitiateChanges xmlns=http://manifests.microsoft.com/win/2004/08/windows/setup_provider><PackageIdentifier>KB777778</PackageIdentifier>
<InitialPackageState>5064</InitialPackageState>
<InitialPackageStateTextized>Staged</InitialPackageStateTextized>
<IntendedPackageState>5064</IntendedPackageState>
<IntendedPackageStateTextized>Staged</IntendedPackageStateTextized>
<Client>Arbiter</Client>
</CbsPackageInitiateChanges>
</UserData>
</Event>
ElfRec#000143 (0x0000f6c0)	2026-01-14T04:56:24.5491564Z	size=440
<Event xmlns=http://schemas.microsoft.com/win/2004/08/events/event><System><Provider Name=Microsoft-Windows-Servicing Guid={bd12f3b8-fc40-4a61-a307-b7a013a069c1}/>
<EventID Qualifiers=(null)>1</EventID>
<Version>0</Version>
<Level>0</Level>
<Task>1</Task>
<Opcode>0</Opcode>
<Keywords>0x8000000000000000</Keywords>
<TimeCreated SystemTime=2026-01-14T04:56:24.549156400Z/>
<EventRecordID>143</EventRecordID>
<Correlation ActivityID=(null) RelatedActivityID=(null)/>
<Execution ProcessID=2264 ThreadID=10808/>
<Channel>Setup</Channel>
<Computer>DESKTOP-5VCD46O</Computer>
<Security UserID=S-1-5-18/>
</System>
<UserData><CbsPackageInitiateChanges xmlns=http://manifests.microsoft.com/win/2004/08/windows/setup_provider><PackageIdentifier>Microsoft-Windows-StepsRecorder-en-US</PackageIdentifier>
<InitialPackageState>5064</InitialPackageState>
<InitialPackageStateTextized>Staged</InitialPackageStateTextized>
<IntendedPackageState>5064</IntendedPackageState>
<IntendedPackageStateTextized>Staged</IntendedPackageStateTextized>
<Client>Arbiter</Client>
</CbsPackageInitiateChanges>
</UserData>
</Event>
ElfRec#000144 (0x0000f878)	2026-01-14T04:56:24.5491586Z	size=384
<Event xmlns=http://schemas.microsoft.com/win/2004/08/events/event><System><Provider Name=Microsoft-Windows-Servicing Guid={bd12f3b8-fc40-4a61-a307-b7a013a069c1}/>
<EventID Qualifiers=(null)>1</EventID>
<Version>0</Version>
<Level>0</Level>
<Task>1</Task>
<Opcode>0</Opcode>
<Keywords>0x8000000000000000</Keywords>
<TimeCreated SystemTime=2026-01-14T04:56:24.549158600Z/>
<EventRecordID>144</EventRecordID>
<Correlation ActivityID=(null) RelatedActivityID=(null)/>
<Execution ProcessID=2264 ThreadID=10808/>
<Channel>Setup</Channel>
<Computer>DESKTOP-5VCD46O</Computer>
<Security UserID=S-1-5-18/>
</System>
<UserData><CbsPackageInitiateChanges xmlns=http://manifests.microsoft.com/win/2004/08/windows/setup_provider><PackageIdentifier>KB777778</PackageIdentifier>
<InitialPackageState>5064</InitialPackageState>
<InitialPackageStateTextized>Staged</InitialPackageStateTextized>
<IntendedPackageState>5064</IntendedPackageState>
<IntendedPackageStateTextized>Staged</IntendedPackageStateTextized>
<Client>Arbiter</Client>
</CbsPackageInitiateChanges>
</UserData>
</Event>
ElfRec#000145 (0x0000f9f8)	2026-01-14T04:56:24.5491609Z	size=384
<Event xmlns=http://schemas.microsoft.com/win/2004/08/events/event><System><Provider Name=Microsoft-Windows-Servicing Guid={bd12f3b8-fc40-4a61-a307-b7a013a069c1}/>
<EventID Qualifiers=(null)>1</EventID>
<Version>0</Version>
<Level>0</Level>
<Task>1</Task>
<Opcode>0</Opcode>
<Keywords>0x8000000000000000</Keywords>
<TimeCreated SystemTime=2026-01-14T04:56:24.549160900Z/>
<EventRecordID>145</EventRecordID>
<Correlation ActivityID=(null) RelatedActivityID=(null)/>
<Execution ProcessID=2264 ThreadID=10808/>
<Channel>Setup</Channel>
<Computer>DESKTOP-5VCD46O</Computer>
<Security UserID=S-1-5-18/>
</System>
<UserData><CbsPackageInitiateChanges xmlns=http://manifests.microsoft.com/win/2004/08/windows/setup_provider><PackageIdentifier>KB777778</PackageIdentifier>
<InitialPackageState>5064</InitialPackageState>
<InitialPackageStateTextized>Staged</InitialPackageStateTextized>
<IntendedPackageState>5064</IntendedPackageState>
<IntendedPackageStateTextized>Staged</IntendedPackageStateTextized>
<Client>Arbiter</Client>
</CbsPackageInitiateChanges>
</UserData>
</Event>
ElfRec#000146 (0x0000fb78)	2026-01-14T04:56:24.5491634Z	size=448
<Event xmlns=http://schemas.microsoft.com/win/2004/08/events/event><System><Provider Name=Microsoft-Windows-Servicing Guid={bd12f3b8-fc40-4a61-a307-b7a013a069c1}/>
<EventID Qualifiers=(null)>1</EventID>
<Version>0</Version>
<Level>0</Level>
<Task>1</Task>
<Opcode>0</Opcode>
<Keywords>0x8000000000000000</Keywords>
<TimeCreated SystemTime=2026-01-14T04:56:24.549163400Z/>
<EventRecordID>146</EventRecordID>
<Correlation ActivityID=(null) RelatedActivityID=(null)/>
<Execution ProcessID=2264 ThreadID=10808/>
<Channel>Setup</Channel>
<Computer>DESKTOP-5VCD46O</Computer>
<Security UserID=S-1-5-18/>
</System>
<UserData><CbsPackageInitiateChanges xmlns=http://manifests.microsoft.com/win/2004/08/windows/setup_provider><PackageIdentifier>Microsoft-Windows-Telnet-Client-FOD-en-US</PackageIdentifier>
<InitialPackageState>5064</InitialPackageState>
<InitialPackageStateTextized>Staged</InitialPackageStateTextized>
<IntendedPackageState>5064</IntendedPackageState>
<IntendedPackageStateTextized>Staged</IntendedPackageStateTextized>
<Client>Arbiter</Client>
</CbsPackageInitiateChanges>
</UserData>
</Event>
ElfRec#000147 (0x0000fd38)	2026-01-14T04:56:24.5491659Z	size=384
<Event xmlns=http://schemas.microsoft.com/win/2004/08/events/event><System><Provider Name=Microsoft-Windows-Servicing Guid={bd12f3b8-fc40-4a61-a307-b7a013a069c1}/>
<EventID Qualifiers=(null)>1</EventID>
<Version>0</Version>
<Level>0</Level>
<Task>1</Task>
<Opcode>0</Opcode>
<Keywords>0x8000000000000000</Keywords>
<TimeCreated SystemTime=2026-01-14T04:56:24.549165900Z/>
<EventRecordID>147</EventRecordID>
<Correlation ActivityID=(null) RelatedActivityID=(null)/>
<Execution ProcessID=2264 ThreadID=10808/>
<Channel>Setup</Channel>
<Computer>DESKTOP-5VCD46O</Computer>
<Security UserID=S-1-5-18/>
</System>
<UserData><CbsPackageInitiateChanges xmlns=http://manifests.microsoft.com/win/2004/08/windows/setup_provider><PackageIdentifier>KB777778</PackageIdentifier>
<InitialPackageState>5064</InitialPackageState>
<InitialPackageStateTextized>Staged</InitialPackageStateTextized>
<IntendedPackageState>5064</IntendedPackageState>
<IntendedPackageStateTextized>Staged</IntendedPackageStateTextized>
<Client>Arbiter</Client>
</CbsPackageInitiateChanges>
</UserData>
</Event>
ElfRec#000148 (0x0000feb8)	2026-01-14T04:56:24.5491681Z	size=440
<Event xmlns=http://schemas.microsoft.com/win/2004/08/events/event><System><Provider Name=Microsoft-Windows-Servicing Guid={bd12f3b8-fc40-4a61-a307-b7a013a069c1}/>
<EventID Qualifiers=(null)>1</EventID>
<Version>0</Version>
<Level>0</Level>
<Task>1</Task>
<Opcode>0</Opcode>
<Keywords>0x8000000000000000</Keywords>
<TimeCreated SystemTime=2026-01-14T04:56:24.549168100Z/>
<EventRecordID>148</EventRecordID>
<Correlation ActivityID=(null) RelatedActivityID=(null)/>
<Execution ProcessID=2264 ThreadID=10808/>
<Channel>Setup</Channel>
<Computer>DESKTOP-5VCD46O</Computer>
<Security UserID=S-1-5-18/>
</System>
<UserData><CbsPackageInitiateChanges xmlns=http://manifests.microsoft.com/win/2004/08/windows/setup_provider><PackageIdentifier>Microsoft-Windows-TFTP-Client-FOD-en-US</PackageIdentifier>
<InitialPackageState>5064</InitialPackageState>
<InitialPackageStateTextized>Staged</InitialPackageStateTextized>
<IntendedPackageState>5064</IntendedPackageState>
<IntendedPackageStateTextized>Staged</IntendedPackageStateTextized>
<Client>Arbiter</Client>
</CbsPackageInitiateChanges>
</UserData>
</Event>
ElfRec#000149 (0x00010070)	2026-01-14T04:56:24.5491704Z	size=384
<Event xmlns=http://schemas.microsoft.com/win/2004/08/events/event><System><Provider Name=Microsoft-Windows-Servicing Guid={bd12f3b8-fc40-4a61-a307-b7a013a069c1}/>
<EventID Qualifiers=(null)>1</EventID>
<Version>0</Version>
<Level>0</Level>
<Task>1</Task>
<Opcode>0</Opcode>
<Keywords>0x8000000000000000</Keywords>
<TimeCreated SystemTime=2026-01-14T04:56:24.549170400Z/>
<EventRecordID>149</EventRecordID>
<Correlation ActivityID=(null) RelatedActivityID=(null)/>
<Execution ProcessID=2264 ThreadID=10808/>
<Channel>Setup</Channel>
<Computer>DESKTOP-5VCD46O</Computer>
<Security UserID=S-1-5-18/>
</System>
<UserData><CbsPackageInitiateChanges xmlns=http://manifests.microsoft.com/win/2004/08/windows/setup_provider><PackageIdentifier>KB777778</PackageIdentifier>
<InitialPackageState>5064</InitialPackageState>
<InitialPackageStateTextized>Staged</InitialPackageStateTextized>
<IntendedPackageState>5064</IntendedPackageState>
<IntendedPackageStateTextized>Staged</IntendedPackageStateTextized>
<Client>Arbiter</Client>
</CbsPackageInitiateChanges>
</UserData>
</Event>
ElfRec#000150 (0x000101f0)	2026-01-14T04:56:24.5491729Z	size=384
<Event xmlns=http://schemas.microsoft.com/win/2004/08/events/event><System><Provider Name=Microsoft-Windows-Servicing Guid={bd12f3b8-fc40-4a61-a307-b7a013a069c1}/>
<EventID Qualifiers=(null)>1</EventID>
<Version>0</Version>
<Level>0</Level>
<Task>1</Task>
<Opcode>0</Opcode>
<Keywords>0x8000000000000000</Keywords>
<TimeCreated SystemTime=2026-01-14T04:56:24.549172900Z/>
<EventRecordID>150</EventRecordID>
<Correlation ActivityID=(null) RelatedActivityID=(null)/>
<Execution ProcessID=2264 ThreadID=10808/>
<Channel>Setup</Channel>
<Computer>DESKTOP-5VCD46O</Computer>
<Security UserID=S-1-5-18/>
</System>
<UserData><CbsPackageInitiateChanges xmlns=http://manifests.microsoft.com/win/2004/08/windows/setup_provider><PackageIdentifier>KB777778</PackageIdentifier>
<InitialPackageState>5064</InitialPackageState>
<InitialPackageStateTextized>Staged</InitialPackageStateTextized>
<IntendedPackageState>5064</IntendedPackageState>
<IntendedPackageStateTextized>Staged</IntendedPackageStateTextized>
<Client>Arbiter</Client>
</CbsPackageInitiateChanges>
</UserData>
</Event>
ElfRec#000151 (0x00010370)	2026-01-14T04:56:24.5491752Z	size=440
<Event xmlns=http://schemas.microsoft.com/win/2004/08/events/event><System><Provider Name=Microsoft-Windows-Servicing Guid={bd12f3b8-fc40-4a61-a307-b7a013a069c1}/>
<EventID Qualifiers=(null)>1</EventID>
<Version>0</Version>
<Level>0</Level>
<Task>1</Task>
<Opcode>0</Opcode>
<Keywords>0x8000000000000000</Keywords>
<TimeCreated SystemTime=2026-01-14T04:56:24.549175200Z/>
<EventRecordID>151</EventRecordID>
<Correlation ActivityID=(null) RelatedActivityID=(null)/>
<Execution ProcessID=2264 ThreadID=10808/>
<Channel>Setup</Channel>
<Computer>DESKTOP-5VCD46O</Computer>
<Security UserID=S-1-5-18/>
</System>
<UserData><CbsPackageInitiateChanges xmlns=http://manifests.microsoft.com/win/2004/08/windows/setup_provider><PackageIdentifier>Microsoft-Windows-VBSCRIPT-FoD-en-US</PackageIdentifier>
<InitialPackageState>5064</InitialPackageState>
<InitialPackageStateTextized>Staged</InitialPackageStateTextized>
<IntendedPackageState>5064</IntendedPackageState>
<IntendedPackageStateTextized>Staged</IntendedPackageStateTextized>
<Client>Arbiter</Client>
</CbsPackageInitiateChanges>
</UserData>
</Event>
ElfRec#000152 (0x00010528)	2026-01-14T04:56:24.5491776Z	size=384
<Event xmlns=http://schemas.microsoft.com/win/2004/08/events/event><System><Provider Name=Microsoft-Windows-Servicing Guid={bd12f3b8-fc40-4a61-a307-b7a013a069c1}/>
<EventID Qualifiers=(null)>1</EventID>
<Version>0</Version>
<Level>0</Level>
<Task>1</Task>
<Opcode>0</Opcode>
<Keywords>0x8000000000000000</Keywords>
<TimeCreated SystemTime=2026-01-14T04:56:24.549177600Z/>
<EventRecordID>152</EventRecordID>
<Correlation ActivityID=(null) RelatedActivityID=(null)/>
<Execution ProcessID=2264 ThreadID=10808/>
<Channel>Setup</Channel>
<Computer>DESKTOP-5VCD46O</Computer>
<Security UserID=S-1-5-18/>
</System>
<UserData><CbsPackageInitiateChanges xmlns=http://manifests.microsoft.com/win/2004/08/windows/setup_provider><PackageIdentifier>KB777778</PackageIdentifier>
<InitialPackageState>5064</InitialPackageState>
<InitialPackageStateTextized>Staged</InitialPackageStateTextized>
<IntendedPackageState>5064</IntendedPackageState>
<IntendedPackageStateTextized>Staged</IntendedPackageStateTextized>
<Client>Arbiter</Client>
</CbsPackageInitiateChanges>
</UserData>
</Event>
ElfRec#000153 (0x000106a8)	2026-01-14T04:56:24.5491798Z	size=384
<Event xmlns=http://schemas.microsoft.com/win/2004/08/events/event><System><Provider Name=Microsoft-Windows-Servicing Guid={bd12f3b8-fc40-4a61-a307-b7a013a069c1}/>
<EventID Qualifiers=(null)>1</EventID>
<Version>0</Version>
<Level>0</Level>
<Task>1</Task>
<Opcode>0</Opcode>
<Keywords>0x8000000000000000</Keywords>
<TimeCreated SystemTime=2026-01-14T04:56:24.549179800Z/>
<EventRecordID>153</EventRecordID>
<Correlation ActivityID=(null) RelatedActivityID=(null)/>
<Execution ProcessID=2264 ThreadID=10808/>
<Channel>Setup</Channel>
<Computer>DESKTOP-5VCD46O</Computer>
<Security UserID=S-1-5-18/>
</System>
<UserData><CbsPackageInitiateChanges xmlns=http://manifests.microsoft.com/win/2004/08/windows/setup_provider><PackageIdentifier>KB777778</PackageIdentifier>
<InitialPackageState>5064</InitialPackageState>
<InitialPackageStateTextized>Staged</InitialPackageStateTextized>
<IntendedPackageState>5064</IntendedPackageState>
<IntendedPackageStateTextized>Staged</IntendedPackageStateTextized>
<Client>Arbiter</Client>
</CbsPackageInitiateChanges>
</UserData>
</Event>
ElfRec#000154 (0x00010828)	2026-01-14T04:56:24.5491820Z	size=384
<Event xmlns=http://schemas.microsoft.com/win/2004/08/events/event><System><Provider Name=Microsoft-Windows-Servicing Guid={bd12f3b8-fc40-4a61-a307-b7a013a069c1}/>
<EventID Qualifiers=(null)>1</EventID>
<Version>0</Version>
<Level>0</Level>
<Task>1</Task>
<Opcode>0</Opcode>
<Keywords>0x8000000000000000</Keywords>
<TimeCreated SystemTime=2026-01-14T04:56:24.549182000Z/>
<EventRecordID>154</EventRecordID>
<Correlation ActivityID=(null) RelatedActivityID=(null)/>
<Execution ProcessID=2264 ThreadID=10808/>
<Channel>Setup</Channel>
<Computer>DESKTOP-5VCD46O</Computer>
<Security UserID=S-1-5-18/>
</System>
<UserData><CbsPackageInitiateChanges xmlns=http://manifests.microsoft.com/win/2004/08/windows/setup_provider><PackageIdentifier>KB777778</PackageIdentifier>
<InitialPackageState>5064</InitialPackageState>
<InitialPackageStateTextized>Staged</InitialPackageStateTextized>
<IntendedPackageState>5064</IntendedPackageState>
<IntendedPackageStateTextized>Staged</IntendedPackageStateTextized>
<Client>Arbiter</Client>
</CbsPackageInitiateChanges>
</UserData>
</Event>
ElfRec#000155 (0x000109a8)	2026-01-14T04:56:24.5491844Z	size=432
<Event xmlns=http://schemas.microsoft.com/win/2004/08/events/event><System><Provider Name=Microsoft-Windows-Servicing Guid={bd12f3b8-fc40-4a61-a307-b7a013a069c1}/>
<EventID Qualifiers=(null)>1</EventID>
<Version>0</Version>
<Level>0</Level>
<Task>1</Task>
<Opcode>0</Opcode>
<Keywords>0x8000000000000000</Keywords>
<TimeCreated SystemTime=2026-01-14T04:56:24.549184400Z/>
<EventRecordID>155</EventRecordID>
<Correlation ActivityID=(null) RelatedActivityID=(null)/>
<Execution ProcessID=2264 ThreadID=10808/>
<Channel>Setup</Channel>
<Computer>DESKTOP-5VCD46O</Computer>
<Security UserID=S-1-5-18/>
</System>
<UserData><CbsPackageInitiateChanges xmlns=http://manifests.microsoft.com/win/2004/08/windows/setup_provider><PackageIdentifier>Microsoft-Windows-WinOcr-FOD-en-US</PackageIdentifier>
<InitialPackageState>5064</InitialPackageState>
<InitialPackageStateTextized>Staged</InitialPackageStateTextized>
<IntendedPackageState>5064</IntendedPackageState>
<IntendedPackageStateTextized>Staged</IntendedPackageStateTextized>
<Client>Arbiter</Client>
</CbsPackageInitiateChanges>
</UserData>
</Event>
ElfRec#000156 (0x00010b58)	2026-01-14T04:56:24.5491870Z	size=384
<Event xmlns=http://schemas.microsoft.com/win/2004/08/events/event><System><Provider Name=Microsoft-Windows-Servicing Guid={bd12f3b8-fc40-4a61-a307-b7a013a069c1}/>
<EventID Qualifiers=(null)>1</EventID>
<Version>0</Version>
<Level>0</Level>
<Task>1</Task>
<Opcode>0</Opcode>
<Keywords>0x8000000000000000</Keywords>
<TimeCreated SystemTime=2026-01-14T04:56:24.549187000Z/>
<EventRecordID>156</EventRecordID>
<Correlation ActivityID=(null) RelatedActivityID=(null)/>
<Execution ProcessID=2264 ThreadID=10808/>
<Channel>Setup</Channel>
<Computer>DESKTOP-5VCD46O</Computer>
<Security UserID=S-1-5-18/>
</System>
<UserData><CbsPackageInitiateChanges xmlns=http://manifests.microsoft.com/win/2004/08/windows/setup_provider><PackageIdentifier>KB777778</PackageIdentifier>
<InitialPackageState>5064</InitialPackageState>
<InitialPackageStateTextized>Staged</InitialPackageStateTextized>
<IntendedPackageState>5064</IntendedPackageState>
<IntendedPackageStateTextized>Staged</IntendedPackageStateTextized>
<Client>Arbiter</Client>
</CbsPackageInitiateChanges>
</UserData>
</Event>
ElfRec#000157 (0x00010cd8)	2026-01-14T04:56:24.5491892Z	size=384
<Event xmlns=http://schemas.microsoft.com/win/2004/08/events/event><System><Provider Name=Microsoft-Windows-Servicing Guid={bd12f3b8-fc40-4a61-a307-b7a013a069c1}/>
<EventID Qualifiers=(null)>1</EventID>
<Version>0</Version>
<Level>0</Level>
<Task>1</Task>
<Opcode>0</Opcode>
<Keywords>0x8000000000000000</Keywords>
<TimeCreated SystemTime=2026-01-14T04:56:24.549189200Z/>
<EventRecordID>157</EventRecordID>
<Correlation ActivityID=(null) RelatedActivityID=(null)/>
<Execution ProcessID=2264 ThreadID=10808/>
<Channel>Setup</Channel>
<Computer>DESKTOP-5VCD46O</Computer>
<Security UserID=S-1-5-18/>
</System>
<UserData><CbsPackageInitiateChanges xmlns=http://manifests.microsoft.com/win/2004/08/windows/setup_provider><PackageIdentifier>KB777778</PackageIdentifier>
<InitialPackageState>5064</InitialPackageState>
<InitialPackageStateTextized>Staged</InitialPackageStateTextized>
<IntendedPackageState>5064</IntendedPackageState>
<IntendedPackageStateTextized>Staged</IntendedPackageStateTextized>
<Client>Arbiter</Client>
</CbsPackageInitiateChanges>
</UserData>
</Event>
ElfRec#000158 (0x00010e58)	2026-01-14T04:56:24.5491915Z	size=384
<Event xmlns=http://schemas.microsoft.com/win/2004/08/events/event><System><Provider Name=Microsoft-Windows-Servicing Guid={bd12f3b8-fc40-4a61-a307-b7a013a069c1}/>
<EventID Qualifiers=(null)>1</EventID>
<Version>0</Version>
<Level>0</Level>
<Task>1</Task>
<Opcode>0</Opcode>
<Keywords>0x8000000000000000</Keywords>
<TimeCreated SystemTime=2026-01-14T04:56:24.549191500Z/>
<EventRecordID>158</EventRecordID>
<Correlation ActivityID=(null) RelatedActivityID=(null)/>
<Execution ProcessID=2264 ThreadID=10808/>
<Channel>Setup</Channel>
<Computer>DESKTOP-5VCD46O</Computer>
<Security UserID=S-1-5-18/>
</System>
<UserData><CbsPackageInitiateChanges xmlns=http://manifests.microsoft.com/win/2004/08/windows/setup_provider><PackageIdentifier>KB777778</PackageIdentifier>
<InitialPackageState>5064</InitialPackageState>
<InitialPackageStateTextized>Staged</InitialPackageStateTextized>
<IntendedPackageState>5064</IntendedPackageState>
<IntendedPackageStateTextized>Staged</IntendedPackageStateTextized>
<Client>Arbiter</Client>
</CbsPackageInitiateChanges>
</UserData>
</Event>
ElfChnk#00001 (0x00011000)	record_num=159-215	record_id=159-215	last_offset=0x5f30	free_offset=0x60b0
ElfRec#000159 (0x00011200)	2026-01-14T04:56:24.5491938Z	size=2320
<Event xmlns=http://schemas.microsoft.com/win/2004/08/events/event><System><Provider Name=Microsoft-Windows-Servicing Guid={bd12f3b8-fc40-4a61-a307-b7a013a069c1}/>
<EventID Qualifiers=(null)>1</EventID>
<Version>0</Version>
<Level>0</Level>
<Task>1</Task>
<Opcode>0</Opcode>
<Keywords>0x8000000000000000</Keywords>
<TimeCreated SystemTime=2026-01-14T04:56:24.549193800Z/>
<EventRecordID>159</EventRecordID>
<Correlation ActivityID=(null) RelatedActivityID=(null)/>
<Execution ProcessID=2264 ThreadID=10808/>
<Channel>Setup</Channel>
<Computer>DESKTOP-5VCD46O</Computer>
<Security UserID=S-1-5-18/>
</System>
<UserData><CbsPackageInitiateChanges xmlns=http://manifests.microsoft.com/win/2004/08/windows/setup_provider><PackageIdentifier>Microsoft-Windows-SenseClient-FoD-en-US</PackageIdentifier>
<InitialPackageState>5064</InitialPackageState>
<InitialPackageStateTextized>Staged</InitialPackageStateTextized>
<IntendedPackageState>5064</IntendedPackageState>
<IntendedPackageStateTextized>Staged</IntendedPackageStateTextized>
<Client>Arbiter</Client>
</CbsPackageInitiateChanges>
</UserData>
</Event>
ElfRec#000160 (0x00011b10)	2026-01-14T04:56:24.5491961Z	size=384
<Event xmlns=http://schemas.microsoft.com/win/2004/08/events/event><System><Provider Name=Microsoft-Windows-Servicing Guid={bd12f3b8-fc40-4a61-a307-b7a013a069c1}/>
<EventID Qualifiers=(null)>1</EventID>
<Version>0</Version>
<Level>0</Level>
<Task>1</Task>
<Opcode>0</Opcode>
<Keywords>0x8000000000000000</Keywords>
<TimeCreated SystemTime=2026-01-14T04:56:24.549196100Z/>
<EventRecordID>160</EventRecordID>
<Correlation ActivityID=(null) RelatedActivityID=(null)/>
<Execution ProcessID=2264 ThreadID=10808/>
<Channel>Setup</Channel>
<Computer>DESKTOP-5VCD46O</Computer>
<Security UserID=S-1-5-18/>
</System>
<UserData><CbsPackageInitiateChanges xmlns=http://manifests.microsoft.com/win/2004/08/windows/setup_provider><PackageIdentifier>KB777778</PackageIdentifier>
<InitialPackageState>5064</InitialPackageState>
<InitialPackageStateTextized>Staged</InitialPackageStateTextized>
<IntendedPackageState>5064</IntendedPackageState>
<IntendedPackageStateTextized>Staged</IntendedPackageStateTextized>
<Client>Arbiter</Client>
</CbsPackageInitiateChanges>
</UserData>
</Event>
ElfRec#000161 (0x00011c90)	2026-01-14T04:56:32.9534071Z	size=720
<Event xmlns=http://schemas.microsoft.com/win/2004/08/events/event><System><Provider Name=Microsoft-Windows-Servicing Guid={bd12f3b8-fc40-4a61-a307-b7a013a069c1}/>
<EventID Qualifiers=(null)>2</EventID>
<Version>0</Version>
<Level>0</Level>
<Task>1</Task>
<Opcode>0</Opcode>
<Keywords>0x8000000000000000</Keywords>
<TimeCreated SystemTime=2026-01-14T04:56:32.953407100Z/>
<EventRecordID>161</EventRecordID>
<Correlation ActivityID=(null) RelatedActivityID=(null)/>
<Execution ProcessID=2264 ThreadID=10808/>
<Channel>Setup</Channel>
<Computer>DESKTOP-5VCD46O</Computer>
<Security UserID=S-1-5-18/>
</System>
<UserData><CbsPackageChangeState xmlns=http://manifests.microsoft.com/win/2004/08/windows/setup_provider><PackageIdentifier>KB5043080</PackageIdentifier>
<IntendedPackageState>5064</IntendedPackageState>
<IntendedPackageStateTextized>Staged</IntendedPackageStateTextized>
<ErrorCode>0x0</ErrorCode>
<Client>Arbiter</Client>
</CbsPackageChangeState>
</UserData>
</Event>
ElfRec#000162 (0x00011f60)	2026-01-14T04:56:32.9534156Z	size=408
<Event xmlns=http://schemas.microsoft.com/win/2004/08/events/event><System><Provider Name=Microsoft-Windows-Servicing Guid={bd12f3b8-fc40-4a61-a307-b7a013a069c1}/>
<EventID Qualifiers=(null)>2</EventID>
<Version>0</Version>
<Level>0</Level>
<Task>1</Task>
<Opcode>0</Opcode>
<Keywords>0x8000000000000000</Keywords>
<TimeCreated SystemTime=2026-01-14T04:56:32.953415600Z/>
<EventRecordID>162</EventRecordID>
<Correlation ActivityID=(null) RelatedActivityID=(null)/>
<Execution ProcessID=2264 ThreadID=10808/>
<Channel>Setup</Channel>
<Computer>DESKTOP-5VCD46O</Computer>
<Security UserID=S-1-5-18/>
</System>
<UserData><CbsPackageChangeState xmlns=http://manifests.microsoft.com/win/2004/08/windows/setup_provider><PackageIdentifier>Windows Professional Edition</PackageIdentifier>
<IntendedPackageState>5064</IntendedPackageState>
<IntendedPackageStateTextized>Staged</IntendedPackageStateTextized>
<ErrorCode>0x0</ErrorCode>
<Client>Arbiter</Client>
</CbsPackageChangeState>
</UserData>
</Event>
ElfRec#000163 (0x000120f8)	2026-01-14T04:56:32.9534233Z	size=368
<Event xmlns=http://schemas.microsoft.com/win/2004/08/events/event><System><Provider Name=Microsoft-Windows-Servicing Guid={bd12f3b8-fc40-4a61-a307-b7a013a069c1}/>
<EventID Qualifiers=(null)>2</EventID>
<Version>0</Version>
<Level>0</Level>
<Task>1</Task>
<Opcode>0</Opcode>
<Keywords>0x8000000000000000</Keywords>
<TimeCreated SystemTime=2026-01-14T04:56:32.953423300Z/>
<EventRecordID>163</EventRecordID>
<Correlation ActivityID=(null) RelatedActivityID=(null)/>
<Execution ProcessID=2264 ThreadID=10808/>
<Channel>Setup</Channel>
<Computer>DESKTOP-5VCD46O</Computer>
<Security UserID=S-1-5-18/>
</System>
<UserData><CbsPackageChangeState xmlns=http://manifests.microsoft.com/win/2004/08/windows/setup_provider><PackageIdentifier>KB777778</PackageIdentifier>
<IntendedPackageState>5064</IntendedPackageState>
<IntendedPackageStateTextized>Staged</IntendedPackageStateTextized>
<ErrorCode>0x0</ErrorCode>
<Client>Arbiter</Client>
</CbsPackageChangeState>
</UserData>
</Event>
ElfRec#000164 (0x00012268)	2026-01-14T04:56:32.9534296Z	size=368
<Event xmlns=http://schemas.microsoft.com/win/2004/08/events/event><System><Provider Name=Microsoft-Windows-Servicing Guid={bd12f3b8-fc40-4a61-a307-b7a013a069c1}/>
<EventID Qualifiers=(null)>2</EventID>
<Version>0</Version>
<Level>0</Level>
<Task>1</Task>
<Opcode>0</Opcode>
<Keywords>0x8000000000000000</Keywords>
<TimeCreated SystemTime=2026-01-14T04:56:32.953429600Z/>
<EventRecordID>164</EventRecordID>
<Correlation ActivityID=(null) RelatedActivityID=(null)/>
<Execution ProcessID=2264 ThreadID=10808/>
<Channel>Setup</Channel>
<Computer>DESKTOP-5VCD46O</Computer>
<Security UserID=S-1-5-18/>
</System>
<UserData><CbsPackageChangeState xmlns=http://manifests.microsoft.com/win/2004/08/windows/setup_provider><PackageIdentifier>KB777778</PackageIdentifier>
<IntendedPackageState>5064</IntendedPackageState>
<IntendedPackageStateTextized>Staged</IntendedPackageStateTextized>
<ErrorCode>0x0</ErrorCode>
<Client>Arbiter</Client>
</CbsPackageChangeState>
</UserData>
</Event>
ElfRec#000165 (0x000123d8)	2026-01-14T04:56:32.9534356Z	size=368
<Event xmlns=http://schemas.microsoft.com/win/2004/08/events/event><System><Provider Name=Microsoft-Windows-Servicing Guid={bd12f3b8-fc40-4a61-a307-b7a013a069c1}/>
<EventID Qualifiers=(null)>2</EventID>
<Version>0</Version>
<Level>0</Level>
<Task>1</Task>
<Opcode>0</Opcode>
<Keywords>0x8000000000000000</Keywords>
<TimeCreated SystemTime=2026-01-14T04:56:32.953435600Z/>
<EventRecordID>165</EventRecordID>
<Correlation ActivityID=(null) RelatedActivityID=(null)/>
<Execution ProcessID=2264 ThreadID=10808/>
<Channel>Setup</Channel>
<Computer>DESKTOP-5VCD46O</Computer>
<Security UserID=S-1-5-18/>
</System>
<UserData><CbsPackageChangeState xmlns=http://manifests.microsoft.com/win/2004/08/windows/setup_provider><PackageIdentifier>KB777778</PackageIdentifier>
<IntendedPackageState>5064</IntendedPackageState>
<IntendedPackageStateTextized>Staged</IntendedPackageStateTextized>
<ErrorCode>0x0</ErrorCode>
<Client>Arbiter</Client>
</CbsPackageChangeState>
</UserData>
</Event>
ElfRec#000166 (0x00012548)	2026-01-14T04:56:32.9534477Z	size=376
<Event xmlns=http://schemas.microsoft.com/win/2004/08/events/event><System><Provider Name=Microsoft-Windows-Servicing Guid={bd12f3b8-fc40-4a61-a307-b7a013a069c1}/>
<EventID Qualifiers=(null)>2</EventID>
<Version>0</Version>
<Level>0</Level>
<Task>1</Task>
<Opcode>0</Opcode>
<Keywords>0x8000000000000000</Keywords>
<TimeCreated SystemTime=2026-01-14T04:56:32.953447700Z/>
<EventRecordID>166</EventRecordID>
<Correlation ActivityID=(null) RelatedActivityID=(null)/>
<Execution ProcessID=2264 ThreadID=10808/>
<Channel>Setup</Channel>
<Computer>DESKTOP-5VCD46O</Computer>
<Security UserID=S-1-5-18/>
</System>
<UserData><CbsPackageChangeState xmlns=http://manifests.microsoft.com/win/2004/08/windows/setup_provider><PackageIdentifier>Language Pack</PackageIdentifier>
<IntendedPackageState>5064</IntendedPackageState>
<IntendedPackageStateTextized>Staged</IntendedPackageStateTextized>
<ErrorCode>0x0</ErrorCode>
<Client>Arbiter</Client>
</CbsPackageChangeState>
</UserData>
</Event>
ElfRec#000167 (0x000126c0)	2026-01-14T04:56:32.9534536Z	size=368
<Event xmlns=http://schemas.microsoft.com/win/2004/08/events/event><System><Provider Name=Microsoft-Windows-Servicing Guid={bd12f3b8-fc40-4a61-a307-b7a013a069c1}/>
<EventID Qualifiers=(null)>2</EventID>
<Version>0</Version>
<Level>0</Level>
<Task>1</Task>
<Opcode>0</Opcode>
<Keywords>0x8000000000000000</Keywords>
<TimeCreated SystemTime=2026-01-14T04:56:32.953453600Z/>
<EventRecordID>167</EventRecordID>
<Correlation ActivityID=(null) RelatedActivityID=(null)/>
<Execution ProcessID=2264 ThreadID=10808/>
<Channel>Setup</Channel>
<Computer>DESKTOP-5VCD46O</Computer>
<Security UserID=S-1-5-18/>
</System>
<UserData><CbsPackageChangeState xmlns=http://manifests.microsoft.com/win/2004/08/windows/setup_provider><PackageIdentifier>KB777778</PackageIdentifier>
<IntendedPackageState>5064</IntendedPackageState>
<IntendedPackageStateTextized>Staged</IntendedPackageStateTextized>
<ErrorCode>0x0</ErrorCode>
<Client>Arbiter</Client>
</CbsPackageChangeState>
</UserData>
</Event>
ElfRec#000168 (0x00012830)	2026-01-14T04:56:32.9534577Z	size=368
<Event xmlns=http://schemas.microsoft.com/win/2004/08/events/event><System><Provider Name=Microsoft-Windows-Servicing Guid={bd12f3b8-fc40-4a61-a307-b7a013a069c1}/>
<EventID Qualifiers=(null)>2</EventID>
<Version>0</Version>
<Level>0</Level>
<Task>1</Task>
<Opcode>0</Opcode>
<Keywords>0x8000000000000000</Keywords>
<TimeCreated SystemTime=2026-01-14T04:56:32.953457700Z/>
<EventRecordID>168</EventRecordID>
<Correlation ActivityID=(null) RelatedActivityID=(null)/>
<Execution ProcessID=2264 ThreadID=10808/>
<Channel>Setup</Channel>
<Computer>DESKTOP-5VCD46O</Computer>
<Security UserID=S-1-5-18/>
</System>
<UserData><CbsPackageChangeState xmlns=http://manifests.microsoft.com/win/2004/08/windows/setup_provider><PackageIdentifier>KB777778</PackageIdentifier>
<IntendedPackageState>5064</IntendedPackageState>
<IntendedPackageStateTextized>Staged</IntendedPackageStateTextized>
<ErrorCode>0x0</ErrorCode>
<Client>Arbiter</Client>
</CbsPackageChangeState>
</UserData>
</Event>
ElfRec#000169 (0x000129a0)	2026-01-14T04:56:32.9534645Z	size=368
<Event xmlns=http://schemas.microsoft.com/win/2004/08/events/event><System><Provider Name=Microsoft-Windows-Servicing Guid={bd12f3b8-fc40-4a61-a307-b7a013a069c1}/>
<EventID Qualifiers=(null)>2</EventID>
<Version>0</Version>
<Level>0</Level>
<Task>1</Task>
<Opcode>0</Opcode>
<Keywords>0x8000000000000000</Keywords>
<TimeCreated SystemTime=2026-01-14T04:56:32.953464500Z/>
<EventRecordID>169</EventRecordID>
<Correlation ActivityID=(null) RelatedActivityID=(null)/>
<Execution ProcessID=2264 ThreadID=10808/>
<Channel>Setup</Channel>
<Computer>DESKTOP-5VCD46O</Computer>
<Security UserID=S-1-5-18/>
</System>
<UserData><CbsPackageChangeState xmlns=http://manifests.microsoft.com/win/2004/08/windows/setup_provider><PackageIdentifier>KB777778</PackageIdentifier>
<IntendedPackageState>5064</IntendedPackageState>
<IntendedPackageStateTextized>Staged</IntendedPackageStateTextized>
<ErrorCode>0x0</ErrorCode>
<Client>Arbiter</Client>
</CbsPackageChangeState>
</UserData>
</Event>
ElfRec#000170 (0x00012b10)	2026-01-14T04:56:32.9534682Z	size=368
<Event xmlns=http://schemas.microsoft.com/win/2004/08/events/event><System><Provider Name=Microsoft-Windows-Servicing Guid={bd12f3b8-fc40-4a61-a307-b7a013a069c1}/>
<EventID Qualifiers=(null)>2</EventID>
<Version>0</Version>
<Level>0</Level>
<Task>1</Task>
<Opcode>0</Opcode>
<Keywords>0x8000000000000000</Keywords>
<TimeCreated SystemTime=2026-01-14T04:56:32.953468200Z/>
<EventRecordID>170</EventRecordID>
<Correlation ActivityID=(null) RelatedActivityID=(null)/>
<Execution ProcessID=2264 ThreadID=10808/>
<Channel>Setup</Channel>
<Computer>DESKTOP-5VCD46O</Computer>
<Security UserID=S-1-5-18/>
</System>
<UserData><CbsPackageChangeState xmlns=http://manifests.microsoft.com/win/2004/08/windows/setup_provider><PackageIdentifier>KB777778</PackageIdentifier>
<IntendedPackageState>5064</IntendedPackageState>
<IntendedPackageStateTextized>Staged</IntendedPackageStateTextized>
<ErrorCode>0x0</ErrorCode>
<Client>Arbiter</Client>
</CbsPackageChangeState>
</UserData>
</Event>
ElfRec#000171 (0x00012c80)	2026-01-14T04:56:32.9534732Z	size=368
<Event xmlns=http://schemas.microsoft.com/win/2004/08/events/event><System><Provider Name=Microsoft-Windows-Servicing Guid={bd12f3b8-fc40-4a61-a307-b7a013a069c1}/>
<EventID Qualifiers=(null)>2</EventID>
<Version>0</Version>
<Level>0</Level>
<Task>1</Task>
<Opcode>0</Opcode>
<Keywords>0x8000000000000000</Keywords>
<TimeCreated SystemTime=2026-01-14T04:56:32.953473200Z/>
<EventRecordID>171</EventRecordID>
<Correlation ActivityID=(null) RelatedActivityID=(null)/>
<Execution ProcessID=2264 ThreadID=10808/>
<Channel>Setup</Channel>
<Computer>DESKTOP-5VCD46O</Computer>
<Security UserID=S-1-5-18/>
</System>
<UserData><CbsPackageChangeState xmlns=http://manifests.microsoft.com/win/2004/08/windows/setup_provider><PackageIdentifier>KB777778</PackageIdentifier>
<IntendedPackageState>5064</IntendedPackageState>
<IntendedPackageStateTextized>Staged</IntendedPackageStateTextized>
<ErrorCode>0x0</ErrorCode>
<Client>Arbiter</Client>
</CbsPackageChangeState>
</UserData>
</Event>
ElfRec#000172 (0x00012df0)	2026-01-14T04:56:32.9534824Z	size=448
<Event xmlns=http://schemas.microsoft.com/win/2004/08/events/event><System><Provider Name=Microsoft-Windows-Servicing Guid={bd12f3b8-fc40-4a61-a307-b7a013a069c1}/>
<EventID Qualifiers=(null)>2</EventID>
<Version>0</Version>
<Level>0</Level>
<Task>1</Task>
<Opcode>0</Opcode>
<Keywords>0x8000000000000000</Keywords>
<TimeCreated SystemTime=2026-01-14T04:56:32.953482400Z/>
<EventRecordID>172</EventRecordID>
<Correlation ActivityID=(null) RelatedActivityID=(null)/>
<Execution ProcessID=2264 ThreadID=10808/>
<Channel>Setup</Channel>
<Computer>DESKTOP-5VCD46O</Computer>
<Security UserID=S-1-5-18/>
</System>
<UserData><CbsPackageChangeState xmlns=http://manifests.microsoft.com/win/2004/08/windows/setup_provider><PackageIdentifier>Microsoft-Windows-InternetExplorer-Optional-en-US</PackageIdentifier>
<IntendedPackageState>5064</IntendedPackageState>
<IntendedPackageStateTextized>Staged</IntendedPackageStateTextized>
<ErrorCode>0x0</ErrorCode>
<Client>Arbiter</Client>
</CbsPackageChangeState>
</UserData>
</Event>
ElfRec#000173 (0x00012fb0)	2026-01-14T04:56:32.9534869Z	size=368
<Event xmlns=http://schemas.microsoft.com/win/2004/08/events/event><System><Provider Name=Microsoft-Windows-Servicing Guid={bd12f3b8-fc40-4a61-a307-b7a013a069c1}/>
<EventID Qualifiers=(null)>2</EventID>
<Version>0</Version>
<Level>0</Level>
<Task>1</Task>
<Opcode>0</Opcode>
<Keywords>0x8000000000000000</Keywords>
<TimeCreated SystemTime=2026-01-14T04:56:32.953486900Z/>
<EventRecordID>173</EventRecordID>
<Correlation ActivityID=(null) RelatedActivityID=(null)/>
<Execution ProcessID=2264 ThreadID=10808/>
<Channel>Setup</Channel>
<Computer>DESKTOP-5VCD46O</Computer>
<Security UserID=S-1-5-18/>
</System>
<UserData><CbsPackageChangeState xmlns=http://manifests.microsoft.com/win/2004/08/windows/setup_provider><PackageIdentifier>KB777778</PackageIdentifier>
<IntendedPackageState>5064</IntendedPackageState>
<IntendedPackageStateTextized>Staged</IntendedPackageStateTextized>
<ErrorCode>0x0</ErrorCode>
<Client>Arbiter</Client>
</CbsPackageChangeState>
</UserData>
</Event>
ElfRec#000174 (0x00013120)	2026-01-14T04:56:32.9534918Z	size=368
<Event xmlns=http://schemas.microsoft.com/win/2004/08/events/event><System><Provider Name=Microsoft-Windows-Servicing Guid={bd12f3b8-fc40-4a61-a307-b7a013a069c1}/>
<EventID Qualifiers=(null)>2</EventID>
<Version>0</Version>
<Level>0</Level>
<Task>1</Task>
<Opcode>0</Opcode>
<Keywords>0x8000000000000000</Keywords>
<TimeCreated SystemTime=2026-01-14T04:56:32.953491800Z/>
<EventRecordID>174</EventRecordID>
<Correlation ActivityID=(null) RelatedActivityID=(null)/>
<Execution ProcessID=2264 ThreadID=10808/>
<Channel>Setup</Channel>
<Computer>DESKTOP-5VCD46O</Computer>
<Security UserID=S-1-5-18/>
</System>
<UserData><CbsPackageChangeState xmlns=http://manifests.microsoft.com/win/2004/08/windows/setup_provider><PackageIdentifier>KB777778</PackageIdentifier>
<IntendedPackageState>5064</IntendedPackageState>
<IntendedPackageStateTextized>Staged</IntendedPackageStateTextized>
<ErrorCode>0x0</ErrorCode>
<Client>Arbiter</Client>
</CbsPackageChangeState>
</UserData>
</Event>
ElfRec#000175 (0x00013290)	2026-01-14T04:56:32.9534962Z	size=368
<Event xmlns=http://schemas.microsoft.com/win/2004/08/events/event><System><Provider Name=Microsoft-Windows-Servicing Guid={bd12f3b8-fc40-4a61-a307-b7a013a069c1}/>
<EventID Qualifiers=(null)>2</EventID>
<Version>0</Version>
<Level>0</Level>
<Task>1</Task>
<Opcode>0</Opcode>
<Keywords>0x8000000000000000</Keywords>
<TimeCreated SystemTime=2026-01-14T04:56:32.953496200Z/>
<EventRecordID>175</EventRecordID>
<Correlation ActivityID=(null) RelatedActivityID=(null)/>
<Execution ProcessID=2264 ThreadID=10808/>
<Channel>Setup</Channel>
<Computer>DESKTOP-5VCD46O</Computer>
<Security UserID=S-1-5-18/>
</System>
<UserData><CbsPackageChangeState xmlns=http://manifests.microsoft.com/win/2004/08/windows/setup_provider><PackageIdentifier>KB777778</PackageIdentifier>
<IntendedPackageState>5064</IntendedPackageState>
<IntendedPackageStateTextized>Staged</IntendedPackageStateTextized>
<ErrorCode>0x0</ErrorCode>
<Client>Arbiter</Client>
</CbsPackageChangeState>
</UserData>
</Event>
ElfRec#000176 (0x00013400)	2026-01-14T04:56:32.9535002Z	size=368
<Event xmlns=http://schemas.microsoft.com/win/2004/08/events/event><System><Provider Name=Microsoft-Windows-Servicing Guid={bd12f3b8-fc40-4a61-a307-b7a013a069c1}/>
<EventID Qualifiers=(null)>2</EventID>
<Version>0</Version>
<Level>0</Level>
<Task>1</Task>
<Opcode>0</Opcode>
<Keywords>0x8000000000000000</Keywords>
<TimeCreated SystemTime=2026-01-14T04:56:32.953500200Z/>
<EventRecordID>176</EventRecordID>
<Correlation ActivityID=(null) RelatedActivityID=(null)/>
<Execution ProcessID=2264 ThreadID=10808/>
<Channel>Setup</Channel>
<Computer>DESKTOP-5VCD46O</Computer>
<Security UserID=S-1-5-18/>
</System>
<UserData><CbsPackageChangeState xmlns=http://manifests.microsoft.com/win/2004/08/windows/setup_provider><PackageIdentifier>KB777778</PackageIdentifier>
<IntendedPackageState>5064</IntendedPackageState>
<IntendedPackageStateTextized>Staged</IntendedPackageStateTextized>
<ErrorCode>0x0</ErrorCode>
<Client>Arbiter</Client>
</CbsPackageChangeState>
</UserData>
</Event>
ElfRec#000177 (0x00013570)	2026-01-14T04:56:32.9535043Z	size=368
<Event xmlns=http://schemas.microsoft.com/win/2004/08/events/event><System><Provider Name=Microsoft-Windows-Servicing Guid={bd12f3b8-fc40-4a61-a307-b7a013a069c1}/>
<EventID Qualifiers=(null)>2</EventID>
<Version>0</Version>
<Level>0</Level>
<Task>1</Task>
<Opcode>0</Opcode>
<Keywords>0x8000000000000000</Keywords>
<TimeCreated SystemTime=2026-01-14T04:56:32.953504300Z/>
<EventRecordID>177</EventRecordID>
<Correlation ActivityID=(null) RelatedActivityID=(null)/>
<Execution ProcessID=2264 ThreadID=10808/>
<Channel>Setup</Channel>
<Computer>DESKTOP-5VCD46O</Computer>
<Security UserID=S-1-5-18/>
</System>
<UserData><CbsPackageChangeState xmlns=http://manifests.microsoft.com/win/2004/08/windows/setup_provider><PackageIdentifier>KB777778</PackageIdentifier>
<IntendedPackageState>5064</IntendedPackageState>
<IntendedPackageStateTextized>Staged</IntendedPackageStateTextized>
<ErrorCode>0x0</ErrorCode>
<Client>Arbiter</Client>
</CbsPackageChangeState>
</UserData>
</Event>
ElfRec#000178 (0x000136e0)	2026-01-14T04:56:32.9535090Z	size=368
<Event xmlns=http://schemas.microsoft.com/win/2004/08/events/event><System><Provider Name=Microsoft-Windows-Servicing Guid={bd12f3b8-fc40-4a61-a307-b7a013a069c1}/>
<EventID Qualifiers=(null)>2</EventID>
<Version>0</Version>
<Level>0</Level>
<Task>1</Task>
<Opcode>0</Opcode>
<Keywords>0x8000000000000000</Keywords>
<TimeCreated SystemTime=2026-01-14T04:56:32.953509000Z/>
<EventRecordID>178</EventRecordID>
<Correlation ActivityID=(null) RelatedActivityID=(null)/>
<Execution ProcessID=2264 ThreadID=10808/>
<Channel>Setup</Channel>
<Computer>DESKTOP-5VCD46O</Computer>
<Security UserID=S-1-5-18/>
</System>
<UserData><CbsPackageChangeState xmlns=http://manifests.microsoft.com/win/2004/08/windows/setup_provider><PackageIdentifier>KB777778</PackageIdentifier>
<IntendedPackageState>5064</IntendedPackageState>
<IntendedPackageStateTextized>Staged</IntendedPackageStateTextized>
<ErrorCode>0x0</ErrorCode>
<Client>Arbiter</Client>
</CbsPackageChangeState>
</UserData>
</Event>
ElfRec#000179 (0x00013850)	2026-01-14T04:56:32.9535183Z	size=448
<Event xmlns=http://schemas.microsoft.com/win/2004/08/events/event><System><Provider Name=Microsoft-Windows-Servicing Guid={bd12f3b8-fc40-4a61-a307-b7a013a069c1}/>
<EventID Qualifiers=(null)>2</EventID>
<Version>0</Version>
<Level>0</Level>
<Task>1</Task>
<Opcode>0</Opcode>
<Keywords>0x8000000000000000</Keywords>
<TimeCreated SystemTime=2026-01-14T04:56:32.953518300Z/>
<EventRecordID>179</EventRecordID>
<Correlation ActivityID=(null) RelatedActivityID=(null)/>
<Execution ProcessID=2264 ThreadID=10808/>
<Channel>Setup</Channel>
<Computer>DESKTOP-5VCD46O</Computer>
<Security UserID=S-1-5-18/>
</System>
<UserData><CbsPackageChangeState xmlns=http://manifests.microsoft.com/win/2004/08/windows/setup_provider><PackageIdentifier>Microsoft-Windows-Licenses-Professional-Package</PackageIdentifier>
<IntendedPackageState>5064</IntendedPackageState>
<IntendedPackageStateTextized>Staged</IntendedPackageStateTextized>
<ErrorCode>0x0</ErrorCode>
<Client>Arbiter</Client>
</CbsPackageChangeState>
</UserData>
</Event>
