ElfRec#000090 (0x0000a4f8)	2026-01-14T04:56:15.3515455Z	size=424
<Event xmlns=http://schemas.microsoft.com/win/2004/08/events/event><System><Provider Name=Microsoft-Windows-Servicing Guid={bd12f3b8-fc40-4a61-a307-b7a013a069c1}/>
<EventID Qualifiers=(null)>2</EventID>
<Version>0</Version>
<Level>0</Level>
<Task>1</Task>
<Opcode>0</Opcode>
<Keywords>0x8000000000000000</Keywords>
<TimeCreated SystemTime=2026-01-14T04:56:15.351545500Z/>
<EventRecordID>90</EventRecordID>
<Correlation ActivityID=(null) RelatedActivityID=(null)/>
<Execution ProcessID=2264 ThreadID=7224/>
<Channel>Setup</Channel>
<Computer>DESKTOP-5VCD46O</Computer>
<Security UserID=S-1-5-18/>
</System>
<UserData><CbsPackageChangeState xmlns=http://manifests.microsoft.com/win/2004/08/windows/setup_provider><PackageIdentifier>Microsoft-Windows-StepsRecorder-en-US</PackageIdentifier>
<IntendedPackageState>5064</IntendedPackageState>
<IntendedPackageStateTextized>Staged</IntendedPackageStateTextized>
<ErrorCode>0x0</ErrorCode>
<Client>Arbiter</Client>
</CbsPackageChangeState>
</UserData>
</Event>
ElfRec#000091 (0x0000a6a0)	2026-01-14T04:56:15.3515499Z	size=368
<Event xmlns=http://schemas.microsoft.com/win/2004/08/events/event><System><Provider Name=Microsoft-Windows-Servicing Guid={bd12f3b8-fc40-4a61-a307-b7a013a069c1}/>
<EventID Qualifiers=(null)>2</EventID>
<Version>0</Version>
<Level>0</Level>
<Task>1</Task>
<Opcode>0</Opcode>
<Keywords>0x8000000000000000</Keywords>
<TimeCreated SystemTime=2026-01-14T04:56:15.351549900Z/>
<EventRecordID>91</EventRecordID>
<Correlation ActivityID=(null) RelatedActivityID=(null)/>
<Execution ProcessID=2264 ThreadID=7224/>
<Channel>Setup</Channel>
<Computer>DESKTOP-5VCD46O</Computer>
<Security UserID=S-1-5-18/>
</System>
<UserData><CbsPackageChangeState xmlns=http://manifests.microsoft.com/win/2004/08/windows/setup_provider><PackageIdentifier>KB777778</PackageIdentifier>
<IntendedPackageState>5064</IntendedPackageState>
<IntendedPackageStateTextized>Staged</IntendedPackageStateTextized>
<ErrorCode>0x0</ErrorCode>
<Client>Arbiter</Client>
</CbsPackageChangeState>
</UserData>
</Event>
ElfRec#000092 (0x0000a810)	2026-01-14T04:56:15.3515548Z	size=368
<Event xmlns=http://schemas.microsoft.com/win/2004/08/events/event><System><Provider Name=Microsoft-Windows-Servicing Guid={bd12f3b8-fc40-4a61-a307-b7a013a069c1}/>
<EventID Qualifiers=(null)>2</EventID>
<Version>0</Version>
<Level>0</Level>
<Task>1</Task>
<Opcode>0</Opcode>
<Keywords>0x8000000000000000</Keywords>
<TimeCreated SystemTime=2026-01-14T04:56:15.351554800Z/>
<EventRecordID>92</EventRecordID>
<Correlation ActivityID=(null) RelatedActivityID=(null)/>
<Execution ProcessID=2264 ThreadID=7224/>
<Channel>Setup</Channel>
<Computer>DESKTOP-5VCD46O</Computer>
<Security UserID=S-1-5-18/>
</System>
<UserData><CbsPackageChangeState xmlns=http://manifests.microsoft.com/win/2004/08/windows/setup_provider><PackageIdentifier>KB777778</PackageIdentifier>
<IntendedPackageState>5064</IntendedPackageState>
<IntendedPackageStateTextized>Staged</IntendedPackageStateTextized>
<ErrorCode>0x0</ErrorCode>
<Client>Arbiter</Client>
</CbsPackageChangeState>
</UserData>
</Event>
ElfRec#000093 (0x0000a980)	2026-01-14T04:56:15.3515627Z	size=432
<Event xmlns=http://schemas.microsoft.com/win/2004/08/events/event><System><Provider Name=Microsoft-Windows-Servicing Guid={bd12f3b8-fc40-4a61-a307-b7a013a069c1}/>
<EventID Qualifiers=(null)>2</EventID>
<Version>0</Version>
<Level>0</Level>
<Task>1</Task>
<Opcode>0</Opcode>
<Keywords>0x8000000000000000</Keywords>
<TimeCreated SystemTime=2026-01-14T04:56:15.351562700Z/>
<EventRecordID>93</EventRecordID>
<Correlation ActivityID=(null) RelatedActivityID=(null)/>
<Execution ProcessID=2264 ThreadID=7224/>
<Channel>Setup</Channel>
<Computer>DESKTOP-5VCD46O</Computer>
<Security UserID=S-1-5-18/>
</System>
<UserData><CbsPackageChangeState xmlns=http://manifests.microsoft.com/win/2004/08/windows/setup_provider><PackageIdentifier>Microsoft-Windows-Telnet-Client-FOD-en-US</PackageIdentifier>
<IntendedPackageState>5064</IntendedPackageState>
<IntendedPackageStateTextized>Staged</IntendedPackageStateTextized>
<ErrorCode>0x0</ErrorCode>
<Client>Arbiter</Client>
</CbsPackageChangeState>
</UserData>
</Event>
ElfRec#000094 (0x0000ab30)	2026-01-14T04:56:15.3515671Z	size=368
<Event xmlns=http://schemas.microsoft.com/win/2004/08/events/event><System><Provider Name=Microsoft-Windows-Servicing Guid={bd12f3b8-fc40-4a61-a307-b7a013a069c1}/>
<EventID Qualifiers=(null)>2</EventID>
<Version>0</Version>
<Level>0</Level>
<Task>1</Task>
<Opcode>0</Opcode>
<Keywords>0x8000000000000000</Keywords>
<TimeCreated SystemTime=2026-01-14T04:56:15.351567100Z/>
<EventRecordID>94</EventRecordID>
<Correlation ActivityID=(null) RelatedActivityID=(null)/>
<Execution ProcessID=2264 ThreadID=7224/>
<Channel>Setup</Channel>
<Computer>DESKTOP-5VCD46O</Computer>
<Security UserID=S-1-5-18/>
</System>
<UserData><CbsPackageChangeState xmlns=http://manifests.microsoft.com/win/2004/08/windows/setup_provider><PackageIdentifier>KB777778</PackageIdentifier>
<IntendedPackageState>5064</IntendedPackageState>
<IntendedPackageStateTextized>Staged</IntendedPackageStateTextized>
<ErrorCode>0x0</ErrorCode>
<Client>Arbiter</Client>
</CbsPackageChangeState>
</UserData>
</Event>
ElfRec#000095 (0x0000aca0)	2026-01-14T04:56:15.3515754Z	size=432
<Event xmlns=http://schemas.microsoft.com/win/2004/08/events/event><System><Provider Name=Microsoft-Windows-Servicing Guid={bd12f3b8-fc40-4a61-a307-b7a013a069c1}/>
<EventID Qualifiers=(null)>2</EventID>
<Version>0</Version>
<Level>0</Level>
<Task>1</Task>
<Opcode>0</Opcode>
<Keywords>0x8000000000000000</Keywords>
<TimeCreated SystemTime=2026-01-14T04:56:15.351575400Z/>
<EventRecordID>95</EventRecordID>
<Correlation ActivityID=(null) RelatedActivityID=(null)/>
<Execution ProcessID=2264 ThreadID=7224/>
<Channel>Setup</Channel>
<Computer>DESKTOP-5VCD46O</Computer>
<Security UserID=S-1-5-18/>
</System>
<UserData><CbsPackageChangeState xmlns=http://manifests.microsoft.com/win/2004/08/windows/setup_provider><PackageIdentifier>Microsoft-Windows-TFTP-Client-FOD-en-US</PackageIdentifier>
<IntendedPackageState>5064</IntendedPackageState>
<IntendedPackageStateTextized>Staged</IntendedPackageStateTextized>
<ErrorCode>0x0</ErrorCode>
<Client>Arbiter</Client>
</CbsPackageChangeState>
</UserData>
</Event>
ElfRec#000096 (0x0000ae50)	2026-01-14T04:56:15.3515804Z	size=368
<Event xmlns=http://schemas.microsoft.com/win/2004/08/events/event><System><Provider Name=Microsoft-Windows-Servicing Guid={bd12f3b8-fc40-4a61-a307-b7a013a069c1}/>
<EventID Qualifiers=(null)>2</EventID>
<Version>0</Version>
<Level>0</Level>
<Task>1</Task>
<Opcode>0</Opcode>
<Keywords>0x8000000000000000</Keywords>
<TimeCreated SystemTime=2026-01-14T04:56:15.351580400Z/>
<EventRecordID>96</EventRecordID>
<Correlation ActivityID=(null) RelatedActivityID=(null)/>
<Execution ProcessID=2264 ThreadID=7224/>
<Channel>Setup</Channel>
<Computer>DESKTOP-5VCD46O</Computer>
<Security UserID=S-1-5-18/>
</System>
<UserData><CbsPackageChangeState xmlns=http://manifests.microsoft.com/win/2004/08/windows/setup_provider><PackageIdentifier>KB777778</PackageIdentifier>
<IntendedPackageState>5064</IntendedPackageState>
<IntendedPackageStateTextized>Staged</IntendedPackageStateTextized>
<ErrorCode>0x0</ErrorCode>
<Client>Arbiter</Client>
</CbsPackageChangeState>
</UserData>
</Event>
ElfRec#000097 (0x0000afc0)	2026-01-14T04:56:15.3515855Z	size=368
<Event xmlns=http://schemas.microsoft.com/win/2004/08/events/event><System><Provider Name=Microsoft-Windows-Servicing Guid={bd12f3b8-fc40-4a61-a307-b7a013a069c1}/>
<EventID Qualifiers=(null)>2</EventID>
<Version>0</Version>
<Level>0</Level>
<Task>1</Task>
<Opcode>0</Opcode>
<Keywords>0x8000000000000000</Keywords>
<TimeCreated SystemTime=2026-01-14T04:56:15.351585500Z/>
<EventRecordID>97</EventRecordID>
<Correlation ActivityID=(null) RelatedActivityID=(null)/>
<Execution ProcessID=2264 ThreadID=7224/>
<Channel>Setup</Channel>
<Computer>DESKTOP-5VCD46O</Computer>
<Security UserID=S-1-5-18/>
</System>
<UserData><CbsPackageChangeState xmlns=http://manifests.microsoft.com/win/2004/08/windows/setup_provider><PackageIdentifier>KB777778</PackageIdentifier>
<IntendedPackageState>5064</IntendedPackageState>
<IntendedPackageStateTextized>Staged</IntendedPackageStateTextized>
<ErrorCode>0x0</ErrorCode>
<Client>Arbiter</Client>
</CbsPackageChangeState>
</UserData>
</Event>
ElfRec#000098 (0x0000b130)	2026-01-14T04:56:15.3515934Z	size=424
<Event xmlns=http://schemas.microsoft.com/win/2004/08/events/event><System><Provider Name=Microsoft-Windows-Servicing Guid={bd12f3b8-fc40-4a61-a307-b7a013a069c1}/>
<EventID Qualifiers=(null)>2</EventID>
<Version>0</Version>
<Level>0</Level>
<Task>1</Task>
<Opcode>0</Opcode>
<Keywords>0x8000000000000000</Keywords>
<TimeCreated SystemTime=2026-01-14T04:56:15.351593400Z/>
<EventRecordID>98</EventRecordID>
<Correlation ActivityID=(null) RelatedActivityID=(null)/>
<Execution ProcessID=2264 ThreadID=7224/>
<Channel>Setup</Channel>
<Computer>DESKTOP-5VCD46O</Computer>
<Security UserID=S-1-5-18/>
</System>
<UserData><CbsPackageChangeState xmlns=http://manifests.microsoft.com/win/2004/08/windows/setup_provider><PackageIdentifier>Microsoft-Windows-VBSCRIPT-FoD-en-US</PackageIdentifier>
<IntendedPackageState>5064</IntendedPackageState>
<IntendedPackageStateTextized>Staged</IntendedPackageStateTextized>
<ErrorCode>0x0</ErrorCode>
<Client>Arbiter</Client>
</CbsPackageChangeState>
</UserData>
</Event>
ElfRec#000099 (0x0000b2d8)	2026-01-14T04:56:15.3515976Z	size=368
<Event xmlns=http://schemas.microsoft.com/win/2004/08/events/event><System><Provider Name=Microsoft-Windows-Servicing Guid={bd12f3b8-fc40-4a61-a307-b7a013a069c1}/>
<EventID Qualifiers=(null)>2</EventID>
<Version>0</Version>
<Level>0</Level>
<Task>1</Task>
<Opcode>0</Opcode>
<Keywords>0x8000000000000000</Keywords>
<TimeCreated SystemTime=2026-01-14T04:56:15.351597600Z/>
<EventRecordID>99</EventRecordID>
<Correlation ActivityID=(null) RelatedActivityID=(null)/>
<Execution ProcessID=2264 ThreadID=7224/>
<Channel>Setup</Channel>
<Computer>DESKTOP-5VCD46O</Computer>
<Security UserID=S-1-5-18/>
</System>
<UserData><CbsPackageChangeState xmlns=http://manifests.microsoft.com/win/2004/08/windows/setup_provider><PackageIdentifier>KB777778</PackageIdentifier>
<IntendedPackageState>5064</IntendedPackageState>
<IntendedPackageStateTextized>Staged</IntendedPackageStateTextized>
<ErrorCode>0x0</ErrorCode>
<Client>Arbiter</Client>
</CbsPackageChangeState>
</UserData>
</Event>
ElfRec#000100 (0x0000b448)	2026-01-14T04:56:15.3516017Z	size=368
<Event xmlns=http://schemas.microsoft.com/win/2004/08/events/event><System><Provider Name=Microsoft-Windows-Servicing Guid={bd12f3b8-fc40-4a61-a307-b7a013a069c1}/>
<EventID Qualifiers=(null)>2</EventID>
<Version>0</Version>
<Level>0</Level>
<Task>1</Task>
<Opcode>0</Opcode>
<Keywords>0x8000000000000000</Keywords>
<TimeCreated SystemTime=2026-01-14T04:56:15.351601700Z/>
<EventRecordID>100</EventRecordID>
<Correlation ActivityID=(null) RelatedActivityID=(null)/>
<Execution ProcessID=2264 ThreadID=7224/>
<Channel>Setup</Channel>
<Computer>DESKTOP-5VCD46O</Computer>
<Security UserID=S-1-5-18/>
</System>
<UserData><CbsPackageChangeState xmlns=http://manifests.microsoft.com/win/2004/08/windows/setup_provider><PackageIdentifier>KB777778</PackageIdentifier>
<IntendedPackageState>5064</IntendedPackageState>
<IntendedPackageStateTextized>Staged</IntendedPackageStateTextized>
<ErrorCode>0x0</ErrorCode>
<Client>Arbiter</Client>
</CbsPackageChangeState>
</UserData>
</Event>
ElfRec#000101 (0x0000b5b8)	2026-01-14T04:56:15.3516067Z	size=368
<Event xmlns=http://schemas.microsoft.com/win/2004/08/events/event><System><Provider Name=Microsoft-Windows-Servicing Guid={bd12f3b8-fc40-4a61-a307-b7a013a069c1}/>
<EventID Qualifiers=(null)>2</EventID>
<Version>0</Version>
<Level>0</Level>
<Task>1</Task>
<Opcode>0</Opcode>
<Keywords>0x8000000000000000</Keywords>
<TimeCreated SystemTime=2026-01-14T04:56:15.351606700Z/>
<EventRecordID>101</EventRecordID>
<Correlation ActivityID=(null) RelatedActivityID=(null)/>
<Execution ProcessID=2264 ThreadID=7224/>
<Channel>Setup</Channel>
<Computer>DESKTOP-5VCD46O</Computer>
<Security UserID=S-1-5-18/>
</System>
<UserData><CbsPackageChangeState xmlns=http://manifests.microsoft.com/win/2004/08/windows/setup_provider><PackageIdentifier>KB777778</PackageIdentifier>
<IntendedPackageState>5064</IntendedPackageState>
<IntendedPackageStateTextized>Staged</IntendedPackageStateTextized>
<ErrorCode>0x0</ErrorCode>
<Client>Arbiter</Client>
</CbsPackageChangeState>
</UserData>
</Event>
ElfRec#000102 (0x0000b728)	2026-01-14T04:56:15.3516150Z	size=416
<Event xmlns=http://schemas.microsoft.com/win/2004/08/events/event><System><Provider Name=Microsoft-Windows-Servicing Guid={bd12f3b8-fc40-4a61-a307-b7a013a069c1}/>
<EventID Qualifiers=(null)>2</EventID>
<Version>0</Version>
<Level>0</Level>
<Task>1</Task>
<Opcode>0</Opcode>
<Keywords>0x8000000000000000</Keywords>
<TimeCreated SystemTime=2026-01-14T04:56:15.351615000Z/>
<EventRecordID>102</EventRecordID>
<Correlation ActivityID=(null) RelatedActivityID=(null)/>
<Execution ProcessID=2264 ThreadID=7224/>
<Channel>Setup</Channel>
<Computer>DESKTOP-5VCD46O</Computer>
<Security UserID=S-1-5-18/>
</System>
<UserData><CbsPackageChangeState xmlns=http://manifests.microsoft.com/win/2004/08/windows/setup_provider><PackageIdentifier>Microsoft-Windows-WinOcr-FOD-en-US</PackageIdentifier>
<IntendedPackageState>5064</IntendedPackageState>
<IntendedPackageStateTextized>Staged</IntendedPackageStateTextized>
<ErrorCode>0x0</ErrorCode>
<Client>Arbiter</Client>
</CbsPackageChangeState>
</UserData>
</Event>
ElfRec#000103 (0x0000b8c8)	2026-01-14T04:56:15.3516194Z	size=368
<Event xmlns=http://schemas.microsoft.com/win/2004/08/events/event><System><Provider Name=Microsoft-Windows-Servicing Guid={bd12f3b8-fc40-4a61-a307-b7a013a069c1}/>
<EventID Qualifiers=(null)>2</EventID>
<Version>0</Version>
<Level>0</Level>
<Task>1</Task>
<Opcode>0</Opcode>
<Keywords>0x8000000000000000</Keywords>
<TimeCreated SystemTime=2026-01-14T04:56:15.351619400Z/>
<EventRecordID>103</EventRecordID>
<Correlation ActivityID=(null) RelatedActivityID=(null)/>
<Execution ProcessID=2264 ThreadID=7224/>
<Channel>Setup</Channel>
<Computer>DESKTOP-5VCD46O</Computer>
<Security UserID=S-1-5-18/>
</System>
<UserData><CbsPackageChangeState xmlns=http://manifests.microsoft.com/win/2004/08/windows/setup_provider><PackageIdentifier>KB777778</PackageIdentifier>
<IntendedPackageState>5064</IntendedPackageState>
<IntendedPackageStateTextized>Staged</IntendedPackageStateTextized>
<ErrorCode>0x0</ErrorCode>
<Client>Arbiter</Client>
</CbsPackageChangeState>
</UserData>
</Event>
ElfRec#000104 (0x0000ba38)	2026-01-14T04:56:15.3516237Z	size=368
<Event xmlns=http://schemas.microsoft.com/win/2004/08/events/event><System><Provider Name=Microsoft-Windows-Servicing Guid={bd12f3b8-fc40-4a61-a307-b7a013a069c1}/>
<EventID Qualifiers=(null)>2</EventID>
<Version>0</Version>
<Level>0</Level>
<Task>1</Task>
<Opcode>0</Opcode>
<Keywords>0x8000000000000000</Keywords>
<TimeCreated SystemTime=2026-01-14T04:56:15.351623700Z/>
<EventRecordID>104</EventRecordID>
<Correlation ActivityID=(null) RelatedActivityID=(null)/>
<Execution ProcessID=2264 ThreadID=7224/>
<Channel>Setup</Channel>
<Computer>DESKTOP-5VCD46O</Computer>
<Security UserID=S-1-5-18/>
</System>
<UserData><CbsPackageChangeState xmlns=http://manifests.microsoft.com/win/2004/08/windows/setup_provider><PackageIdentifier>KB777778</PackageIdentifier>
<IntendedPackageState>5064</IntendedPackageState>
<IntendedPackageStateTextized>Staged</IntendedPackageStateTextized>
<ErrorCode>0x0</ErrorCode>
<Client>Arbiter</Client>
</CbsPackageChangeState>
</UserData>
</Event>
ElfRec#000105 (0x0000bba8)	2026-01-14T04:56:15.3516292Z	size=368
<Event xmlns=http://schemas.microsoft.com/win/2004/08/events/event><System><Provider Name=Microsoft-Windows-Servicing Guid={bd12f3b8-fc40-4a61-a307-b7a013a069c1}/>
<EventID Qualifiers=(null)>2</EventID>
<Version>0</Version>
<Level>0</Level>
<Task>1</Task>
<Opcode>0</Opcode>
<Keywords>0x8000000000000000</Keywords>
<TimeCreated SystemTime=2026-01-14T04:56:15.351629200Z/>
<EventRecordID>105</EventRecordID>
<Correlation ActivityID=(null) RelatedActivityID=(null)/>
<Execution ProcessID=2264 ThreadID=7224/>
<Channel>Setup</Channel>
<Computer>DESKTOP-5VCD46O</Computer>
<Security UserID=S-1-5-18/>
</System>
<UserData><CbsPackageChangeState xmlns=http://manifests.microsoft.com/win/2004/08/windows/setup_provider><PackageIdentifier>KB777778</PackageIdentifier>
<IntendedPackageState>5064</IntendedPackageState>
<IntendedPackageStateTextized>Staged</IntendedPackageStateTextized>
<ErrorCode>0x0</ErrorCode>
<Client>Arbiter</Client>
</CbsPackageChangeState>
</UserData>
</Event>
ElfRec#000106 (0x0000bd18)	2026-01-14T04:56:15.3516381Z	size=432
<Event xmlns=http://schemas.microsoft.com/win/2004/08/events/event><System><Provider Name=Microsoft-Windows-Servicing Guid={bd12f3b8-fc40-4a61-a307-b7a013a069c1}/>
<EventID Qualifiers=(null)>2</EventID>
<Version>0</Version>
<Level>0</Level>
<Task>1</Task>
<Opcode>0</Opcode>
<Keywords>0x8000000000000000</Keywords>
<TimeCreated SystemTime=2026-01-14T04:56:15.351638100Z/>
<EventRecordID>106</EventRecordID>
<Correlation ActivityID=(null) RelatedActivityID=(null)/>
<Execution ProcessID=2264 ThreadID=7224/>
<Channel>Setup</Channel>
<Computer>DESKTOP-5VCD46O</Computer>
<Security UserID=S-1-5-18/>
</System>
<UserData><CbsPackageChangeState xmlns=http://manifests.microsoft.com/win/2004/08/windows/setup_provider><PackageIdentifier>Microsoft-Windows-SenseClient-FoD-en-US</PackageIdentifier>
<IntendedPackageState>5064</IntendedPackageState>
<IntendedPackageStateTextized>Staged</IntendedPackageStateTextized>
<ErrorCode>0x0</ErrorCode>
<Client>Arbiter</Client>
</CbsPackageChangeState>
</UserData>
</Event>
ElfRec#000107 (0x0000bec8)	2026-01-14T04:56:15.3516423Z	size=368
<Event xmlns=http://schemas.microsoft.com/win/2004/08/events/event><System><Provider Name=Microsoft-Windows-Servicing Guid={bd12f3b8-fc40-4a61-a307-b7a013a069c1}/>
<EventID Qualifiers=(null)>2</EventID>
<Version>0</Version>
<Level>0</Level>
<Task>1</Task>
<Opcode>0</Opcode>
<Keywords>0x8000000000000000</Keywords>
<TimeCreated SystemTime=2026-01-14T04:56:15.351642300Z/>
<EventRecordID>107</EventRecordID>
<Correlation ActivityID=(null) RelatedActivityID=(null)/>
<Execution ProcessID=2264 ThreadID=7224/>
<Channel>Setup</Channel>
<Computer>DESKTOP-5VCD46O</Computer>
<Security UserID=S-1-5-18/>
</System>
<UserData><CbsPackageChangeState xmlns=http://manifests.microsoft.com/win/2004/08/windows/setup_provider><PackageIdentifier>KB777778</PackageIdentifier>
<IntendedPackageState>5064</IntendedPackageState>
<IntendedPackageStateTextized>Staged</IntendedPackageStateTextized>
<ErrorCode>0x0</ErrorCode>
<Client>Arbiter</Client>
</CbsPackageChangeState>
</UserData>
</Event>
ElfRec#000108 (0x0000c038)	2026-01-14T04:56:24.5490679Z	size=384
<Event xmlns=http://schemas.microsoft.com/win/2004/08/events/event><System><Provider Name=Microsoft-Windows-Servicing Guid={bd12f3b8-fc40-4a61-a307-b7a013a069c1}/>
<EventID Qualifiers=(null)>1</EventID>
<Version>0</Version>
<Level>0</Level>
<Task>1</Task>
<Opcode>0</Opcode>
<Keywords>0x8000000000000000</Keywords>
<TimeCreated SystemTime=2026-01-14T04:56:24.549067900Z/>
<EventRecordID>108</EventRecordID>
<Correlation ActivityID=(null) RelatedActivityID=(null)/>
<Execution ProcessID=2264 ThreadID=10808/>
<Channel>Setup</Channel>
<Computer>DESKTOP-5VCD46O</Computer>
<Security UserID=S-1-5-18/>
</System>
<UserData><CbsPackageInitiateChanges xmlns=http://manifests.microsoft.com/win/2004/08/windows/setup_provider><PackageIdentifier>KB5043080</PackageIdentifier>
<InitialPackageState>5064</InitialPackageState>
<InitialPackageStateTextized>Staged</InitialPackageStateTextized>
<IntendedPackageState>5064</IntendedPackageState>
<IntendedPackageStateTextized>Staged</IntendedPackageStateTextized>
<Client>Arbiter</Client>
</CbsPackageInitiateChanges>
</UserData>
</Event>
ElfRec#000109 (0x0000c1b8)	2026-01-14T04:56:24.5490713Z	size=424
<Event xmlns=http://schemas.microsoft.com/win/2004/08/events/event><System><Provider Name=Microsoft-Windows-Servicing Guid={bd12f3b8-fc40-4a61-a307-b7a013a069c1}/>
<EventID Qualifiers=(null)>1</EventID>
<Version>0</Version>
<Level>0</Level>
<Task>1</Task>
<Opcode>0</Opcode>
<Keywords>0x8000000000000000</Keywords>
<TimeCreated SystemTime=2026-01-14T04:56:24.549071300Z/>
<EventRecordID>109</EventRecordID>
<Correlation ActivityID=(null) RelatedActivityID=(null)/>
<Execution ProcessID=2264 ThreadID=10808/>
<Channel>Setup</Channel>
<Computer>DESKTOP-5VCD46O</Computer>
<Security UserID=S-1-5-18/>
</System>
<UserData><CbsPackageInitiateChanges xmlns=http://manifests.microsoft.com/win/2004/08/windows/setup_provider><PackageIdentifier>Windows Professional Edition</PackageIdentifier>
<InitialPackageState>5064</InitialPackageState>
<InitialPackageStateTextized>Staged</InitialPackageStateTextized>
<IntendedPackageState>5064</IntendedPackageState>
<IntendedPackageStateTextized>Staged</IntendedPackageStateTextized>
<Client>Arbiter</Client>
</CbsPackageInitiateChanges>
</UserData>
</Event>
ElfRec#000110 (0x0000c360)	2026-01-14T04:56:24.5490741Z	size=384
<Event xmlns=http://schemas.microsoft.com/win/2004/08/events/event><System><Provider Name=Microsoft-Windows-Servicing Guid={bd12f3b8-fc40-4a61-a307-b7a013a069c1}/>
<EventID Qualifiers=(null)>1</EventID>
<Version>0</Version>
<Level>0</Level>
<Task>1</Task>
<Opcode>0</Opcode>
<Keywords>0x8000000000000000</Keywords>
<TimeCreated SystemTime=2026-01-14T04:56:24.549074100Z/>
<EventRecordID>110</EventRecordID>
<Correlation ActivityID=(null) RelatedActivityID=(null)/>
<Execution ProcessID=2264 ThreadID=10808/>
<Channel>Setup</Channel>
<Computer>DESKTOP-5VCD46O</Computer>
<Security UserID=S-1-5-18/>
</System>
<UserData><CbsPackageInitiateChanges xmlns=http://manifests.microsoft.com/win/2004/08/windows/setup_provider><PackageIdentifier>KB777778</PackageIdentifier>
<InitialPackageState>5064</InitialPackageState>
<InitialPackageStateTextized>Staged</InitialPackageStateTextized>
<IntendedPackageState>5064</IntendedPackageState>
<IntendedPackageStateTextized>Staged</IntendedPackageStateTextized>
<Client>Arbiter</Client>
</CbsPackageInitiateChanges>
</UserData>
</Event>
ElfRec#000111 (0x0000c4e0)	2026-01-14T04:56:24.5490768Z	size=384
<Event xmlns=http://schemas.microsoft.com/win/2004/08/events/event><System><Provider Name=Microsoft-Windows-Servicing Guid={bd12f3b8-fc40-4a61-a307-b7a013a069c1}/>
<EventID Qualifiers=(null)>1</EventID>
<Version>0</Version>
<Level>0</Level>
<Task>1</Task>
<Opcode>0</Opcode>
<Keywords>0x8000000000000000</Keywords>
<TimeCreated SystemTime=2026-01-14T04:56:24.549076800Z/>
<EventRecordID>111</EventRecordID>
<Correlation ActivityID=(null) RelatedActivityID=(null)/>
<Execution ProcessID=2264 ThreadID=10808/>
<Channel>Setup</Channel>
<Computer>DESKTOP-5VCD46O</Computer>
<Security UserID=S-1-5-18/>
</System>
<UserData><CbsPackageInitiateChanges xmlns=http://manifests.microsoft.com/win/2004/08/windows/setup_provider><PackageIdentifier>KB777778</PackageIdentifier>
<InitialPackageState>5064</InitialPackageState>
<InitialPackageStateTextized>Staged</InitialPackageStateTextized>
<IntendedPackageState>5064</IntendedPackageState>
<IntendedPackageStateTextized>Staged</IntendedPackageStateTextized>
<Client>Arbiter</Client>
</CbsPackageInitiateChanges>
</UserData>
</Event>
ElfRec#000112 (0x0000c660)	2026-01-14T04:56:24.5490790Z	size=384
<Event xmlns=http://schemas.microsoft.com/win/2004/08/events/event><System><Provider Name=Microsoft-Windows-Servicing Guid={bd12f3b8-fc40-4a61-a307-b7a013a069c1}/>
<EventID Qualifiers=(null)>1</EventID>
<Version>0</Version>
<Level>0</Level>
<Task>1</Task>
<Opcode>0</Opcode>
<Keywords>0x8000000000000000</Keywords>
<TimeCreated SystemTime=2026-01-14T04:56:24.549079000Z/>
<EventRecordID>112</EventRecordID>
<Correlation ActivityID=(null) RelatedActivityID=(null)/>
<Execution ProcessID=2264 ThreadID=10808/>
<Channel>Setup</Channel>
<Computer>DESKTOP-5VCD46O</Computer>
<Security UserID=S-1-5-18/>
</System>
<UserData><CbsPackageInitiateChanges xmlns=http://manifests.microsoft.com/win/2004/08/windows/setup_provider><PackageIdentifier>KB777778</PackageIdentifier>
<InitialPackageState>5064</InitialPackageState>
<InitialPackageStateTextized>Staged</InitialPackageStateTextized>
<IntendedPackageState>5064</IntendedPackageState>
<IntendedPackageStateTextized>Staged</IntendedPackageStateTextized>
<Client>Arbiter</Client>
</CbsPackageInitiateChanges>
</UserData>
</Event>
ElfRec#000113 (0x0000c7e0)	2026-01-14T04:56:24.5490815Z	size=392
<Event xmlns=http://schemas.microsoft.com/win/2004/08/events/event><System><Provider Name=Microsoft-Windows-Servicing Guid={bd12f3b8-fc40-4a61-a307-b7a013a069c1}/>
<EventID Qualifiers=(null)>1</EventID>
<Version>0</Version>
<Level>0</Level>
<Task>1</Task>
<Opcode>0</Opcode>
<Keywords>0x8000000000000000</Keywords>
<TimeCreated SystemTime=2026-01-14T04:56:24.549081500Z/>
<EventRecordID>113</EventRecordID>
<Correlation ActivityID=(null) RelatedActivityID=(null)/>
<Execution ProcessID=2264 ThreadID=10808/>
<Channel>Setup</Channel>
<Computer>DESKTOP-5VCD46O</Computer>
<Security UserID=S-1-5-18/>
</System>
<UserData><CbsPackageInitiateChanges xmlns=http://manifests.microsoft.com/win/2004/08/windows/setup_provider><PackageIdentifier>Language Pack</PackageIdentifier>
<InitialPackageState>5064</InitialPackageState>
<InitialPackageStateTextized>Staged</InitialPackageStateTextized>
<IntendedPackageState>5064</IntendedPackageState>
<IntendedPackageStateTextized>Staged</IntendedPackageStateTextized>
<Client>Arbiter</Client>
</CbsPackageInitiateChanges>
</UserData>
</Event>
ElfRec#000114 (0x0000c968)	2026-01-14T04:56:24.5490837Z	size=384
<Event xmlns=http://schemas.microsoft.com/win/2004/08/events/event><System><Provider Name=Microsoft-Windows-Servicing Guid={bd12f3b8-fc40-4a61-a307-b7a013a069c1}/>
<EventID Qualifiers=(null)>1</EventID>
<Version>0</Version>
<Level>0</Level>
<Task>1</Task>
<Opcode>0</Opcode>
<Keywords>0x8000000000000000</Keywords>
<TimeCreated SystemTime=2026-01-14T04:56:24.549083700Z/>
<EventRecordID>114</EventRecordID>
<Correlation ActivityID=(null) RelatedActivityID=(null)/>
<Execution ProcessID=2264 ThreadID=10808/>
<Channel>Setup</Channel>
<Computer>DESKTOP-5VCD46O</Computer>
<Security UserID=S-1-5-18/>
</System>
<UserData><CbsPackageInitiateChanges xmlns=http://manifests.microsoft.com/win/2004/08/windows/setup_provider><PackageIdentifier>KB777778</PackageIdentifier>
<InitialPackageState>5064</InitialPackageState>
<InitialPackageStateTextized>Staged</InitialPackageStateTextized>
<IntendedPackageState>5064</IntendedPackageState>
<IntendedPackageStateTextized>Staged</IntendedPackageStateTextized>
<Client>Arbiter</Client>
</CbsPackageInitiateChanges>
</UserData>
</Event>
ElfRec#000115 (0x0000cae8)	2026-01-14T04:56:24.5490861Z	size=384
<Event xmlns=http://schemas.microsoft.com/win/2004/08/events/event><System><Provider Name=Microsoft-Windows-Servicing Guid={bd12f3b8-fc40-4a61-a307-b7a013a069c1}/>
<EventID Qualifiers=(null)>1</EventID>
<Version>0</Version>
<Level>0</Level>
<Task>1</Task>
<Opcode>0</Opcode>
<Keywords>0x8000000000000000</Keywords>
<TimeCreated SystemTime=2026-01-14T04:56:24.549086100Z/>
<EventRecordID>115</EventRecordID>
<Correlation ActivityID=(null) RelatedActivityID=(null)/>
<Execution ProcessID=2264 ThreadID=10808/>
<Channel>Setup</Channel>
<Computer>DESKTOP-5VCD46O</Computer>
<Security UserID=S-1-5-18/>
</System>
<UserData><CbsPackageInitiateChanges xmlns=http://manifests.microsoft.com/win/2004/08/windows/setup_provider><PackageIdentifier>KB777778</PackageIdentifier>
<InitialPackageState>5064</InitialPackageState>
<InitialPackageStateTextized>Staged</InitialPackageStateTextized>
<IntendedPackageState>5064</IntendedPackageState>
<IntendedPackageStateTextized>Staged</IntendedPackageStateTextized>
<Client>Arbiter</Client>
</CbsPackageInitiateChanges>
</UserData>
</Event>
ElfRec#000116 (0x0000cc68)	2026-01-14T04:56:24.5490886Z	size=384
<Event xmlns=http://schemas.microsoft.com/win/2004/08/events/event><System><Provider Name=Microsoft-Windows-Servicing Guid={bd12f3b8-fc40-4a61-a307-b7a013a069c1}/>
<EventID Qualifiers=(null)>1</EventID>
<Version>0</Version>
<Level>0</Level>
<Task>1</Task>
<Opcode>0</Opcode>
<Keywords>0x8000000000000000</Keywords>
<TimeCreated SystemTime=2026-01-14T04:56:24.549088600Z/>
<EventRecordID>116</EventRecordID>
<Correlation ActivityID=(null) RelatedActivityID=(null)/>
<Execution ProcessID=2264 ThreadID=10808/>
<Channel>Setup</Channel>
<Computer>DESKTOP-5VCD46O</Computer>
<Security UserID=S-1-5-18/>
</System>
<UserData><CbsPackageInitiateChanges xmlns=http://manifests.microsoft.com/win/2004/08/windows/setup_provider><PackageIdentifier>KB777778</PackageIdentifier>
<InitialPackageState>5064</InitialPackageState>
<InitialPackageStateTextized>Staged</InitialPackageStateTextized>
<IntendedPackageState>5064</IntendedPackageState>
<IntendedPackageStateTextized>Staged</IntendedPackageStateTextized>
<Client>Arbiter</Client>
</CbsPackageInitiateChanges>
</UserData>
</Event>
ElfRec#000117 (0x0000cde8)	2026-01-14T04:56:24.5490909Z	size=384
<Event xmlns=http://schemas.microsoft.com/win/2004/08/events/event><System><Provider Name=Microsoft-Windows-Servicing Guid={bd12f3b8-fc40-4a61-a307-b7a013a069c1}/>
<EventID Qualifiers=(null)>1</EventID>
<Version>0</Version>
<Level>0</Level>
<Task>1</Task>
<Opcode>0</Opcode>
<Keywords>0x8000000000000000</Keywords>
<TimeCreated SystemTime=2026-01-14T04:56:24.549090900Z/>
<EventRecordID>117</EventRecordID>
<Correlation ActivityID=(null) RelatedActivityID=(null)/>
<Execution ProcessID=2264 ThreadID=10808/>
<Channel>Setup</Channel>
<Computer>DESKTOP-5VCD46O</Computer>
<Security UserID=S-1-5-18/>
</System>
<UserData><CbsPackageInitiateChanges xmlns=http://manifests.microsoft.com/win/2004/08/windows/setup_provider><PackageIdentifier>KB777778</PackageIdentifier>
<InitialPackageState>5064</InitialPackageState>
<InitialPackageStateTextized>Staged</InitialPackageStateTextized>
<IntendedPackageState>5064</IntendedPackageState>
<IntendedPackageStateTextized>Staged</IntendedPackageStateTextized>
<Client>Arbiter</Client>
</CbsPackageInitiateChanges>
</UserData>
</Event>
ElfRec#000118 (0x0000cf68)	2026-01-14T04:56:24.5490933Z	size=384
<Event xmlns=http://schemas.microsoft.com/win/2004/08/events/event><System><Provider Name=Microsoft-Windows-Servicing Guid={bd12f3b8-fc40-4a61-a307-b7a013a069c1}/>
<EventID Qualifiers=(null)>1</EventID>
<Version>0</Version>
<Level>0</Level>
<Task>1</Task>
<Opcode>0</Opcode>
<Keywords>0x8000000000000000</Keywords>
<TimeCreated SystemTime=2026-01-14T04:56:24.549093300Z/>
<EventRecordID>118</EventRecordID>
<Correlation ActivityID=(null) RelatedActivityID=(null)/>
<Execution ProcessID=2264 ThreadID=10808/>
<Channel>Setup</Channel>
<Computer>DESKTOP-5VCD46O</Computer>
<Security UserID=S-1-5-18/>
</System>
<UserData><CbsPackageInitiateChanges xmlns=http://manifests.microsoft.com/win/2004/08/windows/setup_provider><PackageIdentifier>KB777778</PackageIdentifier>
<InitialPackageState>5064</InitialPackageState>
<InitialPackageStateTextized>Staged</InitialPackageStateTextized>
<IntendedPackageState>5064</IntendedPackageState>
<IntendedPackageStateTextized>Staged</IntendedPackageStateTextized>
<Client>Arbiter</Client>
</CbsPackageInitiateChanges>
</UserData>
</Event>
ElfRec#000119 (0x0000d0e8)	2026-01-14T04:56:24.5490958Z	size=464
<Event xmlns=http://schemas.microsoft.com/win/2004/08/events/event><System><Provider Name=Microsoft-Windows-Servicing Guid={bd12f3b8-fc40-4a61-a307-b7a013a069c1}/>
<EventID Qualifiers=(null)>1</EventID>
<Version>0</Version>
<Level>0</Level>
<Task>1</Task>
<Opcode>0</Opcode>
<Keywords>0x8000000000000000</Keywords>
<TimeCreated SystemTime=2026-01-14T04:56:24.549095800Z/>
<EventRecordID>119</EventRecordID>
<Correlation ActivityID=(null) RelatedActivityID=(null)/>
<Execution ProcessID=2264 ThreadID=10808/>
<Channel>Setup</Channel>
<Computer>DESKTOP-5VCD46O</Computer>
<Security UserID=S-1-5-18/>
</System>
<UserData><CbsPackageInitiateChanges xmlns=http://manifests.microsoft.com/win/2004/08/windows/setup_provider><PackageIdentifier>Microsoft-Windows-InternetExplorer-Optional-en-US</PackageIdentifier>
<InitialPackageState>5064</InitialPackageState>
<InitialPackageStateTextized>Staged</InitialPackageStateTextized>
<IntendedPackageState>5064</IntendedPackageState>
<IntendedPackageStateTextized>Staged</IntendedPackageStateTextized>
<Client>Arbiter</Client>
</CbsPackageInitiateChanges>
</UserData>
</Event>
ElfRec#000120 (0x0000d2b8)	2026-01-14T04:56:24.5490981Z	size=384
<Event xmlns=http://schemas.microsoft.com/win/2004/08/events/event><System><Provider Name=Microsoft-Windows-Servicing Guid={bd12f3b8-fc40-4a61-a307-b7a013a069c1}/>
<EventID Qualifiers=(null)>1</EventID>
<Version>0</Version>
<Level>0</Level>
<Task>1</Task>
<Opcode>0</Opcode>
<Keywords>0x8000000000000000</Keywords>
<TimeCreated SystemTime=2026-01-14T04:56:24.549098100Z/>
<EventRecordID>120</EventRecordID>
<Correlation ActivityID=(null) RelatedActivityID=(null)/>
<Execution ProcessID=2264 ThreadID=10808/>
<Channel>Setup</Channel>
<Computer>DESKTOP-5VCD46O</Computer>
<Security UserID=S-1-5-18/>
</System>
<UserData><CbsPackageInitiateChanges xmlns=http://manifests.microsoft.com/win/2004/08/windows/setup_provider><PackageIdentifier>KB777778</PackageIdentifier>
<InitialPackageState>5064</InitialPackageState>
<InitialPackageStateTextized>Staged</InitialPackageStateTextized>
<IntendedPackageState>5064</IntendedPackageState>
<IntendedPackageStateTextized>Staged</IntendedPackageStateTextized>
<Client>Arbiter</Client>
</CbsPackageInitiateChanges>
</UserData>
</Event>
ElfRec#000121 (0x0000d438)	2026-01-14T04:56:24.5491005Z	size=384
<Event xmlns=http://schemas.microsoft.com/win/2004/08/events/event><System><Provider Name=Microsoft-Windows-Servicing Guid={bd12f3b8-fc40-4a61-a307-b7a013a069c1}/>
<EventID Qualifiers=(null)>1</EventID>
<Version>0</Version>
<Level>0</Level>
<Task>1</Task>
<Opcode>0</Opcode>
<Keywords>0x8000000000000000</Keywords>
<TimeCreated SystemTime=2026-01-14T04:56:24.549100500Z/>
<EventRecordID>121</EventRecordID>
<Correlation ActivityID=(null) RelatedActivityID=(null)/>
<Execution ProcessID=2264 ThreadID=10808/>
<Channel>Setup</Channel>
<Computer>DESKTOP-5VCD46O</Computer>
<Security UserID=S-1-5-18/>
</System>
<UserData><CbsPackageInitiateChanges xmlns=http://manifests.microsoft.com/win/2004/08/windows/setup_provider><PackageIdentifier>KB777778</PackageIdentifier>
<InitialPackageState>5064</InitialPackageState>
<InitialPackageStateTextized>Staged</InitialPackageStateTextized>
<IntendedPackageState>5064</IntendedPackageState>
<IntendedPackageStateTextized>Staged</IntendedPackageStateTextized>
<Client>Arbiter</Client>
</CbsPackageInitiateChanges>
</UserData>
</Event>
ElfRec#000122 (0x0000d5b8)	2026-01-14T04:56:24.5491028Z	size=384
<Event xmlns=http://schemas.microsoft.com/win/2004/08/events/event><System><Provider Name=Microsoft-Windows-Servicing Guid={bd12f3b8-fc40-4a61-a307-b7a013a069c1}/>
<EventID Qualifiers=(null)>1</EventID>
<Version>0</Version>
<Level>0</Level>
<Task>1</Task>
<Opcode>0</Opcode>
<Keywords>0x8000000000000000</Keywords>
<TimeCreated SystemTime=2026-01-14T04:56:24.549102800Z/>
<EventRecordID>122</EventRecordID>
<Correlation ActivityID=(null) RelatedActivityID=(null)/>
<Execution ProcessID=2264 ThreadID=10808/>
<Channel>Setup</Channel>
<Computer>DESKTOP-5VCD46O</Computer>
<Security UserID=S-1-5-18/>
</System>
<UserData><CbsPackageInitiateChanges xmlns=http://manifests.microsoft.com/win/2004/08/windows/setup_provider><PackageIdentifier>KB777778</PackageIdentifier>
<InitialPackageState>5064</InitialPackageState>
<InitialPackageStateTextized>Staged</InitialPackageStateTextized>
<IntendedPackageState>5064</IntendedPackageState>
<IntendedPackageStateTextized>Staged</IntendedPackageStateTextized>
<Client>Arbiter</Client>
</CbsPackageInitiateChanges>
</UserData>
</Event>
ElfRec#000123 (0x0000d738)	2026-01-14T04:56:24.5491055Z	size=384
<Event xmlns=http://schemas.microsoft.com/win/2004/08/events/event><System><Provider Name=Microsoft-Windows-Servicing Guid={bd12f3b8-fc40-4a61-a307-b7a013a069c1}/>
<EventID Qualifiers=(null)>1</EventID>
<Version>0</Version>
<Level>0</Level>
<Task>1</Task>
<Opcode>0</Opcode>
<Keywords>0x8000000000000000</Keywords>
<TimeCreated SystemTime=2026-01-14T04:56:24.549105500Z/>
<EventRecordID>123</EventRecordID>
<Correlation ActivityID=(null) RelatedActivityID=(null)/>
<Execution ProcessID=2264 ThreadID=10808/>
<Channel>Setup</Channel>
<Computer>DESKTOP-5VCD46O</Computer>
<Security UserID=S-1-5-18/>
</System>
<UserData><CbsPackageInitiateChanges xmlns=http://manifests.microsoft.com/win/2004/08/windows/setup_provider><PackageIdentifier>KB777778</PackageIdentifier>
<InitialPackageState>5064</InitialPackageState>
<InitialPackageStateTextized>Staged</InitialPackageStateTextized>
<IntendedPackageState>5064</IntendedPackageState>
<IntendedPackageStateTextized>Staged</IntendedPackageStateTextized>
<Client>Arbiter</Client>
</CbsPackageInitiateChanges>
</UserData>
</Event>
ElfRec#000124 (0x0000d8b8)	2026-01-14T04:56:24.5491077Z	size=384
<Event xmlns=http://schemas.microsoft.com/win/2004/08/events/event><System><Provider Name=Microsoft-Windows-Servicing Guid={bd12f3b8-fc40-4a61-a307-b7a013a069c1}/>
<EventID Qualifiers=(null)>1</EventID>
<Version>0</Version>
<Level>0</Level>
<Task>1</Task>
<Opcode>0</Opcode>
<Keywords>0x8000000000000000</Keywords>
<TimeCreated SystemTime=2026-01-14T04:56:24.549107700Z/>
<EventRecordID>124</EventRecordID>
<Correlation ActivityID=(null) RelatedActivityID=(null)/>
<Execution ProcessID=2264 ThreadID=10808/>
<Channel>Setup</Channel>
<Computer>DESKTOP-5VCD46O</Computer>
<Security UserID=S-1-5-18/>
</System>
<UserData><CbsPackageInitiateChanges xmlns=http://manifests.microsoft.com/win/2004/08/windows/setup_provider><PackageIdentifier>KB777778</PackageIdentifier>
<InitialPackageState>5064</InitialPackageState>
<InitialPackageStateTextized>Staged</InitialPackageStateTextized>
<IntendedPackageState>5064</IntendedPackageState>
<IntendedPackageStateTextized>Staged</IntendedPackageStateTextized>
<Client>Arbiter</Client>
</CbsPackageInitiateChanges>
</UserData>
</Event>
ElfRec#000125 (0x0000da38)	2026-01-14T04:56:24.5491100Z	size=384
<Event xmlns=http://schemas.microsoft.com/win/2004/08/events/event><System><Provider Name=Microsoft-Windows-Servicing Guid={bd12f3b8-fc40-4a61-a307-b7a013a069c1}/>
<EventID Qualifiers=(null)>1</EventID>
<Version>0</Version>
<Level>0</Level>
<Task>1</Task>
<Opcode>0</Opcode>
<Keywords>0x8000000000000000</Keywords>
<TimeCreated SystemTime=2026-01-14T04:56:24.549110000Z/>
<EventRecordID>125</EventRecordID>
<Correlation ActivityID=(null) RelatedActivityID=(null)/>
<Execution ProcessID=2264 ThreadID=10808/>
<Channel>Setup</Channel>
<Computer>DESKTOP-5VCD46O</Computer>
<Security UserID=S-1-5-18/>
</System>
<UserData><CbsPackageInitiateChanges xmlns=http://manifests.microsoft.com/win/2004/08/windows/setup_provider><PackageIdentifier>KB777778</PackageIdentifier>
<InitialPackageState>5064</InitialPackageState>
<InitialPackageStateTextized>Staged</InitialPackageStateTextized>
<IntendedPackageState>5064</IntendedPackageState>
<IntendedPackageStateTextized>Staged</IntendedPackageStateTextized>
<Client>Arbiter</Client>
</CbsPackageInitiateChanges>
</UserData>
</Event>
ElfRec#000126 (0x0000dbb8)	2026-01-14T04:56:24.5491123Z	size=456
<Event xmlns=http://schemas.microsoft.com/win/2004/08/events/event><System><Provider Name=Microsoft-Windows-Servicing Guid={bd12f3b8-fc40-4a61-a307-b7a013a069c1}/>
<EventID Qualifiers=(null)>1</EventID>
<Version>0</Version>
<Level>0</Level>
<Task>1</Task>
<Opcode>0</Opcode>
<Keywords>0x8000000000000000</Keywords>
<TimeCreated SystemTime=2026-01-14T04:56:24.549112300Z/>
<EventRecordID>126</EventRecordID>
<Correlation ActivityID=(null) RelatedActivityID=(null)/>
<Execution ProcessID=2264 ThreadID=10808/>
<Channel>Setup</Channel>
<Computer>DESKTOP-5VCD46O</Computer>
<Security UserID=S-1-5-18/>
</System>
<UserData><CbsPackageInitiateChanges xmlns=http://manifests.microsoft.com/win/2004/08/windows/setup_provider><PackageIdentifier>Microsoft-Windows-Licenses-Professional-Package</PackageIdentifier>
<InitialPackageState>5064</InitialPackageState>
<InitialPackageStateTextized>Staged</InitialPackageStateTextized>
<IntendedPackageState>5064</IntendedPackageState>
<IntendedPackageStateTextized>Staged</IntendedPackageStateTextized>
<Client>Arbiter</Client>
</CbsPackageInitiateChanges>
</UserData>
</Event>
ElfRec#000127 (0x0000dd80)	2026-01-14T04:56:24.5491146Z	size=384
<Event xmlns=http://schemas.microsoft.com/win/2004/08/events/event><System><Provider Name=Microsoft-Windows-Servicing Guid={bd12f3b8-fc40-4a61-a307-b7a013a069c1}/>
<EventID Qualifiers=(null)>1</EventID>
<Version>0</Version>
<Level>0</Level>
<Task>1</Task>
<Opcode>0</Opcode>
<Keywords>0x8000000000000000</Keywords>
<TimeCreated SystemTime=2026-01-14T04:56:24.549114600Z/>
<EventRecordID>127</EventRecordID>
<Correlation ActivityID=(null) RelatedActivityID=(null)/>
<Execution ProcessID=2264 ThreadID=10808/>
<Channel>Setup</Channel>
<Computer>DESKTOP-5VCD46O</Computer>
<Security UserID=S-1-5-18/>
</System>
<UserData><CbsPackageInitiateChanges xmlns=http://manifests.microsoft.com/win/2004/08/windows/setup_provider><PackageIdentifier>KB777778</PackageIdentifier>
<InitialPackageState>5064</InitialPackageState>
<InitialPackageStateTextized>Staged</InitialPackageStateTextized>
<IntendedPackageState>5064</IntendedPackageState>
<IntendedPackageStateTextized>Staged</IntendedPackageStateTextized>
<Client>Arbiter</Client>
</CbsPackageInitiateChanges>
</UserData>
</Event>
ElfRec#000128 (0x0000df00)	2026-01-14T04:56:24.5491169Z	size=432
<Event xmlns=http://schemas.microsoft.com/win/2004/08/events/event><System><Provider Name=Microsoft-Windows-Servicing Guid={bd12f3b8-fc40-4a61-a307-b7a013a069c1}/>
<EventID Qualifiers=(null)>1</EventID>
<Version>0</Version>
<Level>0</Level>
<Task>1</Task>
<Opcode>0</Opcode>
<Keywords>0x8000000000000000</Keywords>
<TimeCreated SystemTime=2026-01-14T04:56:24.549116900Z/>
<EventRecordID>128</EventRecordID>
<Correlation ActivityID=(null) RelatedActivityID=(null)/>
<Execution ProcessID=2264 ThreadID=10808/>
<Channel>Setup</Channel>
<Computer>DESKTOP-5VCD46O</Computer>
<Security UserID=S-1-5-18/>
</System>
<UserData><CbsPackageInitiateChanges xmlns=http://manifests.microsoft.com/win/2004/08/windows/setup_provider><PackageIdentifier>Microsoft-Windows-MediaPlayer-en-US</PackageIdentifier>
<InitialPackageState>5064</InitialPackageState>
<InitialPackageStateTextized>Staged</InitialPackageStateTextized>
<IntendedPackageState>5064</IntendedPackageState>
<IntendedPackageStateTextized>Staged</IntendedPackageStateTextized>
<Client>Arbiter</Client>
</CbsPackageInitiateChanges>
</UserData>
</Event>
ElfRec#000129 (0x0000e0b0)	2026-01-14T04:56:24.5491192Z	size=384
<Event xmlns=http://schemas.microsoft.com/win/2004/08/events/event><System><Provider Name=Microsoft-Windows-Servicing Guid={bd12f3b8-fc40-4a61-a307-b7a013a069c1}/>
<EventID Qualifiers=(null)>1</EventID>
<Version>0</Version>
<Level>0</Level>
<Task>1</Task>
<Opcode>0</Opcode>
<Keywords>0x8000000000000000</Keywords>
<TimeCreated SystemTime=2026-01-14T04:56:24.549119200Z/>
<EventRecordID>129</EventRecordID>
<Correlation ActivityID=(null) RelatedActivityID=(null)/>
<Execution ProcessID=2264 ThreadID=10808/>
<Channel>Setup</Channel>
<Computer>DESKTOP-5VCD46O</Computer>
<Security UserID=S-1-5-18/>
</System>
<UserData><CbsPackageInitiateChanges xmlns=http://manifests.microsoft.com/win/2004/08/windows/setup_provider><PackageIdentifier>KB777778</PackageIdentifier>
<InitialPackageState>5064</InitialPackageState>
<InitialPackageStateTextized>Staged</InitialPackageStateTextized>
<IntendedPackageState>5064</IntendedPackageState>
<IntendedPackageStateTextized>Staged</IntendedPackageStateTextized>
<Client>Arbiter</Client>
</CbsPackageInitiateChanges>
</UserData>
</Event>
ElfRec#000130 (0x0000e230)	2026-01-14T04:56:24.5491250Z	size=384
<Event xmlns=http://schemas.microsoft.com/win/2004/08/events/event><System><Provider Name=Microsoft-Windows-Servicing Guid={bd12f3b8-fc40-4a61-a307-b7a013a069c1}/>
<EventID Qualifiers=(null)>1</EventID>
<Version>0</Version>
<Level>0</Level>
<Task>1</Task>
<Opcode>0</Opcode>
<Keywords>0x8000000000000000</Keywords>
<TimeCreated SystemTime=2026-01-14T04:56:24.549125000Z/>
<EventRecordID>130</EventRecordID>
<Correlation ActivityID=(null) RelatedActivityID=(null)/>
<Execution ProcessID=2264 ThreadID=10808/>
<Channel>Setup</Channel>
<Computer>DESKTOP-5VCD46O</Computer>
<Security UserID=S-1-5-18/>
</System>
<UserData><CbsPackageInitiateChanges xmlns=http://manifests.microsoft.com/win/2004/08/windows/setup_provider><PackageIdentifier>KB777778</PackageIdentifier>
<InitialPackageState>5064</InitialPackageState>
<InitialPackageStateTextized>Staged</InitialPackageStateTextized>
<IntendedPackageState>5064</IntendedPackageState>
<IntendedPackageStateTextized>Staged</IntendedPackageStateTextized>
<Client>Arbiter</Client>
</CbsPackageInitiateChanges>
</UserData>
</Event>
ElfRec#000131 (0x0000e3b0)	2026-01-14T04:56:24.5491277Z	size=448
<Event xmlns=http://schemas.microsoft.com/win/2004/08/events/event><System><Provider Name=Microsoft-Windows-Servicing Guid={bd12f3b8-fc40-4a61-a307-b7a013a069c1}/>
<EventID Qualifiers=(null)>1</EventID>
<Version>0</Version>
<Level>0</Level>
<Task>1</Task>
<Opcode>0</Opcode>
<Keywords>0x8000000000000000</Keywords>
<TimeCreated SystemTime=2026-01-14T04:56:24.549127700Z/>
<EventRecordID>131</EventRecordID>
<Correlation ActivityID=(null) RelatedActivityID=(null)/>
<Execution ProcessID=2264 ThreadID=10808/>
<Channel>Setup</Channel>
<Computer>DESKTOP-5VCD46O</Computer>
<Security UserID=S-1-5-18/>
</System>
<UserData><CbsPackageInitiateChanges xmlns=http://manifests.microsoft.com/win/2004/08/windows/setup_provider><PackageIdentifier>Microsoft-Windows-Notepad-System-FoD-en-US</PackageIdentifier>
<InitialPackageState>5064</InitialPackageState>
<InitialPackageStateTextized>Staged</InitialPackageStateTextized>
<IntendedPackageState>5064</IntendedPackageState>
<IntendedPackageStateTextized>Staged</IntendedPackageStateTextized>
<Client>Arbiter</Client>
</CbsPackageInitiateChanges>
</UserData>
</Event>
ElfRec#000132 (0x0000e570)	2026-01-14T04:56:24.5491301Z	size=384
<Event xmlns=http://schemas.microsoft.com/win/2004/08/events/event><System><Provider Name=Microsoft-Windows-Servicing Guid={bd12f3b8-fc40-4a61-a307-b7a013a069c1}/>
<EventID Qualifiers=(null)>1</EventID>
<Version>0</Version>
<Level>0</Level>
<Task>1</Task>
<Opcode>0</Opcode>
<Keywords>0x8000000000000000</Keywords>
<TimeCreated SystemTime=2026-01-14T04:56:24.549130100Z/>
<EventRecordID>132</EventRecordID>
<Correlation ActivityID=(null) RelatedActivityID=(null)/>
<Execution ProcessID=2264 ThreadID=10808/>
<Channel>Setup</Channel>
<Computer>DESKTOP-5VCD46O</Computer>
<Security UserID=S-1-5-18/>
</System>
<UserData><CbsPackageInitiateChanges xmlns=http://manifests.microsoft.com/win/2004/08/windows/setup_provider><PackageIdentifier>KB777778</PackageIdentifier>
<InitialPackageState>5064</InitialPackageState>
<InitialPackageStateTextized>Staged</InitialPackageStateTextized>
<IntendedPackageState>5064</IntendedPackageState>
<IntendedPackageStateTextized>Staged</IntendedPackageStateTextized>
<Client>Arbiter</Client>
</CbsPackageInitiateChanges>
</UserData>
</Event>
ElfRec#000133 (0x0000e6f0)	2026-01-14T04:56:24.5491324Z	size=384
<Event xmlns=http://schemas.microsoft.com/win/2004/08/events/event><System><Provider Name=Microsoft-Windows-Servicing Guid={bd12f3b8-fc40-4a61-a307-b7a013a069c1}/>
<EventID Qualifiers=(null)>1</EventID>
<Version>0</Version>
<Level>0</Level>
<Task>1</Task>
<Opcode>0</Opcode>
<Keywords>0x8000000000000000</Keywords>
<TimeCreated SystemTime=2026-01-14T04:56:24.549132400Z/>
<EventRecordID>133</EventRecordID>
<Correlation ActivityID=(null) RelatedActivityID=(null)/>
<Execution ProcessID=2264 ThreadID=10808/>
<Channel>Setup</Channel>
<Computer>DESKTOP-5VCD46O</Computer>
<Security UserID=S-1-5-18/>
</System>
<UserData><CbsPackageInitiateChanges xmlns=http://manifests.microsoft.com/win/2004/08/windows/setup_provider><PackageIdentifier>KB777778</PackageIdentifier>
<InitialPackageState>5064</InitialPackageState>
<InitialPackageStateTextized>Staged</InitialPackageStateTextized>
<IntendedPackageState>5064</IntendedPackageState>
<IntendedPackageStateTextized>Staged</IntendedPackageStateTextized>
<Client>Arbiter</Client>
</CbsPackageInitiateChanges>
</UserData>
</Event>
ElfRec#000134 (0x0000e870)	2026-01-14T04:56:24.5491349Z	size=448
<Event xmlns=http://schemas.microsoft.com/win/2004/08/events/event><System><Provider Name=Microsoft-Windows-Servicing Guid={bd12f3b8-fc40-4a61-a307-b7a013a069c1}/>
<EventID Qualifiers=(null)>1</EventID>
<Version>0</Version>
<Level>0</Level>
<Task>1</Task>
<Opcode>0</Opcode>
<Keywords>0x8000000000000000</Keywords>
<TimeCreated SystemTime=2026-01-14T04:56:24.549134900Z/>
<EventRecordID>134</EventRecordID>
<Correlation ActivityID=(null) RelatedActivityID=(null)/>
<Execution ProcessID=2264 ThreadID=10808/>
<Channel>Setup</Channel>
<Computer>DESKTOP-5VCD46O</Computer>
<Security UserID=S-1-5-18/>
</System>
<UserData><CbsPackageInitiateChanges xmlns=http://manifests.microsoft.com/win/2004/08/windows/setup_provider><PackageIdentifier>Microsoft-Windows-PowerShell-ISE-FOD-en-US</PackageIdentifier>
<InitialPackageState>5064</InitialPackageState>
<InitialPackageStateTextized>Staged</InitialPackageStateTextized>
<IntendedPackageState>5064</IntendedPackageState>
<IntendedPackageStateTextized>Staged</IntendedPackageStateTextized>
<Client>Arbiter</Client>
</CbsPackageInitiateChanges>
</UserData>
</Event>
