ElfFile	      version=3.2	chunk=0-1	chunk_counts=2	next_record_id=216	flags=0x00(clean)
ElfChnk#00000 (0x00001000)	record_num=1-158	record_id=1-158	last_offset=0xfe58	free_offset=0xffd8
ElfRec#000001 (0x00001200)	2026-01-14T21:39:15.3995512Z	size=2096
<Event xmlns=http://schemas.microsoft.com/win/2004/08/events/event><System><Provider Name=Microsoft-Windows-Servicing Guid={bd12f3b8-fc40-4a61-a307-b7a013a069c1}/>
<EventID Qualifiers=(null)>15</EventID>
<Version>0</Version>
<Level>0</Level>
<Task>1</Task>
<Opcode>0</Opcode>
<Keywords>0x8000000000000000</Keywords>
<TimeCreated SystemTime=2026-01-14T21:39:15.399551200Z/>
<EventRecordID>1</EventRecordID>
<Correlation ActivityID=(null) RelatedActivityID=(null)/>
<Execution ProcessID=4396 ThreadID=4432/>
<Channel>Setup</Channel>
<Computer>DESKTOP-5VCD46O</Computer>
<Security UserID=S-1-5-18/>
</System>
<UserData><CbsUpdateChangeState xmlns=http://manifests.microsoft.com/win/2004/08/windows/setup_provider><UpdateName>Recall</UpdateName>
<PackageIdentifier>UserExperience-Recall</PackageIdentifier>
<ErrorCode>0x0</ErrorCode>
<Client>DISM Package Manager Provider</Client>
</CbsUpdateChangeState>
</UserData>
</Event>
ElfRec#000002 (0x00001a30)	2026-01-14T04:56:05.3586168Z	size=960
<Event xmlns=http://schemas.microsoft.com/win/2004/08/events/event><System><Provider Name=Microsoft-Windows-Servicing Guid={bd12f3b8-fc40-4a61-a307-b7a013a069c1}/>
<EventID Qualifiers=(null)>1</EventID>
<Version>0</Version>
<Level>0</Level>
<Task>1</Task>
<Opcode>0</Opcode>
<Keywords>0x8000000000000000</Keywords>
<TimeCreated SystemTime=2026-01-14T04:56:05.358616800Z/>
<EventRecordID>2</EventRecordID>
<Correlation ActivityID=(null) RelatedActivityID=(null)/>
<Execution ProcessID=2264 ThreadID=7224/>
<Channel>Setup</Channel>
<Computer>DESKTOP-5VCD46O</Computer>
<Security UserID=S-1-5-18/>
</System>
<UserData><CbsPackageInitiateChanges xmlns=http://manifests.microsoft.com/win/2004/08/windows/setup_provider><PackageIdentifier>KB5043080</PackageIdentifier>
<InitialPackageState>5064</InitialPackageState>
<InitialPackageStateTextized>Staged</InitialPackageStateTextized>
<IntendedPackageState>5064</IntendedPackageState>
<IntendedPackageStateTextized>Staged</IntendedPackageStateTextized>
<Client>Arbiter</Client>
</CbsPackageInitiateChanges>
</UserData>
</Event>
ElfRec#000003 (0x00001df0)	2026-01-14T04:56:05.3586206Z	size=424
<Event xmlns=http://schemas.microsoft.com/win/2004/08/events/event><System><Provider Name=Microsoft-Windows-Servicing Guid={bd12f3b8-fc40-4a61-a307-b7a013a069c1}/>
<EventID Qualifiers=(null)>1</EventID>
<Version>0</Version>
<Level>0</Level>
<Task>1</Task>
<Opcode>0</Opcode>
<Keywords>0x8000000000000000</Keywords>
<TimeCreated SystemTime=2026-01-14T04:56:05.358620600Z/>
<EventRecordID>3</EventRecordID>
<Correlation ActivityID=(null) RelatedActivityID=(null)/>
<Execution ProcessID=2264 ThreadID=7224/>
<Channel>Setup</Channel>
<Computer>DESKTOP-5VCD46O</Computer>
<Security UserID=S-1-5-18/>
</System>
<UserData><CbsPackageInitiateChanges xmlns=http://manifests.microsoft.com/win/2004/08/windows/setup_provider><PackageIdentifier>Windows Professional Edition</PackageIdentifier>
<InitialPackageState>5064</InitialPackageState>
<InitialPackageStateTextized>Staged</InitialPackageStateTextized>
<IntendedPackageState>5064</IntendedPackageState>
<IntendedPackageStateTextized>Staged</IntendedPackageStateTextized>
<Client>Arbiter</Client>
</CbsPackageInitiateChanges>
</UserData>
</Event>
ElfRec#000004 (0x00001f98)	2026-01-14T04:56:05.3586238Z	size=384
<Event xmlns=http://schemas.microsoft.com/win/2004/08/events/event><System><Provider Name=Microsoft-Windows-Servicing Guid={bd12f3b8-fc40-4a61-a307-b7a013a069c1}/>
<EventID Qualifiers=(null)>1</EventID>
<Version>0</Version>
<Level>0</Level>
<Task>1</Task>
<Opcode>0</Opcode>
<Keywords>0x8000000000000000</Keywords>
<TimeCreated SystemTime=2026-01-14T04:56:05.358623800Z/>
<EventRecordID>4</EventRecordID>
<Correlation ActivityID=(null) RelatedActivityID=(null)/>
<Execution ProcessID=2264 ThreadID=7224/>
<Channel>Setup</Channel>
<Computer>DESKTOP-5VCD46O</Computer>
<Security UserID=S-1-5-18/>
</System>
<UserData><CbsPackageInitiateChanges xmlns=http://manifests.microsoft.com/win/2004/08/windows/setup_provider><PackageIdentifier>KB777778</PackageIdentifier>
<InitialPackageState>5064</InitialPackageState>
<InitialPackageStateTextized>Staged</InitialPackageStateTextized>
<IntendedPackageState>5064</IntendedPackageState>
<IntendedPackageStateTextized>Staged</IntendedPackageStateTextized>
<Client>Arbiter</Client>
</CbsPackageInitiateChanges>
</UserData>
</Event>
ElfRec#000005 (0x00002118)	2026-01-14T04:56:05.3586337Z	size=384
<Event xmlns=http://schemas.microsoft.com/win/2004/08/events/event><System><Provider Name=Microsoft-Windows-Servicing Guid={bd12f3b8-fc40-4a61-a307-b7a013a069c1}/>
<EventID Qualifiers=(null)>1</EventID>
<Version>0</Version>
<Level>0</Level>
<Task>1</Task>
<Opcode>0</Opcode>
<Keywords>0x8000000000000000</Keywords>
<TimeCreated SystemTime=2026-01-14T04:56:05.358633700Z/>
<EventRecordID>5</EventRecordID>
<Correlation ActivityID=(null) RelatedActivityID=(null)/>
<Execution ProcessID=2264 ThreadID=7224/>
<Channel>Setup</Channel>
<Computer>DESKTOP-5VCD46O</Computer>
<Security UserID=S-1-5-18/>
</System>
<UserData><CbsPackageInitiateChanges xmlns=http://manifests.microsoft.com/win/2004/08/windows/setup_provider><PackageIdentifier>KB777778</PackageIdentifier>
<InitialPackageState>5064</InitialPackageState>
<InitialPackageStateTextized>Staged</InitialPackageStateTextized>
<IntendedPackageState>5064</IntendedPackageState>
<IntendedPackageStateTextized>Staged</IntendedPackageStateTextized>
<Client>Arbiter</Client>
</CbsPackageInitiateChanges>
</UserData>
</Event>
ElfRec#000006 (0x00002298)	2026-01-14T04:56:05.3586364Z	size=384
<Event xmlns=http://schemas.microsoft.com/win/2004/08/events/event><System><Provider Name=Microsoft-Windows-Servicing Guid={bd12f3b8-fc40-4a61-a307-b7a013a069c1}/>
<EventID Qualifiers=(null)>1</EventID>
<Version>0</Version>
<Level>0</Level>
<Task>1</Task>
<Opcode>0</Opcode>
<Keywords>0x8000000000000000</Keywords>
<TimeCreated SystemTime=2026-01-14T04:56:05.358636400Z/>
<EventRecordID>6</EventRecordID>
<Correlation ActivityID=(null) RelatedActivityID=(null)/>
<Execution ProcessID=2264 ThreadID=7224/>
<Channel>Setup</Channel>
<Computer>DESKTOP-5VCD46O</Computer>
<Security UserID=S-1-5-18/>
</System>
<UserData><CbsPackageInitiateChanges xmlns=http://manifests.microsoft.com/win/2004/08/windows/setup_provider><PackageIdentifier>KB777778</PackageIdentifier>
<InitialPackageState>5064</InitialPackageState>
<InitialPackageStateTextized>Staged</InitialPackageStateTextized>
<IntendedPackageState>5064</IntendedPackageState>
<IntendedPackageStateTextized>Staged</IntendedPackageStateTextized>
<Client>Arbiter</Client>
</CbsPackageInitiateChanges>
</UserData>
</Event>
ElfRec#000007 (0x00002418)	2026-01-14T04:56:05.3586390Z	size=392
<Event xmlns=http://schemas.microsoft.com/win/2004/08/events/event><System><Provider Name=Microsoft-Windows-Servicing Guid={bd12f3b8-fc40-4a61-a307-b7a013a069c1}/>
<EventID Qualifiers=(null)>1</EventID>
<Version>0</Version>
<Level>0</Level>
<Task>1</Task>
<Opcode>0</Opcode>
<Keywords>0x8000000000000000</Keywords>
<TimeCreated SystemTime=2026-01-14T04:56:05.358639000Z/>
<EventRecordID>7</EventRecordID>
<Correlation ActivityID=(null) RelatedActivityID=(null)/>
<Execution ProcessID=2264 ThreadID=7224/>
<Channel>Setup</Channel>
<Computer>DESKTOP-5VCD46O</Computer>
<Security UserID=S-1-5-18/>
</System>
<UserData><CbsPackageInitiateChanges xmlns=http://manifests.microsoft.com/win/2004/08/windows/setup_provider><PackageIdentifier>Language Pack</PackageIdentifier>
<InitialPackageState>5064</InitialPackageState>
<InitialPackageStateTextized>Staged</InitialPackageStateTextized>
<IntendedPackageState>5064</IntendedPackageState>
<IntendedPackageStateTextized>Staged</IntendedPackageStateTextized>
<Client>Arbiter</Client>
</CbsPackageInitiateChanges>
</UserData>
</Event>
ElfRec#000008 (0x000025a0)	2026-01-14T04:56:05.3586416Z	size=384
<Event xmlns=http://schemas.microsoft.com/win/2004/08/events/event><System><Provider Name=Microsoft-Windows-Servicing Guid={bd12f3b8-fc40-4a61-a307-b7a013a069c1}/>
<EventID Qualifiers=(null)>1</EventID>
<Version>0</Version>
<Level>0</Level>
<Task>1</Task>
<Opcode>0</Opcode>
<Keywords>0x8000000000000000</Keywords>
<TimeCreated SystemTime=2026-01-14T04:56:05.358641600Z/>
<EventRecordID>8</EventRecordID>
<Correlation ActivityID=(null) RelatedActivityID=(null)/>
<Execution ProcessID=2264 ThreadID=7224/>
<Channel>Setup</Channel>
<Computer>DESKTOP-5VCD46O</Computer>
<Security UserID=S-1-5-18/>
</System>
<UserData><CbsPackageInitiateChanges xmlns=http://manifests.microsoft.com/win/2004/08/windows/setup_provider><PackageIdentifier>KB777778</PackageIdentifier>
<InitialPackageState>5064</InitialPackageState>
<InitialPackageStateTextized>Staged</InitialPackageStateTextized>
<IntendedPackageState>5064</IntendedPackageState>
<IntendedPackageStateTextized>Staged</IntendedPackageStateTextized>
<Client>Arbiter</Client>
</CbsPackageInitiateChanges>
</UserData>
</Event>
ElfRec#000009 (0x00002720)	2026-01-14T04:56:05.3586442Z	size=384
<Event xmlns=http://schemas.microsoft.com/win/2004/08/events/event><System><Provider Name=Microsoft-Windows-Servicing Guid={bd12f3b8-fc40-4a61-a307-b7a013a069c1}/>
<EventID Qualifiers=(null)>1</EventID>
<Version>0</Version>
<Level>0</Level>
<Task>1</Task>
<Opcode>0</Opcode>
<Keywords>0x8000000000000000</Keywords>
<TimeCreated SystemTime=2026-01-14T04:56:05.358644200Z/>
<EventRecordID>9</EventRecordID>
<Correlation ActivityID=(null) RelatedActivityID=(null)/>
<Execution ProcessID=2264 ThreadID=7224/>
<Channel>Setup</Channel>
<Computer>DESKTOP-5VCD46O</Computer>
<Security UserID=S-1-5-18/>
</System>
<UserData><CbsPackageInitiateChanges xmlns=http://manifests.microsoft.com/win/2004/08/windows/setup_provider><PackageIdentifier>KB777778</PackageIdentifier>
<InitialPackageState>5064</InitialPackageState>
<InitialPackageStateTextized>Staged</InitialPackageStateTextized>
<IntendedPackageState>5064</IntendedPackageState>
<IntendedPackageStateTextized>Staged</IntendedPackageStateTextized>
<Client>Arbiter</Client>
</CbsPackageInitiateChanges>
</UserData>
</Event>
ElfRec#000010 (0x000028a0)	2026-01-14T04:56:05.3586465Z	size=384
<Event xmlns=http://schemas.microsoft.com/win/2004/08/events/event><System><Provider Name=Microsoft-Windows-Servicing Guid={bd12f3b8-fc40-4a61-a307-b7a013a069c1}/>
<EventID Qualifiers=(null)>1</EventID>
<Version>0</Version>
<Level>0</Level>
<Task>1</Task>
<Opcode>0</Opcode>
<Keywords>0x8000000000000000</Keywords>
<TimeCreated SystemTime=2026-01-14T04:56:05.358646500Z/>
<EventRecordID>10</EventRecordID>
<Correlation ActivityID=(null) RelatedActivityID=(null)/>
<Execution ProcessID=2264 ThreadID=7224/>
<Channel>Setup</Channel>
<Computer>DESKTOP-5VCD46O</Computer>
<Security UserID=S-1-5-18/>
</System>
<UserData><CbsPackageInitiateChanges xmlns=http://manifests.microsoft.com/win/2004/08/windows/setup_provider><PackageIdentifier>KB777778</PackageIdentifier>
<InitialPackageState>5064</InitialPackageState>
<InitialPackageStateTextized>Staged</InitialPackageStateTextized>
<IntendedPackageState>5064</IntendedPackageState>
<IntendedPackageStateTextized>Staged</IntendedPackageStateTextized>
<Client>Arbiter</Client>
</CbsPackageInitiateChanges>
</UserData>
</Event>
ElfRec#000011 (0x00002a20)	2026-01-14T04:56:05.3586489Z	size=384
<Event xmlns=http://schemas.microsoft.com/win/2004/08/events/event><System><Provider Name=Microsoft-Windows-Servicing Guid={bd12f3b8-fc40-4a61-a307-b7a013a069c1}/>
<EventID Qualifiers=(null)>1</EventID>
<Version>0</Version>
<Level>0</Level>
<Task>1</Task>
<Opcode>0</Opcode>
<Keywords>0x8000000000000000</Keywords>
<TimeCreated SystemTime=2026-01-14T04:56:05.358648900Z/>
<EventRecordID>11</EventRecordID>
<Correlation ActivityID=(null) RelatedActivityID=(null)/>
<Execution ProcessID=2264 ThreadID=7224/>
<Channel>Setup</Channel>
<Computer>DESKTOP-5VCD46O</Computer>
<Security UserID=S-1-5-18/>
</System>
<UserData><CbsPackageInitiateChanges xmlns=http://manifests.microsoft.com/win/2004/08/windows/setup_provider><PackageIdentifier>KB777778</PackageIdentifier>
<InitialPackageState>5064</InitialPackageState>
<InitialPackageStateTextized>Staged</InitialPackageStateTextized>
<IntendedPackageState>5064</IntendedPackageState>
<IntendedPackageStateTextized>Staged</IntendedPackageStateTextized>
<Client>Arbiter</Client>
</CbsPackageInitiateChanges>
</UserData>
</Event>
ElfRec#000012 (0x00002ba0)	2026-01-14T04:56:05.3586516Z	size=384
<Event xmlns=http://schemas.microsoft.com/win/2004/08/events/event><System><Provider Name=Microsoft-Windows-Servicing Guid={bd12f3b8-fc40-4a61-a307-b7a013a069c1}/>
<EventID Qualifiers=(null)>1</EventID>
<Version>0</Version>
<Level>0</Level>
<Task>1</Task>
<Opcode>0</Opcode>
<Keywords>0x8000000000000000</Keywords>
<TimeCreated SystemTime=2026-01-14T04:56:05.358651600Z/>
<EventRecordID>12</EventRecordID>
<Correlation ActivityID=(null) RelatedActivityID=(null)/>
<Execution ProcessID=2264 ThreadID=7224/>
<Channel>Setup</Channel>
<Computer>DESKTOP-5VCD46O</Computer>
<Security UserID=S-1-5-18/>
</System>
<UserData><CbsPackageInitiateChanges xmlns=http://manifests.microsoft.com/win/2004/08/windows/setup_provider><PackageIdentifier>KB777778</PackageIdentifier>
<InitialPackageState>5064</InitialPackageState>
<InitialPackageStateTextized>Staged</InitialPackageStateTextized>
<IntendedPackageState>5064</IntendedPackageState>
<IntendedPackageStateTextized>Staged</IntendedPackageStateTextized>
<Client>Arbiter</Client>
</CbsPackageInitiateChanges>
</UserData>
</Event>
ElfRec#000013 (0x00002d20)	2026-01-14T04:56:05.3586544Z	size=464
<Event xmlns=http://schemas.microsoft.com/win/2004/08/events/event><System><Provider Name=Microsoft-Windows-Servicing Guid={bd12f3b8-fc40-4a61-a307-b7a013a069c1}/>
<EventID Qualifiers=(null)>1</EventID>
<Version>0</Version>
<Level>0</Level>
<Task>1</Task>
<Opcode>0</Opcode>
<Keywords>0x8000000000000000</Keywords>
<TimeCreated SystemTime=2026-01-14T04:56:05.358654400Z/>
<EventRecordID>13</EventRecordID>
<Correlation ActivityID=(null) RelatedActivityID=(null)/>
<Execution ProcessID=2264 ThreadID=7224/>
<Channel>Setup</Channel>
<Computer>DESKTOP-5VCD46O</Computer>
<Security UserID=S-1-5-18/>
</System>
<UserData><CbsPackageInitiateChanges xmlns=http://manifests.microsoft.com/win/2004/08/windows/setup_provider><PackageIdentifier>Microsoft-Windows-InternetExplorer-Optional-en-US</PackageIdentifier>
<InitialPackageState>5064</InitialPackageState>
<InitialPackageStateTextized>Staged</InitialPackageStateTextized>
<IntendedPackageState>5064</IntendedPackageState>
<IntendedPackageStateTextized>Staged</IntendedPackageStateTextized>
<Client>Arbiter</Client>
</CbsPackageInitiateChanges>
</UserData>
</Event>
ElfRec#000014 (0x00002ef0)	2026-01-14T04:56:05.3586577Z	size=384
<Event xmlns=http://schemas.microsoft.com/win/2004/08/events/event><System><Provider Name=Microsoft-Windows-Servicing Guid={bd12f3b8-fc40-4a61-a307-b7a013a069c1}/>
<EventID Qualifiers=(null)>1</EventID>
<Version>0</Version>
<Level>0</Level>
<Task>1</Task>
<Opcode>0</Opcode>
<Keywords>0x8000000000000000</Keywords>
<TimeCreated SystemTime=2026-01-14T04:56:05.358657700Z/>
<EventRecordID>14</EventRecordID>
<Correlation ActivityID=(null) RelatedActivityID=(null)/>
<Execution ProcessID=2264 ThreadID=7224/>
<Channel>Setup</Channel>
<Computer>DESKTOP-5VCD46O</Computer>
<Security UserID=S-1-5-18/>
</System>
<UserData><CbsPackageInitiateChanges xmlns=http://manifests.microsoft.com/win/2004/08/windows/setup_provider><PackageIdentifier>KB777778</PackageIdentifier>
<InitialPackageState>5064</InitialPackageState>
<InitialPackageStateTextized>Staged</InitialPackageStateTextized>
<IntendedPackageState>5064</IntendedPackageState>
<IntendedPackageStateTextized>Staged</IntendedPackageStateTextized>
<Client>Arbiter</Client>
</CbsPackageInitiateChanges>
</UserData>
</Event>
ElfRec#000015 (0x00003070)	2026-01-14T04:56:05.3586604Z	size=384
<Event xmlns=http://schemas.microsoft.com/win/2004/08/events/event><System><Provider Name=Microsoft-Windows-Servicing Guid={bd12f3b8-fc40-4a61-a307-b7a013a069c1}/>
<EventID Qualifiers=(null)>1</EventID>
<Version>0</Version>
<Level>0</Level>
<Task>1</Task>
<Opcode>0</Opcode>
<Keywords>0x8000000000000000</Keywords>
<TimeCreated SystemTime=2026-01-14T04:56:05.358660400Z/>
<EventRecordID>15</EventRecordID>
<Correlation ActivityID=(null) RelatedActivityID=(null)/>
<Execution ProcessID=2264 ThreadID=7224/>
<Channel>Setup</Channel>
<Computer>DESKTOP-5VCD46O</Computer>
<Security UserID=S-1-5-18/>
</System>
<UserData><CbsPackageInitiateChanges xmlns=http://manifests.microsoft.com/win/2004/08/windows/setup_provider><PackageIdentifier>KB777778</PackageIdentifier>
<InitialPackageState>5064</InitialPackageState>
<InitialPackageStateTextized>Staged</InitialPackageStateTextized>
<IntendedPackageState>5064</IntendedPackageState>
<IntendedPackageStateTextized>Staged</IntendedPackageStateTextized>
<Client>Arbiter</Client>
</CbsPackageInitiateChanges>
</UserData>
</Event>
ElfRec#000016 (0x000031f0)	2026-01-14T04:56:05.3586637Z	size=384
<Event xmlns=http://schemas.microsoft.com/win/2004/08/events/event><System><Provider Name=Microsoft-Windows-Servicing Guid={bd12f3b8-fc40-4a61-a307-b7a013a069c1}/>
<EventID Qualifiers=(null)>1</EventID>
<Version>0</Version>
<Level>0</Level>
<Task>1</Task>
<Opcode>0</Opcode>
<Keywords>0x8000000000000000</Keywords>
<TimeCreated SystemTime=2026-01-14T04:56:05.358663700Z/>
<EventRecordID>16</EventRecordID>
<Correlation ActivityID=(null) RelatedActivityID=(null)/>
<Execution ProcessID=2264 ThreadID=7224/>
<Channel>Setup</Channel>
<Computer>DESKTOP-5VCD46O</Computer>
<Security UserID=S-1-5-18/>
</System>
<UserData><CbsPackageInitiateChanges xmlns=http://manifests.microsoft.com/win/2004/08/windows/setup_provider><PackageIdentifier>KB777778</PackageIdentifier>
<InitialPackageState>5064</InitialPackageState>
<InitialPackageStateTextized>Staged</InitialPackageStateTextized>
<IntendedPackageState>5064</IntendedPackageState>
<IntendedPackageStateTextized>Staged</IntendedPackageStateTextized>
<Client>Arbiter</Client>
</CbsPackageInitiateChanges>
</UserData>
</Event>
ElfRec#000017 (0x00003370)	2026-01-14T04:56:05.3586688Z	size=384
<Event xmlns=http://schemas.microsoft.com/win/2004/08/events/event><System><Provider Name=Microsoft-Windows-Servicing Guid={bd12f3b8-fc40-4a61-a307-b7a013a069c1}/>
<EventID Qualifiers=(null)>1</EventID>
<Version>0</Version>
<Level>0</Level>
<Task>1</Task>
<Opcode>0</Opcode>
<Keywords>0x8000000000000000</Keywords>
<TimeCreated SystemTime=2026-01-14T04:56:05.358668800Z/>
<EventRecordID>17</EventRecordID>
<Correlation ActivityID=(null) RelatedActivityID=(null)/>
<Execution ProcessID=2264 ThreadID=7224/>
<Channel>Setup</Channel>
<Computer>DESKTOP-5VCD46O</Computer>
<Security UserID=S-1-5-18/>
</System>
<UserData><CbsPackageInitiateChanges xmlns=http://manifests.microsoft.com/win/2004/08/windows/setup_provider><PackageIdentifier>KB777778</PackageIdentifier>
<InitialPackageState>5064</InitialPackageState>
<InitialPackageStateTextized>Staged</InitialPackageStateTextized>
<IntendedPackageState>5064</IntendedPackageState>
<IntendedPackageStateTextized>Staged</IntendedPackageStateTextized>
<Client>Arbiter</Client>
</CbsPackageInitiateChanges>
</UserData>
</Event>
ElfRec#000018 (0x000034f0)	2026-01-14T04:56:05.3586716Z	size=384
<Event xmlns=http://schemas.microsoft.com/win/2004/08/events/event><System><Provider Name=Microsoft-Windows-Servicing Guid={bd12f3b8-fc40-4a61-a307-b7a013a069c1}/>
<EventID Qualifiers=(null)>1</EventID>
<Version>0</Version>
<Level>0</Level>
<Task>1</Task>
<Opcode>0</Opcode>
<Keywords>0x8000000000000000</Keywords>
<TimeCreated SystemTime=2026-01-14T04:56:05.358671600Z/>
<EventRecordID>18</EventRecordID>
<Correlation ActivityID=(null) RelatedActivityID=(null)/>
<Execution ProcessID=2264 ThreadID=7224/>
<Channel>Setup</Channel>
<Computer>DESKTOP-5VCD46O</Computer>
<Security UserID=S-1-5-18/>
</System>
<UserData><CbsPackageInitiateChanges xmlns=http://manifests.microsoft.com/win/2004/08/windows/setup_provider><PackageIdentifier>KB777778</PackageIdentifier>
<InitialPackageState>5064</InitialPackageState>
<InitialPackageStateTextized>Staged</InitialPackageStateTextized>
<IntendedPackageState>5064</IntendedPackageState>
<IntendedPackageStateTextized>Staged</IntendedPackageStateTextized>
<Client>Arbiter</Client>
</CbsPackageInitiateChanges>
</UserData>
</Event>
ElfRec#000019 (0x00003670)	2026-01-14T04:56:05.3586740Z	size=384
<Event xmlns=http://schemas.microsoft.com/win/2004/08/events/event><System><Provider Name=Microsoft-Windows-Servicing Guid={bd12f3b8-fc40-4a61-a307-b7a013a069c1}/>
<EventID Qualifiers=(null)>1</EventID>
<Version>0</Version>
<Level>0</Level>
<Task>1</Task>
<Opcode>0</Opcode>
<Keywords>0x8000000000000000</Keywords>
<TimeCreated SystemTime=2026-01-14T04:56:05.358674000Z/>
<EventRecordID>19</EventRecordID>
<Correlation ActivityID=(null) RelatedActivityID=(null)/>
<Execution ProcessID=2264 ThreadID=7224/>
<Channel>Setup</Channel>
<Computer>DESKTOP-5VCD46O</Computer>
<Security UserID=S-1-5-18/>
</System>
<UserData><CbsPackageInitiateChanges xmlns=http://manifests.microsoft.com/win/2004/08/windows/setup_provider><PackageIdentifier>KB777778</PackageIdentifier>
<InitialPackageState>5064</InitialPackageState>
<InitialPackageStateTextized>Staged</InitialPackageStateTextized>
<IntendedPackageState>5064</IntendedPackageState>
<IntendedPackageStateTextized>Staged</IntendedPackageStateTextized>
<Client>Arbiter</Client>
</CbsPackageInitiateChanges>
</UserData>
</Event>
ElfRec#000020 (0x000037f0)	2026-01-14T04:56:05.3586767Z	size=456
<Event xmlns=http://schemas.microsoft.com/win/2004/08/events/event><System><Provider Name=Microsoft-Windows-Servicing Guid={bd12f3b8-fc40-4a61-a307-b7a013a069c1}/>
<EventID Qualifiers=(null)>1</EventID>
<Version>0</Version>
<Level>0</Level>
<Task>1</Task>
<Opcode>0</Opcode>
<Keywords>0x8000000000000000</Keywords>
<TimeCreated SystemTime=2026-01-14T04:56:05.358676700Z/>
<EventRecordID>20</EventRecordID>
<Correlation ActivityID=(null) RelatedActivityID=(null)/>
<Execution ProcessID=2264 ThreadID=7224/>
<Channel>Setup</Channel>
<Computer>DESKTOP-5VCD46O</Computer>
<Security UserID=S-1-5-18/>
</System>
<UserData><CbsPackageInitiateChanges xmlns=http://manifests.microsoft.com/win/2004/08/windows/setup_provider><PackageIdentifier>Microsoft-Windows-Licenses-Professional-Package</PackageIdentifier>
<InitialPackageState>5064</InitialPackageState>
<InitialPackageStateTextized>Staged</InitialPackageStateTextized>
<IntendedPackageState>5064</IntendedPackageState>
<IntendedPackageStateTextized>Staged</IntendedPackageStateTextized>
<Client>Arbiter</Client>
</CbsPackageInitiateChanges>
</UserData>
</Event>
ElfRec#000021 (0x000039b8)	2026-01-14T04:56:05.3586790Z	size=384
<Event xmlns=http://schemas.microsoft.com/win/2004/08/events/event><System><Provider Name=Microsoft-Windows-Servicing Guid={bd12f3b8-fc40-4a61-a307-b7a013a069c1}/>
<EventID Qualifiers=(null)>1</EventID>
<Version>0</Version>
<Level>0</Level>
<Task>1</Task>
<Opcode>0</Opcode>
<Keywords>0x8000000000000000</Keywords>
<TimeCreated SystemTime=2026-01-14T04:56:05.358679000Z/>
<EventRecordID>21</EventRecordID>
<Correlation ActivityID=(null) RelatedActivityID=(null)/>
<Execution ProcessID=2264 ThreadID=7224/>
<Channel>Setup</Channel>
<Computer>DESKTOP-5VCD46O</Computer>
<Security UserID=S-1-5-18/>
</System>
<UserData><CbsPackageInitiateChanges xmlns=http://manifests.microsoft.com/win/2004/08/windows/setup_provider><PackageIdentifier>KB777778</PackageIdentifier>
<InitialPackageState>5064</InitialPackageState>
<InitialPackageStateTextized>Staged</InitialPackageStateTextized>
<IntendedPackageState>5064</IntendedPackageState>
<IntendedPackageStateTextized>Staged</IntendedPackageStateTextized>
<Client>Arbiter</Client>
</CbsPackageInitiateChanges>
</UserData>
</Event>
ElfRec#000022 (0x00003b38)	2026-01-14T04:56:05.3586817Z	size=432
<Event xmlns=http://schemas.microsoft.com/win/2004/08/events/event><System><Provider Name=Microsoft-Windows-Servicing Guid={bd12f3b8-fc40-4a61-a307-b7a013a069c1}/>
<EventID Qualifiers=(null)>1</EventID>
<Version>0</Version>
<Level>0</Level>
<Task>1</Task>
<Opcode>0</Opcode>
<Keywords>0x8000000000000000</Keywords>
<TimeCreated SystemTime=2026-01-14T04:56:05.358681700Z/>
<EventRecordID>22</EventRecordID>
<Correlation ActivityID=(null) RelatedActivityID=(null)/>
<Execution ProcessID=2264 ThreadID=7224/>
<Channel>Setup</Channel>
<Computer>DESKTOP-5VCD46O</Computer>
<Security UserID=S-1-5-18/>
</System>
<UserData><CbsPackageInitiateChanges xmlns=http://manifests.microsoft.com/win/2004/08/windows/setup_provider><PackageIdentifier>Microsoft-Windows-MediaPlayer-en-US</PackageIdentifier>
<InitialPackageState>5064</InitialPackageState>
<InitialPackageStateTextized>Staged</InitialPackageStateTextized>
<IntendedPackageState>5064</IntendedPackageState>
<IntendedPackageStateTextized>Staged</IntendedPackageStateTextized>
<Client>Arbiter</Client>
</CbsPackageInitiateChanges>
</UserData>
</Event>
ElfRec#000023 (0x00003ce8)	2026-01-14T04:56:05.3586846Z	size=384
<Event xmlns=http://schemas.microsoft.com/win/2004/08/events/event><System><Provider Name=Microsoft-Windows-Servicing Guid={bd12f3b8-fc40-4a61-a307-b7a013a069c1}/>
<EventID Qualifiers=(null)>1</EventID>
<Version>0</Version>
<Level>0</Level>
<Task>1</Task>
<Opcode>0</Opcode>
<Keywords>0x8000000000000000</Keywords>
<TimeCreated SystemTime=2026-01-14T04:56:05.358684600Z/>
<EventRecordID>23</EventRecordID>
<Correlation ActivityID=(null) RelatedActivityID=(null)/>
<Execution ProcessID=2264 ThreadID=7224/>
<Channel>Setup</Channel>
<Computer>DESKTOP-5VCD46O</Computer>
<Security UserID=S-1-5-18/>
</System>
<UserData><CbsPackageInitiateChanges xmlns=http://manifests.microsoft.com/win/2004/08/windows/setup_provider><PackageIdentifier>KB777778</PackageIdentifier>
<InitialPackageState>5064</InitialPackageState>
<InitialPackageStateTextized>Staged</InitialPackageStateTextized>
<IntendedPackageState>5064</IntendedPackageState>
<IntendedPackageStateTextized>Staged</IntendedPackageStateTextized>
<Client>Arbiter</Client>
</CbsPackageInitiateChanges>
</UserData>
</Event>
ElfRec#000024 (0x00003e68)	2026-01-14T04:56:05.3586869Z	size=384
<Event xmlns=http://schemas.microsoft.com/win/2004/08/events/event><System><Provider Name=Microsoft-Windows-Servicing Guid={bd12f3b8-fc40-4a61-a307-b7a013a069c1}/>
<EventID Qualifiers=(null)>1</EventID>
<Version>0</Version>
<Level>0</Level>
<Task>1</Task>
<Opcode>0</Opcode>
<Keywords>0x8000000000000000</Keywords>
<TimeCreated SystemTime=2026-01-14T04:56:05.358686900Z/>
<EventRecordID>24</EventRecordID>
<Correlation ActivityID=(null) RelatedActivityID=(null)/>
<Execution ProcessID=2264 ThreadID=7224/>
<Channel>Setup</Channel>
<Computer>DESKTOP-5VCD46O</Computer>
<Security UserID=S-1-5-18/>
</System>
<UserData><CbsPackageInitiateChanges xmlns=http://manifests.microsoft.com/win/2004/08/windows/setup_provider><PackageIdentifier>KB777778</PackageIdentifier>
<InitialPackageState>5064</InitialPackageState>
<InitialPackageStateTextized>Staged</InitialPackageStateTextized>
<IntendedPackageState>5064</IntendedPackageState>
<IntendedPackageStateTextized>Staged</IntendedPackageStateTextized>
<Client>Arbiter</Client>
</CbsPackageInitiateChanges>
</UserData>
</Event>
ElfRec#000025 (0x00003fe8)	2026-01-14T04:56:05.3586897Z	size=448
<Event xmlns=http://schemas.microsoft.com/win/2004/08/events/event><System><Provider Name=Microsoft-Windows-Servicing Guid={bd12f3b8-fc40-4a61-a307-b7a013a069c1}/>
<EventID Qualifiers=(null)>1</EventID>
<Version>0</Version>
<Level>0</Level>
<Task>1</Task>
<Opcode>0</Opcode>
<Keywords>0x8000000000000000</Keywords>
<TimeCreated SystemTime=2026-01-14T04:56:05.358689700Z/>
<EventRecordID>25</EventRecordID>
<Correlation ActivityID=(null) RelatedActivityID=(null)/>
<Execution ProcessID=2264 ThreadID=7224/>
<Channel>Setup</Channel>
<Computer>DESKTOP-5VCD46O</Computer>
<Security UserID=S-1-5-18/>
</System>
<UserData><CbsPackageInitiateChanges xmlns=http://manifests.microsoft.com/win/2004/08/windows/setup_provider><PackageIdentifier>Microsoft-Windows-Notepad-System-FoD-en-US</PackageIdentifier>
<InitialPackageState>5064</InitialPackageState>
<InitialPackageStateTextized>Staged</InitialPackageStateTextized>
<IntendedPackageState>5064</IntendedPackageState>
<IntendedPackageStateTextized>Staged</IntendedPackageStateTextized>
<Client>Arbiter</Client>
</CbsPackageInitiateChanges>
</UserData>
</Event>
ElfRec#000026 (0x000041a8)	2026-01-14T04:56:05.3586924Z	size=384
<Event xmlns=http://schemas.microsoft.com/win/2004/08/events/event><System><Provider Name=Microsoft-Windows-Servicing Guid={bd12f3b8-fc40-4a61-a307-b7a013a069c1}/>
<EventID Qualifiers=(null)>1</EventID>
<Version>0</Version>
<Level>0</Level>
<Task>1</Task>
<Opcode>0</Opcode>
<Keywords>0x8000000000000000</Keywords>
<TimeCreated SystemTime=2026-01-14T04:56:05.358692400Z/>
<EventRecordID>26</EventRecordID>
<Correlation ActivityID=(null) RelatedActivityID=(null)/>
<Execution ProcessID=2264 ThreadID=7224/>
<Channel>Setup</Channel>
<Computer>DESKTOP-5VCD46O</Computer>
<Security UserID=S-1-5-18/>
</System>
<UserData><CbsPackageInitiateChanges xmlns=http://manifests.microsoft.com/win/2004/08/windows/setup_provider><PackageIdentifier>KB777778</PackageIdentifier>
<InitialPackageState>5064</InitialPackageState>
<InitialPackageStateTextized>Staged</InitialPackageStateTextized>
<IntendedPackageState>5064</IntendedPackageState>
<IntendedPackageStateTextized>Staged</IntendedPackageStateTextized>
<Client>Arbiter</Client>
</CbsPackageInitiateChanges>
</UserData>
</Event>
ElfRec#000027 (0x00004328)	2026-01-14T04:56:05.3586949Z	size=384
<Event xmlns=http://schemas.microsoft.com/win/2004/08/events/event><System><Provider Name=Microsoft-Windows-Servicing Guid={bd12f3b8-fc40-4a61-a307-b7a013a069c1}/>
<EventID Qualifiers=(null)>1</EventID>
<Version>0</Version>
<Level>0</Level>
<Task>1</Task>
<Opcode>0</Opcode>
<Keywords>0x8000000000000000</Keywords>
<TimeCreated SystemTime=2026-01-14T04:56:05.358694900Z/>
<EventRecordID>27</EventRecordID>
<Correlation ActivityID=(null) RelatedActivityID=(null)/>
<Execution ProcessID=2264 ThreadID=7224/>
<Channel>Setup</Channel>
<Computer>DESKTOP-5VCD46O</Computer>
<Security UserID=S-1-5-18/>
</System>
<UserData><CbsPackageInitiateChanges xmlns=http://manifests.microsoft.com/win/2004/08/windows/setup_provider><PackageIdentifier>KB777778</PackageIdentifier>
<InitialPackageState>5064</InitialPackageState>
<InitialPackageStateTextized>Staged</InitialPackageStateTextized>
<IntendedPackageState>5064</IntendedPackageState>
<IntendedPackageStateTextized>Staged</IntendedPackageStateTextized>
<Client>Arbiter</Client>
</CbsPackageInitiateChanges>
</UserData>
</Event>
ElfRec#000028 (0x000044a8)	2026-01-14T04:56:05.3586972Z	size=448
<Event xmlns=http://schemas.microsoft.com/win/2004/08/events/event><System><Provider Name=Microsoft-Windows-Servicing Guid={bd12f3b8-fc40-4a61-a307-b7a013a069c1}/>
<EventID Qualifiers=(null)>1</EventID>
<Version>0</Version>
<Level>0</Level>
<Task>1</Task>
<Opcode>0</Opcode>
<Keywords>0x8000000000000000</Keywords>
<TimeCreated SystemTime=2026-01-14T04:56:05.358697200Z/>
<EventRecordID>28</EventRecordID>
<Correlation ActivityID=(null) RelatedActivityID=(null)/>
<Execution ProcessID=2264 ThreadID=7224/>
<Channel>Setup</Channel>
<Computer>DESKTOP-5VCD46O</Computer>
<Security UserID=S-1-5-18/>
</System>
<UserData><CbsPackageInitiateChanges xmlns=http://manifests.microsoft.com/win/2004/08/windows/setup_provider><PackageIdentifier>Microsoft-Windows-PowerShell-ISE-FOD-en-US</PackageIdentifier>
<InitialPackageState>5064</InitialPackageState>
<InitialPackageStateTextized>Staged</InitialPackageStateTextized>
<IntendedPackageState>5064</IntendedPackageState>
<IntendedPackageStateTextized>Staged</IntendedPackageStateTextized>
<Client>Arbiter</Client>
</CbsPackageInitiateChanges>
</UserData>
</Event>
ElfRec#000029 (0x00004668)	2026-01-14T04:56:05.3586994Z	size=384
<Event xmlns=http://schemas.microsoft.com/win/2004/08/events/event><System><Provider Name=Microsoft-Windows-Servicing Guid={bd12f3b8-fc40-4a61-a307-b7a013a069c1}/>
<EventID Qualifiers=(null)>1</EventID>
<Version>0</Version>
<Level>0</Level>
<Task>1</Task>
<Opcode>0</Opcode>
<Keywords>0x8000000000000000</Keywords>
<TimeCreated SystemTime=2026-01-14T04:56:05.358699400Z/>
<EventRecordID>29</EventRecordID>
<Correlation ActivityID=(null) RelatedActivityID=(null)/>
<Execution ProcessID=2264 ThreadID=7224/>
<Channel>Setup</Channel>
<Computer>DESKTOP-5VCD46O</Computer>
<Security UserID=S-1-5-18/>
</System>
<UserData><CbsPackageInitiateChanges xmlns=http://manifests.microsoft.com/win/2004/08/windows/setup_provider><PackageIdentifier>KB777778</PackageIdentifier>
<InitialPackageState>5064</InitialPackageState>
<InitialPackageStateTextized>Staged</InitialPackageStateTextized>
<IntendedPackageState>5064</IntendedPackageState>
<IntendedPackageStateTextized>Staged</IntendedPackageStateTextized>
<Client>Arbiter</Client>
</CbsPackageInitiateChanges>
</UserData>
</Event>
ElfRec#000030 (0x000047e8)	2026-01-14T04:56:05.3587018Z	size=448
<Event xmlns=http://schemas.microsoft.com/win/2004/08/events/event><System><Provider Name=Microsoft-Windows-Servicing Guid={bd12f3b8-fc40-4a61-a307-b7a013a069c1}/>
<EventID Qualifiers=(null)>1</EventID>
<Version>0</Version>
<Level>0</Level>
<Task>1</Task>
<Opcode>0</Opcode>
<Keywords>0x8000000000000000</Keywords>
<TimeCreated SystemTime=2026-01-14T04:56:05.358701800Z/>
<EventRecordID>30</EventRecordID>
<Correlation ActivityID=(null) RelatedActivityID=(null)/>
<Execution ProcessID=2264 ThreadID=7224/>
<Channel>Setup</Channel>
<Computer>DESKTOP-5VCD46O</Computer>
<Security UserID=S-1-5-18/>
</System>
<UserData><CbsPackageInitiateChanges xmlns=http://manifests.microsoft.com/win/2004/08/windows/setup_provider><PackageIdentifier>Microsoft-Windows-Printing-PMCPPC-FoD-en-US</PackageIdentifier>
<InitialPackageState>5064</InitialPackageState>
<InitialPackageStateTextized>Staged</InitialPackageStateTextized>
<IntendedPackageState>5064</IntendedPackageState>
<IntendedPackageStateTextized>Staged</IntendedPackageStateTextized>
<Client>Arbiter</Client>
</CbsPackageInitiateChanges>
</UserData>
</Event>
ElfRec#000031 (0x000049a8)	2026-01-14T04:56:05.3587043Z	size=384
<Event xmlns=http://schemas.microsoft.com/win/2004/08/events/event><System><Provider Name=Microsoft-Windows-Servicing Guid={bd12f3b8-fc40-4a61-a307-b7a013a069c1}/>
<EventID Qualifiers=(null)>1</EventID>
<Version>0</Version>
<Level>0</Level>
<Task>1</Task>
<Opcode>0</Opcode>
<Keywords>0x8000000000000000</Keywords>
<TimeCreated SystemTime=2026-01-14T04:56:05.358704300Z/>
<EventRecordID>31</EventRecordID>
<Correlation ActivityID=(null) RelatedActivityID=(null)/>
<Execution ProcessID=2264 ThreadID=7224/>
<Channel>Setup</Channel>
<Computer>DESKTOP-5VCD46O</Computer>
<Security UserID=S-1-5-18/>
</System>
<UserData><CbsPackageInitiateChanges xmlns=http://manifests.microsoft.com/win/2004/08/windows/setup_provider><PackageIdentifier>KB777778</PackageIdentifier>
<InitialPackageState>5064</InitialPackageState>
<InitialPackageStateTextized>Staged</InitialPackageStateTextized>
<IntendedPackageState>5064</IntendedPackageState>
<IntendedPackageStateTextized>Staged</IntendedPackageStateTextized>
<Client>Arbiter</Client>
</CbsPackageInitiateChanges>
</UserData>
</Event>
ElfRec#000032 (0x00004b28)	2026-01-14T04:56:05.3587067Z	size=464
<Event xmlns=http://schemas.microsoft.com/win/2004/08/events/event><System><Provider Name=Microsoft-Windows-Servicing Guid={bd12f3b8-fc40-4a61-a307-b7a013a069c1}/>
<EventID Qualifiers=(null)>1</EventID>
<Version>0</Version>
<Level>0</Level>
<Task>1</Task>
<Opcode>0</Opcode>
<Keywords>0x8000000000000000</Keywords>
<TimeCreated SystemTime=2026-01-14T04:56:05.358706700Z/>
<EventRecordID>32</EventRecordID>
<Correlation ActivityID=(null) RelatedActivityID=(null)/>
<Execution ProcessID=2264 ThreadID=7224/>
<Channel>Setup</Channel>
<Computer>DESKTOP-5VCD46O</Computer>
<Security UserID=S-1-5-18/>
</System>
<UserData><CbsPackageInitiateChanges xmlns=http://manifests.microsoft.com/win/2004/08/windows/setup_provider><PackageIdentifier>Microsoft-Windows-ProjFS-OptionalFeature-FOD-en-US</PackageIdentifier>
<InitialPackageState>5064</InitialPackageState>
<InitialPackageStateTextized>Staged</InitialPackageStateTextized>
<IntendedPackageState>5064</IntendedPackageState>
<IntendedPackageStateTextized>Staged</IntendedPackageStateTextized>
<Client>Arbiter</Client>
</CbsPackageInitiateChanges>
</UserData>
</Event>
ElfRec#000033 (0x00004cf8)	2026-01-14T04:56:05.3587091Z	size=384
<Event xmlns=http://schemas.microsoft.com/win/2004/08/events/event><System><Provider Name=Microsoft-Windows-Servicing Guid={bd12f3b8-fc40-4a61-a307-b7a013a069c1}/>
<EventID Qualifiers=(null)>1</EventID>
<Version>0</Version>
<Level>0</Level>
<Task>1</Task>
<Opcode>0</Opcode>
<Keywords>0x8000000000000000</Keywords>
<TimeCreated SystemTime=2026-01-14T04:56:05.358709100Z/>
<EventRecordID>33</EventRecordID>
<Correlation ActivityID=(null) RelatedActivityID=(null)/>
<Execution ProcessID=2264 ThreadID=7224/>
<Channel>Setup</Channel>
<Computer>DESKTOP-5VCD46O</Computer>
<Security UserID=S-1-5-18/>
</System>
<UserData><CbsPackageInitiateChanges xmlns=http://manifests.microsoft.com/win/2004/08/windows/setup_provider><PackageIdentifier>KB777778</PackageIdentifier>
<InitialPackageState>5064</InitialPackageState>
<InitialPackageStateTextized>Staged</InitialPackageStateTextized>
<IntendedPackageState>5064</IntendedPackageState>
<IntendedPackageStateTextized>Staged</IntendedPackageStateTextized>
<Client>Arbiter</Client>
</CbsPackageInitiateChanges>
</UserData>
</Event>
ElfRec#000034 (0x00004e78)	2026-01-14T04:56:05.3587114Z	size=384
<Event xmlns=http://schemas.microsoft.com/win/2004/08/events/event><System><Provider Name=Microsoft-Windows-Servicing Guid={bd12f3b8-fc40-4a61-a307-b7a013a069c1}/>
<EventID Qualifiers=(null)>1</EventID>
<Version>0</Version>
<Level>0</Level>
<Task>1</Task>
<Opcode>0</Opcode>
<Keywords>0x8000000000000000</Keywords>
<TimeCreated SystemTime=2026-01-14T04:56:05.358711400Z/>
<EventRecordID>34</EventRecordID>
<Correlation ActivityID=(null) RelatedActivityID=(null)/>
<Execution ProcessID=2264 ThreadID=7224/>
<Channel>Setup</Channel>
<Computer>DESKTOP-5VCD46O</Computer>
<Security UserID=S-1-5-18/>
</System>
<UserData><CbsPackageInitiateChanges xmlns=http://manifests.microsoft.com/win/2004/08/windows/setup_provider><PackageIdentifier>KB777778</PackageIdentifier>
<InitialPackageState>5064</InitialPackageState>
<InitialPackageStateTextized>Staged</InitialPackageStateTextized>
<IntendedPackageState>5064</IntendedPackageState>
<IntendedPackageStateTextized>Staged</IntendedPackageStateTextized>
<Client>Arbiter</Client>
</CbsPackageInitiateChanges>
</UserData>
</Event>
ElfRec#000035 (0x00004ff8)	2026-01-14T04:56:05.3587137Z	size=384
<Event xmlns=http://schemas.microsoft.com/win/2004/08/events/event><System><Provider Name=Microsoft-Windows-Servicing Guid={bd12f3b8-fc40-4a61-a307-b7a013a069c1}/>
<EventID Qualifiers=(null)>1</EventID>
<Version>0</Version>
<Level>0</Level>
<Task>1</Task>
<Opcode>0</Opcode>
<Keywords>0x8000000000000000</Keywords>
<TimeCreated SystemTime=2026-01-14T04:56:05.358713700Z/>
<EventRecordID>35</EventRecordID>
<Correlation ActivityID=(null) RelatedActivityID=(null)/>
<Execution ProcessID=2264 ThreadID=7224/>
<Channel>Setup</Channel>
<Computer>DESKTOP-5VCD46O</Computer>
<Security UserID=S-1-5-18/>
</System>
<UserData><CbsPackageInitiateChanges xmlns=http://manifests.microsoft.com/win/2004/08/windows/setup_provider><PackageIdentifier>KB777778</PackageIdentifier>
<InitialPackageState>5064</InitialPackageState>
<InitialPackageStateTextized>Staged</InitialPackageStateTextized>
<IntendedPackageState>5064</IntendedPackageState>
<IntendedPackageStateTextized>Staged</IntendedPackageStateTextized>
<Client>Arbiter</Client>
</CbsPackageInitiateChanges>
</UserData>
</Event>
ElfRec#000036 (0x00005178)	2026-01-14T04:56:05.3587160Z	size=384
<Event xmlns=http://schemas.microsoft.com/win/2004/08/events/event><System><Provider Name=Microsoft-Windows-Servicing Guid={bd12f3b8-fc40-4a61-a307-b7a013a069c1}/>
<EventID Qualifiers=(null)>1</EventID>
<Version>0</Version>
<Level>0</Level>
<Task>1</Task>
<Opcode>0</Opcode>
<Keywords>0x8000000000000000</Keywords>
<TimeCreated SystemTime=2026-01-14T04:56:05.358716000Z/>
<EventRecordID>36</EventRecordID>
<Correlation ActivityID=(null) RelatedActivityID=(null)/>
<Execution ProcessID=2264 ThreadID=7224/>
<Channel>Setup</Channel>
<Computer>DESKTOP-5VCD46O</Computer>
<Security UserID=S-1-5-18/>
</System>
<UserData><CbsPackageInitiateChanges xmlns=http://manifests.microsoft.com/win/2004/08/windows/setup_provider><PackageIdentifier>KB777778</PackageIdentifier>
<InitialPackageState>5064</InitialPackageState>
<InitialPackageStateTextized>Staged</InitialPackageStateTextized>
<IntendedPackageState>5064</IntendedPackageState>
<IntendedPackageStateTextized>Staged</IntendedPackageStateTextized>
<Client>Arbiter</Client>
</CbsPackageInitiateChanges>
</UserData>
</Event>
ElfRec#000037 (0x000052f8)	2026-01-14T04:56:05.3587183Z	size=440
<Event xmlns=http://schemas.microsoft.com/win/2004/08/events/event><System><Provider Name=Microsoft-Windows-Servicing Guid={bd12f3b8-fc40-4a61-a307-b7a013a069c1}/>
<EventID Qualifiers=(null)>1</EventID>
<Version>0</Version>
<Level>0</Level>
<Task>1</Task>
<Opcode>0</Opcode>
<Keywords>0x8000000000000000</Keywords>
<TimeCreated SystemTime=2026-01-14T04:56:05.358718300Z/>
<EventRecordID>37</EventRecordID>
<Correlation ActivityID=(null) RelatedActivityID=(null)/>
<Execution ProcessID=2264 ThreadID=7224/>
<Channel>Setup</Channel>
<Computer>DESKTOP-5VCD46O</Computer>
<Security UserID=S-1-5-18/>
</System>
<UserData><CbsPackageInitiateChanges xmlns=http://manifests.microsoft.com/win/2004/08/windows/setup_provider><PackageIdentifier>Microsoft-Windows-StepsRecorder-en-US</PackageIdentifier>
<InitialPackageState>5064</InitialPackageState>
<InitialPackageStateTextized>Staged</InitialPackageStateTextized>
<IntendedPackageState>5064</IntendedPackageState>
<IntendedPackageStateTextized>Staged</IntendedPackageStateTextized>
<Client>Arbiter</Client>
</CbsPackageInitiateChanges>
</UserData>
</Event>
ElfRec#000038 (0x000054b0)	2026-01-14T04:56:05.3587210Z	size=384
<Event xmlns=http://schemas.microsoft.com/win/2004/08/events/event><System><Provider Name=Microsoft-Windows-Servicing Guid={bd12f3b8-fc40-4a61-a307-b7a013a069c1}/>
<EventID Qualifiers=(null)>1</EventID>
<Version>0</Version>
<Level>0</Level>
<Task>1</Task>
<Opcode>0</Opcode>
<Keywords>0x8000000000000000</Keywords>
<TimeCreated SystemTime=2026-01-14T04:56:05.358721000Z/>
<EventRecordID>38</EventRecordID>
<Correlation ActivityID=(null) RelatedActivityID=(null)/>
<Execution ProcessID=2264 ThreadID=7224/>
<Channel>Setup</Channel>
<Computer>DESKTOP-5VCD46O</Computer>
<Security UserID=S-1-5-18/>
</System>
<UserData><CbsPackageInitiateChanges xmlns=http://manifests.microsoft.com/win/2004/08/windows/setup_provider><PackageIdentifier>KB777778</PackageIdentifier>
<InitialPackageState>5064</InitialPackageState>
<InitialPackageStateTextized>Staged</InitialPackageStateTextized>
<IntendedPackageState>5064</IntendedPackageState>
<IntendedPackageStateTextized>Staged</IntendedPackageStateTextized>
<Client>Arbiter</Client>
</CbsPackageInitiateChanges>
</UserData>
</Event>
ElfRec#000039 (0x00005630)	2026-01-14T04:56:05.3587234Z	size=384
<Event xmlns=http://schemas.microsoft.com/win/2004/08/events/event><System><Provider Name=Microsoft-Windows-Servicing Guid={bd12f3b8-fc40-4a61-a307-b7a013a069c1}/>
<EventID Qualifiers=(null)>1</EventID>
<Version>0</Version>
<Level>0</Level>
<Task>1</Task>
<Opcode>0</Opcode>
<Keywords>0x8000000000000000</Keywords>
<TimeCreated SystemTime=2026-01-14T04:56:05.358723400Z/>
<EventRecordID>39</EventRecordID>
<Correlation ActivityID=(null) RelatedActivityID=(null)/>
<Execution ProcessID=2264 ThreadID=7224/>
<Channel>Setup</Channel>
<Computer>DESKTOP-5VCD46O</Computer>
<Security UserID=S-1-5-18/>
</System>
<UserData><CbsPackageInitiateChanges xmlns=http://manifests.microsoft.com/win/2004/08/windows/setup_provider><PackageIdentifier>KB777778</PackageIdentifier>
<InitialPackageState>5064</InitialPackageState>
<InitialPackageStateTextized>Staged</InitialPackageStateTextized>
<IntendedPackageState>5064</IntendedPackageState>
<IntendedPackageStateTextized>Staged</IntendedPackageStateTextized>
<Client>Arbiter</Client>
</CbsPackageInitiateChanges>
</UserData>
</Event>
ElfRec#000040 (0x000057b0)	2026-01-14T04:56:05.3587259Z	size=448
<Event xmlns=http://schemas.microsoft.com/win/2004/08/events/event><System><Provider Name=Microsoft-Windows-Servicing Guid={bd12f3b8-fc40-4a61-a307-b7a013a069c1}/>
<EventID Qualifiers=(null)>1</EventID>
<Version>0</Version>
<Level>0</Level>
<Task>1</Task>
<Opcode>0</Opcode>
<Keywords>0x8000000000000000</Keywords>
<TimeCreated SystemTime=2026-01-14T04:56:05.358725900Z/>
<EventRecordID>40</EventRecordID>
<Correlation ActivityID=(null) RelatedActivityID=(null)/>
<Execution ProcessID=2264 ThreadID=7224/>
<Channel>Setup</Channel>
<Computer>DESKTOP-5VCD46O</Computer>
<Security UserID=S-1-5-18/>
</System>
<UserData><CbsPackageInitiateChanges xmlns=http://manifests.microsoft.com/win/2004/08/windows/setup_provider><PackageIdentifier>Microsoft-Windows-Telnet-Client-FOD-en-US</PackageIdentifier>
<InitialPackageState>5064</InitialPackageState>
<InitialPackageStateTextized>Staged</InitialPackageStateTextized>
<IntendedPackageState>5064</IntendedPackageState>
<IntendedPackageStateTextized>Staged</IntendedPackageStateTextized>
<Client>Arbiter</Client>
</CbsPackageInitiateChanges>
</UserData>
</Event>
ElfRec#000041 (0x00005970)	2026-01-14T04:56:05.3587284Z	size=384
<Event xmlns=http://schemas.microsoft.com/win/2004/08/events/event><System><Provider Name=Microsoft-Windows-Servicing Guid={bd12f3b8-fc40-4a61-a307-b7a013a069c1}/>
<EventID Qualifiers=(null)>1</EventID>
<Version>0</Version>
<Level>0</Level>
<Task>1</Task>
<Opcode>0</Opcode>
<Keywords>0x8000000000000000</Keywords>
<TimeCreated SystemTime=2026-01-14T04:56:05.358728400Z/>
<EventRecordID>41</EventRecordID>
<Correlation ActivityID=(null) RelatedActivityID=(null)/>
<Execution ProcessID=2264 ThreadID=7224/>
<Channel>Setup</Channel>
<Computer>DESKTOP-5VCD46O</Computer>
<Security UserID=S-1-5-18/>
</System>
<UserData><CbsPackageInitiateChanges xmlns=http://manifests.microsoft.com/win/2004/08/windows/setup_provider><PackageIdentifier>KB777778</PackageIdentifier>
<InitialPackageState>5064</InitialPackageState>
<InitialPackageStateTextized>Staged</InitialPackageStateTextized>
<IntendedPackageState>5064</IntendedPackageState>
<IntendedPackageStateTextized>Staged</IntendedPackageStateTextized>
<Client>Arbiter</Client>
</CbsPackageInitiateChanges>
</UserData>
</Event>
ElfRec#000042 (0x00005af0)	2026-01-14T04:56:05.3587310Z	size=440
<Event xmlns=http://schemas.microsoft.com/win/2004/08/events/event><System><Provider Name=Microsoft-Windows-Servicing Guid={bd12f3b8-fc40-4a61-a307-b7a013a069c1}/>
<EventID Qualifiers=(null)>1</EventID>
<Version>0</Version>
<Level>0</Level>
<Task>1</Task>
<Opcode>0</Opcode>
<Keywords>0x8000000000000000</Keywords>
<TimeCreated SystemTime=2026-01-14T04:56:05.358731000Z/>
<EventRecordID>42</EventRecordID>
<Correlation ActivityID=(null) RelatedActivityID=(null)/>
<Execution ProcessID=2264 ThreadID=7224/>
<Channel>Setup</Channel>
<Computer>DESKTOP-5VCD46O</Computer>
<Security UserID=S-1-5-18/>
</System>
<UserData><CbsPackageInitiateChanges xmlns=http://manifests.microsoft.com/win/2004/08/windows/setup_provider><PackageIdentifier>Microsoft-Windows-TFTP-Client-FOD-en-US</PackageIdentifier>
<InitialPackageState>5064</InitialPackageState>
<InitialPackageStateTextized>Staged</InitialPackageStateTextized>
<IntendedPackageState>5064</IntendedPackageState>
<IntendedPackageStateTextized>Staged</IntendedPackageStateTextized>
<Client>Arbiter</Client>
</CbsPackageInitiateChanges>
</UserData>
</Event>
ElfRec#000043 (0x00005ca8)	2026-01-14T04:56:05.3587333Z	size=384
<Event xmlns=http://schemas.microsoft.com/win/2004/08/events/event><System><Provider Name=Microsoft-Windows-Servicing Guid={bd12f3b8-fc40-4a61-a307-b7a013a069c1}/>
<EventID Qualifiers=(null)>1</EventID>
<Version>0</Version>
<Level>0</Level>
<Task>1</Task>
<Opcode>0</Opcode>
<Keywords>0x8000000000000000</Keywords>
<TimeCreated SystemTime=2026-01-14T04:56:05.358733300Z/>
<EventRecordID>43</EventRecordID>
<Correlation ActivityID=(null) RelatedActivityID=(null)/>
<Execution ProcessID=2264 ThreadID=7224/>
<Channel>Setup</Channel>
<Computer>DESKTOP-5VCD46O</Computer>
<Security UserID=S-1-5-18/>
</System>
<UserData><CbsPackageInitiateChanges xmlns=http://manifests.microsoft.com/win/2004/08/windows/setup_provider><PackageIdentifier>KB777778</PackageIdentifier>
<InitialPackageState>5064</InitialPackageState>
<InitialPackageStateTextized>Staged</InitialPackageStateTextized>
<IntendedPackageState>5064</IntendedPackageState>
<IntendedPackageStateTextized>Staged</IntendedPackageStateTextized>
<Client>Arbiter</Client>
</CbsPackageInitiateChanges>
</UserData>
</Event>
