ElfRec#000044 (0x00005e28)	2026-01-14T04:56:05.3587355Z	size=384
<Event xmlns=http://schemas.microsoft.com/win/2004/08/events/event><System><Provider Name=Microsoft-Windows-Servicing Guid={bd12f3b8-fc40-4a61-a307-b7a013a069c1}/>
<EventID Qualifiers=(null)>1</EventID>
<Version>0</Version>
<Level>0</Level>
<Task>1</Task>
<Opcode>0</Opcode>
<Keywords>0x8000000000000000</Keywords>
<TimeCreated SystemTime=2026-01-14T04:56:05.358735500Z/>
<EventRecordID>44</EventRecordID>
<Correlation ActivityID=(null) RelatedActivityID=(null)/>
<Execution ProcessID=2264 ThreadID=7224/>
<Channel>Setup</Channel>
<Computer>DESKTOP-5VCD46O</Computer>
<Security UserID=S-1-5-18/>
</System>
<UserData><CbsPackageInitiateChanges xmlns=http://manifests.microsoft.com/win/2004/08/windows/setup_provider><PackageIdentifier>KB777778</PackageIdentifier>
<InitialPackageState>5064</InitialPackageState>
<InitialPackageStateTextized>Staged</InitialPackageStateTextized>
<IntendedPackageState>5064</IntendedPackageState>
<IntendedPackageStateTextized>Staged</IntendedPackageStateTextized>
<Client>Arbiter</Client>
</CbsPackageInitiateChanges>
</UserData>
</Event>
ElfRec#000045 (0x00005fa8)	2026-01-14T04:56:05.3587379Z	size=440
<Event xmlns=http://schemas.microsoft.com/win/2004/08/events/event><System><Provider Name=Microsoft-Windows-Servicing Guid={bd12f3b8-fc40-4a61-a307-b7a013a069c1}/>
<EventID Qualifiers=(null)>1</EventID>
<Version>0</Version>
<Level>0</Level>
<Task>1</Task>
<Opcode>0</Opcode>
<Keywords>0x8000000000000000</Keywords>
<TimeCreated SystemTime=2026-01-14T04:56:05.358737900Z/>
<EventRecordID>45</EventRecordID>
<Correlation ActivityID=(null) RelatedActivityID=(null)/>
<Execution ProcessID=2264 ThreadID=7224/>
<Channel>Setup</Channel>
<Computer>DESKTOP-5VCD46O</Computer>
<Security UserID=S-1-5-18/>
</System>
<UserData><CbsPackageInitiateChanges xmlns=http://manifests.microsoft.com/win/2004/08/windows/setup_provider><PackageIdentifier>Microsoft-Windows-VBSCRIPT-FoD-en-US</PackageIdentifier>
<InitialPackageState>5064</InitialPackageState>
<InitialPackageStateTextized>Staged</InitialPackageStateTextized>
<IntendedPackageState>5064</IntendedPackageState>
<IntendedPackageStateTextized>Staged</IntendedPackageStateTextized>
<Client>Arbiter</Client>
</CbsPackageInitiateChanges>
</UserData>
</Event>
ElfRec#000046 (0x00006160)	2026-01-14T04:56:05.3587405Z	size=384
<Event xmlns=http://schemas.microsoft.com/win/2004/08/events/event><System><Provider Name=Microsoft-Windows-Servicing Guid={bd12f3b8-fc40-4a61-a307-b7a013a069c1}/>
<EventID Qualifiers=(null)>1</EventID>
<Version>0</Version>
<Level>0</Level>
<Task>1</Task>
<Opcode>0</Opcode>
<Keywords>0x8000000000000000</Keywords>
<TimeCreated SystemTime=2026-01-14T04:56:05.358740500Z/>
<EventRecordID>46</EventRecordID>
<Correlation ActivityID=(null) RelatedActivityID=(null)/>
<Execution ProcessID=2264 ThreadID=7224/>
<Channel>Setup</Channel>
<Computer>DESKTOP-5VCD46O</Computer>
<Security UserID=S-1-5-18/>
</System>
<UserData><CbsPackageInitiateChanges xmlns=http://manifests.microsoft.com/win/2004/08/windows/setup_provider><PackageIdentifier>KB777778</PackageIdentifier>
<InitialPackageState>5064</InitialPackageState>
<InitialPackageStateTextized>Staged</InitialPackageStateTextized>
<IntendedPackageState>5064</IntendedPackageState>
<IntendedPackageStateTextized>Staged</IntendedPackageStateTextized>
<Client>Arbiter</Client>
</CbsPackageInitiateChanges>
</UserData>
</Event>
ElfRec#000047 (0x000062e0)	2026-01-14T04:56:05.3587428Z	size=384
<Event xmlns=http://schemas.microsoft.com/win/2004/08/events/event><System><Provider Name=Microsoft-Windows-Servicing Guid={bd12f3b8-fc40-4a61-a307-b7a013a069c1}/>
<EventID Qualifiers=(null)>1</EventID>
<Version>0</Version>
<Level>0</Level>
<Task>1</Task>
<Opcode>0</Opcode>
<Keywords>0x8000000000000000</Keywords>
<TimeCreated SystemTime=2026-01-14T04:56:05.358742800Z/>
<EventRecordID>47</EventRecordID>
<Correlation ActivityID=(null) RelatedActivityID=(null)/>
<Execution ProcessID=2264 ThreadID=7224/>
<Channel>Setup</Channel>
<Computer>DESKTOP-5VCD46O</Computer>
<Security UserID=S-1-5-18/>
</System>
<UserData><CbsPackageInitiateChanges xmlns=http://manifests.microsoft.com/win/2004/08/windows/setup_provider><PackageIdentifier>KB777778</PackageIdentifier>
<InitialPackageState>5064</InitialPackageState>
<InitialPackageStateTextized>Staged</InitialPackageStateTextized>
<IntendedPackageState>5064</IntendedPackageState>
<IntendedPackageStateTextized>Staged</IntendedPackageStateTextized>
<Client>Arbiter</Client>
</CbsPackageInitiateChanges>
</UserData>
</Event>
ElfRec#000048 (0x00006460)	2026-01-14T04:56:05.3587449Z	size=384
<Event xmlns=http://schemas.microsoft.com/win/2004/08/events/event><System><Provider Name=Microsoft-Windows-Servicing Guid={bd12f3b8-fc40-4a61-a307-b7a013a069c1}/>
<EventID Qualifiers=(null)>1</EventID>
<Version>0</Version>
<Level>0</Level>
<Task>1</Task>
<Opcode>0</Opcode>
<Keywords>0x8000000000000000</Keywords>
<TimeCreated SystemTime=2026-01-14T04:56:05.358744900Z/>
<EventRecordID>48</EventRecordID>
<Correlation ActivityID=(null) RelatedActivityID=(null)/>
<Execution ProcessID=2264 ThreadID=7224/>
<Channel>Setup</Channel>
<Computer>DESKTOP-5VCD46O</Computer>
<Security UserID=S-1-5-18/>
</System>
<UserData><CbsPackageInitiateChanges xmlns=http://manifests.microsoft.com/win/2004/08/windows/setup_provider><PackageIdentifier>KB777778</PackageIdentifier>
<InitialPackageState>5064</InitialPackageState>
<InitialPackageStateTextized>Staged</InitialPackageStateTextized>
<IntendedPackageState>5064</IntendedPackageState>
<IntendedPackageStateTextized>Staged</IntendedPackageStateTextized>
<Client>Arbiter</Client>
</CbsPackageInitiateChanges>
</UserData>
</Event>
ElfRec#000049 (0x000065e0)	2026-01-14T04:56:05.3587475Z	size=432
<Event xmlns=http://schemas.microsoft.com/win/2004/08/events/event><System><Provider Name=Microsoft-Windows-Servicing Guid={bd12f3b8-fc40-4a61-a307-b7a013a069c1}/>
<EventID Qualifiers=(null)>1</EventID>
<Version>0</Version>
<Level>0</Level>
<Task>1</Task>
<Opcode>0</Opcode>
<Keywords>0x8000000000000000</Keywords>
<TimeCreated SystemTime=2026-01-14T04:56:05.358747500Z/>
<EventRecordID>49</EventRecordID>
<Correlation ActivityID=(null) RelatedActivityID=(null)/>
<Execution ProcessID=2264 ThreadID=7224/>
<Channel>Setup</Channel>
<Computer>DESKTOP-5VCD46O</Computer>
<Security UserID=S-1-5-18/>
</System>
<UserData><CbsPackageInitiateChanges xmlns=http://manifests.microsoft.com/win/2004/08/windows/setup_provider><PackageIdentifier>Microsoft-Windows-WinOcr-FOD-en-US</PackageIdentifier>
<InitialPackageState>5064</InitialPackageState>
<InitialPackageStateTextized>Staged</InitialPackageStateTextized>
<IntendedPackageState>5064</IntendedPackageState>
<IntendedPackageStateTextized>Staged</IntendedPackageStateTextized>
<Client>Arbiter</Client>
</CbsPackageInitiateChanges>
</UserData>
</Event>
ElfRec#000050 (0x00006790)	2026-01-14T04:56:05.3587500Z	size=384
<Event xmlns=http://schemas.microsoft.com/win/2004/08/events/event><System><Provider Name=Microsoft-Windows-Servicing Guid={bd12f3b8-fc40-4a61-a307-b7a013a069c1}/>
<EventID Qualifiers=(null)>1</EventID>
<Version>0</Version>
<Level>0</Level>
<Task>1</Task>
<Opcode>0</Opcode>
<Keywords>0x8000000000000000</Keywords>
<TimeCreated SystemTime=2026-01-14T04:56:05.358750000Z/>
<EventRecordID>50</EventRecordID>
<Correlation ActivityID=(null) RelatedActivityID=(null)/>
<Execution ProcessID=2264 ThreadID=7224/>
<Channel>Setup</Channel>
<Computer>DESKTOP-5VCD46O</Computer>
<Security UserID=S-1-5-18/>
</System>
<UserData><CbsPackageInitiateChanges xmlns=http://manifests.microsoft.com/win/2004/08/windows/setup_provider><PackageIdentifier>KB777778</PackageIdentifier>
<InitialPackageState>5064</InitialPackageState>
<InitialPackageStateTextized>Staged</InitialPackageStateTextized>
<IntendedPackageState>5064</IntendedPackageState>
<IntendedPackageStateTextized>Staged</IntendedPackageStateTextized>
<Client>Arbiter</Client>
</CbsPackageInitiateChanges>
</UserData>
</Event>
ElfRec#000051 (0x00006910)	2026-01-14T04:56:05.3587522Z	size=384
<Event xmlns=http://schemas.microsoft.com/win/2004/08/events/event><System><Provider Name=Microsoft-Windows-Servicing Guid={bd12f3b8-fc40-4a61-a307-b7a013a069c1}/>
<EventID Qualifiers=(null)>1</EventID>
<Version>0</Version>
<Level>0</Level>
<Task>1</Task>
<Opcode>0</Opcode>
<Keywords>0x8000000000000000</Keywords>
<TimeCreated SystemTime=2026-01-14T04:56:05.358752200Z/>
<EventRecordID>51</EventRecordID>
<Correlation ActivityID=(null) RelatedActivityID=(null)/>
<Execution ProcessID=2264 ThreadID=7224/>
<Channel>Setup</Channel>
<Computer>DESKTOP-5VCD46O</Computer>
<Security UserID=S-1-5-18/>
</System>
<UserData><CbsPackageInitiateChanges xmlns=http://manifests.microsoft.com/win/2004/08/windows/setup_provider><PackageIdentifier>KB777778</PackageIdentifier>
<InitialPackageState>5064</InitialPackageState>
<InitialPackageStateTextized>Staged</InitialPackageStateTextized>
<IntendedPackageState>5064</IntendedPackageState>
<IntendedPackageStateTextized>Staged</IntendedPackageStateTextized>
<Client>Arbiter</Client>
</CbsPackageInitiateChanges>
</UserData>
</Event>
ElfRec#000052 (0x00006a90)	2026-01-14T04:56:05.3587547Z	size=384
<Event xmlns=http://schemas.microsoft.com/win/2004/08/events/event><System><Provider Name=Microsoft-Windows-Servicing Guid={bd12f3b8-fc40-4a61-a307-b7a013a069c1}/>
<EventID Qualifiers=(null)>1</EventID>
<Version>0</Version>
<Level>0</Level>
<Task>1</Task>
<Opcode>0</Opcode>
<Keywords>0x8000000000000000</Keywords>
<TimeCreated SystemTime=2026-01-14T04:56:05.358754700Z/>
<EventRecordID>52</EventRecordID>
<Correlation ActivityID=(null) RelatedActivityID=(null)/>
<Execution ProcessID=2264 ThreadID=7224/>
<Channel>Setup</Channel>
<Computer>DESKTOP-5VCD46O</Computer>
<Security UserID=S-1-5-18/>
</System>
<UserData><CbsPackageInitiateChanges xmlns=http://manifests.microsoft.com/win/2004/08/windows/setup_provider><PackageIdentifier>KB777778</PackageIdentifier>
<InitialPackageState>5064</InitialPackageState>
<InitialPackageStateTextized>Staged</InitialPackageStateTextized>
<IntendedPackageState>5064</IntendedPackageState>
<IntendedPackageStateTextized>Staged</IntendedPackageStateTextized>
<Client>Arbiter</Client>
</CbsPackageInitiateChanges>
</UserData>
</Event>
ElfRec#000053 (0x00006c10)	2026-01-14T04:56:05.3587645Z	size=440
<Event xmlns=http://schemas.microsoft.com/win/2004/08/events/event><System><Provider Name=Microsoft-Windows-Servicing Guid={bd12f3b8-fc40-4a61-a307-b7a013a069c1}/>
<EventID Qualifiers=(null)>1</EventID>
<Version>0</Version>
<Level>0</Level>
<Task>1</Task>
<Opcode>0</Opcode>
<Keywords>0x8000000000000000</Keywords>
<TimeCreated SystemTime=2026-01-14T04:56:05.358764500Z/>
<EventRecordID>53</EventRecordID>
<Correlation ActivityID=(null) RelatedActivityID=(null)/>
<Execution ProcessID=2264 ThreadID=7224/>
<Channel>Setup</Channel>
<Computer>DESKTOP-5VCD46O</Computer>
<Security UserID=S-1-5-18/>
</System>
<UserData><CbsPackageInitiateChanges xmlns=http://manifests.microsoft.com/win/2004/08/windows/setup_provider><PackageIdentifier>Microsoft-Windows-SenseClient-FoD-en-US</PackageIdentifier>
<InitialPackageState>5064</InitialPackageState>
<InitialPackageStateTextized>Staged</InitialPackageStateTextized>
<IntendedPackageState>5064</IntendedPackageState>
<IntendedPackageStateTextized>Staged</IntendedPackageStateTextized>
<Client>Arbiter</Client>
</CbsPackageInitiateChanges>
</UserData>
</Event>
ElfRec#000054 (0x00006dc8)	2026-01-14T04:56:05.3587671Z	size=384
<Event xmlns=http://schemas.microsoft.com/win/2004/08/events/event><System><Provider Name=Microsoft-Windows-Servicing Guid={bd12f3b8-fc40-4a61-a307-b7a013a069c1}/>
<EventID Qualifiers=(null)>1</EventID>
<Version>0</Version>
<Level>0</Level>
<Task>1</Task>
<Opcode>0</Opcode>
<Keywords>0x8000000000000000</Keywords>
<TimeCreated SystemTime=2026-01-14T04:56:05.358767100Z/>
<EventRecordID>54</EventRecordID>
<Correlation ActivityID=(null) RelatedActivityID=(null)/>
<Execution ProcessID=2264 ThreadID=7224/>
<Channel>Setup</Channel>
<Computer>DESKTOP-5VCD46O</Computer>
<Security UserID=S-1-5-18/>
</System>
<UserData><CbsPackageInitiateChanges xmlns=http://manifests.microsoft.com/win/2004/08/windows/setup_provider><PackageIdentifier>KB777778</PackageIdentifier>
<InitialPackageState>5064</InitialPackageState>
<InitialPackageStateTextized>Staged</InitialPackageStateTextized>
<IntendedPackageState>5064</IntendedPackageState>
<IntendedPackageStateTextized>Staged</IntendedPackageStateTextized>
<Client>Arbiter</Client>
</CbsPackageInitiateChanges>
</UserData>
</Event>
ElfRec#000055 (0x00006f48)	2026-01-14T04:56:15.3513357Z	size=688
<Event xmlns=http://schemas.microsoft.com/win/2004/08/events/event><System><Provider Name=Microsoft-Windows-Servicing Guid={bd12f3b8-fc40-4a61-a307-b7a013a069c1}/>
<EventID Qualifiers=(null)>2</EventID>
<Version>0</Version>
<Level>0</Level>
<Task>1</Task>
<Opcode>0</Opcode>
<Keywords>0x8000000000000000</Keywords>
<TimeCreated SystemTime=2026-01-14T04:56:15.351335700Z/>
<EventRecordID>55</EventRecordID>
<Correlation ActivityID=(null) RelatedActivityID=(null)/>
<Execution ProcessID=2264 ThreadID=7224/>
<Channel>Setup</Channel>
<Computer>DESKTOP-5VCD46O</Computer>
<Security UserID=S-1-5-18/>
</System>
<UserData><CbsPackageChangeState xmlns=http://manifests.microsoft.com/win/2004/08/windows/setup_provider><PackageIdentifier>KB5043080</PackageIdentifier>
<IntendedPackageState>5064</IntendedPackageState>
<IntendedPackageStateTextized>Staged</IntendedPackageStateTextized>
<ErrorCode>0x0</ErrorCode>
<Client>Arbiter</Client>
</CbsPackageChangeState>
</UserData>
</Event>
ElfRec#000056 (0x000071f8)	2026-01-14T04:56:15.3513444Z	size=408
<Event xmlns=http://schemas.microsoft.com/win/2004/08/events/event><System><Provider Name=Microsoft-Windows-Servicing Guid={bd12f3b8-fc40-4a61-a307-b7a013a069c1}/>
<EventID Qualifiers=(null)>2</EventID>
<Version>0</Version>
<Level>0</Level>
<Task>1</Task>
<Opcode>0</Opcode>
<Keywords>0x8000000000000000</Keywords>
<TimeCreated SystemTime=2026-01-14T04:56:15.351344400Z/>
<EventRecordID>56</EventRecordID>
<Correlation ActivityID=(null) RelatedActivityID=(null)/>
<Execution ProcessID=2264 ThreadID=7224/>
<Channel>Setup</Channel>
<Computer>DESKTOP-5VCD46O</Computer>
<Security UserID=S-1-5-18/>
</System>
<UserData><CbsPackageChangeState xmlns=http://manifests.microsoft.com/win/2004/08/windows/setup_provider><PackageIdentifier>Windows Professional Edition</PackageIdentifier>
<IntendedPackageState>5064</IntendedPackageState>
<IntendedPackageStateTextized>Staged</IntendedPackageStateTextized>
<ErrorCode>0x0</ErrorCode>
<Client>Arbiter</Client>
</CbsPackageChangeState>
</UserData>
</Event>
ElfRec#000057 (0x00007390)	2026-01-14T04:56:15.3513520Z	size=368
<Event xmlns=http://schemas.microsoft.com/win/2004/08/events/event><System><Provider Name=Microsoft-Windows-Servicing Guid={bd12f3b8-fc40-4a61-a307-b7a013a069c1}/>
<EventID Qualifiers=(null)>2</EventID>
<Version>0</Version>
<Level>0</Level>
<Task>1</Task>
<Opcode>0</Opcode>
<Keywords>0x8000000000000000</Keywords>
<TimeCreated SystemTime=2026-01-14T04:56:15.351352000Z/>
<EventRecordID>57</EventRecordID>
<Correlation ActivityID=(null) RelatedActivityID=(null)/>
<Execution ProcessID=2264 ThreadID=7224/>
<Channel>Setup</Channel>
<Computer>DESKTOP-5VCD46O</Computer>
<Security UserID=S-1-5-18/>
</System>
<UserData><CbsPackageChangeState xmlns=http://manifests.microsoft.com/win/2004/08/windows/setup_provider><PackageIdentifier>KB777778</PackageIdentifier>
<IntendedPackageState>5064</IntendedPackageState>
<IntendedPackageStateTextized>Staged</IntendedPackageStateTextized>
<ErrorCode>0x0</ErrorCode>
<Client>Arbiter</Client>
</CbsPackageChangeState>
</UserData>
</Event>
ElfRec#000058 (0x00007500)	2026-01-14T04:56:15.3513585Z	size=368
<Event xmlns=http://schemas.microsoft.com/win/2004/08/events/event><System><Provider Name=Microsoft-Windows-Servicing Guid={bd12f3b8-fc40-4a61-a307-b7a013a069c1}/>
<EventID Qualifiers=(null)>2</EventID>
<Version>0</Version>
<Level>0</Level>
<Task>1</Task>
<Opcode>0</Opcode>
<Keywords>0x8000000000000000</Keywords>
<TimeCreated SystemTime=2026-01-14T04:56:15.351358500Z/>
<EventRecordID>58</EventRecordID>
<Correlation ActivityID=(null) RelatedActivityID=(null)/>
<Execution ProcessID=2264 ThreadID=7224/>
<Channel>Setup</Channel>
<Computer>DESKTOP-5VCD46O</Computer>
<Security UserID=S-1-5-18/>
</System>
<UserData><CbsPackageChangeState xmlns=http://manifests.microsoft.com/win/2004/08/windows/setup_provider><PackageIdentifier>KB777778</PackageIdentifier>
<IntendedPackageState>5064</IntendedPackageState>
<IntendedPackageStateTextized>Staged</IntendedPackageStateTextized>
<ErrorCode>0x0</ErrorCode>
<Client>Arbiter</Client>
</CbsPackageChangeState>
</UserData>
</Event>
ElfRec#000059 (0x00007670)	2026-01-14T04:56:15.3513642Z	size=368
<Event xmlns=http://schemas.microsoft.com/win/2004/08/events/event><System><Provider Name=Microsoft-Windows-Servicing Guid={bd12f3b8-fc40-4a61-a307-b7a013a069c1}/>
<EventID Qualifiers=(null)>2</EventID>
<Version>0</Version>
<Level>0</Level>
<Task>1</Task>
<Opcode>0</Opcode>
<Keywords>0x8000000000000000</Keywords>
<TimeCreated SystemTime=2026-01-14T04:56:15.351364200Z/>
<EventRecordID>59</EventRecordID>
<Correlation ActivityID=(null) RelatedActivityID=(null)/>
<Execution ProcessID=2264 ThreadID=7224/>
<Channel>Setup</Channel>
<Computer>DESKTOP-5VCD46O</Computer>
<Security UserID=S-1-5-18/>
</System>
<UserData><CbsPackageChangeState xmlns=http://manifests.microsoft.com/win/2004/08/windows/setup_provider><PackageIdentifier>KB777778</PackageIdentifier>
<IntendedPackageState>5064</IntendedPackageState>
<IntendedPackageStateTextized>Staged</IntendedPackageStateTextized>
<ErrorCode>0x0</ErrorCode>
<Client>Arbiter</Client>
</CbsPackageChangeState>
</UserData>
</Event>
ElfRec#000060 (0x000077e0)	2026-01-14T04:56:15.3513774Z	size=376
<Event xmlns=http://schemas.microsoft.com/win/2004/08/events/event><System><Provider Name=Microsoft-Windows-Servicing Guid={bd12f3b8-fc40-4a61-a307-b7a013a069c1}/>
<EventID Qualifiers=(null)>2</EventID>
<Version>0</Version>
<Level>0</Level>
<Task>1</Task>
<Opcode>0</Opcode>
<Keywords>0x8000000000000000</Keywords>
<TimeCreated SystemTime=2026-01-14T04:56:15.351377400Z/>
<EventRecordID>60</EventRecordID>
<Correlation ActivityID=(null) RelatedActivityID=(null)/>
<Execution ProcessID=2264 ThreadID=7224/>
<Channel>Setup</Channel>
<Computer>DESKTOP-5VCD46O</Computer>
<Security UserID=S-1-5-18/>
</System>
<UserData><CbsPackageChangeState xmlns=http://manifests.microsoft.com/win/2004/08/windows/setup_provider><PackageIdentifier>Language Pack</PackageIdentifier>
<IntendedPackageState>5064</IntendedPackageState>
<IntendedPackageStateTextized>Staged</IntendedPackageStateTextized>
<ErrorCode>0x0</ErrorCode>
<Client>Arbiter</Client>
</CbsPackageChangeState>
</UserData>
</Event>
ElfRec#000061 (0x00007958)	2026-01-14T04:56:15.3513834Z	size=368
<Event xmlns=http://schemas.microsoft.com/win/2004/08/events/event><System><Provider Name=Microsoft-Windows-Servicing Guid={bd12f3b8-fc40-4a61-a307-b7a013a069c1}/>
<EventID Qualifiers=(null)>2</EventID>
<Version>0</Version>
<Level>0</Level>
<Task>1</Task>
<Opcode>0</Opcode>
<Keywords>0x8000000000000000</Keywords>
<TimeCreated SystemTime=2026-01-14T04:56:15.351383400Z/>
<EventRecordID>61</EventRecordID>
<Correlation ActivityID=(null) RelatedActivityID=(null)/>
<Execution ProcessID=2264 ThreadID=7224/>
<Channel>Setup</Channel>
<Computer>DESKTOP-5VCD46O</Computer>
<Security UserID=S-1-5-18/>
</System>
<UserData><CbsPackageChangeState xmlns=http://manifests.microsoft.com/win/2004/08/windows/setup_provider><PackageIdentifier>KB777778</PackageIdentifier>
<IntendedPackageState>5064</IntendedPackageState>
<IntendedPackageStateTextized>Staged</IntendedPackageStateTextized>
<ErrorCode>0x0</ErrorCode>
<Client>Arbiter</Client>
</CbsPackageChangeState>
</UserData>
</Event>
ElfRec#000062 (0x00007ac8)	2026-01-14T04:56:15.3513873Z	size=368
<Event xmlns=http://schemas.microsoft.com/win/2004/08/events/event><System><Provider Name=Microsoft-Windows-Servicing Guid={bd12f3b8-fc40-4a61-a307-b7a013a069c1}/>
<EventID Qualifiers=(null)>2</EventID>
<Version>0</Version>
<Level>0</Level>
<Task>1</Task>
<Opcode>0</Opcode>
<Keywords>0x8000000000000000</Keywords>
<TimeCreated SystemTime=2026-01-14T04:56:15.351387300Z/>
<EventRecordID>62</EventRecordID>
<Correlation ActivityID=(null) RelatedActivityID=(null)/>
<Execution ProcessID=2264 ThreadID=7224/>
<Channel>Setup</Channel>
<Computer>DESKTOP-5VCD46O</Computer>
<Security UserID=S-1-5-18/>
</System>
<UserData><CbsPackageChangeState xmlns=http://manifests.microsoft.com/win/2004/08/windows/setup_provider><PackageIdentifier>KB777778</PackageIdentifier>
<IntendedPackageState>5064</IntendedPackageState>
<IntendedPackageStateTextized>Staged</IntendedPackageStateTextized>
<ErrorCode>0x0</ErrorCode>
<Client>Arbiter</Client>
</CbsPackageChangeState>
</UserData>
</Event>
ElfRec#000063 (0x00007c38)	2026-01-14T04:56:15.3513940Z	size=368
<Event xmlns=http://schemas.microsoft.com/win/2004/08/events/event><System><Provider Name=Microsoft-Windows-Servicing Guid={bd12f3b8-fc40-4a61-a307-b7a013a069c1}/>
<EventID Qualifiers=(null)>2</EventID>
<Version>0</Version>
<Level>0</Level>
<Task>1</Task>
<Opcode>0</Opcode>
<Keywords>0x8000000000000000</Keywords>
<TimeCreated SystemTime=2026-01-14T04:56:15.351394000Z/>
<EventRecordID>63</EventRecordID>
<Correlation ActivityID=(null) RelatedActivityID=(null)/>
<Execution ProcessID=2264 ThreadID=7224/>
<Channel>Setup</Channel>
<Computer>DESKTOP-5VCD46O</Computer>
<Security UserID=S-1-5-18/>
</System>
<UserData><CbsPackageChangeState xmlns=http://manifests.microsoft.com/win/2004/08/windows/setup_provider><PackageIdentifier>KB777778</PackageIdentifier>
<IntendedPackageState>5064</IntendedPackageState>
<IntendedPackageStateTextized>Staged</IntendedPackageStateTextized>
<ErrorCode>0x0</ErrorCode>
<Client>Arbiter</Client>
</CbsPackageChangeState>
</UserData>
</Event>
ElfRec#000064 (0x00007da8)	2026-01-14T04:56:15.3513979Z	size=368
<Event xmlns=http://schemas.microsoft.com/win/2004/08/events/event><System><Provider Name=Microsoft-Windows-Servicing Guid={bd12f3b8-fc40-4a61-a307-b7a013a069c1}/>
<EventID Qualifiers=(null)>2</EventID>
<Version>0</Version>
<Level>0</Level>
<Task>1</Task>
<Opcode>0</Opcode>
<Keywords>0x8000000000000000</Keywords>
<TimeCreated SystemTime=2026-01-14T04:56:15.351397900Z/>
<EventRecordID>64</EventRecordID>
<Correlation ActivityID=(null) RelatedActivityID=(null)/>
<Execution ProcessID=2264 ThreadID=7224/>
<Channel>Setup</Channel>
<Computer>DESKTOP-5VCD46O</Computer>
<Security UserID=S-1-5-18/>
</System>
<UserData><CbsPackageChangeState xmlns=http://manifests.microsoft.com/win/2004/08/windows/setup_provider><PackageIdentifier>KB777778</PackageIdentifier>
<IntendedPackageState>5064</IntendedPackageState>
<IntendedPackageStateTextized>Staged</IntendedPackageStateTextized>
<ErrorCode>0x0</ErrorCode>
<Client>Arbiter</Client>
</CbsPackageChangeState>
</UserData>
</Event>
ElfRec#000065 (0x00007f18)	2026-01-14T04:56:15.3514030Z	size=368
<Event xmlns=http://schemas.microsoft.com/win/2004/08/events/event><System><Provider Name=Microsoft-Windows-Servicing Guid={bd12f3b8-fc40-4a61-a307-b7a013a069c1}/>
<EventID Qualifiers=(null)>2</EventID>
<Version>0</Version>
<Level>0</Level>
<Task>1</Task>
<Opcode>0</Opcode>
<Keywords>0x8000000000000000</Keywords>
<TimeCreated SystemTime=2026-01-14T04:56:15.351403000Z/>
<EventRecordID>65</EventRecordID>
<Correlation ActivityID=(null) RelatedActivityID=(null)/>
<Execution ProcessID=2264 ThreadID=7224/>
<Channel>Setup</Channel>
<Computer>DESKTOP-5VCD46O</Computer>
<Security UserID=S-1-5-18/>
</System>
<UserData><CbsPackageChangeState xmlns=http://manifests.microsoft.com/win/2004/08/windows/setup_provider><PackageIdentifier>KB777778</PackageIdentifier>
<IntendedPackageState>5064</IntendedPackageState>
<IntendedPackageStateTextized>Staged</IntendedPackageStateTextized>
<ErrorCode>0x0</ErrorCode>
<Client>Arbiter</Client>
</CbsPackageChangeState>
</UserData>
</Event>
ElfRec#000066 (0x00008088)	2026-01-14T04:56:15.3514122Z	size=448
<Event xmlns=http://schemas.microsoft.com/win/2004/08/events/event><System><Provider Name=Microsoft-Windows-Servicing Guid={bd12f3b8-fc40-4a61-a307-b7a013a069c1}/>
<EventID Qualifiers=(null)>2</EventID>
<Version>0</Version>
<Level>0</Level>
<Task>1</Task>
<Opcode>0</Opcode>
<Keywords>0x8000000000000000</Keywords>
<TimeCreated SystemTime=2026-01-14T04:56:15.351412200Z/>
<EventRecordID>66</EventRecordID>
<Correlation ActivityID=(null) RelatedActivityID=(null)/>
<Execution ProcessID=2264 ThreadID=7224/>
<Channel>Setup</Channel>
<Computer>DESKTOP-5VCD46O</Computer>
<Security UserID=S-1-5-18/>
</System>
<UserData><CbsPackageChangeState xmlns=http://manifests.microsoft.com/win/2004/08/windows/setup_provider><PackageIdentifier>Microsoft-Windows-InternetExplorer-Optional-en-US</PackageIdentifier>
<IntendedPackageState>5064</IntendedPackageState>
<IntendedPackageStateTextized>Staged</IntendedPackageStateTextized>
<ErrorCode>0x0</ErrorCode>
<Client>Arbiter</Client>
</CbsPackageChangeState>
</UserData>
</Event>
ElfRec#000067 (0x00008248)	2026-01-14T04:56:15.3514170Z	size=368
<Event xmlns=http://schemas.microsoft.com/win/2004/08/events/event><System><Provider Name=Microsoft-Windows-Servicing Guid={bd12f3b8-fc40-4a61-a307-b7a013a069c1}/>
<EventID Qualifiers=(null)>2</EventID>
<Version>0</Version>
<Level>0</Level>
<Task>1</Task>
<Opcode>0</Opcode>
<Keywords>0x8000000000000000</Keywords>
<TimeCreated SystemTime=2026-01-14T04:56:15.351417000Z/>
<EventRecordID>67</EventRecordID>
<Correlation ActivityID=(null) RelatedActivityID=(null)/>
<Execution ProcessID=2264 ThreadID=7224/>
<Channel>Setup</Channel>
<Computer>DESKTOP-5VCD46O</Computer>
<Security UserID=S-1-5-18/>
</System>
<UserData><CbsPackageChangeState xmlns=http://manifests.microsoft.com/win/2004/08/windows/setup_provider><PackageIdentifier>KB777778</PackageIdentifier>
<IntendedPackageState>5064</IntendedPackageState>
<IntendedPackageStateTextized>Staged</IntendedPackageStateTextized>
<ErrorCode>0x0</ErrorCode>
<Client>Arbiter</Client>
</CbsPackageChangeState>
</UserData>
</Event>
ElfRec#000068 (0x000083b8)	2026-01-14T04:56:15.3514214Z	size=368
<Event xmlns=http://schemas.microsoft.com/win/2004/08/events/event><System><Provider Name=Microsoft-Windows-Servicing Guid={bd12f3b8-fc40-4a61-a307-b7a013a069c1}/>
<EventID Qualifiers=(null)>2</EventID>
<Version>0</Version>
<Level>0</Level>
<Task>1</Task>
<Opcode>0</Opcode>
<Keywords>0x8000000000000000</Keywords>
<TimeCreated SystemTime=2026-01-14T04:56:15.351421400Z/>
<EventRecordID>68</EventRecordID>
<Correlation ActivityID=(null) RelatedActivityID=(null)/>
<Execution ProcessID=2264 ThreadID=7224/>
<Channel>Setup</Channel>
<Computer>DESKTOP-5VCD46O</Computer>
<Security UserID=S-1-5-18/>
</System>
<UserData><CbsPackageChangeState xmlns=http://manifests.microsoft.com/win/2004/08/windows/setup_provider><PackageIdentifier>KB777778</PackageIdentifier>
<IntendedPackageState>5064</IntendedPackageState>
<IntendedPackageStateTextized>Staged</IntendedPackageStateTextized>
<ErrorCode>0x0</ErrorCode>
<Client>Arbiter</Client>
</CbsPackageChangeState>
</UserData>
</Event>
ElfRec#000069 (0x00008528)	2026-01-14T04:56:15.3514259Z	size=368
<Event xmlns=http://schemas.microsoft.com/win/2004/08/events/event><System><Provider Name=Microsoft-Windows-Servicing Guid={bd12f3b8-fc40-4a61-a307-b7a013a069c1}/>
<EventID Qualifiers=(null)>2</EventID>
<Version>0</Version>
<Level>0</Level>
<Task>1</Task>
<Opcode>0</Opcode>
<Keywords>0x8000000000000000</Keywords>
<TimeCreated SystemTime=2026-01-14T04:56:15.351425900Z/>
<EventRecordID>69</EventRecordID>
<Correlation ActivityID=(null) RelatedActivityID=(null)/>
<Execution ProcessID=2264 ThreadID=7224/>
<Channel>Setup</Channel>
<Computer>DESKTOP-5VCD46O</Computer>
<Security UserID=S-1-5-18/>
</System>
<UserData><CbsPackageChangeState xmlns=http://manifests.microsoft.com/win/2004/08/windows/setup_provider><PackageIdentifier>KB777778</PackageIdentifier>
<IntendedPackageState>5064</IntendedPackageState>
<IntendedPackageStateTextized>Staged</IntendedPackageStateTextized>
<ErrorCode>0x0</ErrorCode>
<Client>Arbiter</Client>
</CbsPackageChangeState>
</UserData>
</Event>
ElfRec#000070 (0x00008698)	2026-01-14T04:56:15.3514302Z	size=368
<Event xmlns=http://schemas.microsoft.com/win/2004/08/events/event><System><Provider Name=Microsoft-Windows-Servicing Guid={bd12f3b8-fc40-4a61-a307-b7a013a069c1}/>
<EventID Qualifiers=(null)>2</EventID>
<Version>0</Version>
<Level>0</Level>
<Task>1</Task>
<Opcode>0</Opcode>
<Keywords>0x8000000000000000</Keywords>
<TimeCreated SystemTime=2026-01-14T04:56:15.351430200Z/>
<EventRecordID>70</EventRecordID>
<Correlation ActivityID=(null) RelatedActivityID=(null)/>
<Execution ProcessID=2264 ThreadID=7224/>
<Channel>Setup</Channel>
<Computer>DESKTOP-5VCD46O</Computer>
<Security UserID=S-1-5-18/>
</System>
<UserData><CbsPackageChangeState xmlns=http://manifests.microsoft.com/win/2004/08/windows/setup_provider><PackageIdentifier>KB777778</PackageIdentifier>
<IntendedPackageState>5064</IntendedPackageState>
<IntendedPackageStateTextized>Staged</IntendedPackageStateTextized>
<ErrorCode>0x0</ErrorCode>
<Client>Arbiter</Client>
</CbsPackageChangeState>
</UserData>
</Event>
ElfRec#000071 (0x00008808)	2026-01-14T04:56:15.3514342Z	size=368
<Event xmlns=http://schemas.microsoft.com/win/2004/08/events/event><System><Provider Name=Microsoft-Windows-Servicing Guid={bd12f3b8-fc40-4a61-a307-b7a013a069c1}/>
<EventID Qualifiers=(null)>2</EventID>
<Version>0</Version>
<Level>0</Level>
<Task>1</Task>
<Opcode>0</Opcode>
<Keywords>0x8000000000000000</Keywords>
<TimeCreated SystemTime=2026-01-14T04:56:15.351434200Z/>
<EventRecordID>71</EventRecordID>
<Correlation ActivityID=(null) RelatedActivityID=(null)/>
<Execution ProcessID=2264 ThreadID=7224/>
<Channel>Setup</Channel>
<Computer>DESKTOP-5VCD46O</Computer>
<Security UserID=S-1-5-18/>
</System>
<UserData><CbsPackageChangeState xmlns=http://manifests.microsoft.com/win/2004/08/windows/setup_provider><PackageIdentifier>KB777778</PackageIdentifier>
<IntendedPackageState>5064</IntendedPackageState>
<IntendedPackageStateTextized>Staged</IntendedPackageStateTextized>
<ErrorCode>0x0</ErrorCode>
<Client>Arbiter</Client>
</CbsPackageChangeState>
</UserData>
</Event>
ElfRec#000072 (0x00008978)	2026-01-14T04:56:15.3514384Z	size=368
<Event xmlns=http://schemas.microsoft.com/win/2004/08/events/event><System><Provider Name=Microsoft-Windows-Servicing Guid={bd12f3b8-fc40-4a61-a307-b7a013a069c1}/>
<EventID Qualifiers=(null)>2</EventID>
<Version>0</Version>
<Level>0</Level>
<Task>1</Task>
<Opcode>0</Opcode>
<Keywords>0x8000000000000000</Keywords>
<TimeCreated SystemTime=2026-01-14T04:56:15.351438400Z/>
<EventRecordID>72</EventRecordID>
<Correlation ActivityID=(null) RelatedActivityID=(null)/>
<Execution ProcessID=2264 ThreadID=7224/>
<Channel>Setup</Channel>
<Computer>DESKTOP-5VCD46O</Computer>
<Security UserID=S-1-5-18/>
</System>
<UserData><CbsPackageChangeState xmlns=http://manifests.microsoft.com/win/2004/08/windows/setup_provider><PackageIdentifier>KB777778</PackageIdentifier>
<IntendedPackageState>5064</IntendedPackageState>
<IntendedPackageStateTextized>Staged</IntendedPackageStateTextized>
<ErrorCode>0x0</ErrorCode>
<Client>Arbiter</Client>
</CbsPackageChangeState>
</UserData>
</Event>
ElfRec#000073 (0x00008ae8)	2026-01-14T04:56:15.3514474Z	size=448
<Event xmlns=http://schemas.microsoft.com/win/2004/08/events/event><System><Provider Name=Microsoft-Windows-Servicing Guid={bd12f3b8-fc40-4a61-a307-b7a013a069c1}/>
<EventID Qualifiers=(null)>2</EventID>
<Version>0</Version>
<Level>0</Level>
<Task>1</Task>
<Opcode>0</Opcode>
<Keywords>0x8000000000000000</Keywords>
<TimeCreated SystemTime=2026-01-14T04:56:15.351447400Z/>
<EventRecordID>73</EventRecordID>
<Correlation ActivityID=(null) RelatedActivityID=(null)/>
<Execution ProcessID=2264 ThreadID=7224/>
<Channel>Setup</Channel>
<Computer>DESKTOP-5VCD46O</Computer>
<Security UserID=S-1-5-18/>
</System>
<UserData><CbsPackageChangeState xmlns=http://manifests.microsoft.com/win/2004/08/windows/setup_provider><PackageIdentifier>Microsoft-Windows-Licenses-Professional-Package</PackageIdentifier>
<IntendedPackageState>5064</IntendedPackageState>
<IntendedPackageStateTextized>Staged</IntendedPackageStateTextized>
<ErrorCode>0x0</ErrorCode>
<Client>Arbiter</Client>
</CbsPackageChangeState>
</UserData>
</Event>
ElfRec#000074 (0x00008ca8)	2026-01-14T04:56:15.3514521Z	size=368
<Event xmlns=http://schemas.microsoft.com/win/2004/08/events/event><System><Provider Name=Microsoft-Windows-Servicing Guid={bd12f3b8-fc40-4a61-a307-b7a013a069c1}/>
<EventID Qualifiers=(null)>2</EventID>
<Version>0</Version>
<Level>0</Level>
<Task>1</Task>
<Opcode>0</Opcode>
<Keywords>0x8000000000000000</Keywords>
<TimeCreated SystemTime=2026-01-14T04:56:15.351452100Z/>
<EventRecordID>74</EventRecordID>
<Correlation ActivityID=(null) RelatedActivityID=(null)/>
<Execution ProcessID=2264 ThreadID=7224/>
<Channel>Setup</Channel>
<Computer>DESKTOP-5VCD46O</Computer>
<Security UserID=S-1-5-18/>
</System>
<UserData><CbsPackageChangeState xmlns=http://manifests.microsoft.com/win/2004/08/windows/setup_provider><PackageIdentifier>KB777778</PackageIdentifier>
<IntendedPackageState>5064</IntendedPackageState>
<IntendedPackageStateTextized>Staged</IntendedPackageStateTextized>
<ErrorCode>0x0</ErrorCode>
<Client>Arbiter</Client>
</CbsPackageChangeState>
</UserData>
</Event>
ElfRec#000075 (0x00008e18)	2026-01-14T04:56:15.3514600Z	size=424
<Event xmlns=http://schemas.microsoft.com/win/2004/08/events/event><System><Provider Name=Microsoft-Windows-Servicing Guid={bd12f3b8-fc40-4a61-a307-b7a013a069c1}/>
<EventID Qualifiers=(null)>2</EventID>
<Version>0</Version>
<Level>0</Level>
<Task>1</Task>
<Opcode>0</Opcode>
<Keywords>0x8000000000000000</Keywords>
<TimeCreated SystemTime=2026-01-14T04:56:15.351460000Z/>
<EventRecordID>75</EventRecordID>
<Correlation ActivityID=(null) RelatedActivityID=(null)/>
<Execution ProcessID=2264 ThreadID=7224/>
<Channel>Setup</Channel>
<Computer>DESKTOP-5VCD46O</Computer>
<Security UserID=S-1-5-18/>
</System>
<UserData><CbsPackageChangeState xmlns=http://manifests.microsoft.com/win/2004/08/windows/setup_provider><PackageIdentifier>Microsoft-Windows-MediaPlayer-en-US</PackageIdentifier>
<IntendedPackageState>5064</IntendedPackageState>
<IntendedPackageStateTextized>Staged</IntendedPackageStateTextized>
<ErrorCode>0x0</ErrorCode>
<Client>Arbiter</Client>
</CbsPackageChangeState>
</UserData>
</Event>
ElfRec#000076 (0x00008fc0)	2026-01-14T04:56:15.3514645Z	size=368
<Event xmlns=http://schemas.microsoft.com/win/2004/08/events/event><System><Provider Name=Microsoft-Windows-Servicing Guid={bd12f3b8-fc40-4a61-a307-b7a013a069c1}/>
<EventID Qualifiers=(null)>2</EventID>
<Version>0</Version>
<Level>0</Level>
<Task>1</Task>
<Opcode>0</Opcode>
<Keywords>0x8000000000000000</Keywords>
<TimeCreated SystemTime=2026-01-14T04:56:15.351464500Z/>
<EventRecordID>76</EventRecordID>
<Correlation ActivityID=(null) RelatedActivityID=(null)/>
<Execution ProcessID=2264 ThreadID=7224/>
<Channel>Setup</Channel>
<Computer>DESKTOP-5VCD46O</Computer>
<Security UserID=S-1-5-18/>
</System>
<UserData><CbsPackageChangeState xmlns=http://manifests.microsoft.com/win/2004/08/windows/setup_provider><PackageIdentifier>KB777778</PackageIdentifier>
<IntendedPackageState>5064</IntendedPackageState>
<IntendedPackageStateTextized>Staged</IntendedPackageStateTextized>
<ErrorCode>0x0</ErrorCode>
<Client>Arbiter</Client>
</CbsPackageChangeState>
</UserData>
</Event>
ElfRec#000077 (0x00009130)	2026-01-14T04:56:15.3514702Z	size=368
<Event xmlns=http://schemas.microsoft.com/win/2004/08/events/event><System><Provider Name=Microsoft-Windows-Servicing Guid={bd12f3b8-fc40-4a61-a307-b7a013a069c1}/>
<EventID Qualifiers=(null)>2</EventID>
<Version>0</Version>
<Level>0</Level>
<Task>1</Task>
<Opcode>0</Opcode>
<Keywords>0x8000000000000000</Keywords>
<TimeCreated SystemTime=2026-01-14T04:56:15.351470200Z/>
<EventRecordID>77</EventRecordID>
<Correlation ActivityID=(null) RelatedActivityID=(null)/>
<Execution ProcessID=2264 ThreadID=7224/>
<Channel>Setup</Channel>
<Computer>DESKTOP-5VCD46O</Computer>
<Security UserID=S-1-5-18/>
</System>
<UserData><CbsPackageChangeState xmlns=http://manifests.microsoft.com/win/2004/08/windows/setup_provider><PackageIdentifier>KB777778</PackageIdentifier>
<IntendedPackageState>5064</IntendedPackageState>
<IntendedPackageStateTextized>Staged</IntendedPackageStateTextized>
<ErrorCode>0x0</ErrorCode>
<Client>Arbiter</Client>
</CbsPackageChangeState>
</UserData>
</Event>
ElfRec#000078 (0x000092a0)	2026-01-14T04:56:15.3514781Z	size=432
<Event xmlns=http://schemas.microsoft.com/win/2004/08/events/event><System><Provider Name=Microsoft-Windows-Servicing Guid={bd12f3b8-fc40-4a61-a307-b7a013a069c1}/>
<EventID Qualifiers=(null)>2</EventID>
<Version>0</Version>
<Level>0</Level>
<Task>1</Task>
<Opcode>0</Opcode>
<Keywords>0x8000000000000000</Keywords>
<TimeCreated SystemTime=2026-01-14T04:56:15.351478100Z/>
<EventRecordID>78</EventRecordID>
<Correlation ActivityID=(null) RelatedActivityID=(null)/>
<Execution ProcessID=2264 ThreadID=7224/>
<Channel>Setup</Channel>
<Computer>DESKTOP-5VCD46O</Computer>
<Security UserID=S-1-5-18/>
</System>
<UserData><CbsPackageChangeState xmlns=http://manifests.microsoft.com/win/2004/08/windows/setup_provider><PackageIdentifier>Microsoft-Windows-Notepad-System-FoD-en-US</PackageIdentifier>
<IntendedPackageState>5064</IntendedPackageState>
<IntendedPackageStateTextized>Staged</IntendedPackageStateTextized>
<ErrorCode>0x0</ErrorCode>
<Client>Arbiter</Client>
</CbsPackageChangeState>
</UserData>
</Event>
ElfRec#000079 (0x00009450)	2026-01-14T04:56:15.3514819Z	size=368
<Event xmlns=http://schemas.microsoft.com/win/2004/08/events/event><System><Provider Name=Microsoft-Windows-Servicing Guid={bd12f3b8-fc40-4a61-a307-b7a013a069c1}/>
<EventID Qualifiers=(null)>2</EventID>
<Version>0</Version>
<Level>0</Level>
<Task>1</Task>
<Opcode>0</Opcode>
<Keywords>0x8000000000000000</Keywords>
<TimeCreated SystemTime=2026-01-14T04:56:15.351481900Z/>
<EventRecordID>79</EventRecordID>
<Correlation ActivityID=(null) RelatedActivityID=(null)/>
<Execution ProcessID=2264 ThreadID=7224/>
<Channel>Setup</Channel>
<Computer>DESKTOP-5VCD46O</Computer>
<Security UserID=S-1-5-18/>
</System>
<UserData><CbsPackageChangeState xmlns=http://manifests.microsoft.com/win/2004/08/windows/setup_provider><PackageIdentifier>KB777778</PackageIdentifier>
<IntendedPackageState>5064</IntendedPackageState>
<IntendedPackageStateTextized>Staged</IntendedPackageStateTextized>
<ErrorCode>0x0</ErrorCode>
<Client>Arbiter</Client>
</CbsPackageChangeState>
</UserData>
</Event>
ElfRec#000080 (0x000095c0)	2026-01-14T04:56:15.3514872Z	size=368
<Event xmlns=http://schemas.microsoft.com/win/2004/08/events/event><System><Provider Name=Microsoft-Windows-Servicing Guid={bd12f3b8-fc40-4a61-a307-b7a013a069c1}/>
<EventID Qualifiers=(null)>2</EventID>
<Version>0</Version>
<Level>0</Level>
<Task>1</Task>
<Opcode>0</Opcode>
<Keywords>0x8000000000000000</Keywords>
<TimeCreated SystemTime=2026-01-14T04:56:15.351487200Z/>
<EventRecordID>80</EventRecordID>
<Correlation ActivityID=(null) RelatedActivityID=(null)/>
<Execution ProcessID=2264 ThreadID=7224/>
<Channel>Setup</Channel>
<Computer>DESKTOP-5VCD46O</Computer>
<Security UserID=S-1-5-18/>
</System>
<UserData><CbsPackageChangeState xmlns=http://manifests.microsoft.com/win/2004/08/windows/setup_provider><PackageIdentifier>KB777778</PackageIdentifier>
<IntendedPackageState>5064</IntendedPackageState>
<IntendedPackageStateTextized>Staged</IntendedPackageStateTextized>
<ErrorCode>0x0</ErrorCode>
<Client>Arbiter</Client>
</CbsPackageChangeState>
</UserData>
</Event>
ElfRec#000081 (0x00009730)	2026-01-14T04:56:15.3514948Z	size=432
<Event xmlns=http://schemas.microsoft.com/win/2004/08/events/event><System><Provider Name=Microsoft-Windows-Servicing Guid={bd12f3b8-fc40-4a61-a307-b7a013a069c1}/>
<EventID Qualifiers=(null)>2</EventID>
<Version>0</Version>
<Level>0</Level>
<Task>1</Task>
<Opcode>0</Opcode>
<Keywords>0x8000000000000000</Keywords>
<TimeCreated SystemTime=2026-01-14T04:56:15.351494800Z/>
<EventRecordID>81</EventRecordID>
<Correlation ActivityID=(null) RelatedActivityID=(null)/>
<Execution ProcessID=2264 ThreadID=7224/>
<Channel>Setup</Channel>
<Computer>DESKTOP-5VCD46O</Computer>
<Security UserID=S-1-5-18/>
</System>
<UserData><CbsPackageChangeState xmlns=http://manifests.microsoft.com/win/2004/08/windows/setup_provider><PackageIdentifier>Microsoft-Windows-PowerShell-ISE-FOD-en-US</PackageIdentifier>
<IntendedPackageState>5064</IntendedPackageState>
<IntendedPackageStateTextized>Staged</IntendedPackageStateTextized>
<ErrorCode>0x0</ErrorCode>
<Client>Arbiter</Client>
</CbsPackageChangeState>
</UserData>
</Event>
ElfRec#000082 (0x000098e0)	2026-01-14T04:56:15.3514987Z	size=368
<Event xmlns=http://schemas.microsoft.com/win/2004/08/events/event><System><Provider Name=Microsoft-Windows-Servicing Guid={bd12f3b8-fc40-4a61-a307-b7a013a069c1}/>
<EventID Qualifiers=(null)>2</EventID>
<Version>0</Version>
<Level>0</Level>
<Task>1</Task>
<Opcode>0</Opcode>
<Keywords>0x8000000000000000</Keywords>
<TimeCreated SystemTime=2026-01-14T04:56:15.351498700Z/>
<EventRecordID>82</EventRecordID>
<Correlation ActivityID=(null) RelatedActivityID=(null)/>
<Execution ProcessID=2264 ThreadID=7224/>
<Channel>Setup</Channel>
<Computer>DESKTOP-5VCD46O</Computer>
<Security UserID=S-1-5-18/>
</System>
<UserData><CbsPackageChangeState xmlns=http://manifests.microsoft.com/win/2004/08/windows/setup_provider><PackageIdentifier>KB777778</PackageIdentifier>
<IntendedPackageState>5064</IntendedPackageState>
<IntendedPackageStateTextized>Staged</IntendedPackageStateTextized>
<ErrorCode>0x0</ErrorCode>
<Client>Arbiter</Client>
</CbsPackageChangeState>
</UserData>
</Event>
ElfRec#000083 (0x00009a50)	2026-01-14T04:56:15.3515074Z	size=440
<Event xmlns=http://schemas.microsoft.com/win/2004/08/events/event><System><Provider Name=Microsoft-Windows-Servicing Guid={bd12f3b8-fc40-4a61-a307-b7a013a069c1}/>
<EventID Qualifiers=(null)>2</EventID>
<Version>0</Version>
<Level>0</Level>
<Task>1</Task>
<Opcode>0</Opcode>
<Keywords>0x8000000000000000</Keywords>
<TimeCreated SystemTime=2026-01-14T04:56:15.351507400Z/>
<EventRecordID>83</EventRecordID>
<Correlation ActivityID=(null) RelatedActivityID=(null)/>
<Execution ProcessID=2264 ThreadID=7224/>
<Channel>Setup</Channel>
<Computer>DESKTOP-5VCD46O</Computer>
<Security UserID=S-1-5-18/>
</System>
<UserData><CbsPackageChangeState xmlns=http://manifests.microsoft.com/win/2004/08/windows/setup_provider><PackageIdentifier>Microsoft-Windows-Printing-PMCPPC-FoD-en-US</PackageIdentifier>
<IntendedPackageState>5064</IntendedPackageState>
<IntendedPackageStateTextized>Staged</IntendedPackageStateTextized>
<ErrorCode>0x0</ErrorCode>
<Client>Arbiter</Client>
</CbsPackageChangeState>
</UserData>
</Event>
ElfRec#000084 (0x00009c08)	2026-01-14T04:56:15.3515115Z	size=368
<Event xmlns=http://schemas.microsoft.com/win/2004/08/events/event><System><Provider Name=Microsoft-Windows-Servicing Guid={bd12f3b8-fc40-4a61-a307-b7a013a069c1}/>
<EventID Qualifiers=(null)>2</EventID>
<Version>0</Version>
<Level>0</Level>
<Task>1</Task>
<Opcode>0</Opcode>
<Keywords>0x8000000000000000</Keywords>
<TimeCreated SystemTime=2026-01-14T04:56:15.351511500Z/>
<EventRecordID>84</EventRecordID>
<Correlation ActivityID=(null) RelatedActivityID=(null)/>
<Execution ProcessID=2264 ThreadID=7224/>
<Channel>Setup</Channel>
<Computer>DESKTOP-5VCD46O</Computer>
<Security UserID=S-1-5-18/>
</System>
<UserData><CbsPackageChangeState xmlns=http://manifests.microsoft.com/win/2004/08/windows/setup_provider><PackageIdentifier>KB777778</PackageIdentifier>
<IntendedPackageState>5064</IntendedPackageState>
<IntendedPackageStateTextized>Staged</IntendedPackageStateTextized>
<ErrorCode>0x0</ErrorCode>
<Client>Arbiter</Client>
</CbsPackageChangeState>
</UserData>
</Event>
ElfRec#000085 (0x00009d78)	2026-01-14T04:56:15.3515204Z	size=448
<Event xmlns=http://schemas.microsoft.com/win/2004/08/events/event><System><Provider Name=Microsoft-Windows-Servicing Guid={bd12f3b8-fc40-4a61-a307-b7a013a069c1}/>
<EventID Qualifiers=(null)>2</EventID>
<Version>0</Version>
<Level>0</Level>
<Task>1</Task>
<Opcode>0</Opcode>
<Keywords>0x8000000000000000</Keywords>
<TimeCreated SystemTime=2026-01-14T04:56:15.351520400Z/>
<EventRecordID>85</EventRecordID>
<Correlation ActivityID=(null) RelatedActivityID=(null)/>
<Execution ProcessID=2264 ThreadID=7224/>
<Channel>Setup</Channel>
<Computer>DESKTOP-5VCD46O</Computer>
<Security UserID=S-1-5-18/>
</System>
<UserData><CbsPackageChangeState xmlns=http://manifests.microsoft.com/win/2004/08/windows/setup_provider><PackageIdentifier>Microsoft-Windows-ProjFS-OptionalFeature-FOD-en-US</PackageIdentifier>
<IntendedPackageState>5064</IntendedPackageState>
<IntendedPackageStateTextized>Staged</IntendedPackageStateTextized>
<ErrorCode>0x0</ErrorCode>
<Client>Arbiter</Client>
</CbsPackageChangeState>
</UserData>
</Event>
ElfRec#000086 (0x00009f38)	2026-01-14T04:56:15.3515249Z	size=368
<Event xmlns=http://schemas.microsoft.com/win/2004/08/events/event><System><Provider Name=Microsoft-Windows-Servicing Guid={bd12f3b8-fc40-4a61-a307-b7a013a069c1}/>
<EventID Qualifiers=(null)>2</EventID>
<Version>0</Version>
<Level>0</Level>
<Task>1</Task>
<Opcode>0</Opcode>
<Keywords>0x8000000000000000</Keywords>
<TimeCreated SystemTime=2026-01-14T04:56:15.351524900Z/>
<EventRecordID>86</EventRecordID>
<Correlation ActivityID=(null) RelatedActivityID=(null)/>
<Execution ProcessID=2264 ThreadID=7224/>
<Channel>Setup</Channel>
<Computer>DESKTOP-5VCD46O</Computer>
<Security UserID=S-1-5-18/>
</System>
<UserData><CbsPackageChangeState xmlns=http://manifests.microsoft.com/win/2004/08/windows/setup_provider><PackageIdentifier>KB777778</PackageIdentifier>
<IntendedPackageState>5064</IntendedPackageState>
<IntendedPackageStateTextized>Staged</IntendedPackageStateTextized>
<ErrorCode>0x0</ErrorCode>
<Client>Arbiter</Client>
</CbsPackageChangeState>
</UserData>
</Event>
ElfRec#000087 (0x0000a0a8)	2026-01-14T04:56:15.3515289Z	size=368
<Event xmlns=http://schemas.microsoft.com/win/2004/08/events/event><System><Provider Name=Microsoft-Windows-Servicing Guid={bd12f3b8-fc40-4a61-a307-b7a013a069c1}/>
<EventID Qualifiers=(null)>2</EventID>
<Version>0</Version>
<Level>0</Level>
<Task>1</Task>
<Opcode>0</Opcode>
<Keywords>0x8000000000000000</Keywords>
<TimeCreated SystemTime=2026-01-14T04:56:15.351528900Z/>
<EventRecordID>87</EventRecordID>
<Correlation ActivityID=(null) RelatedActivityID=(null)/>
<Execution ProcessID=2264 ThreadID=7224/>
<Channel>Setup</Channel>
<Computer>DESKTOP-5VCD46O</Computer>
<Security UserID=S-1-5-18/>
</System>
<UserData><CbsPackageChangeState xmlns=http://manifests.microsoft.com/win/2004/08/windows/setup_provider><PackageIdentifier>KB777778</PackageIdentifier>
<IntendedPackageState>5064</IntendedPackageState>
<IntendedPackageStateTextized>Staged</IntendedPackageStateTextized>
<ErrorCode>0x0</ErrorCode>
<Client>Arbiter</Client>
</CbsPackageChangeState>
</UserData>
</Event>
ElfRec#000088 (0x0000a218)	2026-01-14T04:56:15.3515334Z	size=368
<Event xmlns=http://schemas.microsoft.com/win/2004/08/events/event><System><Provider Name=Microsoft-Windows-Servicing Guid={bd12f3b8-fc40-4a61-a307-b7a013a069c1}/>
<EventID Qualifiers=(null)>2</EventID>
<Version>0</Version>
<Level>0</Level>
<Task>1</Task>
<Opcode>0</Opcode>
<Keywords>0x8000000000000000</Keywords>
<TimeCreated SystemTime=2026-01-14T04:56:15.351533400Z/>
<EventRecordID>88</EventRecordID>
<Correlation ActivityID=(null) RelatedActivityID=(null)/>
<Execution ProcessID=2264 ThreadID=7224/>
<Channel>Setup</Channel>
<Computer>DESKTOP-5VCD46O</Computer>
<Security UserID=S-1-5-18/>
</System>
<UserData><CbsPackageChangeState xmlns=http://manifests.microsoft.com/win/2004/08/windows/setup_provider><PackageIdentifier>KB777778</PackageIdentifier>
<IntendedPackageState>5064</IntendedPackageState>
<IntendedPackageStateTextized>Staged</IntendedPackageStateTextized>
<ErrorCode>0x0</ErrorCode>
<Client>Arbiter</Client>
</CbsPackageChangeState>
</UserData>
</Event>
ElfRec#000089 (0x0000a388)	2026-01-14T04:56:15.3515373Z	size=368
<Event xmlns=http://schemas.microsoft.com/win/2004/08/events/event><System><Provider Name=Microsoft-Windows-Servicing Guid={bd12f3b8-fc40-4a61-a307-b7a013a069c1}/>
<EventID Qualifiers=(null)>2</EventID>
<Version>0</Version>
<Level>0</Level>
<Task>1</Task>
<Opcode>0</Opcode>
<Keywords>0x8000000000000000</Keywords>
<TimeCreated SystemTime=2026-01-14T04:56:15.351537300Z/>
<EventRecordID>89</EventRecordID>
<Correlation ActivityID=(null) RelatedActivityID=(null)/>
<Execution ProcessID=2264 ThreadID=7224/>
<Channel>Setup</Channel>
<Computer>DESKTOP-5VCD46O</Computer>
<Security UserID=S-1-5-18/>
</System>
<UserData><CbsPackageChangeState xmlns=http://manifests.microsoft.com/win/2004/08/windows/setup_provider><PackageIdentifier>KB777778</PackageIdentifier>
<IntendedPackageState>5064</IntendedPackageState>
<IntendedPackageStateTextized>Staged</IntendedPackageStateTextized>
<ErrorCode>0x0</ErrorCode>
<Client>Arbiter</Client>
</CbsPackageChangeState>
</UserData>
</Event>
