ElfRec#000180 (0x00013a10)	2026-01-14T04:56:32.9535228Z	size=368
<Event xmlns=http://schemas.microsoft.com/win/2004/08/events/event><System><Provider Name=Microsoft-Windows-Servicing Guid={bd12f3b8-fc40-4a61-a307-b7a013a069c1}/>
<EventID Qualifiers=(null)>2</EventID>
<Version>0</Version>
<Level>0</Level>
<Task>1</Task>
<Opcode>0</Opcode>
<Keywords>0x8000000000000000</Keywords>
<TimeCreated SystemTime=2026-01-14T04:56:32.953522800Z/>
<EventRecordID>180</EventRecordID>
<Correlation ActivityID=(null) RelatedActivityID=(null)/>
<Execution ProcessID=2264 ThreadID=10808/>
<Channel>Setup</Channel>
<Computer>DESKTOP-5VCD46O</Computer>
<Security UserID=S-1-5-18/>
</System>
<UserData><CbsPackageChangeState xmlns=http://manifests.microsoft.com/win/2004/08/windows/setup_provider><PackageIdentifier>KB777778</PackageIdentifier>
<IntendedPackageState>5064</IntendedPackageState>
<IntendedPackageStateTextized>Staged</IntendedPackageStateTextized>
<ErrorCode>0x0</ErrorCode>
<Client>Arbiter</Client>
</CbsPackageChangeState>
</UserData>
</Event>
ElfRec#000181 (0x00013b80)	2026-01-14T04:56:32.9535311Z	size=424
<Event xmlns=http://schemas.microsoft.com/win/2004/08/events/event><System><Provider Name=Microsoft-Windows-Servicing Guid={bd12f3b8-fc40-4a61-a307-b7a013a069c1}/>
<EventID Qualifiers=(null)>2</EventID>
<Version>0</Version>
<Level>0</Level>
<Task>1</Task>
<Opcode>0</Opcode>
<Keywords>0x8000000000000000</Keywords>
<TimeCreated SystemTime=2026-01-14T04:56:32.953531100Z/>
<EventRecordID>181</EventRecordID>
<Correlation ActivityID=(null) RelatedActivityID=(null)/>
<Execution ProcessID=2264 ThreadID=10808/>
<Channel>Setup</Channel>
<Computer>DESKTOP-5VCD46O</Computer>
<Security UserID=S-1-5-18/>
</System>
<UserData><CbsPackageChangeState xmlns=http://manifests.microsoft.com/win/2004/08/windows/setup_provider><PackageIdentifier>Microsoft-Windows-MediaPlayer-en-US</PackageIdentifier>
<IntendedPackageState>5064</IntendedPackageState>
<IntendedPackageStateTextized>Staged</IntendedPackageStateTextized>
<ErrorCode>0x0</ErrorCode>
<Client>Arbiter</Client>
</CbsPackageChangeState>
</UserData>
</Event>
ElfRec#000182 (0x00013d28)	2026-01-14T04:56:32.9535357Z	size=368
<Event xmlns=http://schemas.microsoft.com/win/2004/08/events/event><System><Provider Name=Microsoft-Windows-Servicing Guid={bd12f3b8-fc40-4a61-a307-b7a013a069c1}/>
<EventID Qualifiers=(null)>2</EventID>
<Version>0</Version>
<Level>0</Level>
<Task>1</Task>
<Opcode>0</Opcode>
<Keywords>0x8000000000000000</Keywords>
<TimeCreated SystemTime=2026-01-14T04:56:32.953535700Z/>
<EventRecordID>182</EventRecordID>
<Correlation ActivityID=(null) RelatedActivityID=(null)/>
<Execution ProcessID=2264 ThreadID=10808/>
<Channel>Setup</Channel>
<Computer>DESKTOP-5VCD46O</Computer>
<Security UserID=S-1-5-18/>
</System>
<UserData><CbsPackageChangeState xmlns=http://manifests.microsoft.com/win/2004/08/windows/setup_provider><PackageIdentifier>KB777778</PackageIdentifier>
<IntendedPackageState>5064</IntendedPackageState>
<IntendedPackageStateTextized>Staged</IntendedPackageStateTextized>
<ErrorCode>0x0</ErrorCode>
<Client>Arbiter</Client>
</CbsPackageChangeState>
</UserData>
</Event>
ElfRec#000183 (0x00013e98)	2026-01-14T04:56:32.9535419Z	size=368
<Event xmlns=http://schemas.microsoft.com/win/2004/08/events/event><System><Provider Name=Microsoft-Windows-Servicing Guid={bd12f3b8-fc40-4a61-a307-b7a013a069c1}/>
<EventID Qualifiers=(null)>2</EventID>
<Version>0</Version>
<Level>0</Level>
<Task>1</Task>
<Opcode>0</Opcode>
<Keywords>0x8000000000000000</Keywords>
<TimeCreated SystemTime=2026-01-14T04:56:32.953541900Z/>
<EventRecordID>183</EventRecordID>
<Correlation ActivityID=(null) RelatedActivityID=(null)/>
<Execution ProcessID=2264 ThreadID=10808/>
<Channel>Setup</Channel>
<Computer>DESKTOP-5VCD46O</Computer>
<Security UserID=S-1-5-18/>
</System>
<UserData><CbsPackageChangeState xmlns=http://manifests.microsoft.com/win/2004/08/windows/setup_provider><PackageIdentifier>KB777778</PackageIdentifier>
<IntendedPackageState>5064</IntendedPackageState>
<IntendedPackageStateTextized>Staged</IntendedPackageStateTextized>
<ErrorCode>0x0</ErrorCode>
<Client>Arbiter</Client>
</CbsPackageChangeState>
</UserData>
</Event>
ElfRec#000184 (0x00014008)	2026-01-14T04:56:32.9535497Z	size=432
<Event xmlns=http://schemas.microsoft.com/win/2004/08/events/event><System><Provider Name=Microsoft-Windows-Servicing Guid={bd12f3b8-fc40-4a61-a307-b7a013a069c1}/>
<EventID Qualifiers=(null)>2</EventID>
<Version>0</Version>
<Level>0</Level>
<Task>1</Task>
<Opcode>0</Opcode>
<Keywords>0x8000000000000000</Keywords>
<TimeCreated SystemTime=2026-01-14T04:56:32.953549700Z/>
<EventRecordID>184</EventRecordID>
<Correlation ActivityID=(null) RelatedActivityID=(null)/>
<Execution ProcessID=2264 ThreadID=10808/>
<Channel>Setup</Channel>
<Computer>DESKTOP-5VCD46O</Computer>
<Security UserID=S-1-5-18/>
</System>
<UserData><CbsPackageChangeState xmlns=http://manifests.microsoft.com/win/2004/08/windows/setup_provider><PackageIdentifier>Microsoft-Windows-Notepad-System-FoD-en-US</PackageIdentifier>
<IntendedPackageState>5064</IntendedPackageState>
<IntendedPackageStateTextized>Staged</IntendedPackageStateTextized>
<ErrorCode>0x0</ErrorCode>
<Client>Arbiter</Client>
</CbsPackageChangeState>
</UserData>
</Event>
ElfRec#000185 (0x000141b8)	2026-01-14T04:56:32.9535536Z	size=368
<Event xmlns=http://schemas.microsoft.com/win/2004/08/events/event><System><Provider Name=Microsoft-Windows-Servicing Guid={bd12f3b8-fc40-4a61-a307-b7a013a069c1}/>
<EventID Qualifiers=(null)>2</EventID>
<Version>0</Version>
<Level>0</Level>
<Task>1</Task>
<Opcode>0</Opcode>
<Keywords>0x8000000000000000</Keywords>
<TimeCreated SystemTime=2026-01-14T04:56:32.953553600Z/>
<EventRecordID>185</EventRecordID>
<Correlation ActivityID=(null) RelatedActivityID=(null)/>
<Execution ProcessID=2264 ThreadID=10808/>
<Channel>Setup</Channel>
<Computer>DESKTOP-5VCD46O</Computer>
<Security UserID=S-1-5-18/>
</System>
<UserData><CbsPackageChangeState xmlns=http://manifests.microsoft.com/win/2004/08/windows/setup_provider><PackageIdentifier>KB777778</PackageIdentifier>
<IntendedPackageState>5064</IntendedPackageState>
<IntendedPackageStateTextized>Staged</IntendedPackageStateTextized>
<ErrorCode>0x0</ErrorCode>
<Client>Arbiter</Client>
</CbsPackageChangeState>
</UserData>
</Event>
ElfRec#000186 (0x00014328)	2026-01-14T04:56:32.9535598Z	size=368
<Event xmlns=http://schemas.microsoft.com/win/2004/08/events/event><System><Provider Name=Microsoft-Windows-Servicing Guid={bd12f3b8-fc40-4a61-a307-b7a013a069c1}/>
<EventID Qualifiers=(null)>2</EventID>
<Version>0</Version>
<Level>0</Level>
<Task>1</Task>
<Opcode>0</Opcode>
<Keywords>0x8000000000000000</Keywords>
<TimeCreated SystemTime=2026-01-14T04:56:32.953559800Z/>
<EventRecordID>186</EventRecordID>
<Correlation ActivityID=(null) RelatedActivityID=(null)/>
<Execution ProcessID=2264 ThreadID=10808/>
<Channel>Setup</Channel>
<Computer>DESKTOP-5VCD46O</Computer>
<Security UserID=S-1-5-18/>
</System>
<UserData><CbsPackageChangeState xmlns=http://manifests.microsoft.com/win/2004/08/windows/setup_provider><PackageIdentifier>KB777778</PackageIdentifier>
<IntendedPackageState>5064</IntendedPackageState>
<IntendedPackageStateTextized>Staged</IntendedPackageStateTextized>
<ErrorCode>0x0</ErrorCode>
<Client>Arbiter</Client>
</CbsPackageChangeState>
</UserData>
</Event>
ElfRec#000187 (0x00014498)	2026-01-14T04:56:32.9535676Z	size=432
<Event xmlns=http://schemas.microsoft.com/win/2004/08/events/event><System><Provider Name=Microsoft-Windows-Servicing Guid={bd12f3b8-fc40-4a61-a307-b7a013a069c1}/>
<EventID Qualifiers=(null)>2</EventID>
<Version>0</Version>
<Level>0</Level>
<Task>1</Task>
<Opcode>0</Opcode>
<Keywords>0x8000000000000000</Keywords>
<TimeCreated SystemTime=2026-01-14T04:56:32.953567600Z/>
<EventRecordID>187</EventRecordID>
<Correlation ActivityID=(null) RelatedActivityID=(null)/>
<Execution ProcessID=2264 ThreadID=10808/>
<Channel>Setup</Channel>
<Computer>DESKTOP-5VCD46O</Computer>
<Security UserID=S-1-5-18/>
</System>
<UserData><CbsPackageChangeState xmlns=http://manifests.microsoft.com/win/2004/08/windows/setup_provider><PackageIdentifier>Microsoft-Windows-PowerShell-ISE-FOD-en-US</PackageIdentifier>
<IntendedPackageState>5064</IntendedPackageState>
<IntendedPackageStateTextized>Staged</IntendedPackageStateTextized>
<ErrorCode>0x0</ErrorCode>
<Client>Arbiter</Client>
</CbsPackageChangeState>
</UserData>
</Event>
ElfRec#000188 (0x00014648)	2026-01-14T04:56:32.9535715Z	size=368
<Event xmlns=http://schemas.microsoft.com/win/2004/08/events/event><System><Provider Name=Microsoft-Windows-Servicing Guid={bd12f3b8-fc40-4a61-a307-b7a013a069c1}/>
<EventID Qualifiers=(null)>2</EventID>
<Version>0</Version>
<Level>0</Level>
<Task>1</Task>
<Opcode>0</Opcode>
<Keywords>0x8000000000000000</Keywords>
<TimeCreated SystemTime=2026-01-14T04:56:32.953571500Z/>
<EventRecordID>188</EventRecordID>
<Correlation ActivityID=(null) RelatedActivityID=(null)/>
<Execution ProcessID=2264 ThreadID=10808/>
<Channel>Setup</Channel>
<Computer>DESKTOP-5VCD46O</Computer>
<Security UserID=S-1-5-18/>
</System>
<UserData><CbsPackageChangeState xmlns=http://manifests.microsoft.com/win/2004/08/windows/setup_provider><PackageIdentifier>KB777778</PackageIdentifier>
<IntendedPackageState>5064</IntendedPackageState>
<IntendedPackageStateTextized>Staged</IntendedPackageStateTextized>
<ErrorCode>0x0</ErrorCode>
<Client>Arbiter</Client>
</CbsPackageChangeState>
</UserData>
</Event>
ElfRec#000189 (0x000147b8)	2026-01-14T04:56:32.9535800Z	size=440
<Event xmlns=http://schemas.microsoft.com/win/2004/08/events/event><System><Provider Name=Microsoft-Windows-Servicing Guid={bd12f3b8-fc40-4a61-a307-b7a013a069c1}/>
<EventID Qualifiers=(null)>2</EventID>
<Version>0</Version>
<Level>0</Level>
<Task>1</Task>
<Opcode>0</Opcode>
<Keywords>0x8000000000000000</Keywords>
<TimeCreated SystemTime=2026-01-14T04:56:32.953580000Z/>
<EventRecordID>189</EventRecordID>
<Correlation ActivityID=(null) RelatedActivityID=(null)/>
<Execution ProcessID=2264 ThreadID=10808/>
<Channel>Setup</Channel>
<Computer>DESKTOP-5VCD46O</Computer>
<Security UserID=S-1-5-18/>
</System>
<UserData><CbsPackageChangeState xmlns=http://manifests.microsoft.com/win/2004/08/windows/setup_provider><PackageIdentifier>Microsoft-Windows-Printing-PMCPPC-FoD-en-US</PackageIdentifier>
<IntendedPackageState>5064</IntendedPackageState>
<IntendedPackageStateTextized>Staged</IntendedPackageStateTextized>
<ErrorCode>0x0</ErrorCode>
<Client>Arbiter</Client>
</CbsPackageChangeState>
</UserData>
</Event>
ElfRec#000190 (0x00014970)	2026-01-14T04:56:32.9535844Z	size=368
<Event xmlns=http://schemas.microsoft.com/win/2004/08/events/event><System><Provider Name=Microsoft-Windows-Servicing Guid={bd12f3b8-fc40-4a61-a307-b7a013a069c1}/>
<EventID Qualifiers=(null)>2</EventID>
<Version>0</Version>
<Level>0</Level>
<Task>1</Task>
<Opcode>0</Opcode>
<Keywords>0x8000000000000000</Keywords>
<TimeCreated SystemTime=2026-01-14T04:56:32.953584400Z/>
<EventRecordID>190</EventRecordID>
<Correlation ActivityID=(null) RelatedActivityID=(null)/>
<Execution ProcessID=2264 ThreadID=10808/>
<Channel>Setup</Channel>
<Computer>DESKTOP-5VCD46O</Computer>
<Security UserID=S-1-5-18/>
</System>
<UserData><CbsPackageChangeState xmlns=http://manifests.microsoft.com/win/2004/08/windows/setup_provider><PackageIdentifier>KB777778</PackageIdentifier>
<IntendedPackageState>5064</IntendedPackageState>
<IntendedPackageStateTextized>Staged</IntendedPackageStateTextized>
<ErrorCode>0x0</ErrorCode>
<Client>Arbiter</Client>
</CbsPackageChangeState>
</UserData>
</Event>
ElfRec#000191 (0x00014ae0)	2026-01-14T04:56:32.9536051Z	size=448
<Event xmlns=http://schemas.microsoft.com/win/2004/08/events/event><System><Provider Name=Microsoft-Windows-Servicing Guid={bd12f3b8-fc40-4a61-a307-b7a013a069c1}/>
<EventID Qualifiers=(null)>2</EventID>
<Version>0</Version>
<Level>0</Level>
<Task>1</Task>
<Opcode>0</Opcode>
<Keywords>0x8000000000000000</Keywords>
<TimeCreated SystemTime=2026-01-14T04:56:32.953605100Z/>
<EventRecordID>191</EventRecordID>
<Correlation ActivityID=(null) RelatedActivityID=(null)/>
<Execution ProcessID=2264 ThreadID=10808/>
<Channel>Setup</Channel>
<Computer>DESKTOP-5VCD46O</Computer>
<Security UserID=S-1-5-18/>
</System>
<UserData><CbsPackageChangeState xmlns=http://manifests.microsoft.com/win/2004/08/windows/setup_provider><PackageIdentifier>Microsoft-Windows-ProjFS-OptionalFeature-FOD-en-US</PackageIdentifier>
<IntendedPackageState>5064</IntendedPackageState>
<IntendedPackageStateTextized>Staged</IntendedPackageStateTextized>
<ErrorCode>0x0</ErrorCode>
<Client>Arbiter</Client>
</CbsPackageChangeState>
</UserData>
</Event>
ElfRec#000192 (0x00014ca0)	2026-01-14T04:56:32.9536099Z	size=368
<Event xmlns=http://schemas.microsoft.com/win/2004/08/events/event><System><Provider Name=Microsoft-Windows-Servicing Guid={bd12f3b8-fc40-4a61-a307-b7a013a069c1}/>
<EventID Qualifiers=(null)>2</EventID>
<Version>0</Version>
<Level>0</Level>
<Task>1</Task>
<Opcode>0</Opcode>
<Keywords>0x8000000000000000</Keywords>
<TimeCreated SystemTime=2026-01-14T04:56:32.953609900Z/>
<EventRecordID>192</EventRecordID>
<Correlation ActivityID=(null) RelatedActivityID=(null)/>
<Execution ProcessID=2264 ThreadID=10808/>
<Channel>Setup</Channel>
<Computer>DESKTOP-5VCD46O</Computer>
<Security UserID=S-1-5-18/>
</System>
<UserData><CbsPackageChangeState xmlns=http://manifests.microsoft.com/win/2004/08/windows/setup_provider><PackageIdentifier>KB777778</PackageIdentifier>
<IntendedPackageState>5064</IntendedPackageState>
<IntendedPackageStateTextized>Staged</IntendedPackageStateTextized>
<ErrorCode>0x0</ErrorCode>
<Client>Arbiter</Client>
</CbsPackageChangeState>
</UserData>
</Event>
ElfRec#000193 (0x00014e10)	2026-01-14T04:56:32.9536140Z	size=368
<Event xmlns=http://schemas.microsoft.com/win/2004/08/events/event><System><Provider Name=Microsoft-Windows-Servicing Guid={bd12f3b8-fc40-4a61-a307-b7a013a069c1}/>
<EventID Qualifiers=(null)>2</EventID>
<Version>0</Version>
<Level>0</Level>
<Task>1</Task>
<Opcode>0</Opcode>
<Keywords>0x8000000000000000</Keywords>
<TimeCreated SystemTime=2026-01-14T04:56:32.953614000Z/>
<EventRecordID>193</EventRecordID>
<Correlation ActivityID=(null) RelatedActivityID=(null)/>
<Execution ProcessID=2264 ThreadID=10808/>
<Channel>Setup</Channel>
<Computer>DESKTOP-5VCD46O</Computer>
<Security UserID=S-1-5-18/>
</System>
<UserData><CbsPackageChangeState xmlns=http://manifests.microsoft.com/win/2004/08/windows/setup_provider><PackageIdentifier>KB777778</PackageIdentifier>
<IntendedPackageState>5064</IntendedPackageState>
<IntendedPackageStateTextized>Staged</IntendedPackageStateTextized>
<ErrorCode>0x0</ErrorCode>
<Client>Arbiter</Client>
</CbsPackageChangeState>
</UserData>
</Event>
ElfRec#000194 (0x00014f80)	2026-01-14T04:56:32.9536183Z	size=368
<Event xmlns=http://schemas.microsoft.com/win/2004/08/events/event><System><Provider Name=Microsoft-Windows-Servicing Guid={bd12f3b8-fc40-4a61-a307-b7a013a069c1}/>
<EventID Qualifiers=(null)>2</EventID>
<Version>0</Version>
<Level>0</Level>
<Task>1</Task>
<Opcode>0</Opcode>
<Keywords>0x8000000000000000</Keywords>
<TimeCreated SystemTime=2026-01-14T04:56:32.953618300Z/>
<EventRecordID>194</EventRecordID>
<Correlation ActivityID=(null) RelatedActivityID=(null)/>
<Execution ProcessID=2264 ThreadID=10808/>
<Channel>Setup</Channel>
<Computer>DESKTOP-5VCD46O</Computer>
<Security UserID=S-1-5-18/>
</System>
<UserData><CbsPackageChangeState xmlns=http://manifests.microsoft.com/win/2004/08/windows/setup_provider><PackageIdentifier>KB777778</PackageIdentifier>
<IntendedPackageState>5064</IntendedPackageState>
<IntendedPackageStateTextized>Staged</IntendedPackageStateTextized>
<ErrorCode>0x0</ErrorCode>
<Client>Arbiter</Client>
</CbsPackageChangeState>
</UserData>
</Event>
ElfRec#000195 (0x000150f0)	2026-01-14T04:56:32.9536226Z	size=368
<Event xmlns=http://schemas.microsoft.com/win/2004/08/events/event><System><Provider Name=Microsoft-Windows-Servicing Guid={bd12f3b8-fc40-4a61-a307-b7a013a069c1}/>
<EventID Qualifiers=(null)>2</EventID>
<Version>0</Version>
<Level>0</Level>
<Task>1</Task>
<Opcode>0</Opcode>
<Keywords>0x8000000000000000</Keywords>
<TimeCreated SystemTime=2026-01-14T04:56:32.953622600Z/>
<EventRecordID>195</EventRecordID>
<Correlation ActivityID=(null) RelatedActivityID=(null)/>
<Execution ProcessID=2264 ThreadID=10808/>
<Channel>Setup</Channel>
<Computer>DESKTOP-5VCD46O</Computer>
<Security UserID=S-1-5-18/>
</System>
<UserData><CbsPackageChangeState xmlns=http://manifests.microsoft.com/win/2004/08/windows/setup_provider><PackageIdentifier>KB777778</PackageIdentifier>
<IntendedPackageState>5064</IntendedPackageState>
<IntendedPackageStateTextized>Staged</IntendedPackageStateTextized>
<ErrorCode>0x0</ErrorCode>
<Client>Arbiter</Client>
</CbsPackageChangeState>
</UserData>
</Event>
ElfRec#000196 (0x00015260)	2026-01-14T04:56:32.9536310Z	size=424
<Event xmlns=http://schemas.microsoft.com/win/2004/08/events/event><System><Provider Name=Microsoft-Windows-Servicing Guid={bd12f3b8-fc40-4a61-a307-b7a013a069c1}/>
<EventID Qualifiers=(null)>2</EventID>
<Version>0</Version>
<Level>0</Level>
<Task>1</Task>
<Opcode>0</Opcode>
<Keywords>0x8000000000000000</Keywords>
<TimeCreated SystemTime=2026-01-14T04:56:32.953631000Z/>
<EventRecordID>196</EventRecordID>
<Correlation ActivityID=(null) RelatedActivityID=(null)/>
<Execution ProcessID=2264 ThreadID=10808/>
<Channel>Setup</Channel>
<Computer>DESKTOP-5VCD46O</Computer>
<Security UserID=S-1-5-18/>
</System>
<UserData><CbsPackageChangeState xmlns=http://manifests.microsoft.com/win/2004/08/windows/setup_provider><PackageIdentifier>Microsoft-Windows-StepsRecorder-en-US</PackageIdentifier>
<IntendedPackageState>5064</IntendedPackageState>
<IntendedPackageStateTextized>Staged</IntendedPackageStateTextized>
<ErrorCode>0x0</ErrorCode>
<Client>Arbiter</Client>
</CbsPackageChangeState>
</UserData>
</Event>
ElfRec#000197 (0x00015408)	2026-01-14T04:56:32.9536353Z	size=368
<Event xmlns=http://schemas.microsoft.com/win/2004/08/events/event><System><Provider Name=Microsoft-Windows-Servicing Guid={bd12f3b8-fc40-4a61-a307-b7a013a069c1}/>
<EventID Qualifiers=(null)>2</EventID>
<Version>0</Version>
<Level>0</Level>
<Task>1</Task>
<Opcode>0</Opcode>
<Keywords>0x8000000000000000</Keywords>
<TimeCreated SystemTime=2026-01-14T04:56:32.953635300Z/>
<EventRecordID>197</EventRecordID>
<Correlation ActivityID=(null) RelatedActivityID=(null)/>
<Execution ProcessID=2264 ThreadID=10808/>
<Channel>Setup</Channel>
<Computer>DESKTOP-5VCD46O</Computer>
<Security UserID=S-1-5-18/>
</System>
<UserData><CbsPackageChangeState xmlns=http://manifests.microsoft.com/win/2004/08/windows/setup_provider><PackageIdentifier>KB777778</PackageIdentifier>
<IntendedPackageState>5064</IntendedPackageState>
<IntendedPackageStateTextized>Staged</IntendedPackageStateTextized>
<ErrorCode>0x0</ErrorCode>
<Client>Arbiter</Client>
</CbsPackageChangeState>
</UserData>
</Event>
ElfRec#000198 (0x00015578)	2026-01-14T04:56:32.9536399Z	size=368
<Event xmlns=http://schemas.microsoft.com/win/2004/08/events/event><System><Provider Name=Microsoft-Windows-Servicing Guid={bd12f3b8-fc40-4a61-a307-b7a013a069c1}/>
<EventID Qualifiers=(null)>2</EventID>
<Version>0</Version>
<Level>0</Level>
<Task>1</Task>
<Opcode>0</Opcode>
<Keywords>0x8000000000000000</Keywords>
<TimeCreated SystemTime=2026-01-14T04:56:32.953639900Z/>
<EventRecordID>198</EventRecordID>
<Correlation ActivityID=(null) RelatedActivityID=(null)/>
<Execution ProcessID=2264 ThreadID=10808/>
<Channel>Setup</Channel>
<Computer>DESKTOP-5VCD46O</Computer>
<Security UserID=S-1-5-18/>
</System>
<UserData><CbsPackageChangeState xmlns=http://manifests.microsoft.com/win/2004/08/windows/setup_provider><PackageIdentifier>KB777778</PackageIdentifier>
<IntendedPackageState>5064</IntendedPackageState>
<IntendedPackageStateTextized>Staged</IntendedPackageStateTextized>
<ErrorCode>0x0</ErrorCode>
<Client>Arbiter</Client>
</CbsPackageChangeState>
</UserData>
</Event>
ElfRec#000199 (0x000156e8)	2026-01-14T04:56:32.9536478Z	size=432
<Event xmlns=http://schemas.microsoft.com/win/2004/08/events/event><System><Provider Name=Microsoft-Windows-Servicing Guid={bd12f3b8-fc40-4a61-a307-b7a013a069c1}/>
<EventID Qualifiers=(null)>2</EventID>
<Version>0</Version>
<Level>0</Level>
<Task>1</Task>
<Opcode>0</Opcode>
<Keywords>0x8000000000000000</Keywords>
<TimeCreated SystemTime=2026-01-14T04:56:32.953647800Z/>
<EventRecordID>199</EventRecordID>
<Correlation ActivityID=(null) RelatedActivityID=(null)/>
<Execution ProcessID=2264 ThreadID=10808/>
<Channel>Setup</Channel>
<Computer>DESKTOP-5VCD46O</Computer>
<Security UserID=S-1-5-18/>
</System>
<UserData><CbsPackageChangeState xmlns=http://manifests.microsoft.com/win/2004/08/windows/setup_provider><PackageIdentifier>Microsoft-Windows-Telnet-Client-FOD-en-US</PackageIdentifier>
<IntendedPackageState>5064</IntendedPackageState>
<IntendedPackageStateTextized>Staged</IntendedPackageStateTextized>
<ErrorCode>0x0</ErrorCode>
<Client>Arbiter</Client>
</CbsPackageChangeState>
</UserData>
</Event>
ElfRec#000200 (0x00015898)	2026-01-14T04:56:32.9536520Z	size=368
<Event xmlns=http://schemas.microsoft.com/win/2004/08/events/event><System><Provider Name=Microsoft-Windows-Servicing Guid={bd12f3b8-fc40-4a61-a307-b7a013a069c1}/>
<EventID Qualifiers=(null)>2</EventID>
<Version>0</Version>
<Level>0</Level>
<Task>1</Task>
<Opcode>0</Opcode>
<Keywords>0x8000000000000000</Keywords>
<TimeCreated SystemTime=2026-01-14T04:56:32.953652000Z/>
<EventRecordID>200</EventRecordID>
<Correlation ActivityID=(null) RelatedActivityID=(null)/>
<Execution ProcessID=2264 ThreadID=10808/>
<Channel>Setup</Channel>
<Computer>DESKTOP-5VCD46O</Computer>
<Security UserID=S-1-5-18/>
</System>
<UserData><CbsPackageChangeState xmlns=http://manifests.microsoft.com/win/2004/08/windows/setup_provider><PackageIdentifier>KB777778</PackageIdentifier>
<IntendedPackageState>5064</IntendedPackageState>
<IntendedPackageStateTextized>Staged</IntendedPackageStateTextized>
<ErrorCode>0x0</ErrorCode>
<Client>Arbiter</Client>
</CbsPackageChangeState>
</UserData>
</Event>
ElfRec#000201 (0x00015a08)	2026-01-14T04:56:32.9536603Z	size=432
<Event xmlns=http://schemas.microsoft.com/win/2004/08/events/event><System><Provider Name=Microsoft-Windows-Servicing Guid={bd12f3b8-fc40-4a61-a307-b7a013a069c1}/>
<EventID Qualifiers=(null)>2</EventID>
<Version>0</Version>
<Level>0</Level>
<Task>1</Task>
<Opcode>0</Opcode>
<Keywords>0x8000000000000000</Keywords>
<TimeCreated SystemTime=2026-01-14T04:56:32.953660300Z/>
<EventRecordID>201</EventRecordID>
<Correlation ActivityID=(null) RelatedActivityID=(null)/>
<Execution ProcessID=2264 ThreadID=10808/>
<Channel>Setup</Channel>
<Computer>DESKTOP-5VCD46O</Computer>
<Security UserID=S-1-5-18/>
</System>
<UserData><CbsPackageChangeState xmlns=http://manifests.microsoft.com/win/2004/08/windows/setup_provider><PackageIdentifier>Microsoft-Windows-TFTP-Client-FOD-en-US</PackageIdentifier>
<IntendedPackageState>5064</IntendedPackageState>
<IntendedPackageStateTextized>Staged</IntendedPackageStateTextized>
<ErrorCode>0x0</ErrorCode>
<Client>Arbiter</Client>
</CbsPackageChangeState>
</UserData>
</Event>
ElfRec#000202 (0x00015bb8)	2026-01-14T04:56:32.9536651Z	size=368
<Event xmlns=http://schemas.microsoft.com/win/2004/08/events/event><System><Provider Name=Microsoft-Windows-Servicing Guid={bd12f3b8-fc40-4a61-a307-b7a013a069c1}/>
<EventID Qualifiers=(null)>2</EventID>
<Version>0</Version>
<Level>0</Level>
<Task>1</Task>
<Opcode>0</Opcode>
<Keywords>0x8000000000000000</Keywords>
<TimeCreated SystemTime=2026-01-14T04:56:32.953665100Z/>
<EventRecordID>202</EventRecordID>
<Correlation ActivityID=(null) RelatedActivityID=(null)/>
<Execution ProcessID=2264 ThreadID=10808/>
<Channel>Setup</Channel>
<Computer>DESKTOP-5VCD46O</Computer>
<Security UserID=S-1-5-18/>
</System>
<UserData><CbsPackageChangeState xmlns=http://manifests.microsoft.com/win/2004/08/windows/setup_provider><PackageIdentifier>KB777778</PackageIdentifier>
<IntendedPackageState>5064</IntendedPackageState>
<IntendedPackageStateTextized>Staged</IntendedPackageStateTextized>
<ErrorCode>0x0</ErrorCode>
<Client>Arbiter</Client>
</CbsPackageChangeState>
</UserData>
</Event>
ElfRec#000203 (0x00015d28)	2026-01-14T04:56:32.9536703Z	size=368
<Event xmlns=http://schemas.microsoft.com/win/2004/08/events/event><System><Provider Name=Microsoft-Windows-Servicing Guid={bd12f3b8-fc40-4a61-a307-b7a013a069c1}/>
<EventID Qualifiers=(null)>2</EventID>
<Version>0</Version>
<Level>0</Level>
<Task>1</Task>
<Opcode>0</Opcode>
<Keywords>0x8000000000000000</Keywords>
<TimeCreated SystemTime=2026-01-14T04:56:32.953670300Z/>
<EventRecordID>203</EventRecordID>
<Correlation ActivityID=(null) RelatedActivityID=(null)/>
<Execution ProcessID=2264 ThreadID=10808/>
<Channel>Setup</Channel>
<Computer>DESKTOP-5VCD46O</Computer>
<Security UserID=S-1-5-18/>
</System>
<UserData><CbsPackageChangeState xmlns=http://manifests.microsoft.com/win/2004/08/windows/setup_provider><PackageIdentifier>KB777778</PackageIdentifier>
<IntendedPackageState>5064</IntendedPackageState>
<IntendedPackageStateTextized>Staged</IntendedPackageStateTextized>
<ErrorCode>0x0</ErrorCode>
<Client>Arbiter</Client>
</CbsPackageChangeState>
</UserData>
</Event>
ElfRec#000204 (0x00015e98)	2026-01-14T04:56:32.9536782Z	size=424
<Event xmlns=http://schemas.microsoft.com/win/2004/08/events/event><System><Provider Name=Microsoft-Windows-Servicing Guid={bd12f3b8-fc40-4a61-a307-b7a013a069c1}/>
<EventID Qualifiers=(null)>2</EventID>
<Version>0</Version>
<Level>0</Level>
<Task>1</Task>
<Opcode>0</Opcode>
<Keywords>0x8000000000000000</Keywords>
<TimeCreated SystemTime=2026-01-14T04:56:32.953678200Z/>
<EventRecordID>204</EventRecordID>
<Correlation ActivityID=(null) RelatedActivityID=(null)/>
<Execution ProcessID=2264 ThreadID=10808/>
<Channel>Setup</Channel>
<Computer>DESKTOP-5VCD46O</Computer>
<Security UserID=S-1-5-18/>
</System>
<UserData><CbsPackageChangeState xmlns=http://manifests.microsoft.com/win/2004/08/windows/setup_provider><PackageIdentifier>Microsoft-Windows-VBSCRIPT-FoD-en-US</PackageIdentifier>
<IntendedPackageState>5064</IntendedPackageState>
<IntendedPackageStateTextized>Staged</IntendedPackageStateTextized>
<ErrorCode>0x0</ErrorCode>
<Client>Arbiter</Client>
</CbsPackageChangeState>
</UserData>
</Event>
ElfRec#000205 (0x00016040)	2026-01-14T04:56:32.9536825Z	size=368
<Event xmlns=http://schemas.microsoft.com/win/2004/08/events/event><System><Provider Name=Microsoft-Windows-Servicing Guid={bd12f3b8-fc40-4a61-a307-b7a013a069c1}/>
<EventID Qualifiers=(null)>2</EventID>
<Version>0</Version>
<Level>0</Level>
<Task>1</Task>
<Opcode>0</Opcode>
<Keywords>0x8000000000000000</Keywords>
<TimeCreated SystemTime=2026-01-14T04:56:32.953682500Z/>
<EventRecordID>205</EventRecordID>
<Correlation ActivityID=(null) RelatedActivityID=(null)/>
<Execution ProcessID=2264 ThreadID=10808/>
<Channel>Setup</Channel>
<Computer>DESKTOP-5VCD46O</Computer>
<Security UserID=S-1-5-18/>
</System>
<UserData><CbsPackageChangeState xmlns=http://manifests.microsoft.com/win/2004/08/windows/setup_provider><PackageIdentifier>KB777778</PackageIdentifier>
<IntendedPackageState>5064</IntendedPackageState>
<IntendedPackageStateTextized>Staged</IntendedPackageStateTextized>
<ErrorCode>0x0</ErrorCode>
<Client>Arbiter</Client>
</CbsPackageChangeState>
</UserData>
</Event>
ElfRec#000206 (0x000161b0)	2026-01-14T04:56:32.9536870Z	size=368
<Event xmlns=http://schemas.microsoft.com/win/2004/08/events/event><System><Provider Name=Microsoft-Windows-Servicing Guid={bd12f3b8-fc40-4a61-a307-b7a013a069c1}/>
<EventID Qualifiers=(null)>2</EventID>
<Version>0</Version>
<Level>0</Level>
<Task>1</Task>
<Opcode>0</Opcode>
<Keywords>0x8000000000000000</Keywords>
<TimeCreated SystemTime=2026-01-14T04:56:32.953687000Z/>
<EventRecordID>206</EventRecordID>
<Correlation ActivityID=(null) RelatedActivityID=(null)/>
<Execution ProcessID=2264 ThreadID=10808/>
<Channel>Setup</Channel>
<Computer>DESKTOP-5VCD46O</Computer>
<Security UserID=S-1-5-18/>
</System>
<UserData><CbsPackageChangeState xmlns=http://manifests.microsoft.com/win/2004/08/windows/setup_provider><PackageIdentifier>KB777778</PackageIdentifier>
<IntendedPackageState>5064</IntendedPackageState>
<IntendedPackageStateTextized>Staged</IntendedPackageStateTextized>
<ErrorCode>0x0</ErrorCode>
<Client>Arbiter</Client>
</CbsPackageChangeState>
</UserData>
</Event>
ElfRec#000207 (0x00016320)	2026-01-14T04:56:32.9536921Z	size=368
<Event xmlns=http://schemas.microsoft.com/win/2004/08/events/event><System><Provider Name=Microsoft-Windows-Servicing Guid={bd12f3b8-fc40-4a61-a307-b7a013a069c1}/>
<EventID Qualifiers=(null)>2</EventID>
<Version>0</Version>
<Level>0</Level>
<Task>1</Task>
<Opcode>0</Opcode>
<Keywords>0x8000000000000000</Keywords>
<TimeCreated SystemTime=2026-01-14T04:56:32.953692100Z/>
<EventRecordID>207</EventRecordID>
<Correlation ActivityID=(null) RelatedActivityID=(null)/>
<Execution ProcessID=2264 ThreadID=10808/>
<Channel>Setup</Channel>
<Computer>DESKTOP-5VCD46O</Computer>
<Security UserID=S-1-5-18/>
</System>
<UserData><CbsPackageChangeState xmlns=http://manifests.microsoft.com/win/2004/08/windows/setup_provider><PackageIdentifier>KB777778</PackageIdentifier>
<IntendedPackageState>5064</IntendedPackageState>
<IntendedPackageStateTextized>Staged</IntendedPackageStateTextized>
<ErrorCode>0x0</ErrorCode>
<Client>Arbiter</Client>
</CbsPackageChangeState>
</UserData>
</Event>
ElfRec#000208 (0x00016490)	2026-01-14T04:56:32.9537006Z	size=416
<Event xmlns=http://schemas.microsoft.com/win/2004/08/events/event><System><Provider Name=Microsoft-Windows-Servicing Guid={bd12f3b8-fc40-4a61-a307-b7a013a069c1}/>
<EventID Qualifiers=(null)>2</EventID>
<Version>0</Version>
<Level>0</Level>
<Task>1</Task>
<Opcode>0</Opcode>
<Keywords>0x8000000000000000</Keywords>
<TimeCreated SystemTime=2026-01-14T04:56:32.953700600Z/>
<EventRecordID>208</EventRecordID>
<Correlation ActivityID=(null) RelatedActivityID=(null)/>
<Execution ProcessID=2264 ThreadID=10808/>
<Channel>Setup</Channel>
<Computer>DESKTOP-5VCD46O</Computer>
<Security UserID=S-1-5-18/>
</System>
<UserData><CbsPackageChangeState xmlns=http://manifests.microsoft.com/win/2004/08/windows/setup_provider><PackageIdentifier>Microsoft-Windows-WinOcr-FOD-en-US</PackageIdentifier>
<IntendedPackageState>5064</IntendedPackageState>
<IntendedPackageStateTextized>Staged</IntendedPackageStateTextized>
<ErrorCode>0x0</ErrorCode>
<Client>Arbiter</Client>
</CbsPackageChangeState>
</UserData>
</Event>
ElfRec#000209 (0x00016630)	2026-01-14T04:56:32.9537051Z	size=368
<Event xmlns=http://schemas.microsoft.com/win/2004/08/events/event><System><Provider Name=Microsoft-Windows-Servicing Guid={bd12f3b8-fc40-4a61-a307-b7a013a069c1}/>
<EventID Qualifiers=(null)>2</EventID>
<Version>0</Version>
<Level>0</Level>
<Task>1</Task>
<Opcode>0</Opcode>
<Keywords>0x8000000000000000</Keywords>
<TimeCreated SystemTime=2026-01-14T04:56:32.953705100Z/>
<EventRecordID>209</EventRecordID>
<Correlation ActivityID=(null) RelatedActivityID=(null)/>
<Execution ProcessID=2264 ThreadID=10808/>
<Channel>Setup</Channel>
<Computer>DESKTOP-5VCD46O</Computer>
<Security UserID=S-1-5-18/>
</System>
<UserData><CbsPackageChangeState xmlns=http://manifests.microsoft.com/win/2004/08/windows/setup_provider><PackageIdentifier>KB777778</PackageIdentifier>
<IntendedPackageState>5064</IntendedPackageState>
<IntendedPackageStateTextized>Staged</IntendedPackageStateTextized>
<ErrorCode>0x0</ErrorCode>
<Client>Arbiter</Client>
</CbsPackageChangeState>
</UserData>
</Event>
ElfRec#000210 (0x000167a0)	2026-01-14T04:56:32.9537094Z	size=368
<Event xmlns=http://schemas.microsoft.com/win/2004/08/events/event><System><Provider Name=Microsoft-Windows-Servicing Guid={bd12f3b8-fc40-4a61-a307-b7a013a069c1}/>
<EventID Qualifiers=(null)>2</EventID>
<Version>0</Version>
<Level>0</Level>
<Task>1</Task>
<Opcode>0</Opcode>
<Keywords>0x8000000000000000</Keywords>
<TimeCreated SystemTime=2026-01-14T04:56:32.953709400Z/>
<EventRecordID>210</EventRecordID>
<Correlation ActivityID=(null) RelatedActivityID=(null)/>
<Execution ProcessID=2264 ThreadID=10808/>
<Channel>Setup</Channel>
<Computer>DESKTOP-5VCD46O</Computer>
<Security UserID=S-1-5-18/>
</System>
<UserData><CbsPackageChangeState xmlns=http://manifests.microsoft.com/win/2004/08/windows/setup_provider><PackageIdentifier>KB777778</PackageIdentifier>
<IntendedPackageState>5064</IntendedPackageState>
<IntendedPackageStateTextized>Staged</IntendedPackageStateTextized>
<ErrorCode>0x0</ErrorCode>
<Client>Arbiter</Client>
</CbsPackageChangeState>
</UserData>
</Event>
ElfRec#000211 (0x00016910)	2026-01-14T04:56:32.9537150Z	size=368
<Event xmlns=http://schemas.microsoft.com/win/2004/08/events/event><System><Provider Name=Microsoft-Windows-Servicing Guid={bd12f3b8-fc40-4a61-a307-b7a013a069c1}/>
<EventID Qualifiers=(null)>2</EventID>
<Version>0</Version>
<Level>0</Level>
<Task>1</Task>
<Opcode>0</Opcode>
<Keywords>0x8000000000000000</Keywords>
<TimeCreated SystemTime=2026-01-14T04:56:32.953715000Z/>
<EventRecordID>211</EventRecordID>
<Correlation ActivityID=(null) RelatedActivityID=(null)/>
<Execution ProcessID=2264 ThreadID=10808/>
<Channel>Setup</Channel>
<Computer>DESKTOP-5VCD46O</Computer>
<Security UserID=S-1-5-18/>
</System>
<UserData><CbsPackageChangeState xmlns=http://manifests.microsoft.com/win/2004/08/windows/setup_provider><PackageIdentifier>KB777778</PackageIdentifier>
<IntendedPackageState>5064</IntendedPackageState>
<IntendedPackageStateTextized>Staged</IntendedPackageStateTextized>
<ErrorCode>0x0</ErrorCode>
<Client>Arbiter</Client>
</CbsPackageChangeState>
</UserData>
</Event>
ElfRec#000212 (0x00016a80)	2026-01-14T04:56:32.9537239Z	size=432
<Event xmlns=http://schemas.microsoft.com/win/2004/08/events/event><System><Provider Name=Microsoft-Windows-Servicing Guid={bd12f3b8-fc40-4a61-a307-b7a013a069c1}/>
<EventID Qualifiers=(null)>2</EventID>
<Version>0</Version>
<Level>0</Level>
<Task>1</Task>
<Opcode>0</Opcode>
<Keywords>0x8000000000000000</Keywords>
<TimeCreated SystemTime=2026-01-14T04:56:32.953723900Z/>
<EventRecordID>212</EventRecordID>
<Correlation ActivityID=(null) RelatedActivityID=(null)/>
<Execution ProcessID=2264 ThreadID=10808/>
<Channel>Setup</Channel>
<Computer>DESKTOP-5VCD46O</Computer>
<Security UserID=S-1-5-18/>
</System>
<UserData><CbsPackageChangeState xmlns=http://manifests.microsoft.com/win/2004/08/windows/setup_provider><PackageIdentifier>Microsoft-Windows-SenseClient-FoD-en-US</PackageIdentifier>
<IntendedPackageState>5064</IntendedPackageState>
<IntendedPackageStateTextized>Staged</IntendedPackageStateTextized>
<ErrorCode>0x0</ErrorCode>
<Client>Arbiter</Client>
</CbsPackageChangeState>
</UserData>
</Event>
ElfRec#000213 (0x00016c30)	2026-01-14T04:56:32.9537279Z	size=368
<Event xmlns=http://schemas.microsoft.com/win/2004/08/events/event><System><Provider Name=Microsoft-Windows-Servicing Guid={bd12f3b8-fc40-4a61-a307-b7a013a069c1}/>
<EventID Qualifiers=(null)>2</EventID>
<Version>0</Version>
<Level>0</Level>
<Task>1</Task>
<Opcode>0</Opcode>
<Keywords>0x8000000000000000</Keywords>
<TimeCreated SystemTime=2026-01-14T04:56:32.953727900Z/>
<EventRecordID>213</EventRecordID>
<Correlation ActivityID=(null) RelatedActivityID=(null)/>
<Execution ProcessID=2264 ThreadID=10808/>
<Channel>Setup</Channel>
<Computer>DESKTOP-5VCD46O</Computer>
<Security UserID=S-1-5-18/>
</System>
<UserData><CbsPackageChangeState xmlns=http://manifests.microsoft.com/win/2004/08/windows/setup_provider><PackageIdentifier>KB777778</PackageIdentifier>
<IntendedPackageState>5064</IntendedPackageState>
<IntendedPackageStateTextized>Staged</IntendedPackageStateTextized>
<ErrorCode>0x0</ErrorCode>
<Client>Arbiter</Client>
</CbsPackageChangeState>
</UserData>
</Event>
ElfRec#000214 (0x00016da0)	2026-01-14T04:57:53.5544992Z	size=400
<Event xmlns=http://schemas.microsoft.com/win/2004/08/events/event><System><Provider Name=Microsoft-Windows-Servicing Guid={bd12f3b8-fc40-4a61-a307-b7a013a069c1}/>
<EventID Qualifiers=(null)>1</EventID>
<Version>0</Version>
<Level>0</Level>
<Task>1</Task>
<Opcode>0</Opcode>
<Keywords>0x8000000000000000</Keywords>
<TimeCreated SystemTime=2026-01-14T04:57:53.554499200Z/>
<EventRecordID>214</EventRecordID>
<Correlation ActivityID=(null) RelatedActivityID=(null)/>
<Execution ProcessID=2264 ThreadID=10800/>
<Channel>Setup</Channel>
<Computer>DESKTOP-5VCD46O</Computer>
<Security UserID=S-1-5-18/>
</System>
<UserData><CbsPackageInitiateChanges xmlns=http://manifests.microsoft.com/win/2004/08/windows/setup_provider><PackageIdentifier>KB5071142</PackageIdentifier>
<InitialPackageState>5000</InitialPackageState>
<InitialPackageStateTextized>Absent</InitialPackageStateTextized>
<IntendedPackageState>5064</IntendedPackageState>
<IntendedPackageStateTextized>Staged</IntendedPackageStateTextized>
<Client>UpdateAgentLCU</Client>
</CbsPackageInitiateChanges>
</UserData>
</Event>
ElfRec#000215 (0x00016f30)	2026-01-14T04:57:56.4655519Z	size=384
<Event xmlns=http://schemas.microsoft.com/win/2004/08/events/event><System><Provider Name=Microsoft-Windows-Servicing Guid={bd12f3b8-fc40-4a61-a307-b7a013a069c1}/>
<EventID Qualifiers=(null)>2</EventID>
<Version>0</Version>
<Level>0</Level>
<Task>1</Task>
<Opcode>0</Opcode>
<Keywords>0x8000000000000000</Keywords>
<TimeCreated SystemTime=2026-01-14T04:57:56.465551900Z/>
<EventRecordID>215</EventRecordID>
<Correlation ActivityID=(null) RelatedActivityID=(null)/>
<Execution ProcessID=2264 ThreadID=10800/>
<Channel>Setup</Channel>
<Computer>DESKTOP-5VCD46O</Computer>
<Security UserID=S-1-5-18/>
</System>
<UserData><CbsPackageChangeState xmlns=http://manifests.microsoft.com/win/2004/08/windows/setup_provider><PackageIdentifier>KB5071142</PackageIdentifier>
<IntendedPackageState>5064</IntendedPackageState>
<IntendedPackageStateTextized>Staged</IntendedPackageStateTextized>
<ErrorCode>0x0</ErrorCode>
<Client>UpdateAgentLCU</Client>
</CbsPackageChangeState>
</UserData>
</Event>
