ElfRec#000273 (0x00025d10)	2026-01-14T04:34:49.0001391Z	size=336
<Event xmlns=http://schemas.microsoft.com/win/2004/08/events/event><System><Provider Name=Microsoft-Windows-Kernel-General Guid={a68ca8b7-004f-d7b6-a698-07e2de0f1f5d}/>
<EventID Qualifiers=(null)>24</EventID>
<Version>0</Version>
<Level>4</Level>
<Task>11</Task>
<Opcode>0</Opcode>
<Keywords>0x8000000000000010</Keywords>
<TimeCreated SystemTime=2026-01-14T04:34:49.000139100Z/>
<EventRecordID>273</EventRecordID>
<Correlation ActivityID=(null) RelatedActivityID=(null)/>
<Execution ProcessID=7760 ThreadID=8004/>
<Channel>System</Channel>
<Computer>DESKTOP-L7M0243</Computer>
<Security UserID=S-1-5-18/>
</System>
<EventData><Data Name=ExitReason>0</Data>
<Data Name=CurrentBias>[Unknown Type 0x07, size 4]</Data>
<Data Name=CurrentTimeZoneID>1</Data>
<Data Name=TimeZoneInfoCacheUpdated>0</Data>
<Data Name=FirstRefresh>0</Data>
</EventData>
</Event>
ElfRec#000274 (0x00025e60)	2026-01-14T04:34:49.0001407Z	size=496
<Event xmlns=http://schemas.microsoft.com/win/2004/08/events/event><System><Provider Name=Microsoft-Windows-Kernel-General Guid={a68ca8b7-004f-d7b6-a698-07e2de0f1f5d}/>
<EventID Qualifiers=(null)>1</EventID>
<Version>4</Version>
<Level>4</Level>
<Task>5</Task>
<Opcode>0</Opcode>
<Keywords>0x8000000000000010</Keywords>
<TimeCreated SystemTime=2026-01-14T04:34:49.000140700Z/>
<EventRecordID>274</EventRecordID>
<Correlation ActivityID=(null) RelatedActivityID=(null)/>
<Execution ProcessID=7760 ThreadID=8004/>
<Channel>System</Channel>
<Computer>DESKTOP-L7M0243</Computer>
<Security UserID=S-1-5-18/>
</System>
<EventData><Data Name=NewTime>2026-01-14T04:34:49.000000000Z</Data>
<Data Name=OldTime>2026-01-14T21:34:50.279329500Z</Data>
<Data Name=TimeDeltaInMs>[Unknown Type 0x09, size 8]</Data>
<Data Name=Reason>1</Data>
<Data Name=ProcessName>\Device\HarddiskVolume3\Windows\System32\svchost.exe</Data>
<Data Name=ProcessID>7760</Data>
<Data Name=CmosTime>2026-01-13T20:34:49.000000000Z</Data>
<Data Name=TimeZoneBias>[Unknown Type 0x07, size 4]</Data>
<Data Name=RealTimeIsUniversal>[Unknown Type 0x0d, size 4]</Data>
<Data Name=SystemInCmosMode>[Unknown Type 0x0d, size 4]</Data>
</EventData>
</Event>
ElfRec#000275 (0x00026050)	2026-01-14T04:34:58.4674676Z	size=544
<Event xmlns=http://schemas.microsoft.com/win/2004/08/events/event><System><Provider Name=Microsoft-Windows-Kernel-General Guid={a68ca8b7-004f-d7b6-a698-07e2de0f1f5d}/>
<EventID Qualifiers=(null)>16</EventID>
<Version>0</Version>
<Level>4</Level>
<Task>0</Task>
<Opcode>0</Opcode>
<Keywords>0x8000000000000000</Keywords>
<TimeCreated SystemTime=2026-01-14T04:34:58.467467600Z/>
<EventRecordID>275</EventRecordID>
<Correlation ActivityID=(null) RelatedActivityID=(null)/>
<Execution ProcessID=6708 ThreadID=3268/>
<Channel>System</Channel>
<Computer>DESKTOP-L7M0243</Computer>
<Security UserID=S-1-5-18/>
</System>
<EventData><Data Name=HiveNameLength>111</Data>
<Data Name=HiveName>\??\C:\Users\defaultuser0\AppData\Local\Packages\Microsoft.AAD.BrokerPlugin_cw5n1h2txyewy\Settings\settings.dat</Data>
<Data Name=KeysUpdated>5</Data>
<Data Name=DirtyPages>1</Data>
</EventData>
</Event>
ElfRec#000276 (0x00026270)	2026-01-14T04:34:59.7399187Z	size=752
<Event xmlns=http://schemas.microsoft.com/win/2004/08/events/event><System><Provider Name=Service Control Manager Guid={555908d1-a6d7-4695-8e1e-26931d2012f4} EventSourceName=Service Control Manager/>
<EventID Qualifiers=16384>7045</EventID>
<Version>0</Version>
<Level>4</Level>
<Task>0</Task>
<Opcode>0</Opcode>
<Keywords>0x8080000000000000</Keywords>
<TimeCreated SystemTime=2026-01-14T04:34:59.739918700Z/>
<EventRecordID>276</EventRecordID>
<Correlation ActivityID=(null) RelatedActivityID=(null)/>
<Execution ProcessID=788 ThreadID=1916/>
<Channel>System</Channel>
<Computer>DESKTOP-L7M0243</Computer>
<Security UserID=S-1-5-18/>
</System>
<EventData><Data Name=ServiceName>Printer Extensions and Notifications</Data>
<Data Name=ImagePath>%SystemRoot%\system32\svchost.exe -k print</Data>
<Data Name=ServiceType>user mode service</Data>
<Data Name=StartType>demand start</Data>
<Data Name=AccountName>LocalSystem</Data>
</EventData>
</Event>
ElfRec#000277 (0x00026560)	2026-01-14T04:34:59.7399187Z	size=264
<Event xmlns=http://schemas.microsoft.com/win/2004/08/events/event><System><Provider Name=Service Control Manager Guid={555908d1-a6d7-4695-8e1e-26931d2012f4} EventSourceName=Service Control Manager/>
<EventID Qualifiers=49152>7030</EventID>
<Version>0</Version>
<Level>2</Level>
<Task>0</Task>
<Opcode>0</Opcode>
<Keywords>0x8080000000000000</Keywords>
<TimeCreated SystemTime=2026-01-14T04:34:59.739918700Z/>
<EventRecordID>277</EventRecordID>
<Correlation ActivityID=(null) RelatedActivityID=(null)/>
<Execution ProcessID=788 ThreadID=1916/>
<Channel>System</Channel>
<Computer>DESKTOP-L7M0243</Computer>
<Security UserID=(null)/>
</System>
<EventData><Data Name=param1>Printer Extensions and Notifications</Data>
</EventData>
</Event>
ElfRec#000278 (0x00026668)	2026-01-14T04:35:11.7934167Z	size=632
<Event xmlns=http://schemas.microsoft.com/win/2004/08/events/event><System><Provider Name=Microsoft-Windows-WindowsUpdateClient Guid={945a8954-c147-4acd-923f-40c45405a658}/>
<EventID Qualifiers=(null)>44</EventID>
<Version>1</Version>
<Level>4</Level>
<Task>1</Task>
<Opcode>12</Opcode>
<Keywords>0x8000000000002004</Keywords>
<TimeCreated SystemTime=2026-01-14T04:35:11.793416700Z/>
<EventRecordID>278</EventRecordID>
<Correlation ActivityID=(null) RelatedActivityID=(null)/>
<Execution ProcessID=7896 ThreadID=8036/>
<Channel>System</Channel>
<Computer>DESKTOP-L7M0243</Computer>
<Security UserID=S-1-5-18/>
</System>
<EventData><Data Name=updateTitle>9NBLGGH3FRZM-Microsoft.VCLibs.140.00</Data>
<Data Name=updateGuid>{7c4b0956-b3f1-40ac-a633-668abc5d6af2}</Data>
<Data Name=updateRevisionNumber>1</Data>
</EventData>
</Event>
ElfRec#000279 (0x000268e0)	2026-01-14T04:35:11.7934188Z	size=432
<Event xmlns=http://schemas.microsoft.com/win/2004/08/events/event><System><Provider Name=Microsoft-Windows-WindowsUpdateClient Guid={945a8954-c147-4acd-923f-40c45405a658}/>
<EventID Qualifiers=(null)>44</EventID>
<Version>1</Version>
<Level>4</Level>
<Task>1</Task>
<Opcode>12</Opcode>
<Keywords>0x8000000000002004</Keywords>
<TimeCreated SystemTime=2026-01-14T04:35:11.793418800Z/>
<EventRecordID>279</EventRecordID>
<Correlation ActivityID=(null) RelatedActivityID=(null)/>
<Execution ProcessID=7896 ThreadID=8036/>
<Channel>System</Channel>
<Computer>DESKTOP-L7M0243</Computer>
<Security UserID=S-1-5-18/>
</System>
<EventData><Data Name=updateTitle>9N3RK8ZV2ZR8-Microsoft.WidgetsPlatformRuntime</Data>
<Data Name=updateGuid>{4727b7e7-d482-4114-b431-57735f3b247b}</Data>
<Data Name=updateRevisionNumber>1</Data>
</EventData>
</Event>
ElfRec#000280 (0x00026a90)	2026-01-14T04:35:11.7934211Z	size=440
<Event xmlns=http://schemas.microsoft.com/win/2004/08/events/event><System><Provider Name=Microsoft-Windows-WindowsUpdateClient Guid={945a8954-c147-4acd-923f-40c45405a658}/>
<EventID Qualifiers=(null)>44</EventID>
<Version>1</Version>
<Level>4</Level>
<Task>1</Task>
<Opcode>12</Opcode>
<Keywords>0x8000000000002004</Keywords>
<TimeCreated SystemTime=2026-01-14T04:35:11.793421100Z/>
<EventRecordID>280</EventRecordID>
<Correlation ActivityID=(null) RelatedActivityID=(null)/>
<Execution ProcessID=7896 ThreadID=8036/>
<Channel>System</Channel>
<Computer>DESKTOP-L7M0243</Computer>
<Security UserID=S-1-5-18/>
</System>
<EventData><Data Name=updateTitle>9NBLGGH4RV3K-Microsoft.VCLibs.140.00.UWPDesktop</Data>
<Data Name=updateGuid>{fcdd3b59-f41c-4595-b36b-245bacb749e8}</Data>
<Data Name=updateRevisionNumber>1</Data>
</EventData>
</Event>
ElfRec#000281 (0x00026c48)	2026-01-14T04:35:15.1643410Z	size=432
<Event xmlns=http://schemas.microsoft.com/win/2004/08/events/event><System><Provider Name=Microsoft-Windows-WindowsUpdateClient Guid={945a8954-c147-4acd-923f-40c45405a658}/>
<EventID Qualifiers=(null)>44</EventID>
<Version>1</Version>
<Level>4</Level>
<Task>1</Task>
<Opcode>12</Opcode>
<Keywords>0x8000000000002004</Keywords>
<TimeCreated SystemTime=2026-01-14T04:35:15.164341000Z/>
<EventRecordID>281</EventRecordID>
<Correlation ActivityID=(null) RelatedActivityID=(null)/>
<Execution ProcessID=7896 ThreadID=8036/>
<Channel>System</Channel>
<Computer>DESKTOP-L7M0243</Computer>
<Security UserID=S-1-5-18/>
</System>
<EventData><Data Name=updateTitle>9N3RK8ZV2ZR8-Microsoft.WidgetsPlatformRuntime</Data>
<Data Name=updateGuid>{4727b7e7-d482-4114-b431-57735f3b247b}</Data>
<Data Name=updateRevisionNumber>1</Data>
</EventData>
</Event>
ElfRec#000282 (0x00026df8)	2026-01-14T04:35:15.1643441Z	size=432
<Event xmlns=http://schemas.microsoft.com/win/2004/08/events/event><System><Provider Name=Microsoft-Windows-WindowsUpdateClient Guid={945a8954-c147-4acd-923f-40c45405a658}/>
<EventID Qualifiers=(null)>44</EventID>
<Version>1</Version>
<Level>4</Level>
<Task>1</Task>
<Opcode>12</Opcode>
<Keywords>0x8000000000002004</Keywords>
<TimeCreated SystemTime=2026-01-14T04:35:15.164344100Z/>
<EventRecordID>282</EventRecordID>
<Correlation ActivityID=(null) RelatedActivityID=(null)/>
<Execution ProcessID=7896 ThreadID=8036/>
<Channel>System</Channel>
<Computer>DESKTOP-L7M0243</Computer>
<Security UserID=S-1-5-18/>
</System>
<EventData><Data Name=updateTitle>9N3RK8ZV2ZR8-Microsoft.WidgetsPlatformRuntime</Data>
<Data Name=updateGuid>{4727b7e7-d482-4114-b431-57735f3b247b}</Data>
<Data Name=updateRevisionNumber>1</Data>
</EventData>
</Event>
ElfRec#000283 (0x00026fa8)	2026-01-14T04:35:25.3910357Z	size=408
<Event xmlns=http://schemas.microsoft.com/win/2004/08/events/event><System><Provider Name=Microsoft-Windows-Kernel-General Guid={a68ca8b7-004f-d7b6-a698-07e2de0f1f5d}/>
<EventID Qualifiers=(null)>16</EventID>
<Version>0</Version>
<Level>4</Level>
<Task>0</Task>
<Opcode>0</Opcode>
<Keywords>0x8000000000000000</Keywords>
<TimeCreated SystemTime=2026-01-14T04:35:25.391035700Z/>
<EventRecordID>283</EventRecordID>
<Correlation ActivityID=(null) RelatedActivityID=(null)/>
<Execution ProcessID=4904 ThreadID=6536/>
<Channel>System</Channel>
<Computer>DESKTOP-L7M0243</Computer>
<Security UserID=S-1-5-18/>
</System>
<EventData><Data Name=HiveNameLength>41</Data>
<Data Name=HiveName>\??\C:\WINDOWS\System32\config\COMPONENTS</Data>
<Data Name=KeysUpdated>73399</Data>
<Data Name=DirtyPages>7680</Data>
</EventData>
</Event>
ElfRec#000284 (0x00027140)	2026-01-14T04:35:25.5557634Z	size=672
<Event xmlns=http://schemas.microsoft.com/win/2004/08/events/event><System><Provider Name=Microsoft-Windows-Kernel-General Guid={a68ca8b7-004f-d7b6-a698-07e2de0f1f5d}/>
<EventID Qualifiers=(null)>15</EventID>
<Version>0</Version>
<Level>4</Level>
<Task>10</Task>
<Opcode>0</Opcode>
<Keywords>0x8000000000000000</Keywords>
<TimeCreated SystemTime=2026-01-14T04:35:25.555763400Z/>
<EventRecordID>284</EventRecordID>
<Correlation ActivityID=(null) RelatedActivityID=(null)/>
<Execution ProcessID=4904 ThreadID=6536/>
<Channel>System</Channel>
<Computer>DESKTOP-L7M0243</Computer>
<Security UserID=S-1-5-18/>
</System>
<EventData><Data Name=HiveNameLength>52</Data>
<Data Name=HiveName>\??\C:\WINDOWS\System32\SMI\Store\Machine\schema.dat</Data>
<Data Name=OriginalSize>12251136</Data>
<Data Name=NewSize>10870784</Data>
</EventData>
</Event>
ElfRec#000285 (0x000273e0)	2026-01-14T04:35:43.5669021Z	size=600
<Event xmlns=http://schemas.microsoft.com/win/2004/08/events/event><System><Provider Name=Microsoft-Windows-Kernel-General Guid={a68ca8b7-004f-d7b6-a698-07e2de0f1f5d}/>
<EventID Qualifiers=(null)>16</EventID>
<Version>0</Version>
<Level>4</Level>
<Task>0</Task>
<Opcode>0</Opcode>
<Keywords>0x8000000000000000</Keywords>
<TimeCreated SystemTime=2026-01-14T04:35:43.566902100Z/>
<EventRecordID>285</EventRecordID>
<Correlation ActivityID=(null) RelatedActivityID=(null)/>
<Execution ProcessID=1644 ThreadID=4220/>
<Channel>System</Channel>
<Computer>DESKTOP-L7M0243</Computer>
<Security UserID=S-1-5-18/>
</System>
<EventData><Data Name=HiveNameLength>137</Data>
<Data Name=HiveName>\??\C:\ProgramData\Microsoft\Windows\AppRepository\Packages\Microsoft.Edge.GameAssist_1.0.3590.0_arm64__8wekyb3d8bbwe\ActivationStore.dat</Data>
<Data Name=KeysUpdated>0</Data>
<Data Name=DirtyPages>0</Data>
</EventData>
</Event>
ElfRec#000286 (0x00027638)	2026-01-14T04:36:14.1905318Z	size=352
<Event xmlns=http://schemas.microsoft.com/win/2004/08/events/event><System><Provider Name=Service Control Manager Guid={555908d1-a6d7-4695-8e1e-26931d2012f4} EventSourceName=Service Control Manager/>
<EventID Qualifiers=16384>7040</EventID>
<Version>0</Version>
<Level>4</Level>
<Task>0</Task>
<Opcode>0</Opcode>
<Keywords>0x8080000000000000</Keywords>
<TimeCreated SystemTime=2026-01-14T04:36:14.190531800Z/>
<EventRecordID>286</EventRecordID>
<Correlation ActivityID=(null) RelatedActivityID=(null)/>
<Execution ProcessID=788 ThreadID=588/>
<Channel>System</Channel>
<Computer>DESKTOP-L7M0243</Computer>
<Security UserID=S-1-5-18/>
</System>
<EventData><Data Name=param1>Background Intelligent Transfer Service</Data>
<Data Name=param2>demand start</Data>
<Data Name=param3>auto start</Data>
<Data Name=param4>BITS</Data>
</EventData>
</Event>
ElfRec#000287 (0x00027798)	2026-01-14T04:36:30.8661613Z	size=608
<Event xmlns=http://schemas.microsoft.com/win/2004/08/events/event><System><Provider Name=Microsoft-Windows-Kernel-General Guid={a68ca8b7-004f-d7b6-a698-07e2de0f1f5d}/>
<EventID Qualifiers=(null)>16</EventID>
<Version>0</Version>
<Level>4</Level>
<Task>0</Task>
<Opcode>0</Opcode>
<Keywords>0x8000000000000000</Keywords>
<TimeCreated SystemTime=2026-01-14T04:36:30.866161300Z/>
<EventRecordID>287</EventRecordID>
<Correlation ActivityID=(null) RelatedActivityID=(null)/>
<Execution ProcessID=1644 ThreadID=4220/>
<Channel>System</Channel>
<Computer>DESKTOP-L7M0243</Computer>
<Security UserID=S-1-5-18/>
</System>
<EventData><Data Name=HiveNameLength>142</Data>
<Data Name=HiveName>\??\C:\ProgramData\Microsoft\Windows\AppRepository\Packages\Microsoft.WidgetsPlatformRuntime_1.6.14.0_arm64__8wekyb3d8bbwe\ActivationStore.dat</Data>
<Data Name=KeysUpdated>0</Data>
<Data Name=DirtyPages>0</Data>
</EventData>
</Event>
ElfRec#000288 (0x000279f8)	2026-01-14T04:36:32.1748151Z	size=416
<Event xmlns=http://schemas.microsoft.com/win/2004/08/events/event><System><Provider Name=Microsoft-Windows-WindowsUpdateClient Guid={945a8954-c147-4acd-923f-40c45405a658}/>
<EventID Qualifiers=(null)>43</EventID>
<Version>1</Version>
<Level>4</Level>
<Task>1</Task>
<Opcode>13</Opcode>
<Keywords>0x8000000000002008</Keywords>
<TimeCreated SystemTime=2026-01-14T04:36:32.174815100Z/>
<EventRecordID>288</EventRecordID>
<Correlation ActivityID=(null) RelatedActivityID=(null)/>
<Execution ProcessID=7896 ThreadID=5720/>
<Channel>System</Channel>
<Computer>DESKTOP-L7M0243</Computer>
<Security UserID=S-1-5-18/>
</System>
<EventData><Data Name=updateTitle>9NBLGGH3FRZM-Microsoft.VCLibs.140.00</Data>
<Data Name=updateGuid>{7c4b0956-b3f1-40ac-a633-668abc5d6af2}</Data>
<Data Name=updateRevisionNumber>1</Data>
</EventData>
</Event>
ElfRec#000289 (0x00027b98)	2026-01-14T04:36:32.4529531Z	size=704
<Event xmlns=http://schemas.microsoft.com/win/2004/08/events/event><System><Provider Name=Microsoft-Windows-WindowsUpdateClient Guid={945a8954-c147-4acd-923f-40c45405a658}/>
<EventID Qualifiers=(null)>19</EventID>
<Version>1</Version>
<Level>4</Level>
<Task>1</Task>
<Opcode>13</Opcode>
<Keywords>0x8000000000000018</Keywords>
<TimeCreated SystemTime=2026-01-14T04:36:32.452953100Z/>
<EventRecordID>289</EventRecordID>
<Correlation ActivityID={88323bef-859d-0001-cb22-33889d85dc01} RelatedActivityID=(null)/>
<Execution ProcessID=7896 ThreadID=5720/>
<Channel>System</Channel>
<Computer>DESKTOP-L7M0243</Computer>
<Security UserID=S-1-5-18/>
</System>
<EventData><Data Name=updateTitle>9NBLGGH3FRZM-Microsoft.VCLibs.140.00</Data>
<Data Name=updateGuid>{7c4b0956-b3f1-40ac-a633-668abc5d6af2}</Data>
<Data Name=updateRevisionNumber>1</Data>
<Data Name=serviceGuid>{855e8a7c-ecb4-4ca3-b045-1dfa50104289}</Data>
</EventData>
</Event>
ElfRec#000290 (0x00027e58)	2026-01-14T04:36:32.4871193Z	size=440
<Event xmlns=http://schemas.microsoft.com/win/2004/08/events/event><System><Provider Name=Microsoft-Windows-WindowsUpdateClient Guid={945a8954-c147-4acd-923f-40c45405a658}/>
<EventID Qualifiers=(null)>43</EventID>
<Version>1</Version>
<Level>4</Level>
<Task>1</Task>
<Opcode>13</Opcode>
<Keywords>0x8000000000002008</Keywords>
<TimeCreated SystemTime=2026-01-14T04:36:32.487119300Z/>
<EventRecordID>290</EventRecordID>
<Correlation ActivityID={88323bef-859d-0001-cb22-33889d85dc01} RelatedActivityID=(null)/>
<Execution ProcessID=7896 ThreadID=5720/>
<Channel>System</Channel>
<Computer>DESKTOP-L7M0243</Computer>
<Security UserID=S-1-5-18/>
</System>
<EventData><Data Name=updateTitle>9NBLGGH4RV3K-Microsoft.VCLibs.140.00.UWPDesktop</Data>
<Data Name=updateGuid>{fcdd3b59-f41c-4595-b36b-245bacb749e8}</Data>
<Data Name=updateRevisionNumber>1</Data>
</EventData>
</Event>
ElfRec#000291 (0x00028010)	2026-01-14T04:36:32.7503277Z	size=456
<Event xmlns=http://schemas.microsoft.com/win/2004/08/events/event><System><Provider Name=Microsoft-Windows-WindowsUpdateClient Guid={945a8954-c147-4acd-923f-40c45405a658}/>
<EventID Qualifiers=(null)>19</EventID>
<Version>1</Version>
<Level>4</Level>
<Task>1</Task>
<Opcode>13</Opcode>
<Keywords>0x8000000000000018</Keywords>
<TimeCreated SystemTime=2026-01-14T04:36:32.750327700Z/>
<EventRecordID>291</EventRecordID>
<Correlation ActivityID={88323bef-859d-0001-7824-33889d85dc01} RelatedActivityID=(null)/>
<Execution ProcessID=7896 ThreadID=5720/>
<Channel>System</Channel>
<Computer>DESKTOP-L7M0243</Computer>
<Security UserID=S-1-5-18/>
</System>
<EventData><Data Name=updateTitle>9NBLGGH4RV3K-Microsoft.VCLibs.140.00.UWPDesktop</Data>
<Data Name=updateGuid>{fcdd3b59-f41c-4595-b36b-245bacb749e8}</Data>
<Data Name=updateRevisionNumber>1</Data>
<Data Name=serviceGuid>{855e8a7c-ecb4-4ca3-b045-1dfa50104289}</Data>
</EventData>
</Event>
ElfRec#000292 (0x000281d8)	2026-01-14T04:36:32.7768019Z	size=432
<Event xmlns=http://schemas.microsoft.com/win/2004/08/events/event><System><Provider Name=Microsoft-Windows-WindowsUpdateClient Guid={945a8954-c147-4acd-923f-40c45405a658}/>
<EventID Qualifiers=(null)>43</EventID>
<Version>1</Version>
<Level>4</Level>
<Task>1</Task>
<Opcode>13</Opcode>
<Keywords>0x8000000000002008</Keywords>
<TimeCreated SystemTime=2026-01-14T04:36:32.776801900Z/>
<EventRecordID>292</EventRecordID>
<Correlation ActivityID={88323bef-859d-0001-7824-33889d85dc01} RelatedActivityID=(null)/>
<Execution ProcessID=7896 ThreadID=5720/>
<Channel>System</Channel>
<Computer>DESKTOP-L7M0243</Computer>
<Security UserID=S-1-5-18/>
</System>
<EventData><Data Name=updateTitle>9N3RK8ZV2ZR8-Microsoft.WidgetsPlatformRuntime</Data>
<Data Name=updateGuid>{4727b7e7-d482-4114-b431-57735f3b247b}</Data>
<Data Name=updateRevisionNumber>1</Data>
</EventData>
</Event>
ElfRec#000293 (0x00028388)	2026-01-14T04:36:33.0412869Z	size=456
<Event xmlns=http://schemas.microsoft.com/win/2004/08/events/event><System><Provider Name=Microsoft-Windows-WindowsUpdateClient Guid={945a8954-c147-4acd-923f-40c45405a658}/>
<EventID Qualifiers=(null)>19</EventID>
<Version>1</Version>
<Level>4</Level>
<Task>1</Task>
<Opcode>13</Opcode>
<Keywords>0x8000000000000018</Keywords>
<TimeCreated SystemTime=2026-01-14T04:36:33.041286900Z/>
<EventRecordID>293</EventRecordID>
<Correlation ActivityID={88323bef-859d-0001-7025-33889d85dc01} RelatedActivityID=(null)/>
<Execution ProcessID=7896 ThreadID=5720/>
<Channel>System</Channel>
<Computer>DESKTOP-L7M0243</Computer>
<Security UserID=S-1-5-18/>
</System>
<EventData><Data Name=updateTitle>9N3RK8ZV2ZR8-Microsoft.WidgetsPlatformRuntime</Data>
<Data Name=updateGuid>{4727b7e7-d482-4114-b431-57735f3b247b}</Data>
<Data Name=updateRevisionNumber>1</Data>
<Data Name=serviceGuid>{855e8a7c-ecb4-4ca3-b045-1dfa50104289}</Data>
</EventData>
</Event>
ElfRec#000294 (0x00028550)	2026-01-14T04:36:53.2530800Z	size=816
<Event xmlns=http://schemas.microsoft.com/win/2004/08/events/event><System><Provider Name=EventLog/>
<EventID Qualifiers=32768>6011</EventID>
<Version>0</Version>
<Level>4</Level>
<Task>0</Task>
<Opcode>0</Opcode>
<Keywords>0x0080000000000000</Keywords>
<TimeCreated SystemTime=2026-01-14T04:36:53.253080000Z/>
<EventRecordID>294</EventRecordID>
<Correlation ActivityID=(null) RelatedActivityID=(null)/>
<Execution ProcessID=2652 ThreadID=2796/>
<Channel>System</Channel>
<Computer>DESKTOP-L7M0243</Computer>
<Security UserID=(null)/>
</System>
<EventData><Data>[Unknown Type 0x81, size 64]</Data>
<Binary>(null)</Binary>
</EventData>
</Event>
ElfRec#000295 (0x00028880)	2026-01-14T04:36:52.8070962Z	size=1528
<Event xmlns=http://schemas.microsoft.com/win/2004/08/events/event><System><Provider Name=User32 Guid={b0aa8734-56f7-41cc-b2f4-de228e98b946} EventSourceName=User32/>
<EventID Qualifiers=32768>1074</EventID>
<Version>0</Version>
<Level>4</Level>
<Task>0</Task>
<Opcode>0</Opcode>
<Keywords>0x8080000000000000</Keywords>
<TimeCreated SystemTime=2026-01-14T04:36:52.807096200Z/>
<EventRecordID>295</EventRecordID>
<Correlation ActivityID=(null) RelatedActivityID=(null)/>
<Execution ProcessID=564 ThreadID=740/>
<Channel>System</Channel>
<Computer>DESKTOP-L7M0243</Computer>
<Security UserID=S-1-5-21-3154672976-900801122-4255023966-1000/>
</System>
<EventData><Data Name=param1>C:\WINDOWS\system32\shutdown.exe (WIN-S8AG37SE2O9)</Data>
<Data Name=param2>DESKTOP-L7M0243</Data>
<Data Name=param3>No title for this reason could be found</Data>
<Data Name=param4>0x800000ff</Data>
<Data Name=param5>restart</Data>
<Data Name=param6>[Empty]</Data>
<Data Name=param7>DESKTOP-L7M0243\defaultuser0</Data>
</EventData>
</Event>
ElfRec#000296 (0x00028e78)	2026-01-14T04:36:53.1992673Z	size=384
<Event xmlns=http://schemas.microsoft.com/win/2004/08/events/event><System><Provider Name=Microsoft-Windows-Kernel-General Guid={a68ca8b7-004f-d7b6-a698-07e2de0f1f5d}/>
<EventID Qualifiers=(null)>16</EventID>
<Version>0</Version>
<Level>4</Level>
<Task>0</Task>
<Opcode>0</Opcode>
<Keywords>0x8000000000000000</Keywords>
<TimeCreated SystemTime=2026-01-14T04:36:53.199267300Z/>
<EventRecordID>296</EventRecordID>
<Correlation ActivityID=(null) RelatedActivityID=(null)/>
<Execution ProcessID=7236 ThreadID=7240/>
<Channel>System</Channel>
<Computer>DESKTOP-L7M0243</Computer>
<Security UserID=S-1-5-18/>
</System>
<EventData><Data Name=HiveNameLength>31</Data>
<Data Name=HiveName>\??\C:\Users\Default\NTUSER.DAT</Data>
<Data Name=KeysUpdated>559</Data>
<Data Name=DirtyPages>33</Data>
</EventData>
</Event>
ElfRec#000297 (0x00028ff8)	2026-01-14T04:37:00.4162531Z	size=520
<Event xmlns=http://schemas.microsoft.com/win/2004/08/events/event><System><Provider Name=Microsoft-Windows-DNS-Client Guid={1c95126e-7eea-49a9-a3fe-a378b03ddb4d}/>
<EventID Qualifiers=(null)>1014</EventID>
<Version>1</Version>
<Level>3</Level>
<Task>1014</Task>
<Opcode>0</Opcode>
<Keywords>0x4000000010000000</Keywords>
<TimeCreated SystemTime=2026-01-14T04:37:00.416253100Z/>
<EventRecordID>297</EventRecordID>
<Correlation ActivityID=(null) RelatedActivityID=(null)/>
<Execution ProcessID=1976 ThreadID=1436/>
<Channel>System</Channel>
<Computer>DESKTOP-L7M0243</Computer>
<Security UserID=S-1-5-20/>
</System>
<EventData><Data Name=QueryName>_ldap._tcp.dc._msdcs.DESKTOP-L7M0243</Data>
<Data Name=AddressLength>128</Data>
<Data Name=Address>[Unknown Type 0x0e, size 128]</Data>
<Data Name=ClientPID>808</Data>
</EventData>
</Event>
ElfRec#000298 (0x00029200)	2026-01-14T04:37:11.7441205Z	size=584
<Event xmlns=http://schemas.microsoft.com/win/2004/08/events/event><System><Provider Name=Microsoft-Windows-Kernel-General Guid={a68ca8b7-004f-d7b6-a698-07e2de0f1f5d}/>
<EventID Qualifiers=(null)>16</EventID>
<Version>0</Version>
<Level>4</Level>
<Task>0</Task>
<Opcode>0</Opcode>
<Keywords>0x8000000000000000</Keywords>
<TimeCreated SystemTime=2026-01-14T04:37:11.744120500Z/>
<EventRecordID>298</EventRecordID>
<Correlation ActivityID=(null) RelatedActivityID=(null)/>
<Execution ProcessID=1644 ThreadID=4304/>
<Channel>System</Channel>
<Computer>DESKTOP-L7M0243</Computer>
<Security UserID=S-1-5-18/>
</System>
<EventData><Data Name=HiveNameLength>129</Data>
<Data Name=HiveName>\??\C:\ProgramData\Microsoft\Windows\AppRepository\Packages\MSTeams_25332.1210.4188.1171_arm64__8wekyb3d8bbwe\ActivationStore.dat</Data>
<Data Name=KeysUpdated>0</Data>
<Data Name=DirtyPages>0</Data>
</EventData>
</Event>
ElfRec#000299 (0x00029448)	2026-01-14T04:37:22.9961941Z	size=1008
<Event xmlns=http://schemas.microsoft.com/win/2004/08/events/event><System><Provider Name=Microsoft-Windows-DistributedCOM Guid={1B562E86-B7AA-4131-BADC-B6F3A001407E} EventSourceName=DCOM/>
<EventID Qualifiers=0>10010</EventID>
<Version>0</Version>
<Level>2</Level>
<Task>0</Task>
<Opcode>0</Opcode>
<Keywords>0x8080000000000000</Keywords>
<TimeCreated SystemTime=2026-01-14T04:37:22.996194100Z/>
<EventRecordID>299</EventRecordID>
<Correlation ActivityID={88323bef-859d-0000-0188-33889d85dc01} RelatedActivityID=(null)/>
<Execution ProcessID=488 ThreadID=508/>
<Channel>System</Channel>
<Computer>DESKTOP-L7M0243</Computer>
<Security UserID=S-1-5-21-3154672976-900801122-4255023966-1000/>
</System>
<EventData><Data Name=param1>{AB8902B4-09CA-4BB6-B78D-A8F59079A8D5}</Data>
</EventData>
</Event>
ElfRec#000300 (0x00029838)	2026-01-14T04:37:24.9976493Z	size=328
<Event xmlns=http://schemas.microsoft.com/win/2004/08/events/event><System><Provider Name=Microsoft-Windows-Winlogon Guid={dbe9b383-7cf3-4331-91cc-a3cb16a3b538}/>
<EventID Qualifiers=(null)>7002</EventID>
<Version>0</Version>
<Level>4</Level>
<Task>1102</Task>
<Opcode>0</Opcode>
<Keywords>0x2000200000000000</Keywords>
<TimeCreated SystemTime=2026-01-14T04:37:24.997649300Z/>
<EventRecordID>300</EventRecordID>
<Correlation ActivityID=(null) RelatedActivityID=(null)/>
<Execution ProcessID=720 ThreadID=1384/>
<Channel>System</Channel>
<Computer>DESKTOP-L7M0243</Computer>
<Security UserID=S-1-5-18/>
</System>
<EventData><Data Name=TSId>1</Data>
<Data Name=UserSid>S-1-5-21-3154672976-900801122-4255023966-1000</Data>
</EventData>
</Event>
ElfRec#000301 (0x00029980)	2026-01-14T04:37:26.2589340Z	size=216
<Event xmlns=http://schemas.microsoft.com/win/2004/08/events/event><System><Provider Name=EventLog/>
<EventID Qualifiers=32768>6006</EventID>
<Version>0</Version>
<Level>4</Level>
<Task>0</Task>
<Opcode>0</Opcode>
<Keywords>0x0080000000000000</Keywords>
<TimeCreated SystemTime=2026-01-14T04:37:26.258934000Z/>
<EventRecordID>301</EventRecordID>
<Correlation ActivityID=(null) RelatedActivityID=(null)/>
<Execution ProcessID=2652 ThreadID=2888/>
<Channel>System</Channel>
<Computer>DESKTOP-L7M0243</Computer>
<Security UserID=(null)/>
</System>
<EventData><Data>(null)</Data>
<Binary>[Unknown Type 0x0e, size 8]</Binary>
</EventData>
</Event>
ElfRec#000302 (0x00029a58)	2026-01-14T04:37:26.1842494Z	size=296
<Event xmlns=http://schemas.microsoft.com/win/2004/08/events/event><System><Provider Name=Microsoft-Windows-Dhcp-Client Guid={15a7a4f8-0072-4eab-abad-f98a4d666aed}/>
<EventID Qualifiers=(null)>50104</EventID>
<Version>0</Version>
<Level>4</Level>
<Task>4</Task>
<Opcode>129</Opcode>
<Keywords>0x2000000000000000</Keywords>
<TimeCreated SystemTime=2026-01-14T04:37:26.184249400Z/>
<EventRecordID>302</EventRecordID>
<Correlation ActivityID=(null) RelatedActivityID=(null)/>
<Execution ProcessID=2404 ThreadID=2408/>
<Channel>System</Channel>
<Computer>DESKTOP-L7M0243</Computer>
<Security UserID=S-1-5-19/>
</System>
<EventData></EventData>
</Event>
ElfRec#000303 (0x00029b80)	2026-01-14T04:37:26.1854044Z	size=296
<Event xmlns=http://schemas.microsoft.com/win/2004/08/events/event><System><Provider Name=Microsoft-Windows-Dhcp-Client Guid={15a7a4f8-0072-4eab-abad-f98a4d666aed}/>
<EventID Qualifiers=(null)>50105</EventID>
<Version>0</Version>
<Level>4</Level>
<Task>4</Task>
<Opcode>129</Opcode>
<Keywords>0x2000000000000000</Keywords>
<TimeCreated SystemTime=2026-01-14T04:37:26.185404400Z/>
<EventRecordID>303</EventRecordID>
<Correlation ActivityID=(null) RelatedActivityID=(null)/>
<Execution ProcessID=2404 ThreadID=2464/>
<Channel>System</Channel>
<Computer>DESKTOP-L7M0243</Computer>
<Security UserID=S-1-5-19/>
</System>
<EventData></EventData>
</Event>
ElfRec#000304 (0x00029ca8)	2026-01-14T04:37:26.2025447Z	size=416
<Event xmlns=http://schemas.microsoft.com/win/2004/08/events/event><System><Provider Name=Microsoft-Windows-Kernel-General Guid={a68ca8b7-004f-d7b6-a698-07e2de0f1f5d}/>
<EventID Qualifiers=(null)>16</EventID>
<Version>0</Version>
<Level>4</Level>
<Task>0</Task>
<Opcode>0</Opcode>
<Keywords>0x8000000000000000</Keywords>
<TimeCreated SystemTime=2026-01-14T04:37:26.202544700Z/>
<EventRecordID>304</EventRecordID>
<Correlation ActivityID=(null) RelatedActivityID=(null)/>
<Execution ProcessID=4896 ThreadID=7052/>
<Channel>System</Channel>
<Computer>DESKTOP-L7M0243</Computer>
<Security UserID=S-1-5-18/>
</System>
<EventData><Data Name=HiveNameLength>45</Data>
<Data Name=HiveName>\??\C:\WINDOWS\AppCompat\Programs\Amcache.hve</Data>
<Data Name=KeysUpdated>52</Data>
<Data Name=DirtyPages>9</Data>
</EventData>
</Event>
ElfRec#000305 (0x00029e48)	2026-01-14T04:37:26.2396294Z	size=296
<Event xmlns=http://schemas.microsoft.com/win/2004/08/events/event><System><Provider Name=Microsoft-Windows-Dhcp-Client Guid={15a7a4f8-0072-4eab-abad-f98a4d666aed}/>
<EventID Qualifiers=(null)>50106</EventID>
<Version>0</Version>
<Level>4</Level>
<Task>4</Task>
<Opcode>129</Opcode>
<Keywords>0x2000000000000000</Keywords>
<TimeCreated SystemTime=2026-01-14T04:37:26.239629400Z/>
<EventRecordID>305</EventRecordID>
<Correlation ActivityID=(null) RelatedActivityID=(null)/>
<Execution ProcessID=2404 ThreadID=2464/>
<Channel>System</Channel>
<Computer>DESKTOP-L7M0243</Computer>
<Security UserID=S-1-5-19/>
</System>
<EventData></EventData>
</Event>
ElfRec#000306 (0x00029f70)	2026-01-14T04:37:26.2652457Z	size=392
<Event xmlns=http://schemas.microsoft.com/win/2004/08/events/event><System><Provider Name=Microsoft-Windows-DHCPv6-Client Guid={6a1f2b00-6a90-4c38-95a5-5cab3b056778}/>
<EventID Qualifiers=(null)>51047</EventID>
<Version>0</Version>
<Level>4</Level>
<Task>4</Task>
<Opcode>63</Opcode>
<Keywords>0x2000000000000000</Keywords>
<TimeCreated SystemTime=2026-01-14T04:37:26.265245700Z/>
<EventRecordID>306</EventRecordID>
<Correlation ActivityID=(null) RelatedActivityID=(null)/>
<Execution ProcessID=2404 ThreadID=2564/>
<Channel>System</Channel>
<Computer>DESKTOP-L7M0243</Computer>
<Security UserID=S-1-5-19/>
</System>
<EventData><Data Name=DwordVal>1</Data>
</EventData>
</Event>
ElfRec#000307 (0x0002a0f8)	2026-01-14T04:37:26.2652484Z	size=304
<Event xmlns=http://schemas.microsoft.com/win/2004/08/events/event><System><Provider Name=Microsoft-Windows-DHCPv6-Client Guid={6a1f2b00-6a90-4c38-95a5-5cab3b056778}/>
<EventID Qualifiers=(null)>51057</EventID>
<Version>0</Version>
<Level>4</Level>
<Task>4</Task>
<Opcode>104</Opcode>
<Keywords>0x2000000000000000</Keywords>
<TimeCreated SystemTime=2026-01-14T04:37:26.265248400Z/>
<EventRecordID>307</EventRecordID>
<Correlation ActivityID=(null) RelatedActivityID=(null)/>
<Execution ProcessID=2404 ThreadID=2564/>
<Channel>System</Channel>
<Computer>DESKTOP-L7M0243</Computer>
<Security UserID=S-1-5-19/>
</System>
<EventData><Data Name=DwordVal>1</Data>
</EventData>
</Event>
ElfRec#000308 (0x0002a228)	2026-01-14T04:37:26.3022126Z	size=304
<Event xmlns=http://schemas.microsoft.com/win/2004/08/events/event><System><Provider Name=Microsoft-Windows-Dhcp-Client Guid={15a7a4f8-0072-4eab-abad-f98a4d666aed}/>
<EventID Qualifiers=(null)>50037</EventID>
<Version>0</Version>
<Level>4</Level>
<Task>4</Task>
<Opcode>69</Opcode>
<Keywords>0x2000000000000000</Keywords>
<TimeCreated SystemTime=2026-01-14T04:37:26.302212600Z/>
<EventRecordID>308</EventRecordID>
<Correlation ActivityID=(null) RelatedActivityID=(null)/>
<Execution ProcessID=2404 ThreadID=2464/>
<Channel>System</Channel>
<Computer>DESKTOP-L7M0243</Computer>
<Security UserID=S-1-5-19/>
</System>
<EventData><Data Name=DwordVal>1</Data>
</EventData>
</Event>
ElfRec#000309 (0x0002a358)	2026-01-14T21:37:44.6238116Z	size=824
<Event xmlns=http://schemas.microsoft.com/win/2004/08/events/event><System><Provider Name=EventLog/>
<EventID Qualifiers=32768>6009</EventID>
<Version>0</Version>
<Level>4</Level>
<Task>0</Task>
<Opcode>0</Opcode>
<Keywords>0x0080000000000000</Keywords>
<TimeCreated SystemTime=2026-01-14T21:37:44.623811600Z/>
<EventRecordID>309</EventRecordID>
<Correlation ActivityID=(null) RelatedActivityID=(null)/>
<Execution ProcessID=1900 ThreadID=2004/>
<Channel>System</Channel>
<Computer>DESKTOP-5VCD46O</Computer>
<Security UserID=(null)/>
</System>
<EventData><Data>[Unknown Type 0x81, size 72]</Data>
<Binary>(null)</Binary>
</EventData>
</Event>
ElfRec#000310 (0x0002a690)	2026-01-14T21:37:44.6244560Z	size=232
<Event xmlns=http://schemas.microsoft.com/win/2004/08/events/event><System><Provider Name=EventLog/>
<EventID Qualifiers=32768>6005</EventID>
<Version>0</Version>
<Level>4</Level>
<Task>0</Task>
<Opcode>0</Opcode>
<Keywords>0x0080000000000000</Keywords>
<TimeCreated SystemTime=2026-01-14T21:37:44.624456000Z/>
<EventRecordID>310</EventRecordID>
<Correlation ActivityID=(null) RelatedActivityID=(null)/>
<Execution ProcessID=1900 ThreadID=2004/>
<Channel>System</Channel>
<Computer>DESKTOP-5VCD46O</Computer>
<Security UserID=(null)/>
</System>
<EventData><Data>(null)</Data>
<Binary>[Unknown Type 0x0e, size 24]</Binary>
</EventData>
</Event>
ElfRec#000311 (0x0002a778)	2026-01-14T21:37:44.6248218Z	size=600
<Event xmlns=http://schemas.microsoft.com/win/2004/08/events/event><System><Provider Name=EventLog/>
<EventID Qualifiers=32768>6013</EventID>
<Version>0</Version>
<Level>4</Level>
<Task>0</Task>
<Opcode>0</Opcode>
<Keywords>0x0080000000000000</Keywords>
<TimeCreated SystemTime=2026-01-14T21:37:44.624821800Z/>
<EventRecordID>311</EventRecordID>
<Correlation ActivityID=(null) RelatedActivityID=(null)/>
<Execution ProcessID=1900 ThreadID=2004/>
<Channel>System</Channel>
<Computer>DESKTOP-5VCD46O</Computer>
<Security UserID=(null)/>
</System>
<EventData><Data>[Unknown Type 0x81, size 70]</Data>
<Binary>[Unknown Type 0x0e, size 326]</Binary>
</EventData>
</Event>
ElfRec#000312 (0x0002a9d0)	2026-01-14T04:37:31.1627920Z	size=1072
<Event xmlns=http://schemas.microsoft.com/win/2004/08/events/event><System><Provider Name=Microsoft-Windows-Kernel-Power Guid={331c3b3a-2005-44c2-ac5e-77220c37d6b4}/>
<EventID Qualifiers=(null)>109</EventID>
<Version>0</Version>
<Level>4</Level>
<Task>103</Task>
<Opcode>0</Opcode>
<Keywords>0x8000400000000404</Keywords>
<TimeCreated SystemTime=2026-01-14T04:37:31.162792000Z/>
<EventRecordID>312</EventRecordID>
<Correlation ActivityID=(null) RelatedActivityID=(null)/>
<Execution ProcessID=640 ThreadID=644/>
<Channel>System</Channel>
<Computer>DESKTOP-5VCD46O</Computer>
<Security UserID=S-1-5-18/>
</System>
<EventData><Data Name=ShutdownActionType>5</Data>
<Data Name=ShutdownEventCode>0</Data>
<Data Name=ShutdownReason>5</Data>
</EventData>
</Event>
ElfRec#000313 (0x0002ae00)	2026-01-14T04:37:31.3615662Z	size=512
<Event xmlns=http://schemas.microsoft.com/win/2004/08/events/event><System><Provider Name=Microsoft-Windows-Kernel-Power Guid={331c3b3a-2005-44c2-ac5e-77220c37d6b4}/>
<EventID Qualifiers=(null)>577</EventID>
<Version>0</Version>
<Level>4</Level>
<Task>280</Task>
<Opcode>0</Opcode>
<Keywords>0x8000000000000004</Keywords>
<TimeCreated SystemTime=2026-01-14T04:37:31.361566200Z/>
<EventRecordID>313</EventRecordID>
<Correlation ActivityID=(null) RelatedActivityID=(null)/>
<Execution ProcessID=4 ThreadID=356/>
<Channel>System</Channel>
<Computer>DESKTOP-5VCD46O</Computer>
<Security UserID=(null)/>
</System>
<EventData><Data Name=AdaptiveTargetState>0</Data>
<Data Name=IsUnattended>[Unknown Type 0x0d, size 4]</Data>
<Data Name=Status>279</Data>
</EventData>
</Event>
ElfRec#000314 (0x0002b000)	2026-01-14T04:37:31.4673065Z	size=384
<Event xmlns=http://schemas.microsoft.com/win/2004/08/events/event><System><Provider Name=Microsoft-Windows-Kernel-General Guid={a68ca8b7-004f-d7b6-a698-07e2de0f1f5d}/>
<EventID Qualifiers=(null)>13</EventID>
<Version>0</Version>
<Level>4</Level>
<Task>2</Task>
<Opcode>0</Opcode>
<Keywords>0x8000000000000080</Keywords>
<TimeCreated SystemTime=2026-01-14T04:37:31.467306500Z/>
<EventRecordID>314</EventRecordID>
<Correlation ActivityID=(null) RelatedActivityID=(null)/>
<Execution ProcessID=4 ThreadID=356/>
<Channel>System</Channel>
<Computer>DESKTOP-5VCD46O</Computer>
<Security UserID=(null)/>
</System>
<EventData><Data Name=StopTime>2026-01-14T04:37:31.467304600Z</Data>
</EventData>
</Event>
ElfRec#000315 (0x0002b180)	2026-01-14T21:37:39.6082638Z	size=760
<Event xmlns=http://schemas.microsoft.com/win/2004/08/events/event><System><Provider Name=Microsoft-Windows-Kernel-General Guid={a68ca8b7-004f-d7b6-a698-07e2de0f1f5d}/>
<EventID Qualifiers=(null)>12</EventID>
<Version>0</Version>
<Level>4</Level>
<Task>1</Task>
<Opcode>0</Opcode>
<Keywords>0x8000000000000080</Keywords>
<TimeCreated SystemTime=2026-01-14T21:37:39.608263800Z/>
<EventRecordID>315</EventRecordID>
<Correlation ActivityID=(null) RelatedActivityID=(null)/>
<Execution ProcessID=4 ThreadID=8/>
<Channel>System</Channel>
<Computer>DESKTOP-5VCD46O</Computer>
<Security UserID=S-1-5-18/>
</System>
<EventData><Data Name=MajorVersion>10</Data>
<Data Name=MinorVersion>0</Data>
<Data Name=BuildVersion>26100</Data>
<Data Name=QfeVersion>4343</Data>
<Data Name=ServiceVersion>0</Data>
<Data Name=BootMode>0</Data>
<Data Name=StartTime>2026-01-14T21:37:39.419044600Z</Data>
</EventData>
</Event>
ElfRec#000316 (0x0002b478)	2026-01-14T21:37:39.6082641Z	size=840
<Event xmlns=http://schemas.microsoft.com/win/2004/08/events/event><System><Provider Name=Microsoft-Windows-Kernel-General Guid={a68ca8b7-004f-d7b6-a698-07e2de0f1f5d}/>
<EventID Qualifiers=(null)>25</EventID>
<Version>0</Version>
<Level>4</Level>
<Task>12</Task>
<Opcode>0</Opcode>
<Keywords>0x8000000000000010</Keywords>
<TimeCreated SystemTime=2026-01-14T21:37:39.608264100Z/>
<EventRecordID>316</EventRecordID>
<Correlation ActivityID=(null) RelatedActivityID=(null)/>
<Execution ProcessID=4 ThreadID=8/>
<Channel>System</Channel>
<Computer>DESKTOP-5VCD46O</Computer>
<Security UserID=S-1-5-18/>
</System>
<EventData><Data Name=SystemTime>2026-01-14T21:37:39.419044600Z</Data>
<Data Name=LoaderTime>2026-01-14T21:37:39.000000000Z</Data>
<Data Name=InternalBootFlags>2</Data>
<Data Name=HalRtcErrorCode>0</Data>
<Data Name=RealTimeIsUniversal>[Unknown Type 0x0d, size 4]</Data>
<Data Name=IsSoftBoot>[Unknown Type 0x0d, size 4]</Data>
<Data Name=Success>[Unknown Type 0x0d, size 4]</Data>
<Data Name=Phase>2</Data>
</EventData>
</Event>
ElfRec#000317 (0x0002b7c0)	2026-01-14T21:37:39.6083563Z	size=520
<Event xmlns=http://schemas.microsoft.com/win/2004/08/events/event><System><Provider Name=Microsoft-Windows-Kernel-Boot Guid={15ca44ff-4d7a-4baa-bba5-0998955e531e}/>
<EventID Qualifiers=(null)>153</EventID>
<Version>0</Version>
<Level>4</Level>
<Task>62</Task>
<Opcode>0</Opcode>
<Keywords>0x8000000000000000</Keywords>
<TimeCreated SystemTime=2026-01-14T21:37:39.608356300Z/>
<EventRecordID>317</EventRecordID>
<Correlation ActivityID=(null) RelatedActivityID=(null)/>
<Execution ProcessID=4 ThreadID=8/>
<Channel>System</Channel>
<Computer>DESKTOP-5VCD46O</Computer>
<Security UserID=S-1-5-18/>
</System>
<EventData><Data Name=Status>0</Data>
<Data Name=EnableDisableReason>0</Data>
<Data Name=VsmPolicy>0</Data>
</EventData>
</Event>
ElfRec#000318 (0x0002b9c8)	2026-01-14T21:37:39.6084049Z	size=592
<Event xmlns=http://schemas.microsoft.com/win/2004/08/events/event><System><Provider Name=Microsoft-Windows-Kernel-Boot Guid={15ca44ff-4d7a-4baa-bba5-0998955e531e}/>
<EventID Qualifiers=(null)>20</EventID>
<Version>1</Version>
<Level>4</Level>
<Task>31</Task>
<Opcode>0</Opcode>
<Keywords>0x8000000000000000</Keywords>
<TimeCreated SystemTime=2026-01-14T21:37:39.608404900Z/>
<EventRecordID>318</EventRecordID>
<Correlation ActivityID=(null) RelatedActivityID=(null)/>
<Execution ProcessID=4 ThreadID=8/>
<Channel>System</Channel>
<Computer>DESKTOP-5VCD46O</Computer>
<Security UserID=S-1-5-18/>
</System>
<EventData><Data Name=LastShutdownGood>[Unknown Type 0x0d, size 4]</Data>
<Data Name=LastBootGood>[Unknown Type 0x0d, size 4]</Data>
<Data Name=LastBootId>2</Data>
<Data Name=BootStatusPolicy>2</Data>
</EventData>
</Event>
ElfRec#000319 (0x0002bc18)	2026-01-14T21:37:39.6084060Z	size=448
<Event xmlns=http://schemas.microsoft.com/win/2004/08/events/event><System><Provider Name=Microsoft-Windows-Kernel-Boot Guid={15ca44ff-4d7a-4baa-bba5-0998955e531e}/>
<EventID Qualifiers=(null)>247</EventID>
<Version>0</Version>
<Level>4</Level>
<Task>99</Task>
<Opcode>12</Opcode>
<Keywords>0x8000000000000000</Keywords>
<TimeCreated SystemTime=2026-01-14T21:37:39.608406000Z/>
<EventRecordID>319</EventRecordID>
<Correlation ActivityID=(null) RelatedActivityID=(null)/>
<Execution ProcessID=4 ThreadID=8/>
<Channel>System</Channel>
<Computer>DESKTOP-5VCD46O</Computer>
<Security UserID=S-1-5-18/>
</System>
<EventData><Data Name=Status>3221225473</Data>
<Data Name=FailureReason>0</Data>
</EventData>
</Event>
ElfRec#000320 (0x0002bdd8)	2026-01-14T21:37:39.6084344Z	size=520
<Event xmlns=http://schemas.microsoft.com/win/2004/08/events/event><System><Provider Name=Microsoft-Windows-Kernel-Boot Guid={15ca44ff-4d7a-4baa-bba5-0998955e531e}/>
<EventID Qualifiers=(null)>238</EventID>
<Version>1</Version>
<Level>4</Level>
<Task>101</Task>
<Opcode>0</Opcode>
<Keywords>0x8000000000000000</Keywords>
<TimeCreated SystemTime=2026-01-14T21:37:39.608434400Z/>
<EventRecordID>320</EventRecordID>
<Correlation ActivityID=(null) RelatedActivityID=(null)/>
<Execution ProcessID=4 ThreadID=8/>
<Channel>System</Channel>
<Computer>DESKTOP-5VCD46O</Computer>
<Security UserID=S-1-5-18/>
</System>
<EventData><Data Name=EfiTimeZoneBias>[Unknown Type 0x05, size 2]</Data>
<Data Name=EfiDaylightFlags>0</Data>
<Data Name=EfiTime>2026-01-14T13:37:39.000000000Z</Data>
</EventData>
</Event>
ElfRec#000321 (0x0002bfe0)	2026-01-14T21:37:39.6084347Z	size=400
<Event xmlns=http://schemas.microsoft.com/win/2004/08/events/event><System><Provider Name=Microsoft-Windows-Kernel-Boot Guid={15ca44ff-4d7a-4baa-bba5-0998955e531e}/>
<EventID Qualifiers=(null)>25</EventID>
<Version>0</Version>
<Level>4</Level>
<Task>32</Task>
<Opcode>0</Opcode>
<Keywords>0x8000000000000000</Keywords>
<TimeCreated SystemTime=2026-01-14T21:37:39.608434700Z/>
<EventRecordID>321</EventRecordID>
<Correlation ActivityID=(null) RelatedActivityID=(null)/>
<Execution ProcessID=4 ThreadID=8/>
<Channel>System</Channel>
<Computer>DESKTOP-5VCD46O</Computer>
<Security UserID=S-1-5-18/>
</System>
<EventData><Data Name=BootMenuPolicy>1</Data>
</EventData>
</Event>
ElfRec#000322 (0x0002c170)	2026-01-14T21:37:39.6084349Z	size=488
<Event xmlns=http://schemas.microsoft.com/win/2004/08/events/event><System><Provider Name=Microsoft-Windows-Kernel-Boot Guid={15ca44ff-4d7a-4baa-bba5-0998955e531e}/>
<EventID Qualifiers=(null)>27</EventID>
<Version>1</Version>
<Level>4</Level>
<Task>33</Task>
<Opcode>0</Opcode>
<Keywords>0x8000000000000000</Keywords>
<TimeCreated SystemTime=2026-01-14T21:37:39.608434900Z/>
<EventRecordID>322</EventRecordID>
<Correlation ActivityID=(null) RelatedActivityID=(null)/>
<Execution ProcessID=4 ThreadID=8/>
<Channel>System</Channel>
<Computer>DESKTOP-5VCD46O</Computer>
<Security UserID=S-1-5-18/>
</System>
<EventData><Data Name=BootType>0</Data>
<Data Name=LoadOptions> NOEXECUTE=OPTIN  FVEBOOT=2148048896  NOVGA</Data>
</EventData>
</Event>
ElfRec#000323 (0x0002c358)	2026-01-14T21:37:39.6084624Z	size=392
<Event xmlns=http://schemas.microsoft.com/win/2004/08/events/event><System><Provider Name=Microsoft-Windows-Kernel-Boot Guid={15ca44ff-4d7a-4baa-bba5-0998955e531e}/>
<EventID Qualifiers=(null)>18</EventID>
<Version>0</Version>
<Level>4</Level>
<Task>57</Task>
<Opcode>0</Opcode>
<Keywords>0x8000000000000000</Keywords>
<TimeCreated SystemTime=2026-01-14T21:37:39.608462400Z/>
<EventRecordID>323</EventRecordID>
<Correlation ActivityID=(null) RelatedActivityID=(null)/>
<Execution ProcessID=4 ThreadID=8/>
<Channel>System</Channel>
<Computer>DESKTOP-5VCD46O</Computer>
<Security UserID=S-1-5-18/>
</System>
<EventData><Data Name=EntryCount>1</Data>
</EventData>
</Event>
ElfRec#000324 (0x0002c4e0)	2026-01-14T21:37:39.6084698Z	size=424
<Event xmlns=http://schemas.microsoft.com/win/2004/08/events/event><System><Provider Name=Microsoft-Windows-Kernel-Boot Guid={15ca44ff-4d7a-4baa-bba5-0998955e531e}/>
<EventID Qualifiers=(null)>32</EventID>
<Version>0</Version>
<Level>4</Level>
<Task>58</Task>
<Opcode>0</Opcode>
<Keywords>0x8000000000000000</Keywords>
<TimeCreated SystemTime=2026-01-14T21:37:39.608469800Z/>
<EventRecordID>324</EventRecordID>
<Correlation ActivityID=(null) RelatedActivityID=(null)/>
<Execution ProcessID=4 ThreadID=8/>
<Channel>System</Channel>
<Computer>DESKTOP-5VCD46O</Computer>
<Security UserID=S-1-5-18/>
</System>
<EventData><Data Name=BitlockerUserInputTime>0</Data>
</EventData>
</Event>
ElfRec#000325 (0x0002c688)	2026-01-14T21:37:39.6099402Z	size=568
<Event xmlns=http://schemas.microsoft.com/win/2004/08/events/event><System><Provider Name=Microsoft-Windows-Kernel-General Guid={a68ca8b7-004f-d7b6-a698-07e2de0f1f5d}/>
<EventID Qualifiers=(null)>20</EventID>
<Version>0</Version>
<Level>4</Level>
<Task>6</Task>
<Opcode>0</Opcode>
<Keywords>0x8000000000000010</Keywords>
<TimeCreated SystemTime=2026-01-14T21:37:39.609940200Z/>
<EventRecordID>325</EventRecordID>
<Correlation ActivityID=(null) RelatedActivityID=(null)/>
<Execution ProcessID=4 ThreadID=8/>
<Channel>System</Channel>
<Computer>DESKTOP-5VCD46O</Computer>
<Security UserID=S-1-5-18/>
</System>
<EventData><Data Name=UpdateReason>0</Data>
<Data Name=EnabledNew>[Unknown Type 0x0d, size 4]</Data>
<Data Name=CountNew>0</Data>
<Data Name=CountOld>0</Data>
</EventData>
</Event>
ElfRec#000326 (0x0002c8c0)	2026-01-14T21:37:39.6225078Z	size=280
<Event xmlns=http://schemas.microsoft.com/win/2004/08/events/event><System><Provider Name=Microsoft-Windows-HAL Guid={63d1e632-95cc-4443-9312-af927761d52a}/>
<EventID Qualifiers=(null)>16</EventID>
<Version>0</Version>
<Level>4</Level>
<Task>0</Task>
<Opcode>0</Opcode>
<Keywords>0x8000000000000000</Keywords>
<TimeCreated SystemTime=2026-01-14T21:37:39.622507800Z/>
<EventRecordID>326</EventRecordID>
<Correlation ActivityID=(null) RelatedActivityID=(null)/>
<Execution ProcessID=4 ThreadID=8/>
<Channel>System</Channel>
<Computer>DESKTOP-5VCD46O</Computer>
<Security UserID=S-1-5-18/>
</System>
<EventData></EventData>
</Event>
ElfRec#000327 (0x0002c9d8)	2026-01-14T21:37:42.5909037Z	size=744
<Event xmlns=http://schemas.microsoft.com/win/2004/08/events/event><System><Provider Name=Microsoft-Windows-FilterManager Guid={f3c5e28e-63f6-49c7-a204-e48a1bc4b09d}/>
<EventID Qualifiers=(null)>6</EventID>
<Version>0</Version>
<Level>4</Level>
<Task>0</Task>
<Opcode>0</Opcode>
<Keywords>0x8000000000000000</Keywords>
<TimeCreated SystemTime=2026-01-14T21:37:42.590903700Z/>
<EventRecordID>327</EventRecordID>
<Correlation ActivityID=(null) RelatedActivityID=(null)/>
<Execution ProcessID=4 ThreadID=8/>
<Channel>System</Channel>
<Computer>DESKTOP-5VCD46O</Computer>
<Security UserID=S-1-5-18/>
</System>
<EventData><Data Name=FinalStatus>[Unknown Type 0x14, size 4]</Data>
<Data Name=DeviceVersionMajor>10</Data>
<Data Name=DeviceVersionMinor>0</Data>
<Data Name=DeviceNameLength>8</Data>
<Data Name=DeviceName>FileInfo</Data>
<Data Name=DeviceTime>2010-08-01T07:38:45.000000000Z</Data>
</EventData>
</Event>
ElfRec#000328 (0x0002ccc0)	2026-01-14T21:37:42.5912499Z	size=352
<Event xmlns=http://schemas.microsoft.com/win/2004/08/events/event><System><Provider Name=Microsoft-Windows-FilterManager Guid={f3c5e28e-63f6-49c7-a204-e48a1bc4b09d}/>
<EventID Qualifiers=(null)>6</EventID>
<Version>0</Version>
<Level>4</Level>
<Task>0</Task>
<Opcode>0</Opcode>
<Keywords>0x8000000000000000</Keywords>
<TimeCreated SystemTime=2026-01-14T21:37:42.591249900Z/>
<EventRecordID>328</EventRecordID>
<Correlation ActivityID=(null) RelatedActivityID=(null)/>
<Execution ProcessID=4 ThreadID=8/>
<Channel>System</Channel>
<Computer>DESKTOP-5VCD46O</Computer>
<Security UserID=S-1-5-18/>
</System>
<EventData><Data Name=FinalStatus>[Unknown Type 0x14, size 4]</Data>
<Data Name=DeviceVersionMajor>10</Data>
<Data Name=DeviceVersionMinor>0</Data>
<Data Name=DeviceNameLength>3</Data>
<Data Name=DeviceName>Wof</Data>
<Data Name=DeviceTime>2056-06-18T14:06:27.000000000Z</Data>
</EventData>
</Event>
ElfRec#000329 (0x0002ce20)	2026-01-14T21:37:42.5917616Z	size=360
<Event xmlns=http://schemas.microsoft.com/win/2004/08/events/event><System><Provider Name=Microsoft-Windows-FilterManager Guid={f3c5e28e-63f6-49c7-a204-e48a1bc4b09d}/>
<EventID Qualifiers=(null)>6</EventID>
<Version>0</Version>
<Level>4</Level>
<Task>0</Task>
<Opcode>0</Opcode>
<Keywords>0x8000000000000000</Keywords>
<TimeCreated SystemTime=2026-01-14T21:37:42.591761600Z/>
<EventRecordID>329</EventRecordID>
<Correlation ActivityID=(null) RelatedActivityID=(null)/>
<Execution ProcessID=4 ThreadID=8/>
<Channel>System</Channel>
<Computer>DESKTOP-5VCD46O</Computer>
<Security UserID=S-1-5-18/>
</System>
<EventData><Data Name=FinalStatus>[Unknown Type 0x14, size 4]</Data>
<Data Name=DeviceVersionMajor>10</Data>
<Data Name=DeviceVersionMinor>0</Data>
<Data Name=DeviceNameLength>8</Data>
<Data Name=DeviceName>WdFilter</Data>
<Data Name=DeviceTime>2075-05-27T12:05:35.000000000Z</Data>
</EventData>
</Event>
