ElfRec#000218 (0x0001e9d8)	2026-01-14T21:34:26.4425102Z	size=368
<Event xmlns=http://schemas.microsoft.com/win/2004/08/events/event><System><Provider Name=Microsoft-Windows-FilterManager Guid={f3c5e28e-63f6-49c7-a204-e48a1bc4b09d}/>
<EventID Qualifiers=(null)>6</EventID>
<Version>0</Version>
<Level>4</Level>
<Task>0</Task>
<Opcode>0</Opcode>
<Keywords>0x8000000000000000</Keywords>
<TimeCreated SystemTime=2026-01-14T21:34:26.442510200Z/>
<EventRecordID>218</EventRecordID>
<Correlation ActivityID=(null) RelatedActivityID=(null)/>
<Execution ProcessID=4 ThreadID=120/>
<Channel>System</Channel>
<Computer>DESKTOP-L7M0243</Computer>
<Security UserID=S-1-5-18/>
</System>
<EventData><Data Name=FinalStatus>[Unknown Type 0x14, size 4]</Data>
<Data Name=DeviceVersionMajor>10</Data>
<Data Name=DeviceVersionMinor>0</Data>
<Data Name=DeviceNameLength>13</Data>
<Data Name=DeviceName>applockerfltr</Data>
<Data Name=DeviceTime>2099-03-27T01:58:36.000000000Z</Data>
</EventData>
</Event>
ElfRec#000219 (0x0001eb48)	2026-01-14T21:34:26.6314935Z	size=296
<Event xmlns=http://schemas.microsoft.com/win/2004/08/events/event><System><Provider Name=Microsoft-Windows-Dhcp-Client Guid={15a7a4f8-0072-4eab-abad-f98a4d666aed}/>
<EventID Qualifiers=(null)>50036</EventID>
<Version>0</Version>
<Level>4</Level>
<Task>4</Task>
<Opcode>68</Opcode>
<Keywords>0x2000000000000000</Keywords>
<TimeCreated SystemTime=2026-01-14T21:34:26.631493500Z/>
<EventRecordID>219</EventRecordID>
<Correlation ActivityID=(null) RelatedActivityID=(null)/>
<Execution ProcessID=2404 ThreadID=2464/>
<Channel>System</Channel>
<Computer>DESKTOP-L7M0243</Computer>
<Security UserID=S-1-5-19/>
</System>
<EventData></EventData>
</Event>
ElfRec#000220 (0x0001ec70)	2026-01-14T21:34:26.6324519Z	size=352
<Event xmlns=http://schemas.microsoft.com/win/2004/08/events/event><System><Provider Name=Microsoft-Windows-FilterManager Guid={f3c5e28e-63f6-49c7-a204-e48a1bc4b09d}/>
<EventID Qualifiers=(null)>6</EventID>
<Version>0</Version>
<Level>4</Level>
<Task>0</Task>
<Opcode>0</Opcode>
<Keywords>0x8000000000000000</Keywords>
<TimeCreated SystemTime=2026-01-14T21:34:26.632451900Z/>
<EventRecordID>220</EventRecordID>
<Correlation ActivityID=(null) RelatedActivityID=(null)/>
<Execution ProcessID=4 ThreadID=336/>
<Channel>System</Channel>
<Computer>DESKTOP-L7M0243</Computer>
<Security UserID=S-1-5-18/>
</System>
<EventData><Data Name=FinalStatus>[Unknown Type 0x14, size 4]</Data>
<Data Name=DeviceVersionMajor>10</Data>
<Data Name=DeviceVersionMinor>0</Data>
<Data Name=DeviceNameLength>3</Data>
<Data Name=DeviceName>bfs</Data>
<Data Name=DeviceTime>2032-09-07T10:30:06.000000000Z</Data>
</EventData>
</Event>
ElfRec#000221 (0x0001edd0)	2026-01-14T21:34:26.6325579Z	size=296
<Event xmlns=http://schemas.microsoft.com/win/2004/08/events/event><System><Provider Name=Microsoft-Windows-Dhcp-Client Guid={15a7a4f8-0072-4eab-abad-f98a4d666aed}/>
<EventID Qualifiers=(null)>50103</EventID>
<Version>0</Version>
<Level>4</Level>
<Task>4</Task>
<Opcode>129</Opcode>
<Keywords>0x2000000000000000</Keywords>
<TimeCreated SystemTime=2026-01-14T21:34:26.632557900Z/>
<EventRecordID>221</EventRecordID>
<Correlation ActivityID=(null) RelatedActivityID=(null)/>
<Execution ProcessID=2404 ThreadID=2464/>
<Channel>System</Channel>
<Computer>DESKTOP-L7M0243</Computer>
<Security UserID=S-1-5-19/>
</System>
<EventData></EventData>
</Event>
ElfRec#000222 (0x0001eef8)	2026-01-14T21:34:26.6329144Z	size=296
<Event xmlns=http://schemas.microsoft.com/win/2004/08/events/event><System><Provider Name=Microsoft-Windows-Dhcp-Client Guid={15a7a4f8-0072-4eab-abad-f98a4d666aed}/>
<EventID Qualifiers=(null)>50036</EventID>
<Version>0</Version>
<Level>4</Level>
<Task>4</Task>
<Opcode>68</Opcode>
<Keywords>0x2000000000000000</Keywords>
<TimeCreated SystemTime=2026-01-14T21:34:26.632914400Z/>
<EventRecordID>222</EventRecordID>
<Correlation ActivityID=(null) RelatedActivityID=(null)/>
<Execution ProcessID=2404 ThreadID=2464/>
<Channel>System</Channel>
<Computer>DESKTOP-L7M0243</Computer>
<Security UserID=S-1-5-19/>
</System>
<EventData></EventData>
</Event>
ElfRec#000223 (0x0001f020)	2026-01-14T21:34:26.6461007Z	size=352
<Event xmlns=http://schemas.microsoft.com/win/2004/08/events/event><System><Provider Name=Microsoft-Windows-FilterManager Guid={f3c5e28e-63f6-49c7-a204-e48a1bc4b09d}/>
<EventID Qualifiers=(null)>6</EventID>
<Version>0</Version>
<Level>4</Level>
<Task>0</Task>
<Opcode>0</Opcode>
<Keywords>0x8000000000000000</Keywords>
<TimeCreated SystemTime=2026-01-14T21:34:26.646100700Z/>
<EventRecordID>223</EventRecordID>
<Correlation ActivityID=(null) RelatedActivityID=(null)/>
<Execution ProcessID=4 ThreadID=120/>
<Channel>System</Channel>
<Computer>DESKTOP-L7M0243</Computer>
<Security UserID=S-1-5-18/>
</System>
<EventData><Data Name=FinalStatus>[Unknown Type 0x14, size 4]</Data>
<Data Name=DeviceVersionMajor>10</Data>
<Data Name=DeviceVersionMinor>0</Data>
<Data Name=DeviceNameLength>5</Data>
<Data Name=DeviceName>luafv</Data>
<Data Name=DeviceTime>2061-12-30T04:54:01.000000000Z</Data>
</EventData>
</Event>
ElfRec#000224 (0x0001f180)	2026-01-14T21:34:26.6521788Z	size=352
<Event xmlns=http://schemas.microsoft.com/win/2004/08/events/event><System><Provider Name=Microsoft-Windows-FilterManager Guid={f3c5e28e-63f6-49c7-a204-e48a1bc4b09d}/>
<EventID Qualifiers=(null)>6</EventID>
<Version>0</Version>
<Level>4</Level>
<Task>0</Task>
<Opcode>0</Opcode>
<Keywords>0x8000000000000000</Keywords>
<TimeCreated SystemTime=2026-01-14T21:34:26.652178800Z/>
<EventRecordID>224</EventRecordID>
<Correlation ActivityID=(null) RelatedActivityID=(null)/>
<Execution ProcessID=4 ThreadID=336/>
<Channel>System</Channel>
<Computer>DESKTOP-L7M0243</Computer>
<Security UserID=S-1-5-18/>
</System>
<EventData><Data Name=FinalStatus>[Unknown Type 0x14, size 4]</Data>
<Data Name=DeviceVersionMajor>10</Data>
<Data Name=DeviceVersionMinor>0</Data>
<Data Name=DeviceNameLength>5</Data>
<Data Name=DeviceName>wcifs</Data>
<Data Name=DeviceTime>1987-06-18T18:41:31.000000000Z</Data>
</EventData>
</Event>
ElfRec#000225 (0x0001f2e0)	2026-01-14T21:34:26.6670795Z	size=296
<Event xmlns=http://schemas.microsoft.com/win/2004/08/events/event><System><Provider Name=Microsoft-Windows-DHCPv6-Client Guid={6a1f2b00-6a90-4c38-95a5-5cab3b056778}/>
<EventID Qualifiers=(null)>51046</EventID>
<Version>0</Version>
<Level>4</Level>
<Task>4</Task>
<Opcode>62</Opcode>
<Keywords>0x2000000000000000</Keywords>
<TimeCreated SystemTime=2026-01-14T21:34:26.667079500Z/>
<EventRecordID>225</EventRecordID>
<Correlation ActivityID=(null) RelatedActivityID=(null)/>
<Execution ProcessID=2404 ThreadID=2564/>
<Channel>System</Channel>
<Computer>DESKTOP-L7M0243</Computer>
<Security UserID=S-1-5-19/>
</System>
<EventData></EventData>
</Event>
ElfRec#000226 (0x0001f408)	2026-01-14T21:34:26.6739938Z	size=360
<Event xmlns=http://schemas.microsoft.com/win/2004/08/events/event><System><Provider Name=Microsoft-Windows-FilterManager Guid={f3c5e28e-63f6-49c7-a204-e48a1bc4b09d}/>
<EventID Qualifiers=(null)>6</EventID>
<Version>0</Version>
<Level>4</Level>
<Task>0</Task>
<Opcode>0</Opcode>
<Keywords>0x8000000000000000</Keywords>
<TimeCreated SystemTime=2026-01-14T21:34:26.673993800Z/>
<EventRecordID>226</EventRecordID>
<Correlation ActivityID=(null) RelatedActivityID=(null)/>
<Execution ProcessID=4 ThreadID=328/>
<Channel>System</Channel>
<Computer>DESKTOP-L7M0243</Computer>
<Security UserID=S-1-5-18/>
</System>
<EventData><Data Name=FinalStatus>[Unknown Type 0x14, size 4]</Data>
<Data Name=DeviceVersionMajor>10</Data>
<Data Name=DeviceVersionMinor>0</Data>
<Data Name=DeviceNameLength>7</Data>
<Data Name=DeviceName>UnionFS</Data>
<Data Name=DeviceTime>2097-08-18T14:17:40.000000000Z</Data>
</EventData>
</Event>
ElfRec#000227 (0x0001f570)	2026-01-14T21:34:26.6748885Z	size=352
<Event xmlns=http://schemas.microsoft.com/win/2004/08/events/event><System><Provider Name=Microsoft-Windows-FilterManager Guid={f3c5e28e-63f6-49c7-a204-e48a1bc4b09d}/>
<EventID Qualifiers=(null)>6</EventID>
<Version>0</Version>
<Level>4</Level>
<Task>0</Task>
<Opcode>0</Opcode>
<Keywords>0x8000000000000000</Keywords>
<TimeCreated SystemTime=2026-01-14T21:34:26.674888500Z/>
<EventRecordID>227</EventRecordID>
<Correlation ActivityID=(null) RelatedActivityID=(null)/>
<Execution ProcessID=4 ThreadID=256/>
<Channel>System</Channel>
<Computer>DESKTOP-L7M0243</Computer>
<Security UserID=S-1-5-18/>
</System>
<EventData><Data Name=FinalStatus>[Unknown Type 0x14, size 4]</Data>
<Data Name=DeviceVersionMajor>10</Data>
<Data Name=DeviceVersionMinor>0</Data>
<Data Name=DeviceNameLength>6</Data>
<Data Name=DeviceName>CldFlt</Data>
<Data Name=DeviceTime>2001-11-06T23:46:40.000000000Z</Data>
</EventData>
</Event>
ElfRec#000228 (0x0001f6d0)	2026-01-14T21:34:26.6748922Z	size=352
<Event xmlns=http://schemas.microsoft.com/win/2004/08/events/event><System><Provider Name=Microsoft-Windows-FilterManager Guid={f3c5e28e-63f6-49c7-a204-e48a1bc4b09d}/>
<EventID Qualifiers=(null)>1</EventID>
<Version>0</Version>
<Level>4</Level>
<Task>0</Task>
<Opcode>0</Opcode>
<Keywords>0x8000000000000000</Keywords>
<TimeCreated SystemTime=2026-01-14T21:34:26.674892200Z/>
<EventRecordID>228</EventRecordID>
<Correlation ActivityID=(null) RelatedActivityID=(null)/>
<Execution ProcessID=4 ThreadID=256/>
<Channel>System</Channel>
<Computer>DESKTOP-L7M0243</Computer>
<Security UserID=S-1-5-18/>
</System>
<EventData><Data Name=FinalStatus>[Unknown Type 0x14, size 4]</Data>
<Data Name=DeviceVersionMajor>10</Data>
<Data Name=DeviceVersionMinor>0</Data>
<Data Name=DeviceNameLength>6</Data>
<Data Name=DeviceName>CldFlt</Data>
<Data Name=DeviceTime>2001-11-06T23:46:40.000000000Z</Data>
</EventData>
</Event>
ElfRec#000229 (0x0001f830)	2026-01-14T21:34:26.6749245Z	size=352
<Event xmlns=http://schemas.microsoft.com/win/2004/08/events/event><System><Provider Name=Microsoft-Windows-FilterManager Guid={f3c5e28e-63f6-49c7-a204-e48a1bc4b09d}/>
<EventID Qualifiers=(null)>6</EventID>
<Version>0</Version>
<Level>4</Level>
<Task>0</Task>
<Opcode>0</Opcode>
<Keywords>0x8000000000000000</Keywords>
<TimeCreated SystemTime=2026-01-14T21:34:26.674924500Z/>
<EventRecordID>229</EventRecordID>
<Correlation ActivityID=(null) RelatedActivityID=(null)/>
<Execution ProcessID=4 ThreadID=256/>
<Channel>System</Channel>
<Computer>DESKTOP-L7M0243</Computer>
<Security UserID=S-1-5-18/>
</System>
<EventData><Data Name=FinalStatus>[Unknown Type 0x14, size 4]</Data>
<Data Name=DeviceVersionMajor>10</Data>
<Data Name=DeviceVersionMinor>0</Data>
<Data Name=DeviceNameLength>6</Data>
<Data Name=DeviceName>CldFlt</Data>
<Data Name=DeviceTime>2001-11-06T23:46:40.000000000Z</Data>
</EventData>
</Event>
ElfRec#000230 (0x0001f990)	2026-01-14T21:34:26.6803007Z	size=360
<Event xmlns=http://schemas.microsoft.com/win/2004/08/events/event><System><Provider Name=Microsoft-Windows-FilterManager Guid={f3c5e28e-63f6-49c7-a204-e48a1bc4b09d}/>
<EventID Qualifiers=(null)>6</EventID>
<Version>0</Version>
<Level>4</Level>
<Task>0</Task>
<Opcode>0</Opcode>
<Keywords>0x8000000000000000</Keywords>
<TimeCreated SystemTime=2026-01-14T21:34:26.680300700Z/>
<EventRecordID>230</EventRecordID>
<Correlation ActivityID=(null) RelatedActivityID=(null)/>
<Execution ProcessID=4 ThreadID=120/>
<Channel>System</Channel>
<Computer>DESKTOP-L7M0243</Computer>
<Security UserID=S-1-5-18/>
</System>
<EventData><Data Name=FinalStatus>[Unknown Type 0x14, size 4]</Data>
<Data Name=DeviceVersionMajor>10</Data>
<Data Name=DeviceVersionMinor>0</Data>
<Data Name=DeviceNameLength>10</Data>
<Data Name=DeviceName>storqosflt</Data>
<Data Name=DeviceTime>2073-10-13T05:50:58.000000000Z</Data>
</EventData>
</Event>
ElfRec#000231 (0x0001faf8)	2026-01-14T21:34:26.6863321Z	size=352
<Event xmlns=http://schemas.microsoft.com/win/2004/08/events/event><System><Provider Name=Microsoft-Windows-FilterManager Guid={f3c5e28e-63f6-49c7-a204-e48a1bc4b09d}/>
<EventID Qualifiers=(null)>6</EventID>
<Version>0</Version>
<Level>4</Level>
<Task>0</Task>
<Opcode>0</Opcode>
<Keywords>0x8000000000000000</Keywords>
<TimeCreated SystemTime=2026-01-14T21:34:26.686332100Z/>
<EventRecordID>231</EventRecordID>
<Correlation ActivityID=(null) RelatedActivityID=(null)/>
<Execution ProcessID=4 ThreadID=328/>
<Channel>System</Channel>
<Computer>DESKTOP-L7M0243</Computer>
<Security UserID=S-1-5-18/>
</System>
<EventData><Data Name=FinalStatus>[Unknown Type 0x14, size 4]</Data>
<Data Name=DeviceVersionMajor>10</Data>
<Data Name=DeviceVersionMinor>0</Data>
<Data Name=DeviceNameLength>4</Data>
<Data Name=DeviceName>UCPD</Data>
<Data Name=DeviceTime>2025-03-11T19:29:26.000000000Z</Data>
</EventData>
</Event>
ElfRec#000232 (0x0001fc58)	2026-01-14T21:34:26.6936513Z	size=360
<Event xmlns=http://schemas.microsoft.com/win/2004/08/events/event><System><Provider Name=Microsoft-Windows-FilterManager Guid={f3c5e28e-63f6-49c7-a204-e48a1bc4b09d}/>
<EventID Qualifiers=(null)>6</EventID>
<Version>0</Version>
<Level>4</Level>
<Task>0</Task>
<Opcode>0</Opcode>
<Keywords>0x8000000000000000</Keywords>
<TimeCreated SystemTime=2026-01-14T21:34:26.693651300Z/>
<EventRecordID>232</EventRecordID>
<Correlation ActivityID=(null) RelatedActivityID=(null)/>
<Execution ProcessID=4 ThreadID=120/>
<Channel>System</Channel>
<Computer>DESKTOP-L7M0243</Computer>
<Security UserID=S-1-5-18/>
</System>
<EventData><Data Name=FinalStatus>[Unknown Type 0x14, size 4]</Data>
<Data Name=DeviceVersionMajor>10</Data>
<Data Name=DeviceVersionMinor>0</Data>
<Data Name=DeviceNameLength>7</Data>
<Data Name=DeviceName>bindflt</Data>
<Data Name=DeviceTime>2076-01-21T00:31:23.000000000Z</Data>
</EventData>
</Event>
ElfRec#000233 (0x0001fdc0)	2026-01-14T21:34:27.1767202Z	size=656
<Event xmlns=http://schemas.microsoft.com/win/2004/08/events/event><System><Provider Name=Microsoft-Windows-HttpService Guid={dd5ef90a-6398-47a4-ad34-4dcecdef795f}/>
<EventID Qualifiers=(null)>112</EventID>
<Version>0</Version>
<Level>4</Level>
<Task>3</Task>
<Opcode>121</Opcode>
<Keywords>0x4000000000000001</Keywords>
<TimeCreated SystemTime=2026-01-14T21:34:27.176720200Z/>
<EventRecordID>233</EventRecordID>
<Correlation ActivityID=(null) RelatedActivityID=(null)/>
<Execution ProcessID=4 ThreadID=52/>
<Channel>System</Channel>
<Computer>DESKTOP-L7M0243</Computer>
<Security UserID=S-1-5-18/>
</System>
<EventData><Data Name=Url>http://*:5357/</Data>
<Data Name=ReserveStatus>0</Data>
<Data Name=ProcessId>4</Data>
<Data Name=ExecutablePath></Data>
<Data Name=UserSid>S-1-5-18</Data>
</EventData>
</Event>
ElfRec#000234 (0x00020050)	2026-01-14T21:34:27.1767243Z	size=416
<Event xmlns=http://schemas.microsoft.com/win/2004/08/events/event><System><Provider Name=Microsoft-Windows-HttpService Guid={dd5ef90a-6398-47a4-ad34-4dcecdef795f}/>
<EventID Qualifiers=(null)>112</EventID>
<Version>0</Version>
<Level>4</Level>
<Task>3</Task>
<Opcode>121</Opcode>
<Keywords>0x4000000000000001</Keywords>
<TimeCreated SystemTime=2026-01-14T21:34:27.176724300Z/>
<EventRecordID>234</EventRecordID>
<Correlation ActivityID=(null) RelatedActivityID=(null)/>
<Execution ProcessID=4 ThreadID=52/>
<Channel>System</Channel>
<Computer>DESKTOP-L7M0243</Computer>
<Security UserID=S-1-5-18/>
</System>
<EventData><Data Name=Url>http://+:80/Temporary_Listen_Addresses/</Data>
<Data Name=ReserveStatus>0</Data>
<Data Name=ProcessId>4</Data>
<Data Name=ExecutablePath></Data>
<Data Name=UserSid>S-1-5-18</Data>
</EventData>
</Event>
ElfRec#000235 (0x000201f0)	2026-01-14T21:34:27.1767272Z	size=368
<Event xmlns=http://schemas.microsoft.com/win/2004/08/events/event><System><Provider Name=Microsoft-Windows-HttpService Guid={dd5ef90a-6398-47a4-ad34-4dcecdef795f}/>
<EventID Qualifiers=(null)>112</EventID>
<Version>0</Version>
<Level>4</Level>
<Task>3</Task>
<Opcode>121</Opcode>
<Keywords>0x4000000000000001</Keywords>
<TimeCreated SystemTime=2026-01-14T21:34:27.176727200Z/>
<EventRecordID>235</EventRecordID>
<Correlation ActivityID=(null) RelatedActivityID=(null)/>
<Execution ProcessID=4 ThreadID=52/>
<Channel>System</Channel>
<Computer>DESKTOP-L7M0243</Computer>
<Security UserID=S-1-5-18/>
</System>
<EventData><Data Name=Url>https://*:5358/</Data>
<Data Name=ReserveStatus>0</Data>
<Data Name=ProcessId>4</Data>
<Data Name=ExecutablePath></Data>
<Data Name=UserSid>S-1-5-18</Data>
</EventData>
</Event>
ElfRec#000236 (0x00020360)	2026-01-14T21:34:27.1767302Z	size=384
<Event xmlns=http://schemas.microsoft.com/win/2004/08/events/event><System><Provider Name=Microsoft-Windows-HttpService Guid={dd5ef90a-6398-47a4-ad34-4dcecdef795f}/>
<EventID Qualifiers=(null)>112</EventID>
<Version>0</Version>
<Level>4</Level>
<Task>3</Task>
<Opcode>121</Opcode>
<Keywords>0x4000000000000001</Keywords>
<TimeCreated SystemTime=2026-01-14T21:34:27.176730200Z/>
<EventRecordID>236</EventRecordID>
<Correlation ActivityID=(null) RelatedActivityID=(null)/>
<Execution ProcessID=4 ThreadID=52/>
<Channel>System</Channel>
<Computer>DESKTOP-L7M0243</Computer>
<Security UserID=S-1-5-18/>
</System>
<EventData><Data Name=Url>https://+:5986/wsman/</Data>
<Data Name=ReserveStatus>0</Data>
<Data Name=ProcessId>4</Data>
<Data Name=ExecutablePath></Data>
<Data Name=UserSid>S-1-5-18</Data>
</EventData>
</Event>
ElfRec#000237 (0x000204e0)	2026-01-14T21:34:27.1767344Z	size=384
<Event xmlns=http://schemas.microsoft.com/win/2004/08/events/event><System><Provider Name=Microsoft-Windows-HttpService Guid={dd5ef90a-6398-47a4-ad34-4dcecdef795f}/>
<EventID Qualifiers=(null)>112</EventID>
<Version>0</Version>
<Level>4</Level>
<Task>3</Task>
<Opcode>121</Opcode>
<Keywords>0x4000000000000001</Keywords>
<TimeCreated SystemTime=2026-01-14T21:34:27.176734400Z/>
<EventRecordID>237</EventRecordID>
<Correlation ActivityID=(null) RelatedActivityID=(null)/>
<Execution ProcessID=4 ThreadID=52/>
<Channel>System</Channel>
<Computer>DESKTOP-L7M0243</Computer>
<Security UserID=S-1-5-18/>
</System>
<EventData><Data Name=Url>http://+:47001/wsman/</Data>
<Data Name=ReserveStatus>0</Data>
<Data Name=ProcessId>4</Data>
<Data Name=ExecutablePath></Data>
<Data Name=UserSid>S-1-5-18</Data>
</EventData>
</Event>
ElfRec#000238 (0x00020660)	2026-01-14T21:34:27.1767368Z	size=384
<Event xmlns=http://schemas.microsoft.com/win/2004/08/events/event><System><Provider Name=Microsoft-Windows-HttpService Guid={dd5ef90a-6398-47a4-ad34-4dcecdef795f}/>
<EventID Qualifiers=(null)>112</EventID>
<Version>0</Version>
<Level>4</Level>
<Task>3</Task>
<Opcode>121</Opcode>
<Keywords>0x4000000000000001</Keywords>
<TimeCreated SystemTime=2026-01-14T21:34:27.176736800Z/>
<EventRecordID>238</EventRecordID>
<Correlation ActivityID=(null) RelatedActivityID=(null)/>
<Execution ProcessID=4 ThreadID=52/>
<Channel>System</Channel>
<Computer>DESKTOP-L7M0243</Computer>
<Security UserID=S-1-5-18/>
</System>
<EventData><Data Name=Url>http://+:5985/wsman/</Data>
<Data Name=ReserveStatus>0</Data>
<Data Name=ProcessId>4</Data>
<Data Name=ExecutablePath></Data>
<Data Name=UserSid>S-1-5-18</Data>
</EventData>
</Event>
ElfRec#000239 (0x000207e0)	2026-01-14T21:34:27.1767385Z	size=368
<Event xmlns=http://schemas.microsoft.com/win/2004/08/events/event><System><Provider Name=Microsoft-Windows-HttpService Guid={dd5ef90a-6398-47a4-ad34-4dcecdef795f}/>
<EventID Qualifiers=(null)>112</EventID>
<Version>0</Version>
<Level>4</Level>
<Task>3</Task>
<Opcode>121</Opcode>
<Keywords>0x4000000000000001</Keywords>
<TimeCreated SystemTime=2026-01-14T21:34:27.176738500Z/>
<EventRecordID>239</EventRecordID>
<Correlation ActivityID=(null) RelatedActivityID=(null)/>
<Execution ProcessID=4 ThreadID=52/>
<Channel>System</Channel>
<Computer>DESKTOP-L7M0243</Computer>
<Security UserID=S-1-5-18/>
</System>
<EventData><Data Name=Url>http://*:2869/</Data>
<Data Name=ReserveStatus>0</Data>
<Data Name=ProcessId>4</Data>
<Data Name=ExecutablePath></Data>
<Data Name=UserSid>S-1-5-18</Data>
</EventData>
</Event>
ElfRec#000240 (0x00020950)	2026-01-14T21:34:27.1767407Z	size=376
<Event xmlns=http://schemas.microsoft.com/win/2004/08/events/event><System><Provider Name=Microsoft-Windows-HttpService Guid={dd5ef90a-6398-47a4-ad34-4dcecdef795f}/>
<EventID Qualifiers=(null)>112</EventID>
<Version>0</Version>
<Level>4</Level>
<Task>3</Task>
<Opcode>121</Opcode>
<Keywords>0x4000000000000001</Keywords>
<TimeCreated SystemTime=2026-01-14T21:34:27.176740700Z/>
<EventRecordID>240</EventRecordID>
<Correlation ActivityID=(null) RelatedActivityID=(null)/>
<Execution ProcessID=4 ThreadID=52/>
<Channel>System</Channel>
<Computer>DESKTOP-L7M0243</Computer>
<Security UserID=S-1-5-18/>
</System>
<EventData><Data Name=Url>https://+:3392/rdp/</Data>
<Data Name=ReserveStatus>0</Data>
<Data Name=ProcessId>4</Data>
<Data Name=ExecutablePath></Data>
<Data Name=UserSid>S-1-5-18</Data>
</EventData>
</Event>
ElfRec#000241 (0x00020ac8)	2026-01-14T21:34:27.1767428Z	size=376
<Event xmlns=http://schemas.microsoft.com/win/2004/08/events/event><System><Provider Name=Microsoft-Windows-HttpService Guid={dd5ef90a-6398-47a4-ad34-4dcecdef795f}/>
<EventID Qualifiers=(null)>112</EventID>
<Version>0</Version>
<Level>4</Level>
<Task>3</Task>
<Opcode>121</Opcode>
<Keywords>0x4000000000000001</Keywords>
<TimeCreated SystemTime=2026-01-14T21:34:27.176742800Z/>
<EventRecordID>241</EventRecordID>
<Correlation ActivityID=(null) RelatedActivityID=(null)/>
<Execution ProcessID=4 ThreadID=52/>
<Channel>System</Channel>
<Computer>DESKTOP-L7M0243</Computer>
<Security UserID=S-1-5-18/>
</System>
<EventData><Data Name=Url>http://+:3387/rdp/</Data>
<Data Name=ReserveStatus>0</Data>
<Data Name=ProcessId>4</Data>
<Data Name=ExecutablePath></Data>
<Data Name=UserSid>S-1-5-18</Data>
</EventData>
</Event>
ElfRec#000242 (0x00020c40)	2026-01-14T21:34:27.1767616Z	size=456
<Event xmlns=http://schemas.microsoft.com/win/2004/08/events/event><System><Provider Name=Microsoft-Windows-HttpService Guid={dd5ef90a-6398-47a4-ad34-4dcecdef795f}/>
<EventID Qualifiers=(null)>112</EventID>
<Version>0</Version>
<Level>4</Level>
<Task>3</Task>
<Opcode>121</Opcode>
<Keywords>0x4000000000000001</Keywords>
<TimeCreated SystemTime=2026-01-14T21:34:27.176761600Z/>
<EventRecordID>242</EventRecordID>
<Correlation ActivityID=(null) RelatedActivityID=(null)/>
<Execution ProcessID=4 ThreadID=52/>
<Channel>System</Channel>
<Computer>DESKTOP-L7M0243</Computer>
<Security UserID=S-1-5-18/>
</System>
<EventData><Data Name=Url>https://+:443/sra_{BA195980-CD49-458b-9E23-C84EE0ADCD75}/</Data>
<Data Name=ReserveStatus>0</Data>
<Data Name=ProcessId>4</Data>
<Data Name=ExecutablePath></Data>
<Data Name=UserSid>S-1-5-18</Data>
</EventData>
</Event>
ElfRec#000243 (0x00020e08)	2026-01-14T21:34:27.1767652Z	size=440
<Event xmlns=http://schemas.microsoft.com/win/2004/08/events/event><System><Provider Name=Microsoft-Windows-HttpService Guid={dd5ef90a-6398-47a4-ad34-4dcecdef795f}/>
<EventID Qualifiers=(null)>112</EventID>
<Version>0</Version>
<Level>4</Level>
<Task>3</Task>
<Opcode>121</Opcode>
<Keywords>0x4000000000000001</Keywords>
<TimeCreated SystemTime=2026-01-14T21:34:27.176765200Z/>
<EventRecordID>243</EventRecordID>
<Correlation ActivityID=(null) RelatedActivityID=(null)/>
<Execution ProcessID=4 ThreadID=52/>
<Channel>System</Channel>
<Computer>DESKTOP-L7M0243</Computer>
<Security UserID=S-1-5-18/>
</System>
<EventData><Data Name=Url>http://+:80/0131501b-d67f-491b-9a40-c4bf27bcb4d4/</Data>
<Data Name=ReserveStatus>0</Data>
<Data Name=ProcessId>4</Data>
<Data Name=ExecutablePath></Data>
<Data Name=UserSid>S-1-5-18</Data>
</EventData>
</Event>
ElfChnk#00002 (0x00021000)	record_num=244-368	record_id=244-368	last_offset=0xfdf8	free_offset=0xff70
ElfRec#000244 (0x00021200)	2026-01-14T21:34:27.1767685Z	size=1968
<Event xmlns=http://schemas.microsoft.com/win/2004/08/events/event><System><Provider Name=Microsoft-Windows-HttpService Guid={dd5ef90a-6398-47a4-ad34-4dcecdef795f}/>
<EventID Qualifiers=(null)>112</EventID>
<Version>0</Version>
<Level>4</Level>
<Task>3</Task>
<Opcode>121</Opcode>
<Keywords>0x4000000000000001</Keywords>
<TimeCreated SystemTime=2026-01-14T21:34:27.176768500Z/>
<EventRecordID>244</EventRecordID>
<Correlation ActivityID=(null) RelatedActivityID=(null)/>
<Execution ProcessID=4 ThreadID=52/>
<Channel>System</Channel>
<Computer>DESKTOP-L7M0243</Computer>
<Security UserID=S-1-5-18/>
</System>
<EventData><Data Name=Url>https://+:443/C574AC30-5794-4AEE-B1BB-6651C5315029/</Data>
<Data Name=ReserveStatus>0</Data>
<Data Name=ProcessId>4</Data>
<Data Name=ExecutablePath></Data>
<Data Name=UserSid>S-1-5-18</Data>
</EventData>
</Event>
ElfRec#000245 (0x000219b0)	2026-01-14T21:34:27.1767715Z	size=440
<Event xmlns=http://schemas.microsoft.com/win/2004/08/events/event><System><Provider Name=Microsoft-Windows-HttpService Guid={dd5ef90a-6398-47a4-ad34-4dcecdef795f}/>
<EventID Qualifiers=(null)>112</EventID>
<Version>0</Version>
<Level>4</Level>
<Task>3</Task>
<Opcode>121</Opcode>
<Keywords>0x4000000000000001</Keywords>
<TimeCreated SystemTime=2026-01-14T21:34:27.176771500Z/>
<EventRecordID>245</EventRecordID>
<Correlation ActivityID=(null) RelatedActivityID=(null)/>
<Execution ProcessID=4 ThreadID=52/>
<Channel>System</Channel>
<Computer>DESKTOP-L7M0243</Computer>
<Security UserID=S-1-5-18/>
</System>
<EventData><Data Name=Url>http://+:80/116B50EB-ECE2-41ac-8429-9F9E963361B7/</Data>
<Data Name=ReserveStatus>0</Data>
<Data Name=ProcessId>4</Data>
<Data Name=ExecutablePath></Data>
<Data Name=UserSid>S-1-5-18</Data>
</EventData>
</Event>
ElfRec#000246 (0x00021b68)	2026-01-14T21:34:27.1767740Z	size=384
<Event xmlns=http://schemas.microsoft.com/win/2004/08/events/event><System><Provider Name=Microsoft-Windows-HttpService Guid={dd5ef90a-6398-47a4-ad34-4dcecdef795f}/>
<EventID Qualifiers=(null)>112</EventID>
<Version>0</Version>
<Level>4</Level>
<Task>3</Task>
<Opcode>121</Opcode>
<Keywords>0x4000000000000001</Keywords>
<TimeCreated SystemTime=2026-01-14T21:34:27.176774000Z/>
<EventRecordID>246</EventRecordID>
<Correlation ActivityID=(null) RelatedActivityID=(null)/>
<Execution ProcessID=4 ThreadID=52/>
<Channel>System</Channel>
<Computer>DESKTOP-L7M0243</Computer>
<Security UserID=S-1-5-18/>
</System>
<EventData><Data Name=Url>http://+:10247/apps/</Data>
<Data Name=ReserveStatus>0</Data>
<Data Name=ProcessId>4</Data>
<Data Name=ExecutablePath></Data>
<Data Name=UserSid>S-1-5-18</Data>
</EventData>
</Event>
ElfRec#000247 (0x00021ce8)	2026-01-14T21:34:27.1767767Z	size=392
<Event xmlns=http://schemas.microsoft.com/win/2004/08/events/event><System><Provider Name=Microsoft-Windows-HttpService Guid={dd5ef90a-6398-47a4-ad34-4dcecdef795f}/>
<EventID Qualifiers=(null)>112</EventID>
<Version>0</Version>
<Level>4</Level>
<Task>3</Task>
<Opcode>121</Opcode>
<Keywords>0x4000000000000001</Keywords>
<TimeCreated SystemTime=2026-01-14T21:34:27.176776700Z/>
<EventRecordID>247</EventRecordID>
<Correlation ActivityID=(null) RelatedActivityID=(null)/>
<Execution ProcessID=4 ThreadID=52/>
<Channel>System</Channel>
<Computer>DESKTOP-L7M0243</Computer>
<Security UserID=S-1-5-18/>
</System>
<EventData><Data Name=Url>https://+:10245/WMPNSSv4/</Data>
<Data Name=ReserveStatus>0</Data>
<Data Name=ProcessId>4</Data>
<Data Name=ExecutablePath></Data>
<Data Name=UserSid>S-1-5-18</Data>
</EventData>
</Event>
ElfRec#000248 (0x00021e70)	2026-01-14T21:34:27.1767788Z	size=392
<Event xmlns=http://schemas.microsoft.com/win/2004/08/events/event><System><Provider Name=Microsoft-Windows-HttpService Guid={dd5ef90a-6398-47a4-ad34-4dcecdef795f}/>
<EventID Qualifiers=(null)>112</EventID>
<Version>0</Version>
<Level>4</Level>
<Task>3</Task>
<Opcode>121</Opcode>
<Keywords>0x4000000000000001</Keywords>
<TimeCreated SystemTime=2026-01-14T21:34:27.176778800Z/>
<EventRecordID>248</EventRecordID>
<Correlation ActivityID=(null) RelatedActivityID=(null)/>
<Execution ProcessID=4 ThreadID=52/>
<Channel>System</Channel>
<Computer>DESKTOP-L7M0243</Computer>
<Security UserID=S-1-5-18/>
</System>
<EventData><Data Name=Url>http://+:10243/WMPNSSv4/</Data>
<Data Name=ReserveStatus>0</Data>
<Data Name=ProcessId>4</Data>
<Data Name=ExecutablePath></Data>
<Data Name=UserSid>S-1-5-18</Data>
</EventData>
</Event>
ElfRec#000249 (0x00021ff8)	2026-01-14T21:34:27.1767810Z	size=392
<Event xmlns=http://schemas.microsoft.com/win/2004/08/events/event><System><Provider Name=Microsoft-Windows-HttpService Guid={dd5ef90a-6398-47a4-ad34-4dcecdef795f}/>
<EventID Qualifiers=(null)>112</EventID>
<Version>0</Version>
<Level>4</Level>
<Task>3</Task>
<Opcode>121</Opcode>
<Keywords>0x4000000000000001</Keywords>
<TimeCreated SystemTime=2026-01-14T21:34:27.176781000Z/>
<EventRecordID>249</EventRecordID>
<Correlation ActivityID=(null) RelatedActivityID=(null)/>
<Execution ProcessID=4 ThreadID=52/>
<Channel>System</Channel>
<Computer>DESKTOP-L7M0243</Computer>
<Security UserID=S-1-5-18/>
</System>
<EventData><Data Name=Url>http://+:10246/MDEServer/</Data>
<Data Name=ReserveStatus>0</Data>
<Data Name=ProcessId>4</Data>
<Data Name=ExecutablePath></Data>
<Data Name=UserSid>S-1-5-18</Data>
</EventData>
</Event>
ElfRec#000250 (0x00022180)	2026-01-14T21:34:27.9669431Z	size=592
<Event xmlns=http://schemas.microsoft.com/win/2004/08/events/event><System><Provider Name=Microsoft-Windows-Time-Service Guid={06edcfeb-0fd0-4e53-acca-a6f8bbf81bcb}/>
<EventID Qualifiers=(null)>37</EventID>
<Version>0</Version>
<Level>4</Level>
<Task>0</Task>
<Opcode>0</Opcode>
<Keywords>0x8000000000000000</Keywords>
<TimeCreated SystemTime=2026-01-14T21:34:27.966943100Z/>
<EventRecordID>250</EventRecordID>
<Correlation ActivityID=(null) RelatedActivityID=(null)/>
<Execution ProcessID=1720 ThreadID=1844/>
<Channel>System</Channel>
<Computer>DESKTOP-L7M0243</Computer>
<Security UserID=S-1-5-19/>
</System>
<EventData Name=TMP_EVENT_TIME_SOURCE_REACHABLE><Data Name=TimeSource>time.windows.com,0x9 (ntp.m|0x9|0.0.0.0:123->20.43.94.199:123)</Data>
</EventData>
</Event>
ElfRec#000251 (0x000223d0)	2026-01-14T21:34:28.0886664Z	size=672
<Event xmlns=http://schemas.microsoft.com/win/2004/08/events/event><System><Provider Name=Microsoft-Windows-Kernel-General Guid={a68ca8b7-004f-d7b6-a698-07e2de0f1f5d}/>
<EventID Qualifiers=(null)>24</EventID>
<Version>0</Version>
<Level>4</Level>
<Task>11</Task>
<Opcode>0</Opcode>
<Keywords>0x8000000000000010</Keywords>
<TimeCreated SystemTime=2026-01-14T21:34:28.088666400Z/>
<EventRecordID>251</EventRecordID>
<Correlation ActivityID=(null) RelatedActivityID=(null)/>
<Execution ProcessID=1484 ThreadID=1488/>
<Channel>System</Channel>
<Computer>DESKTOP-L7M0243</Computer>
<Security UserID=S-1-5-18/>
</System>
<EventData><Data Name=ExitReason>0</Data>
<Data Name=CurrentBias>[Unknown Type 0x07, size 4]</Data>
<Data Name=CurrentTimeZoneID>1</Data>
<Data Name=TimeZoneInfoCacheUpdated>0</Data>
<Data Name=FirstRefresh>0</Data>
</EventData>
</Event>
ElfRec#000252 (0x00022670)	2026-01-14T21:34:28.0886677Z	size=1064
<Event xmlns=http://schemas.microsoft.com/win/2004/08/events/event><System><Provider Name=Microsoft-Windows-Kernel-General Guid={a68ca8b7-004f-d7b6-a698-07e2de0f1f5d}/>
<EventID Qualifiers=(null)>1</EventID>
<Version>4</Version>
<Level>4</Level>
<Task>5</Task>
<Opcode>0</Opcode>
<Keywords>0x8000000000000010</Keywords>
<TimeCreated SystemTime=2026-01-14T21:34:28.088667700Z/>
<EventRecordID>252</EventRecordID>
<Correlation ActivityID=(null) RelatedActivityID=(null)/>
<Execution ProcessID=1484 ThreadID=1488/>
<Channel>System</Channel>
<Computer>DESKTOP-L7M0243</Computer>
<Security UserID=S-1-5-18/>
</System>
<EventData><Data Name=NewTime>2026-01-14T21:34:28.088302000Z</Data>
<Data Name=OldTime>2026-01-14T21:34:28.088302000Z</Data>
<Data Name=TimeDeltaInMs>[Unknown Type 0x09, size 8]</Data>
<Data Name=Reason>3</Data>
<Data Name=ProcessName>\Device\HarddiskVolume3\Windows\System32\oobe\msoobe.exe</Data>
<Data Name=ProcessID>1484</Data>
<Data Name=CmosTime>2026-01-14T13:34:28.088302000Z</Data>
<Data Name=TimeZoneBias>[Unknown Type 0x07, size 4]</Data>
<Data Name=RealTimeIsUniversal>[Unknown Type 0x0d, size 4]</Data>
<Data Name=SystemInCmosMode>[Unknown Type 0x0d, size 4]</Data>
</EventData>
</Event>
ElfRec#000253 (0x00022a98)	2026-01-14T21:34:28.2415077Z	size=1056
<Event xmlns=http://schemas.microsoft.com/win/2004/08/events/event><System><Provider Name=Service Control Manager Guid={555908d1-a6d7-4695-8e1e-26931d2012f4} EventSourceName=Service Control Manager/>
<EventID Qualifiers=49152>7026</EventID>
<Version>0</Version>
<Level>4</Level>
<Task>0</Task>
<Opcode>0</Opcode>
<Keywords>0x8080000000000000</Keywords>
<TimeCreated SystemTime=2026-01-14T21:34:28.241507700Z/>
<EventRecordID>253</EventRecordID>
<Correlation ActivityID=(null) RelatedActivityID=(null)/>
<Execution ProcessID=788 ThreadID=792/>
<Channel>System</Channel>
<Computer>DESKTOP-L7M0243</Computer>
<Security UserID=(null)/>
</System>
<EventData><Data Name=param1>
dam
uiomap</Data>
</EventData>
</Event>
ElfRec#000254 (0x00022eb8)	2026-01-14T21:34:28.2432788Z	size=448
<Event xmlns=http://schemas.microsoft.com/win/2004/08/events/event><System><Provider Name=TPM Guid={1b6b0772-251b-4d42-917d-faca166bc059}/>
<EventID Qualifiers=(null)>18</EventID>
<Version>0</Version>
<Level>4</Level>
<Task>0</Task>
<Opcode>0</Opcode>
<Keywords>0x8000000000000000</Keywords>
<TimeCreated SystemTime=2026-01-14T21:34:28.243278800Z/>
<EventRecordID>254</EventRecordID>
<Correlation ActivityID=(null) RelatedActivityID=(null)/>
<Execution ProcessID=4 ThreadID=268/>
<Channel>System</Channel>
<Computer>DESKTOP-L7M0243</Computer>
<Security UserID=S-1-5-18/>
</System>
<EventData><Data Name=driverFile>[Unknown Type 0x14, size 4]</Data>
<Data Name=lineNumber>217</Data>
<Data Name=Data>0</Data>
</EventData>
</Event>
ElfRec#000255 (0x00023078)	2026-01-14T21:34:30.3678699Z	size=888
<Event xmlns=http://schemas.microsoft.com/win/2004/08/events/event><System><Provider Name=Virtual Disk Service/>
<EventID Qualifiers=16896>3</EventID>
<Version>0</Version>
<Level>4</Level>
<Task>0</Task>
<Opcode>0</Opcode>
<Keywords>0x0080000000000000</Keywords>
<TimeCreated SystemTime=2026-01-14T21:34:30.367869900Z/>
<EventRecordID>255</EventRecordID>
<Correlation ActivityID=(null) RelatedActivityID=(null)/>
<Execution ProcessID=4484 ThreadID=0/>
<Channel>System</Channel>
<Computer>DESKTOP-L7M0243</Computer>
<Security UserID=(null)/>
</System>
<EventData><Data>[Unknown Type 0x81, size 18]</Data>
<Binary>(null)</Binary>
</EventData>
</Event>
ElfRec#000256 (0x000233f0)	2026-01-14T21:34:30.9763043Z	size=328
<Event xmlns=http://schemas.microsoft.com/win/2004/08/events/event><System><Provider Name=Microsoft-Windows-TPM-WMI Guid={7d5387b0-cbe0-11da-a94d-0800200c9a66}/>
<EventID Qualifiers=(null)>1282</EventID>
<Version>0</Version>
<Level>4</Level>
<Task>0</Task>
<Opcode>0</Opcode>
<Keywords>0x8000000000000000</Keywords>
<TimeCreated SystemTime=2026-01-14T21:34:30.976304300Z/>
<EventRecordID>256</EventRecordID>
<Correlation ActivityID=(null) RelatedActivityID=(null)/>
<Execution ProcessID=4064 ThreadID=4544/>
<Channel>System</Channel>
<Computer>DESKTOP-L7M0243</Computer>
<Security UserID=S-1-5-18/>
</System>
<EventData></EventData>
</Event>
ElfRec#000257 (0x00023538)	2026-01-14T21:34:31.5643263Z	size=288
<Event xmlns=http://schemas.microsoft.com/win/2004/08/events/event><System><Provider Name=Microsoft-Windows-TPM-WMI Guid={7d5387b0-cbe0-11da-a94d-0800200c9a66}/>
<EventID Qualifiers=(null)>1025</EventID>
<Version>0</Version>
<Level>4</Level>
<Task>0</Task>
<Opcode>0</Opcode>
<Keywords>0x8000000000000000</Keywords>
<TimeCreated SystemTime=2026-01-14T21:34:31.564326300Z/>
<EventRecordID>257</EventRecordID>
<Correlation ActivityID=(null) RelatedActivityID=(null)/>
<Execution ProcessID=4064 ThreadID=4544/>
<Channel>System</Channel>
<Computer>DESKTOP-L7M0243</Computer>
<Security UserID=S-1-5-18/>
</System>
<EventData></EventData>
</Event>
ElfRec#000258 (0x00023658)	2026-01-14T21:34:34.8805112Z	size=688
<Event xmlns=http://schemas.microsoft.com/win/2004/08/events/event><System><Provider Name=Microsoft-Windows-DNS-Client Guid={1c95126e-7eea-49a9-a3fe-a378b03ddb4d}/>
<EventID Qualifiers=(null)>1014</EventID>
<Version>1</Version>
<Level>3</Level>
<Task>1014</Task>
<Opcode>0</Opcode>
<Keywords>0x4000000010000000</Keywords>
<TimeCreated SystemTime=2026-01-14T21:34:34.880511200Z/>
<EventRecordID>258</EventRecordID>
<Correlation ActivityID=(null) RelatedActivityID=(null)/>
<Execution ProcessID=1976 ThreadID=2136/>
<Channel>System</Channel>
<Computer>DESKTOP-L7M0243</Computer>
<Security UserID=S-1-5-20/>
</System>
<EventData><Data Name=QueryName>wpad</Data>
<Data Name=AddressLength>128</Data>
<Data Name=Address>[Unknown Type 0x0e, size 128]</Data>
<Data Name=ClientPID>2624</Data>
</EventData>
</Event>
ElfRec#000259 (0x00023908)	2026-01-14T21:34:36.3551455Z	size=224
<Event xmlns=http://schemas.microsoft.com/win/2004/08/events/event><System><Provider Name=Virtual Disk Service/>
<EventID Qualifiers=16896>4</EventID>
<Version>0</Version>
<Level>4</Level>
<Task>0</Task>
<Opcode>0</Opcode>
<Keywords>0x0080000000000000</Keywords>
<TimeCreated SystemTime=2026-01-14T21:34:36.355145500Z/>
<EventRecordID>259</EventRecordID>
<Correlation ActivityID=(null) RelatedActivityID=(null)/>
<Execution ProcessID=4484 ThreadID=0/>
<Channel>System</Channel>
<Computer>DESKTOP-L7M0243</Computer>
<Security UserID=(null)/>
</System>
<EventData><Data>[Unknown Type 0x81, size 18]</Data>
<Binary>(null)</Binary>
</EventData>
</Event>
ElfRec#000260 (0x000239e8)	2026-01-14T21:34:37.0107907Z	size=664
<Event xmlns=http://schemas.microsoft.com/win/2004/08/events/event><System><Provider Name=Microsoft-Windows-Kernel-General Guid={a68ca8b7-004f-d7b6-a698-07e2de0f1f5d}/>
<EventID Qualifiers=(null)>16</EventID>
<Version>0</Version>
<Level>4</Level>
<Task>0</Task>
<Opcode>0</Opcode>
<Keywords>0x8000000000000000</Keywords>
<TimeCreated SystemTime=2026-01-14T21:34:37.010790700Z/>
<EventRecordID>260</EventRecordID>
<Correlation ActivityID=(null) RelatedActivityID=(null)/>
<Execution ProcessID=4976 ThreadID=4980/>
<Channel>System</Channel>
<Computer>DESKTOP-L7M0243</Computer>
<Security UserID=S-1-5-18/>
</System>
<EventData><Data Name=HiveNameLength>45</Data>
<Data Name=HiveName>\??\C:\WINDOWS\AppCompat\Programs\Amcache.hve</Data>
<Data Name=KeysUpdated>0</Data>
<Data Name=DirtyPages>0</Data>
</EventData>
</Event>
ElfRec#000261 (0x00023c80)	2026-01-14T21:34:37.1612152Z	size=2280
<Event xmlns=http://schemas.microsoft.com/win/2004/08/events/event><System><Provider Name=Microsoft-Windows-TPM-WMI Guid={7d5387b0-cbe0-11da-a94d-0800200c9a66}/>
<EventID Qualifiers=(null)>1041</EventID>
<Version>0</Version>
<Level>4</Level>
<Task>0</Task>
<Opcode>0</Opcode>
<Keywords>0x8000000000000000</Keywords>
<TimeCreated SystemTime=2026-01-14T21:34:37.161215200Z/>
<EventRecordID>261</EventRecordID>
<Correlation ActivityID=(null) RelatedActivityID=(null)/>
<Execution ProcessID=4064 ThreadID=5064/>
<Channel>System</Channel>
<Computer>DESKTOP-L7M0243</Computer>
<Security UserID=S-1-5-18/>
</System>
<EventData><Data Name=Json>{"Version":1,"HealthStatus":"Possibly attestable","Required":[{"Field":"TpmPresent","Value":true,"DesiredValue":true},{"Field":"TpmMeetsMinimumVersion","Value":true,"DesiredValue":true},{"Field":"TpmIsResponsive","Value":true,"DesiredValue":true},{"Field":"EkCertIsAvailable","Value":true,"DesiredValue":true},{"Field":"TcgLogFound","Value":true,"DesiredValue":true}],"Expected":[{"Field":"PcrsMatchTcgLog","Value":false,"DesiredValue":true,"DiagnosticInfo":{"SoftwarePcrReplayHresult":0,"HardwarePcrReplayHresult":0,"BitMaskOfPcrMismatches":1}}],"Informational":[{"Field":"SecureBootEnabled","ValueFromComputer":false,"ValueFromTcgLog":false,"DesiredValue":true,"TcgValueIsVerifiable":true},{"Field":"VirtualSecureMemory","ValueFromComputer":false,"ValueFromTcgLog":false,"DesiredValue":true,"TcgValueIsVerifiable":true},{"Field":"SecureCorePCCompliant","ValueFromComputer":false,"ValueFromTcgLog":false,"DesiredValue":true,"TcgValueIsVerifiable":true}]}</Data>
</EventData>
</Event>
ElfRec#000262 (0x00024568)	2026-01-14T21:34:37.1612970Z	size=480
<Event xmlns=http://schemas.microsoft.com/win/2004/08/events/event><System><Provider Name=Microsoft-Windows-TPM-WMI Guid={7d5387b0-cbe0-11da-a94d-0800200c9a66}/>
<EventID Qualifiers=(null)>1039</EventID>
<Version>0</Version>
<Level>4</Level>
<Task>0</Task>
<Opcode>0</Opcode>
<Keywords>0x8000000000000000</Keywords>
<TimeCreated SystemTime=2026-01-14T21:34:37.161297000Z/>
<EventRecordID>262</EventRecordID>
<Correlation ActivityID=(null) RelatedActivityID=(null)/>
<Execution ProcessID=4064 ThreadID=5064/>
<Channel>System</Channel>
<Computer>DESKTOP-L7M0243</Computer>
<Security UserID=S-1-5-18/>
</System>
<EventData><Data Name=Path>C:\WINDOWS\Logs\MeasuredBoot\0000000002-0000000000.json</Data>
</EventData>
</Event>
ElfRec#000263 (0x00024748)	2026-01-14T21:34:37.3022076Z	size=552
<Event xmlns=http://schemas.microsoft.com/win/2004/08/events/event><System><Provider Name=Service Control Manager Guid={555908d1-a6d7-4695-8e1e-26931d2012f4} EventSourceName=Service Control Manager/>
<EventID Qualifiers=16384>7040</EventID>
<Version>0</Version>
<Level>4</Level>
<Task>0</Task>
<Opcode>0</Opcode>
<Keywords>0x8080000000000000</Keywords>
<TimeCreated SystemTime=2026-01-14T21:34:37.302207600Z/>
<EventRecordID>263</EventRecordID>
<Correlation ActivityID=(null) RelatedActivityID=(null)/>
<Execution ProcessID=788 ThreadID=3280/>
<Channel>System</Channel>
<Computer>DESKTOP-L7M0243</Computer>
<Security UserID=S-1-5-18/>
</System>
<EventData><Data Name=param1>Windows Modules Installer</Data>
<Data Name=param2>auto start</Data>
<Data Name=param3>demand start</Data>
<Data Name=param4>TrustedInstaller</Data>
</EventData>
</Event>
ElfRec#000264 (0x00024970)	2026-01-14T21:34:37.3615209Z	size=664
<Event xmlns=http://schemas.microsoft.com/win/2004/08/events/event><System><Provider Name=Microsoft-Windows-GroupPolicy Guid={aea1b4fa-97d1-45f2-a64c-4d69fffd92c9}/>
<EventID Qualifiers=(null)>1500</EventID>
<Version>0</Version>
<Level>4</Level>
<Task>0</Task>
<Opcode>1</Opcode>
<Keywords>0x8000000000000000</Keywords>
<TimeCreated SystemTime=2026-01-14T21:34:37.361520900Z/>
<EventRecordID>264</EventRecordID>
<Correlation ActivityID={ebcafa74-72f8-4c2f-a259-684b09723892} RelatedActivityID=(null)/>
<Execution ProcessID=2444 ThreadID=3564/>
<Channel>System</Channel>
<Computer>DESKTOP-L7M0243</Computer>
<Security UserID=S-1-5-18/>
</System>
<EventData><Data Name=SupportInfo1>1</Data>
<Data Name=SupportInfo2>4447</Data>
<Data Name=ProcessingMode>1</Data>
<Data Name=ProcessingTimeInMilliseconds>46</Data>
<Data Name=DCName></Data>
</EventData>
</Event>
ElfRec#000265 (0x00024c08)	2026-01-14T21:34:37.6942186Z	size=448
<Event xmlns=http://schemas.microsoft.com/win/2004/08/events/event><System><Provider Name=Microsoft-Windows-Winlogon Guid={dbe9b383-7cf3-4331-91cc-a3cb16a3b538}/>
<EventID Qualifiers=(null)>7001</EventID>
<Version>0</Version>
<Level>4</Level>
<Task>1101</Task>
<Opcode>0</Opcode>
<Keywords>0x2000200000000000</Keywords>
<TimeCreated SystemTime=2026-01-14T21:34:37.694218600Z/>
<EventRecordID>265</EventRecordID>
<Correlation ActivityID=(null) RelatedActivityID=(null)/>
<Execution ProcessID=720 ThreadID=1384/>
<Channel>System</Channel>
<Computer>DESKTOP-L7M0243</Computer>
<Security UserID=S-1-5-18/>
</System>
<EventData><Data Name=TSId>1</Data>
<Data Name=UserSid>S-1-5-21-3154672976-900801122-4255023966-1000</Data>
</EventData>
</Event>
ElfRec#000266 (0x00024dc8)	2026-01-14T21:34:37.7281156Z	size=312
<Event xmlns=http://schemas.microsoft.com/win/2004/08/events/event><System><Provider Name=Service Control Manager Guid={555908d1-a6d7-4695-8e1e-26931d2012f4} EventSourceName=Service Control Manager/>
<EventID Qualifiers=16384>7040</EventID>
<Version>0</Version>
<Level>4</Level>
<Task>0</Task>
<Opcode>0</Opcode>
<Keywords>0x8080000000000000</Keywords>
<TimeCreated SystemTime=2026-01-14T21:34:37.728115600Z/>
<EventRecordID>266</EventRecordID>
<Correlation ActivityID=(null) RelatedActivityID=(null)/>
<Execution ProcessID=788 ThreadID=1916/>
<Channel>System</Channel>
<Computer>DESKTOP-L7M0243</Computer>
<Security UserID=S-1-5-20/>
</System>
<EventData><Data Name=param1>Delivery Optimization</Data>
<Data Name=param2>demand start</Data>
<Data Name=param3>auto start</Data>
<Data Name=param4>DoSvc</Data>
</EventData>
</Event>
ElfRec#000267 (0x00024f00)	2026-01-14T21:34:38.1971775Z	size=344
<Event xmlns=http://schemas.microsoft.com/win/2004/08/events/event><System><Provider Name=Microsoft-Windows-GroupPolicy Guid={aea1b4fa-97d1-45f2-a64c-4d69fffd92c9}/>
<EventID Qualifiers=(null)>1501</EventID>
<Version>0</Version>
<Level>4</Level>
<Task>0</Task>
<Opcode>1</Opcode>
<Keywords>0x8000000000000000</Keywords>
<TimeCreated SystemTime=2026-01-14T21:34:38.197177500Z/>
<EventRecordID>267</EventRecordID>
<Correlation ActivityID={5115da3b-f5f9-4fa1-8111-a5da66fcd107} RelatedActivityID=(null)/>
<Execution ProcessID=2444 ThreadID=4528/>
<Channel>System</Channel>
<Computer>DESKTOP-L7M0243</Computer>
<Security UserID=S-1-5-21-3154672976-900801122-4255023966-1000/>
</System>
<EventData><Data Name=SupportInfo1>1</Data>
<Data Name=SupportInfo2>4447</Data>
<Data Name=ProcessingMode>1</Data>
<Data Name=ProcessingTimeInMilliseconds>469</Data>
<Data Name=DCName></Data>
</EventData>
</Event>
ElfRec#000268 (0x00025058)	2026-01-14T21:34:39.3013393Z	size=800
<Event xmlns=http://schemas.microsoft.com/win/2004/08/events/event><System><Provider Name=Microsoft-Windows-Kernel-General Guid={a68ca8b7-004f-d7b6-a698-07e2de0f1f5d}/>
<EventID Qualifiers=(null)>11</EventID>
<Version>0</Version>
<Level>4</Level>
<Task>0</Task>
<Opcode>0</Opcode>
<Keywords>0x8000000000000000</Keywords>
<TimeCreated SystemTime=2026-01-14T21:34:39.301339300Z/>
<EventRecordID>268</EventRecordID>
<Correlation ActivityID=(null) RelatedActivityID=(null)/>
<Execution ProcessID=5604 ThreadID=5636/>
<Channel>System</Channel>
<Computer>DESKTOP-L7M0243</Computer>
<Security UserID=S-1-5-21-3154672976-900801122-4255023966-1000/>
</System>
<EventData><Data Name=ExtraStringLength>43</Data>
<Data Name=ExtraString>\SystemRoot\System32\AppLocker\AppCache.dat</Data>
<Data Name=TmId>{c66fe024-f190-11f0-87f3-000c297c9f72}</Data>
<Data Name=RmId>{c66fe023-f190-11f0-87f3-000c297c9f72}</Data>
<Data Name=Status>[Unknown Type 0x14, size 4]</Data>
<Data Name=InternalCode>7</Data>
</EventData>
</Event>
ElfRec#000269 (0x00025378)	2026-01-14T21:34:40.0523194Z	size=544
<Event xmlns=http://schemas.microsoft.com/win/2004/08/events/event><System><Provider Name=Microsoft-Windows-Kernel-General Guid={a68ca8b7-004f-d7b6-a698-07e2de0f1f5d}/>
<EventID Qualifiers=(null)>16</EventID>
<Version>0</Version>
<Level>4</Level>
<Task>0</Task>
<Opcode>0</Opcode>
<Keywords>0x8000000000000000</Keywords>
<TimeCreated SystemTime=2026-01-14T21:34:40.052319400Z/>
<EventRecordID>269</EventRecordID>
<Correlation ActivityID=(null) RelatedActivityID=(null)/>
<Execution ProcessID=6000 ThreadID=6040/>
<Channel>System</Channel>
<Computer>DESKTOP-L7M0243</Computer>
<Security UserID=S-1-5-18/>
</System>
<EventData><Data Name=HiveNameLength>111</Data>
<Data Name=HiveName>\??\C:\Users\defaultuser0\AppData\Local\Packages\Microsoft.AAD.BrokerPlugin_cw5n1h2txyewy\Settings\settings.dat</Data>
<Data Name=KeysUpdated>3</Data>
<Data Name=DirtyPages>1</Data>
</EventData>
</Event>
ElfRec#000270 (0x00025598)	2026-01-14T21:34:41.7394612Z	size=576
<Event xmlns=http://schemas.microsoft.com/win/2004/08/events/event><System><Provider Name=Microsoft-Windows-Kernel-General Guid={a68ca8b7-004f-d7b6-a698-07e2de0f1f5d}/>
<EventID Qualifiers=(null)>16</EventID>
<Version>0</Version>
<Level>4</Level>
<Task>0</Task>
<Opcode>0</Opcode>
<Keywords>0x8000000000000000</Keywords>
<TimeCreated SystemTime=2026-01-14T21:34:41.739461200Z/>
<EventRecordID>270</EventRecordID>
<Correlation ActivityID=(null) RelatedActivityID=(null)/>
<Execution ProcessID=6196 ThreadID=6388/>
<Channel>System</Channel>
<Computer>DESKTOP-L7M0243</Computer>
<Security UserID=S-1-5-18/>
</System>
<EventData><Data Name=HiveNameLength>125</Data>
<Data Name=HiveName>\??\C:\Users\defaultuser0\AppData\Local\Packages\Microsoft.Windows.ContentDeliveryManager_cw5n1h2txyewy\Settings\settings.dat</Data>
<Data Name=KeysUpdated>3</Data>
<Data Name=DirtyPages>1</Data>
</EventData>
</Event>
ElfRec#000271 (0x000257d8)	2026-01-14T21:34:42.0443019Z	size=768
<Event xmlns=http://schemas.microsoft.com/win/2004/08/events/event><System><Provider Name=Microsoft-Windows-Time-Service Guid={06edcfeb-0fd0-4e53-acca-a6f8bbf81bcb}/>
<EventID Qualifiers=(null)>34</EventID>
<Version>0</Version>
<Level>2</Level>
<Task>0</Task>
<Opcode>0</Opcode>
<Keywords>0x8000000000000000</Keywords>
<TimeCreated SystemTime=2026-01-14T21:34:42.044301900Z/>
<EventRecordID>271</EventRecordID>
<Correlation ActivityID=(null) RelatedActivityID=(null)/>
<Execution ProcessID=1720 ThreadID=1752/>
<Channel>System</Channel>
<Computer>DESKTOP-L7M0243</Computer>
<Security UserID=S-1-5-19/>
</System>
<EventData Name=TMP_EVENT_TIME_CHANGE_TOO_BIG><Data Name=SystemTimeChangeSeconds>[Unknown Type 0x09, size 8]</Data>
<Data Name=MaxSystemTimeChangeSeconds>54000</Data>
<Data Name=TimeSource>time.windows.com,0x9 (ntp.m|0x9|0.0.0.0:123->20.43.94.199:123)</Data>
</EventData>
</Event>
ElfRec#000272 (0x00025ad8)	2026-01-14T21:34:43.6183745Z	size=568
<Event xmlns=http://schemas.microsoft.com/win/2004/08/events/event><System><Provider Name=Microsoft-Windows-Kernel-General Guid={a68ca8b7-004f-d7b6-a698-07e2de0f1f5d}/>
<EventID Qualifiers=(null)>16</EventID>
<Version>0</Version>
<Level>4</Level>
<Task>0</Task>
<Opcode>0</Opcode>
<Keywords>0x8000000000000000</Keywords>
<TimeCreated SystemTime=2026-01-14T21:34:43.618374500Z/>
<EventRecordID>272</EventRecordID>
<Correlation ActivityID=(null) RelatedActivityID=(null)/>
<Execution ProcessID=6868 ThreadID=6896/>
<Channel>System</Channel>
<Computer>DESKTOP-L7M0243</Computer>
<Security UserID=S-1-5-18/>
</System>
<EventData><Data Name=HiveNameLength>122</Data>
<Data Name=HiveName>\??\C:\Users\defaultuser0\AppData\Local\Packages\Microsoft.Windows.CloudExperienceHost_cw5n1h2txyewy\Settings\settings.dat</Data>
<Data Name=KeysUpdated>3</Data>
<Data Name=DirtyPages>1</Data>
</EventData>
</Event>
