ElfRec#000441 (0x0003aea0)	2026-01-14T21:40:49.5983346Z	size=400
<Event xmlns=http://schemas.microsoft.com/win/2004/08/events/event><System><Provider Name=Microsoft-Windows-Kernel-Boot Guid={15ca44ff-4d7a-4baa-bba5-0998955e531e}/>
<EventID Qualifiers=(null)>25</EventID>
<Version>0</Version>
<Level>4</Level>
<Task>32</Task>
<Opcode>0</Opcode>
<Keywords>0x8000000000000000</Keywords>
<TimeCreated SystemTime=2026-01-14T21:40:49.598334600Z/>
<EventRecordID>441</EventRecordID>
<Correlation ActivityID=(null) RelatedActivityID=(null)/>
<Execution ProcessID=4 ThreadID=8/>
<Channel>System</Channel>
<Computer>DESKTOP-5VCD46O</Computer>
<Security UserID=S-1-5-18/>
</System>
<EventData><Data Name=BootMenuPolicy>1</Data>
</EventData>
</Event>
ElfRec#000442 (0x0003b030)	2026-01-14T21:40:49.5983348Z	size=488
<Event xmlns=http://schemas.microsoft.com/win/2004/08/events/event><System><Provider Name=Microsoft-Windows-Kernel-Boot Guid={15ca44ff-4d7a-4baa-bba5-0998955e531e}/>
<EventID Qualifiers=(null)>27</EventID>
<Version>1</Version>
<Level>4</Level>
<Task>33</Task>
<Opcode>0</Opcode>
<Keywords>0x8000000000000000</Keywords>
<TimeCreated SystemTime=2026-01-14T21:40:49.598334800Z/>
<EventRecordID>442</EventRecordID>
<Correlation ActivityID=(null) RelatedActivityID=(null)/>
<Execution ProcessID=4 ThreadID=8/>
<Channel>System</Channel>
<Computer>DESKTOP-5VCD46O</Computer>
<Security UserID=S-1-5-18/>
</System>
<EventData><Data Name=BootType>0</Data>
<Data Name=LoadOptions> NOEXECUTE=OPTIN  FVEBOOT=2148048896  NOVGA</Data>
</EventData>
</Event>
ElfRec#000443 (0x0003b218)	2026-01-14T21:40:49.5983618Z	size=392
<Event xmlns=http://schemas.microsoft.com/win/2004/08/events/event><System><Provider Name=Microsoft-Windows-Kernel-Boot Guid={15ca44ff-4d7a-4baa-bba5-0998955e531e}/>
<EventID Qualifiers=(null)>18</EventID>
<Version>0</Version>
<Level>4</Level>
<Task>57</Task>
<Opcode>0</Opcode>
<Keywords>0x8000000000000000</Keywords>
<TimeCreated SystemTime=2026-01-14T21:40:49.598361800Z/>
<EventRecordID>443</EventRecordID>
<Correlation ActivityID=(null) RelatedActivityID=(null)/>
<Execution ProcessID=4 ThreadID=8/>
<Channel>System</Channel>
<Computer>DESKTOP-5VCD46O</Computer>
<Security UserID=S-1-5-18/>
</System>
<EventData><Data Name=EntryCount>1</Data>
</EventData>
</Event>
ElfRec#000444 (0x0003b3a0)	2026-01-14T21:40:49.5983713Z	size=424
<Event xmlns=http://schemas.microsoft.com/win/2004/08/events/event><System><Provider Name=Microsoft-Windows-Kernel-Boot Guid={15ca44ff-4d7a-4baa-bba5-0998955e531e}/>
<EventID Qualifiers=(null)>32</EventID>
<Version>0</Version>
<Level>4</Level>
<Task>58</Task>
<Opcode>0</Opcode>
<Keywords>0x8000000000000000</Keywords>
<TimeCreated SystemTime=2026-01-14T21:40:49.598371300Z/>
<EventRecordID>444</EventRecordID>
<Correlation ActivityID=(null) RelatedActivityID=(null)/>
<Execution ProcessID=4 ThreadID=8/>
<Channel>System</Channel>
<Computer>DESKTOP-5VCD46O</Computer>
<Security UserID=S-1-5-18/>
</System>
<EventData><Data Name=BitlockerUserInputTime>0</Data>
</EventData>
</Event>
ElfRec#000445 (0x0003b548)	2026-01-14T21:40:49.5997839Z	size=568
<Event xmlns=http://schemas.microsoft.com/win/2004/08/events/event><System><Provider Name=Microsoft-Windows-Kernel-General Guid={a68ca8b7-004f-d7b6-a698-07e2de0f1f5d}/>
<EventID Qualifiers=(null)>20</EventID>
<Version>0</Version>
<Level>4</Level>
<Task>6</Task>
<Opcode>0</Opcode>
<Keywords>0x8000000000000010</Keywords>
<TimeCreated SystemTime=2026-01-14T21:40:49.599783900Z/>
<EventRecordID>445</EventRecordID>
<Correlation ActivityID=(null) RelatedActivityID=(null)/>
<Execution ProcessID=4 ThreadID=8/>
<Channel>System</Channel>
<Computer>DESKTOP-5VCD46O</Computer>
<Security UserID=S-1-5-18/>
</System>
<EventData><Data Name=UpdateReason>0</Data>
<Data Name=EnabledNew>[Unknown Type 0x0d, size 4]</Data>
<Data Name=CountNew>0</Data>
<Data Name=CountOld>0</Data>
</EventData>
</Event>
ElfRec#000446 (0x0003b780)	2026-01-14T21:40:49.6136047Z	size=280
<Event xmlns=http://schemas.microsoft.com/win/2004/08/events/event><System><Provider Name=Microsoft-Windows-HAL Guid={63d1e632-95cc-4443-9312-af927761d52a}/>
<EventID Qualifiers=(null)>16</EventID>
<Version>0</Version>
<Level>4</Level>
<Task>0</Task>
<Opcode>0</Opcode>
<Keywords>0x8000000000000000</Keywords>
<TimeCreated SystemTime=2026-01-14T21:40:49.613604700Z/>
<EventRecordID>446</EventRecordID>
<Correlation ActivityID=(null) RelatedActivityID=(null)/>
<Execution ProcessID=4 ThreadID=8/>
<Channel>System</Channel>
<Computer>DESKTOP-5VCD46O</Computer>
<Security UserID=S-1-5-18/>
</System>
<EventData></EventData>
</Event>
ElfRec#000447 (0x0003b898)	2026-01-14T21:40:52.6089592Z	size=744
<Event xmlns=http://schemas.microsoft.com/win/2004/08/events/event><System><Provider Name=Microsoft-Windows-FilterManager Guid={f3c5e28e-63f6-49c7-a204-e48a1bc4b09d}/>
<EventID Qualifiers=(null)>6</EventID>
<Version>0</Version>
<Level>4</Level>
<Task>0</Task>
<Opcode>0</Opcode>
<Keywords>0x8000000000000000</Keywords>
<TimeCreated SystemTime=2026-01-14T21:40:52.608959200Z/>
<EventRecordID>447</EventRecordID>
<Correlation ActivityID=(null) RelatedActivityID=(null)/>
<Execution ProcessID=4 ThreadID=8/>
<Channel>System</Channel>
<Computer>DESKTOP-5VCD46O</Computer>
<Security UserID=S-1-5-18/>
</System>
<EventData><Data Name=FinalStatus>[Unknown Type 0x14, size 4]</Data>
<Data Name=DeviceVersionMajor>10</Data>
<Data Name=DeviceVersionMinor>0</Data>
<Data Name=DeviceNameLength>8</Data>
<Data Name=DeviceName>FileInfo</Data>
<Data Name=DeviceTime>2010-08-01T07:38:45.000000000Z</Data>
</EventData>
</Event>
ElfRec#000448 (0x0003bb80)	2026-01-14T21:40:52.6091942Z	size=352
<Event xmlns=http://schemas.microsoft.com/win/2004/08/events/event><System><Provider Name=Microsoft-Windows-FilterManager Guid={f3c5e28e-63f6-49c7-a204-e48a1bc4b09d}/>
<EventID Qualifiers=(null)>6</EventID>
<Version>0</Version>
<Level>4</Level>
<Task>0</Task>
<Opcode>0</Opcode>
<Keywords>0x8000000000000000</Keywords>
<TimeCreated SystemTime=2026-01-14T21:40:52.609194200Z/>
<EventRecordID>448</EventRecordID>
<Correlation ActivityID=(null) RelatedActivityID=(null)/>
<Execution ProcessID=4 ThreadID=8/>
<Channel>System</Channel>
<Computer>DESKTOP-5VCD46O</Computer>
<Security UserID=S-1-5-18/>
</System>
<EventData><Data Name=FinalStatus>[Unknown Type 0x14, size 4]</Data>
<Data Name=DeviceVersionMajor>10</Data>
<Data Name=DeviceVersionMinor>0</Data>
<Data Name=DeviceNameLength>3</Data>
<Data Name=DeviceName>Wof</Data>
<Data Name=DeviceTime>2056-06-18T14:06:27.000000000Z</Data>
</EventData>
</Event>
ElfRec#000449 (0x0003bce0)	2026-01-14T21:40:52.6095437Z	size=360
<Event xmlns=http://schemas.microsoft.com/win/2004/08/events/event><System><Provider Name=Microsoft-Windows-FilterManager Guid={f3c5e28e-63f6-49c7-a204-e48a1bc4b09d}/>
<EventID Qualifiers=(null)>6</EventID>
<Version>0</Version>
<Level>4</Level>
<Task>0</Task>
<Opcode>0</Opcode>
<Keywords>0x8000000000000000</Keywords>
<TimeCreated SystemTime=2026-01-14T21:40:52.609543700Z/>
<EventRecordID>449</EventRecordID>
<Correlation ActivityID=(null) RelatedActivityID=(null)/>
<Execution ProcessID=4 ThreadID=8/>
<Channel>System</Channel>
<Computer>DESKTOP-5VCD46O</Computer>
<Security UserID=S-1-5-18/>
</System>
<EventData><Data Name=FinalStatus>[Unknown Type 0x14, size 4]</Data>
<Data Name=DeviceVersionMajor>10</Data>
<Data Name=DeviceVersionMinor>0</Data>
<Data Name=DeviceNameLength>8</Data>
<Data Name=DeviceName>WdFilter</Data>
<Data Name=DeviceTime>2075-05-27T12:05:35.000000000Z</Data>
</EventData>
</Event>
ElfRec#000450 (0x0003be48)	2026-01-14T21:40:52.6469699Z	size=560
<Event xmlns=http://schemas.microsoft.com/win/2004/08/events/event><System><Provider Name=Microsoft-Windows-Ntfs Guid={3ff37a1c-a68d-4d6e-8c9b-f79e8b16c482}/>
<EventID Qualifiers=(null)>98</EventID>
<Version>0</Version>
<Level>4</Level>
<Task>0</Task>
<Opcode>0</Opcode>
<Keywords>0x8000000000000002</Keywords>
<TimeCreated SystemTime=2026-01-14T21:40:52.646969900Z/>
<EventRecordID>450</EventRecordID>
<Correlation ActivityID=(null) RelatedActivityID=(null)/>
<Execution ProcessID=4 ThreadID=296/>
<Channel>System</Channel>
<Computer>DESKTOP-5VCD46O</Computer>
<Security UserID=S-1-5-18/>
</System>
<EventData><Data Name=DriveName>C:</Data>
<Data Name=DeviceName>\Device\HarddiskVolume3</Data>
<Data Name=CorruptionActionState>0</Data>
</EventData>
</Event>
ElfRec#000451 (0x0003c078)	2026-01-14T21:40:52.6999216Z	size=360
<Event xmlns=http://schemas.microsoft.com/win/2004/08/events/event><System><Provider Name=Microsoft-Windows-FilterManager Guid={f3c5e28e-63f6-49c7-a204-e48a1bc4b09d}/>
<EventID Qualifiers=(null)>6</EventID>
<Version>0</Version>
<Level>4</Level>
<Task>0</Task>
<Opcode>0</Opcode>
<Keywords>0x8000000000000000</Keywords>
<TimeCreated SystemTime=2026-01-14T21:40:52.699921600Z/>
<EventRecordID>451</EventRecordID>
<Correlation ActivityID=(null) RelatedActivityID=(null)/>
<Execution ProcessID=4 ThreadID=8/>
<Channel>System</Channel>
<Computer>DESKTOP-5VCD46O</Computer>
<Security UserID=S-1-5-18/>
</System>
<EventData><Data Name=FinalStatus>[Unknown Type 0x14, size 4]</Data>
<Data Name=DeviceVersionMajor>10</Data>
<Data Name=DeviceVersionMinor>0</Data>
<Data Name=DeviceNameLength>9</Data>
<Data Name=DeviceName>FileCrypt</Data>
<Data Name=DeviceTime>2023-08-31T04:48:23.000000000Z</Data>
</EventData>
</Event>
ElfRec#000452 (0x0003c1e0)	2026-01-14T21:40:52.7775737Z	size=360
<Event xmlns=http://schemas.microsoft.com/win/2004/08/events/event><System><Provider Name=Microsoft-Windows-FilterManager Guid={f3c5e28e-63f6-49c7-a204-e48a1bc4b09d}/>
<EventID Qualifiers=(null)>6</EventID>
<Version>0</Version>
<Level>4</Level>
<Task>0</Task>
<Opcode>0</Opcode>
<Keywords>0x8000000000000000</Keywords>
<TimeCreated SystemTime=2026-01-14T21:40:52.777573700Z/>
<EventRecordID>452</EventRecordID>
<Correlation ActivityID=(null) RelatedActivityID=(null)/>
<Execution ProcessID=4 ThreadID=8/>
<Channel>System</Channel>
<Computer>DESKTOP-5VCD46O</Computer>
<Security UserID=S-1-5-18/>
</System>
<EventData><Data Name=FinalStatus>[Unknown Type 0x14, size 4]</Data>
<Data Name=DeviceVersionMajor>10</Data>
<Data Name=DeviceVersionMinor>0</Data>
<Data Name=DeviceNameLength>9</Data>
<Data Name=DeviceName>npsvctrig</Data>
<Data Name=DeviceTime>2077-01-08T01:04:48.000000000Z</Data>
</EventData>
</Event>
ElfRec#000453 (0x0003c348)	2026-01-14T21:40:52.7997170Z	size=432
<Event xmlns=http://schemas.microsoft.com/win/2004/08/events/event><System><Provider Name=Microsoft-Windows-Kernel-Power Guid={331c3b3a-2005-44c2-ac5e-77220c37d6b4}/>
<EventID Qualifiers=(null)>172</EventID>
<Version>0</Version>
<Level>4</Level>
<Task>203</Task>
<Opcode>0</Opcode>
<Keywords>0x8000000000000404</Keywords>
<TimeCreated SystemTime=2026-01-14T21:40:52.799717000Z/>
<EventRecordID>453</EventRecordID>
<Correlation ActivityID=(null) RelatedActivityID=(null)/>
<Execution ProcessID=4 ThreadID=340/>
<Channel>System</Channel>
<Computer>DESKTOP-5VCD46O</Computer>
<Security UserID=S-1-5-18/>
</System>
<EventData><Data Name=State>2</Data>
<Data Name=Reason>6</Data>
</EventData>
</Event>
ElfRec#000454 (0x0003c4f8)	2026-01-14T21:40:52.8891151Z	size=1008
<Event xmlns=http://schemas.microsoft.com/win/2004/08/events/event><System><Provider Name=Microsoft-Windows-Kernel-Processor-Power Guid={0f67e49f-fe51-4e9f-b490-6f2948cc6027}/>
<EventID Qualifiers=(null)>55</EventID>
<Version>0</Version>
<Level>4</Level>
<Task>47</Task>
<Opcode>0</Opcode>
<Keywords>0x8000000000000000</Keywords>
<TimeCreated SystemTime=2026-01-14T21:40:52.889115100Z/>
<EventRecordID>454</EventRecordID>
<Correlation ActivityID=(null) RelatedActivityID=(null)/>
<Execution ProcessID=4 ThreadID=124/>
<Channel>System</Channel>
<Computer>DESKTOP-5VCD46O</Computer>
<Security UserID=S-1-5-18/>
</System>
<EventData><Data Name=Group>0</Data>
<Data Name=Number>0</Data>
<Data Name=IdleStateCount>0</Data>
<Data Name=IdleImplementation>0</Data>
<Data Name=NominalFrequency>2000</Data>
<Data Name=MaximumPerformancePercent>100</Data>
<Data Name=MinimumPerformancePercent>100</Data>
<Data Name=MinimumThrottlePercent>100</Data>
<Data Name=PerformanceImplementation>0</Data>
</EventData>
</Event>
ElfRec#000455 (0x0003c8e8)	2026-01-14T21:40:52.8892668Z	size=384
<Event xmlns=http://schemas.microsoft.com/win/2004/08/events/event><System><Provider Name=Microsoft-Windows-Kernel-Processor-Power Guid={0f67e49f-fe51-4e9f-b490-6f2948cc6027}/>
<EventID Qualifiers=(null)>55</EventID>
<Version>0</Version>
<Level>4</Level>
<Task>47</Task>
<Opcode>0</Opcode>
<Keywords>0x8000000000000000</Keywords>
<TimeCreated SystemTime=2026-01-14T21:40:52.889266800Z/>
<EventRecordID>455</EventRecordID>
<Correlation ActivityID=(null) RelatedActivityID=(null)/>
<Execution ProcessID=4 ThreadID=124/>
<Channel>System</Channel>
<Computer>DESKTOP-5VCD46O</Computer>
<Security UserID=S-1-5-18/>
</System>
<EventData><Data Name=Group>0</Data>
<Data Name=Number>1</Data>
<Data Name=IdleStateCount>0</Data>
<Data Name=IdleImplementation>0</Data>
<Data Name=NominalFrequency>2000</Data>
<Data Name=MaximumPerformancePercent>100</Data>
<Data Name=MinimumPerformancePercent>100</Data>
<Data Name=MinimumThrottlePercent>100</Data>
<Data Name=PerformanceImplementation>0</Data>
</EventData>
</Event>
ElfRec#000456 (0x0003ca68)	2026-01-14T21:40:53.1126415Z	size=440
<Event xmlns=http://schemas.microsoft.com/win/2004/08/events/event><System><Provider Name=Microsoft-Windows-Ntfs Guid={3ff37a1c-a68d-4d6e-8c9b-f79e8b16c482}/>
<EventID Qualifiers=(null)>98</EventID>
<Version>0</Version>
<Level>4</Level>
<Task>0</Task>
<Opcode>0</Opcode>
<Keywords>0x8000000000000002</Keywords>
<TimeCreated SystemTime=2026-01-14T21:40:53.112641500Z/>
<EventRecordID>456</EventRecordID>
<Correlation ActivityID=(null) RelatedActivityID=(null)/>
<Execution ProcessID=4 ThreadID=296/>
<Channel>System</Channel>
<Computer>DESKTOP-5VCD46O</Computer>
<Security UserID=S-1-5-18/>
</System>
<EventData><Data Name=DriveName>\\?\Volume{365c43b0-41d4-4e45-a5af-6f0bcb71ae25}</Data>
<Data Name=DeviceName>\Device\HarddiskVolume4</Data>
<Data Name=CorruptionActionState>0</Data>
</EventData>
</Event>
ElfRec#000457 (0x0003cc20)	2026-01-14T21:40:53.1384743Z	size=672
<Event xmlns=http://schemas.microsoft.com/win/2004/08/events/event><System><Provider Name=Microsoft-Windows-Kernel-General Guid={a68ca8b7-004f-d7b6-a698-07e2de0f1f5d}/>
<EventID Qualifiers=(null)>24</EventID>
<Version>0</Version>
<Level>4</Level>
<Task>11</Task>
<Opcode>0</Opcode>
<Keywords>0x8000000000000010</Keywords>
<TimeCreated SystemTime=2026-01-14T21:40:53.138474300Z/>
<EventRecordID>457</EventRecordID>
<Correlation ActivityID=(null) RelatedActivityID=(null)/>
<Execution ProcessID=104 ThreadID=516/>
<Channel>System</Channel>
<Computer>DESKTOP-5VCD46O</Computer>
<Security UserID=S-1-5-18/>
</System>
<EventData><Data Name=ExitReason>0</Data>
<Data Name=CurrentBias>[Unknown Type 0x07, size 4]</Data>
<Data Name=CurrentTimeZoneID>1</Data>
<Data Name=TimeZoneInfoCacheUpdated>0</Data>
<Data Name=FirstRefresh>0</Data>
</EventData>
</Event>
ElfRec#000458 (0x0003cec0)	2026-01-14T21:40:53.3505927Z	size=752
<Event xmlns=http://schemas.microsoft.com/win/2004/08/events/event><System><Provider Name=Microsoft-Windows-Wininit Guid={206f6dea-d3c5-4d10-bc72-989f03c8b84b}/>
<EventID Qualifiers=(null)>19</EventID>
<Version>0</Version>
<Level>4</Level>
<Task>0</Task>
<Opcode>0</Opcode>
<Keywords>0x4000000000000000</Keywords>
<TimeCreated SystemTime=2026-01-14T21:40:53.350592700Z/>
<EventRecordID>458</EventRecordID>
<Correlation ActivityID=(null) RelatedActivityID=(null)/>
<Execution ProcessID=624 ThreadID=628/>
<Channel>System</Channel>
<Computer>DESKTOP-5VCD46O</Computer>
<Security UserID=S-1-5-18/>
</System>
<EventData><Data Name=HRESULT>[Unknown Type 0x07, size 4]</Data>
<Data Name=NewLatchTimerNeeded>[Unknown Type 0x0d, size 4]</Data>
<Data Name=NewLatchTimerWaitingSystemUpdateCompletion>[Unknown Type 0x0d, size 4]</Data>
<Data Name=PreviousLatchTimerExistsButDisabled>[Unknown Type 0x0d, size 4]</Data>
<Data Name=PolicyFileExists>[Unknown Type 0x0d, size 4]</Data>
</EventData>
</Event>
ElfRec#000459 (0x0003d1b0)	2026-01-14T21:40:53.4298868Z	size=504
<Event xmlns=http://schemas.microsoft.com/win/2004/08/events/event><System><Provider Name=Microsoft-Windows-Wininit Guid={206f6dea-d3c5-4d10-bc72-989f03c8b84b}/>
<EventID Qualifiers=(null)>14</EventID>
<Version>0</Version>
<Level>4</Level>
<Task>0</Task>
<Opcode>0</Opcode>
<Keywords>0x4000000000000000</Keywords>
<TimeCreated SystemTime=2026-01-14T21:40:53.429886800Z/>
<EventRecordID>459</EventRecordID>
<Correlation ActivityID=(null) RelatedActivityID=(null)/>
<Execution ProcessID=624 ThreadID=628/>
<Channel>System</Channel>
<Computer>DESKTOP-5VCD46O</Computer>
<Security UserID=S-1-5-18/>
</System>
<EventData><Data Name=Config>0</Data>
<Data Name=IsTestConfig>0</Data>
<Data Name=IsAutoEnabled>0</Data>
</EventData>
</Event>
ElfRec#000460 (0x0003d3a8)	2026-01-14T21:40:53.4310471Z	size=376
<Event xmlns=http://schemas.microsoft.com/win/2004/08/events/event><System><Provider Name=Microsoft-Windows-Wininit Guid={206f6dea-d3c5-4d10-bc72-989f03c8b84b}/>
<EventID Qualifiers=(null)>12</EventID>
<Version>0</Version>
<Level>4</Level>
<Task>0</Task>
<Opcode>0</Opcode>
<Keywords>0x4000000000000000</Keywords>
<TimeCreated SystemTime=2026-01-14T21:40:53.431047100Z/>
<EventRecordID>460</EventRecordID>
<Correlation ActivityID=(null) RelatedActivityID=(null)/>
<Execution ProcessID=624 ThreadID=628/>
<Channel>System</Channel>
<Computer>DESKTOP-5VCD46O</Computer>
<Security UserID=S-1-5-18/>
</System>
<EventData><Data Name=Level>4</Data>
</EventData>
</Event>
ElfRec#000461 (0x0003d520)	2026-01-14T21:40:53.4747219Z	size=608
<Event xmlns=http://schemas.microsoft.com/win/2004/08/events/event><System><Provider Name=LsaSrv Guid={199fe037-2b82-40a9-82ac-e1d46c792b99}/>
<EventID Qualifiers=(null)>6156</EventID>
<Version>0</Version>
<Level>4</Level>
<Task>0</Task>
<Opcode>0</Opcode>
<Keywords>0x8000000000000000</Keywords>
<TimeCreated SystemTime=2026-01-14T21:40:53.474721900Z/>
<EventRecordID>461</EventRecordID>
<Correlation ActivityID=(null) RelatedActivityID=(null)/>
<Execution ProcessID=800 ThreadID=804/>
<Channel>System</Channel>
<Computer>DESKTOP-5VCD46O</Computer>
<Security UserID=S-1-5-18/>
</System>
<EventData><Data Name=HardwareChecks>0</Data>
<Data Name=ADDomainJoin>0</Data>
<Data Name=AADDomainJoin>0</Data>
<Data Name=IsLicensed>0</Data>
<Data Name=DomainController>0</Data>
</EventData>
</Event>
ElfRec#000462 (0x0003d780)	2026-01-14T21:40:53.6068911Z	size=560
<Event xmlns=http://schemas.microsoft.com/win/2004/08/events/event><System><Provider Name=Microsoft-Windows-Directory-Services-SAM Guid={0d4fdc09-8c27-494a-bda0-505e4fd8adae}/>
<EventID Qualifiers=(null)>16962</EventID>
<Version>0</Version>
<Level>4</Level>
<Task>0</Task>
<Opcode>0</Opcode>
<Keywords>0x8000000000000000</Keywords>
<TimeCreated SystemTime=2026-01-14T21:40:53.606891100Z/>
<EventRecordID>462</EventRecordID>
<Correlation ActivityID={730d13f2-859e-0001-f814-0d739e85dc01} RelatedActivityID=(null)/>
<Execution ProcessID=800 ThreadID=804/>
<Channel>System</Channel>
<Computer>DESKTOP-5VCD46O</Computer>
<Security UserID=S-1-5-18/>
</System>
<EventData Name=SAMMSG_RESTRICT_REMOTE_SAM_DEFAULT_SD><Data Name=Default SD String:>O:SYG:SYD:(A;;RC;;;BA)</Data>
</EventData>
</Event>
ElfRec#000463 (0x0003d9b0)	2026-01-14T21:40:53.6142462Z	size=712
<Event xmlns=http://schemas.microsoft.com/win/2004/08/events/event><System><Provider Name=Microsoft-Windows-Directory-Services-SAM Guid={0d4fdc09-8c27-494a-bda0-505e4fd8adae}/>
<EventID Qualifiers=(null)>16977</EventID>
<Version>0</Version>
<Level>4</Level>
<Task>0</Task>
<Opcode>0</Opcode>
<Keywords>0x8000000000000000</Keywords>
<TimeCreated SystemTime=2026-01-14T21:40:53.614246200Z/>
<EventRecordID>463</EventRecordID>
<Correlation ActivityID={730d13f2-859e-0001-f814-0d739e85dc01} RelatedActivityID=(null)/>
<Execution ProcessID=800 ThreadID=804/>
<Channel>System</Channel>
<Computer>DESKTOP-5VCD46O</Computer>
<Security UserID=S-1-5-18/>
</System>
<EventData Name=SAMMSG_MINPWDLEN_SETTINGS_IN_EFFECT><Data Name=MinimumPasswordLength>[Unknown Type 0x07, size 4]</Data>
<Data Name=RelaxMinimumPasswordLengthLimits>[Unknown Type 0x07, size 4]</Data>
<Data Name=MinimumPasswordLengthAudit>[Unknown Type 0x07, size 4]</Data>
</EventData>
</Event>
ElfRec#000464 (0x0003dc78)	2026-01-14T21:40:53.6142505Z	size=448
<Event xmlns=http://schemas.microsoft.com/win/2004/08/events/event><System><Provider Name=Microsoft-Windows-Directory-Services-SAM Guid={0d4fdc09-8c27-494a-bda0-505e4fd8adae}/>
<EventID Qualifiers=(null)>16983</EventID>
<Version>0</Version>
<Level>4</Level>
<Task>0</Task>
<Opcode>0</Opcode>
<Keywords>0x8000000000000000</Keywords>
<TimeCreated SystemTime=2026-01-14T21:40:53.614250500Z/>
<EventRecordID>464</EventRecordID>
<Correlation ActivityID={730d13f2-859e-0001-f814-0d739e85dc01} RelatedActivityID=(null)/>
<Execution ProcessID=800 ThreadID=804/>
<Channel>System</Channel>
<Computer>DESKTOP-5VCD46O</Computer>
<Security UserID=S-1-5-18/>
</System>
<EventData Name=SAMMSG_AUDIT_LEGACY_PWD_RPC_METHODS_OFF></EventData>
</Event>
ElfRec#000465 (0x0003de38)	2026-01-14T21:40:54.2946873Z	size=368
<Event xmlns=http://schemas.microsoft.com/win/2004/08/events/event><System><Provider Name=Microsoft-Windows-FilterManager Guid={f3c5e28e-63f6-49c7-a204-e48a1bc4b09d}/>
<EventID Qualifiers=(null)>6</EventID>
<Version>0</Version>
<Level>4</Level>
<Task>0</Task>
<Opcode>0</Opcode>
<Keywords>0x8000000000000000</Keywords>
<TimeCreated SystemTime=2026-01-14T21:40:54.294687300Z/>
<EventRecordID>465</EventRecordID>
<Correlation ActivityID=(null) RelatedActivityID=(null)/>
<Execution ProcessID=4 ThreadID=320/>
<Channel>System</Channel>
<Computer>DESKTOP-5VCD46O</Computer>
<Security UserID=S-1-5-18/>
</System>
<EventData><Data Name=FinalStatus>[Unknown Type 0x14, size 4]</Data>
<Data Name=DeviceVersionMajor>10</Data>
<Data Name=DeviceVersionMinor>0</Data>
<Data Name=DeviceNameLength>13</Data>
<Data Name=DeviceName>applockerfltr</Data>
<Data Name=DeviceTime>2099-03-27T01:58:36.000000000Z</Data>
</EventData>
</Event>
ElfRec#000466 (0x0003dfa8)	2026-01-14T21:40:54.3689989Z	size=352
<Event xmlns=http://schemas.microsoft.com/win/2004/08/events/event><System><Provider Name=Microsoft-Windows-FilterManager Guid={f3c5e28e-63f6-49c7-a204-e48a1bc4b09d}/>
<EventID Qualifiers=(null)>6</EventID>
<Version>0</Version>
<Level>4</Level>
<Task>0</Task>
<Opcode>0</Opcode>
<Keywords>0x8000000000000000</Keywords>
<TimeCreated SystemTime=2026-01-14T21:40:54.368998900Z/>
<EventRecordID>466</EventRecordID>
<Correlation ActivityID=(null) RelatedActivityID=(null)/>
<Execution ProcessID=4 ThreadID=320/>
<Channel>System</Channel>
<Computer>DESKTOP-5VCD46O</Computer>
<Security UserID=S-1-5-18/>
</System>
<EventData><Data Name=FinalStatus>[Unknown Type 0x14, size 4]</Data>
<Data Name=DeviceVersionMajor>10</Data>
<Data Name=DeviceVersionMinor>0</Data>
<Data Name=DeviceNameLength>3</Data>
<Data Name=DeviceName>bfs</Data>
<Data Name=DeviceTime>2032-09-07T10:30:06.000000000Z</Data>
</EventData>
</Event>
ElfRec#000467 (0x0003e108)	2026-01-14T21:40:54.3876758Z	size=352
<Event xmlns=http://schemas.microsoft.com/win/2004/08/events/event><System><Provider Name=Microsoft-Windows-FilterManager Guid={f3c5e28e-63f6-49c7-a204-e48a1bc4b09d}/>
<EventID Qualifiers=(null)>6</EventID>
<Version>0</Version>
<Level>4</Level>
<Task>0</Task>
<Opcode>0</Opcode>
<Keywords>0x8000000000000000</Keywords>
<TimeCreated SystemTime=2026-01-14T21:40:54.387675800Z/>
<EventRecordID>467</EventRecordID>
<Correlation ActivityID=(null) RelatedActivityID=(null)/>
<Execution ProcessID=4 ThreadID=228/>
<Channel>System</Channel>
<Computer>DESKTOP-5VCD46O</Computer>
<Security UserID=S-1-5-18/>
</System>
<EventData><Data Name=FinalStatus>[Unknown Type 0x14, size 4]</Data>
<Data Name=DeviceVersionMajor>10</Data>
<Data Name=DeviceVersionMinor>0</Data>
<Data Name=DeviceNameLength>5</Data>
<Data Name=DeviceName>wcifs</Data>
<Data Name=DeviceTime>1987-06-18T18:41:31.000000000Z</Data>
</EventData>
</Event>
ElfRec#000468 (0x0003e268)	2026-01-14T21:40:54.3983655Z	size=352
<Event xmlns=http://schemas.microsoft.com/win/2004/08/events/event><System><Provider Name=Microsoft-Windows-FilterManager Guid={f3c5e28e-63f6-49c7-a204-e48a1bc4b09d}/>
<EventID Qualifiers=(null)>6</EventID>
<Version>0</Version>
<Level>4</Level>
<Task>0</Task>
<Opcode>0</Opcode>
<Keywords>0x8000000000000000</Keywords>
<TimeCreated SystemTime=2026-01-14T21:40:54.398365500Z/>
<EventRecordID>468</EventRecordID>
<Correlation ActivityID=(null) RelatedActivityID=(null)/>
<Execution ProcessID=4 ThreadID=296/>
<Channel>System</Channel>
<Computer>DESKTOP-5VCD46O</Computer>
<Security UserID=S-1-5-18/>
</System>
<EventData><Data Name=FinalStatus>[Unknown Type 0x14, size 4]</Data>
<Data Name=DeviceVersionMajor>10</Data>
<Data Name=DeviceVersionMinor>0</Data>
<Data Name=DeviceNameLength>5</Data>
<Data Name=DeviceName>luafv</Data>
<Data Name=DeviceTime>2061-12-30T04:54:01.000000000Z</Data>
</EventData>
</Event>
ElfRec#000469 (0x0003e3c8)	2026-01-14T21:40:54.4458117Z	size=360
<Event xmlns=http://schemas.microsoft.com/win/2004/08/events/event><System><Provider Name=Microsoft-Windows-FilterManager Guid={f3c5e28e-63f6-49c7-a204-e48a1bc4b09d}/>
<EventID Qualifiers=(null)>6</EventID>
<Version>0</Version>
<Level>4</Level>
<Task>0</Task>
<Opcode>0</Opcode>
<Keywords>0x8000000000000000</Keywords>
<TimeCreated SystemTime=2026-01-14T21:40:54.445811700Z/>
<EventRecordID>469</EventRecordID>
<Correlation ActivityID=(null) RelatedActivityID=(null)/>
<Execution ProcessID=4 ThreadID=228/>
<Channel>System</Channel>
<Computer>DESKTOP-5VCD46O</Computer>
<Security UserID=S-1-5-18/>
</System>
<EventData><Data Name=FinalStatus>[Unknown Type 0x14, size 4]</Data>
<Data Name=DeviceVersionMajor>10</Data>
<Data Name=DeviceVersionMinor>0</Data>
<Data Name=DeviceNameLength>7</Data>
<Data Name=DeviceName>UnionFS</Data>
<Data Name=DeviceTime>2097-08-18T14:17:40.000000000Z</Data>
</EventData>
</Event>
ElfRec#000470 (0x0003e530)	2026-01-14T21:40:54.4724105Z	size=352
<Event xmlns=http://schemas.microsoft.com/win/2004/08/events/event><System><Provider Name=Microsoft-Windows-FilterManager Guid={f3c5e28e-63f6-49c7-a204-e48a1bc4b09d}/>
<EventID Qualifiers=(null)>6</EventID>
<Version>0</Version>
<Level>4</Level>
<Task>0</Task>
<Opcode>0</Opcode>
<Keywords>0x8000000000000000</Keywords>
<TimeCreated SystemTime=2026-01-14T21:40:54.472410500Z/>
<EventRecordID>470</EventRecordID>
<Correlation ActivityID=(null) RelatedActivityID=(null)/>
<Execution ProcessID=4 ThreadID=52/>
<Channel>System</Channel>
<Computer>DESKTOP-5VCD46O</Computer>
<Security UserID=S-1-5-18/>
</System>
<EventData><Data Name=FinalStatus>[Unknown Type 0x14, size 4]</Data>
<Data Name=DeviceVersionMajor>10</Data>
<Data Name=DeviceVersionMinor>0</Data>
<Data Name=DeviceNameLength>6</Data>
<Data Name=DeviceName>CldFlt</Data>
<Data Name=DeviceTime>2001-11-06T23:46:40.000000000Z</Data>
</EventData>
</Event>
ElfRec#000471 (0x0003e690)	2026-01-14T21:40:54.4724386Z	size=352
<Event xmlns=http://schemas.microsoft.com/win/2004/08/events/event><System><Provider Name=Microsoft-Windows-FilterManager Guid={f3c5e28e-63f6-49c7-a204-e48a1bc4b09d}/>
<EventID Qualifiers=(null)>1</EventID>
<Version>0</Version>
<Level>4</Level>
<Task>0</Task>
<Opcode>0</Opcode>
<Keywords>0x8000000000000000</Keywords>
<TimeCreated SystemTime=2026-01-14T21:40:54.472438600Z/>
<EventRecordID>471</EventRecordID>
<Correlation ActivityID=(null) RelatedActivityID=(null)/>
<Execution ProcessID=4 ThreadID=52/>
<Channel>System</Channel>
<Computer>DESKTOP-5VCD46O</Computer>
<Security UserID=S-1-5-18/>
</System>
<EventData><Data Name=FinalStatus>[Unknown Type 0x14, size 4]</Data>
<Data Name=DeviceVersionMajor>10</Data>
<Data Name=DeviceVersionMinor>0</Data>
<Data Name=DeviceNameLength>6</Data>
<Data Name=DeviceName>CldFlt</Data>
<Data Name=DeviceTime>2001-11-06T23:46:40.000000000Z</Data>
</EventData>
</Event>
ElfRec#000472 (0x0003e7f0)	2026-01-14T21:40:54.4725769Z	size=352
<Event xmlns=http://schemas.microsoft.com/win/2004/08/events/event><System><Provider Name=Microsoft-Windows-FilterManager Guid={f3c5e28e-63f6-49c7-a204-e48a1bc4b09d}/>
<EventID Qualifiers=(null)>6</EventID>
<Version>0</Version>
<Level>4</Level>
<Task>0</Task>
<Opcode>0</Opcode>
<Keywords>0x8000000000000000</Keywords>
<TimeCreated SystemTime=2026-01-14T21:40:54.472576900Z/>
<EventRecordID>472</EventRecordID>
<Correlation ActivityID=(null) RelatedActivityID=(null)/>
<Execution ProcessID=4 ThreadID=52/>
<Channel>System</Channel>
<Computer>DESKTOP-5VCD46O</Computer>
<Security UserID=S-1-5-18/>
</System>
<EventData><Data Name=FinalStatus>[Unknown Type 0x14, size 4]</Data>
<Data Name=DeviceVersionMajor>10</Data>
<Data Name=DeviceVersionMinor>0</Data>
<Data Name=DeviceNameLength>6</Data>
<Data Name=DeviceName>CldFlt</Data>
<Data Name=DeviceTime>2001-11-06T23:46:40.000000000Z</Data>
</EventData>
</Event>
ElfRec#000473 (0x0003e950)	2026-01-14T21:40:54.4930270Z	size=360
<Event xmlns=http://schemas.microsoft.com/win/2004/08/events/event><System><Provider Name=Microsoft-Windows-FilterManager Guid={f3c5e28e-63f6-49c7-a204-e48a1bc4b09d}/>
<EventID Qualifiers=(null)>6</EventID>
<Version>0</Version>
<Level>4</Level>
<Task>0</Task>
<Opcode>0</Opcode>
<Keywords>0x8000000000000000</Keywords>
<TimeCreated SystemTime=2026-01-14T21:40:54.493027000Z/>
<EventRecordID>473</EventRecordID>
<Correlation ActivityID=(null) RelatedActivityID=(null)/>
<Execution ProcessID=4 ThreadID=296/>
<Channel>System</Channel>
<Computer>DESKTOP-5VCD46O</Computer>
<Security UserID=S-1-5-18/>
</System>
<EventData><Data Name=FinalStatus>[Unknown Type 0x14, size 4]</Data>
<Data Name=DeviceVersionMajor>10</Data>
<Data Name=DeviceVersionMinor>0</Data>
<Data Name=DeviceNameLength>10</Data>
<Data Name=DeviceName>storqosflt</Data>
<Data Name=DeviceTime>2073-10-13T05:50:58.000000000Z</Data>
</EventData>
</Event>
ElfRec#000474 (0x0003eab8)	2026-01-14T21:40:54.5077192Z	size=352
<Event xmlns=http://schemas.microsoft.com/win/2004/08/events/event><System><Provider Name=Microsoft-Windows-FilterManager Guid={f3c5e28e-63f6-49c7-a204-e48a1bc4b09d}/>
<EventID Qualifiers=(null)>6</EventID>
<Version>0</Version>
<Level>4</Level>
<Task>0</Task>
<Opcode>0</Opcode>
<Keywords>0x8000000000000000</Keywords>
<TimeCreated SystemTime=2026-01-14T21:40:54.507719200Z/>
<EventRecordID>474</EventRecordID>
<Correlation ActivityID=(null) RelatedActivityID=(null)/>
<Execution ProcessID=4 ThreadID=244/>
<Channel>System</Channel>
<Computer>DESKTOP-5VCD46O</Computer>
<Security UserID=S-1-5-18/>
</System>
<EventData><Data Name=FinalStatus>[Unknown Type 0x14, size 4]</Data>
<Data Name=DeviceVersionMajor>10</Data>
<Data Name=DeviceVersionMinor>0</Data>
<Data Name=DeviceNameLength>4</Data>
<Data Name=DeviceName>UCPD</Data>
<Data Name=DeviceTime>2025-03-11T19:29:26.000000000Z</Data>
</EventData>
</Event>
ElfRec#000475 (0x0003ec18)	2026-01-14T21:40:54.5307620Z	size=360
<Event xmlns=http://schemas.microsoft.com/win/2004/08/events/event><System><Provider Name=Microsoft-Windows-FilterManager Guid={f3c5e28e-63f6-49c7-a204-e48a1bc4b09d}/>
<EventID Qualifiers=(null)>6</EventID>
<Version>0</Version>
<Level>4</Level>
<Task>0</Task>
<Opcode>0</Opcode>
<Keywords>0x8000000000000000</Keywords>
<TimeCreated SystemTime=2026-01-14T21:40:54.530762000Z/>
<EventRecordID>475</EventRecordID>
<Correlation ActivityID=(null) RelatedActivityID=(null)/>
<Execution ProcessID=4 ThreadID=340/>
<Channel>System</Channel>
<Computer>DESKTOP-5VCD46O</Computer>
<Security UserID=S-1-5-18/>
</System>
<EventData><Data Name=FinalStatus>[Unknown Type 0x14, size 4]</Data>
<Data Name=DeviceVersionMajor>10</Data>
<Data Name=DeviceVersionMinor>0</Data>
<Data Name=DeviceNameLength>7</Data>
<Data Name=DeviceName>bindflt</Data>
<Data Name=DeviceTime>2076-01-21T00:31:23.000000000Z</Data>
</EventData>
</Event>
ElfRec#000476 (0x0003ed80)	2026-01-14T21:40:55.0836183Z	size=296
<Event xmlns=http://schemas.microsoft.com/win/2004/08/events/event><System><Provider Name=Microsoft-Windows-Dhcp-Client Guid={15a7a4f8-0072-4eab-abad-f98a4d666aed}/>
<EventID Qualifiers=(null)>50036</EventID>
<Version>0</Version>
<Level>4</Level>
<Task>4</Task>
<Opcode>68</Opcode>
<Keywords>0x2000000000000000</Keywords>
<TimeCreated SystemTime=2026-01-14T21:40:55.083618300Z/>
<EventRecordID>476</EventRecordID>
<Correlation ActivityID=(null) RelatedActivityID=(null)/>
<Execution ProcessID=2220 ThreadID=2304/>
<Channel>System</Channel>
<Computer>DESKTOP-5VCD46O</Computer>
<Security UserID=S-1-5-19/>
</System>
<EventData></EventData>
</Event>
ElfRec#000477 (0x0003eea8)	2026-01-14T21:40:55.0837491Z	size=296
<Event xmlns=http://schemas.microsoft.com/win/2004/08/events/event><System><Provider Name=Microsoft-Windows-Dhcp-Client Guid={15a7a4f8-0072-4eab-abad-f98a4d666aed}/>
<EventID Qualifiers=(null)>50103</EventID>
<Version>0</Version>
<Level>4</Level>
<Task>4</Task>
<Opcode>129</Opcode>
<Keywords>0x2000000000000000</Keywords>
<TimeCreated SystemTime=2026-01-14T21:40:55.083749100Z/>
<EventRecordID>477</EventRecordID>
<Correlation ActivityID=(null) RelatedActivityID=(null)/>
<Execution ProcessID=2220 ThreadID=2304/>
<Channel>System</Channel>
<Computer>DESKTOP-5VCD46O</Computer>
<Security UserID=S-1-5-19/>
</System>
<EventData></EventData>
</Event>
ElfRec#000478 (0x0003efd0)	2026-01-14T21:40:55.0838572Z	size=296
<Event xmlns=http://schemas.microsoft.com/win/2004/08/events/event><System><Provider Name=Microsoft-Windows-Dhcp-Client Guid={15a7a4f8-0072-4eab-abad-f98a4d666aed}/>
<EventID Qualifiers=(null)>50036</EventID>
<Version>0</Version>
<Level>4</Level>
<Task>4</Task>
<Opcode>68</Opcode>
<Keywords>0x2000000000000000</Keywords>
<TimeCreated SystemTime=2026-01-14T21:40:55.083857200Z/>
<EventRecordID>478</EventRecordID>
<Correlation ActivityID=(null) RelatedActivityID=(null)/>
<Execution ProcessID=2220 ThreadID=2304/>
<Channel>System</Channel>
<Computer>DESKTOP-5VCD46O</Computer>
<Security UserID=S-1-5-19/>
</System>
<EventData></EventData>
</Event>
ElfRec#000479 (0x0003f0f8)	2026-01-14T21:40:55.1461315Z	size=296
<Event xmlns=http://schemas.microsoft.com/win/2004/08/events/event><System><Provider Name=Microsoft-Windows-DHCPv6-Client Guid={6a1f2b00-6a90-4c38-95a5-5cab3b056778}/>
<EventID Qualifiers=(null)>51046</EventID>
<Version>0</Version>
<Level>4</Level>
<Task>4</Task>
<Opcode>62</Opcode>
<Keywords>0x2000000000000000</Keywords>
<TimeCreated SystemTime=2026-01-14T21:40:55.146131500Z/>
<EventRecordID>479</EventRecordID>
<Correlation ActivityID=(null) RelatedActivityID=(null)/>
<Execution ProcessID=2220 ThreadID=2332/>
<Channel>System</Channel>
<Computer>DESKTOP-5VCD46O</Computer>
<Security UserID=S-1-5-19/>
</System>
<EventData></EventData>
</Event>
ElfRec#000480 (0x0003f220)	2026-01-14T21:40:55.7031307Z	size=368
<Event xmlns=http://schemas.microsoft.com/win/2004/08/events/event><System><Provider Name=Microsoft-Windows-HttpService Guid={dd5ef90a-6398-47a4-ad34-4dcecdef795f}/>
<EventID Qualifiers=(null)>112</EventID>
<Version>0</Version>
<Level>4</Level>
<Task>3</Task>
<Opcode>121</Opcode>
<Keywords>0x4000000000000001</Keywords>
<TimeCreated SystemTime=2026-01-14T21:40:55.703130700Z/>
<EventRecordID>480</EventRecordID>
<Correlation ActivityID=(null) RelatedActivityID=(null)/>
<Execution ProcessID=4 ThreadID=52/>
<Channel>System</Channel>
<Computer>DESKTOP-5VCD46O</Computer>
<Security UserID=S-1-5-18/>
</System>
<EventData><Data Name=Url>http://*:5357/</Data>
<Data Name=ReserveStatus>0</Data>
<Data Name=ProcessId>4</Data>
<Data Name=ExecutablePath></Data>
<Data Name=UserSid>S-1-5-18</Data>
</EventData>
</Event>
ElfRec#000481 (0x0003f390)	2026-01-14T21:40:55.7031367Z	size=416
<Event xmlns=http://schemas.microsoft.com/win/2004/08/events/event><System><Provider Name=Microsoft-Windows-HttpService Guid={dd5ef90a-6398-47a4-ad34-4dcecdef795f}/>
<EventID Qualifiers=(null)>112</EventID>
<Version>0</Version>
<Level>4</Level>
<Task>3</Task>
<Opcode>121</Opcode>
<Keywords>0x4000000000000001</Keywords>
<TimeCreated SystemTime=2026-01-14T21:40:55.703136700Z/>
<EventRecordID>481</EventRecordID>
<Correlation ActivityID=(null) RelatedActivityID=(null)/>
<Execution ProcessID=4 ThreadID=52/>
<Channel>System</Channel>
<Computer>DESKTOP-5VCD46O</Computer>
<Security UserID=S-1-5-18/>
</System>
<EventData><Data Name=Url>http://+:80/Temporary_Listen_Addresses/</Data>
<Data Name=ReserveStatus>0</Data>
<Data Name=ProcessId>4</Data>
<Data Name=ExecutablePath></Data>
<Data Name=UserSid>S-1-5-18</Data>
</EventData>
</Event>
ElfRec#000482 (0x0003f530)	2026-01-14T21:40:55.7031402Z	size=368
<Event xmlns=http://schemas.microsoft.com/win/2004/08/events/event><System><Provider Name=Microsoft-Windows-HttpService Guid={dd5ef90a-6398-47a4-ad34-4dcecdef795f}/>
<EventID Qualifiers=(null)>112</EventID>
<Version>0</Version>
<Level>4</Level>
<Task>3</Task>
<Opcode>121</Opcode>
<Keywords>0x4000000000000001</Keywords>
<TimeCreated SystemTime=2026-01-14T21:40:55.703140200Z/>
<EventRecordID>482</EventRecordID>
<Correlation ActivityID=(null) RelatedActivityID=(null)/>
<Execution ProcessID=4 ThreadID=52/>
<Channel>System</Channel>
<Computer>DESKTOP-5VCD46O</Computer>
<Security UserID=S-1-5-18/>
</System>
<EventData><Data Name=Url>https://*:5358/</Data>
<Data Name=ReserveStatus>0</Data>
<Data Name=ProcessId>4</Data>
<Data Name=ExecutablePath></Data>
<Data Name=UserSid>S-1-5-18</Data>
</EventData>
</Event>
ElfRec#000483 (0x0003f6a0)	2026-01-14T21:40:55.7031442Z	size=384
<Event xmlns=http://schemas.microsoft.com/win/2004/08/events/event><System><Provider Name=Microsoft-Windows-HttpService Guid={dd5ef90a-6398-47a4-ad34-4dcecdef795f}/>
<EventID Qualifiers=(null)>112</EventID>
<Version>0</Version>
<Level>4</Level>
<Task>3</Task>
<Opcode>121</Opcode>
<Keywords>0x4000000000000001</Keywords>
<TimeCreated SystemTime=2026-01-14T21:40:55.703144200Z/>
<EventRecordID>483</EventRecordID>
<Correlation ActivityID=(null) RelatedActivityID=(null)/>
<Execution ProcessID=4 ThreadID=52/>
<Channel>System</Channel>
<Computer>DESKTOP-5VCD46O</Computer>
<Security UserID=S-1-5-18/>
</System>
<EventData><Data Name=Url>https://+:5986/wsman/</Data>
<Data Name=ReserveStatus>0</Data>
<Data Name=ProcessId>4</Data>
<Data Name=ExecutablePath></Data>
<Data Name=UserSid>S-1-5-18</Data>
</EventData>
</Event>
ElfRec#000484 (0x0003f820)	2026-01-14T21:40:55.7031481Z	size=384
<Event xmlns=http://schemas.microsoft.com/win/2004/08/events/event><System><Provider Name=Microsoft-Windows-HttpService Guid={dd5ef90a-6398-47a4-ad34-4dcecdef795f}/>
<EventID Qualifiers=(null)>112</EventID>
<Version>0</Version>
<Level>4</Level>
<Task>3</Task>
<Opcode>121</Opcode>
<Keywords>0x4000000000000001</Keywords>
<TimeCreated SystemTime=2026-01-14T21:40:55.703148100Z/>
<EventRecordID>484</EventRecordID>
<Correlation ActivityID=(null) RelatedActivityID=(null)/>
<Execution ProcessID=4 ThreadID=52/>
<Channel>System</Channel>
<Computer>DESKTOP-5VCD46O</Computer>
<Security UserID=S-1-5-18/>
</System>
<EventData><Data Name=Url>http://+:47001/wsman/</Data>
<Data Name=ReserveStatus>0</Data>
<Data Name=ProcessId>4</Data>
<Data Name=ExecutablePath></Data>
<Data Name=UserSid>S-1-5-18</Data>
</EventData>
</Event>
ElfRec#000485 (0x0003f9a0)	2026-01-14T21:40:55.7031506Z	size=384
<Event xmlns=http://schemas.microsoft.com/win/2004/08/events/event><System><Provider Name=Microsoft-Windows-HttpService Guid={dd5ef90a-6398-47a4-ad34-4dcecdef795f}/>
<EventID Qualifiers=(null)>112</EventID>
<Version>0</Version>
<Level>4</Level>
<Task>3</Task>
<Opcode>121</Opcode>
<Keywords>0x4000000000000001</Keywords>
<TimeCreated SystemTime=2026-01-14T21:40:55.703150600Z/>
<EventRecordID>485</EventRecordID>
<Correlation ActivityID=(null) RelatedActivityID=(null)/>
<Execution ProcessID=4 ThreadID=52/>
<Channel>System</Channel>
<Computer>DESKTOP-5VCD46O</Computer>
<Security UserID=S-1-5-18/>
</System>
<EventData><Data Name=Url>http://+:5985/wsman/</Data>
<Data Name=ReserveStatus>0</Data>
<Data Name=ProcessId>4</Data>
<Data Name=ExecutablePath></Data>
<Data Name=UserSid>S-1-5-18</Data>
</EventData>
</Event>
ElfRec#000486 (0x0003fb20)	2026-01-14T21:40:55.7031526Z	size=368
<Event xmlns=http://schemas.microsoft.com/win/2004/08/events/event><System><Provider Name=Microsoft-Windows-HttpService Guid={dd5ef90a-6398-47a4-ad34-4dcecdef795f}/>
<EventID Qualifiers=(null)>112</EventID>
<Version>0</Version>
<Level>4</Level>
<Task>3</Task>
<Opcode>121</Opcode>
<Keywords>0x4000000000000001</Keywords>
<TimeCreated SystemTime=2026-01-14T21:40:55.703152600Z/>
<EventRecordID>486</EventRecordID>
<Correlation ActivityID=(null) RelatedActivityID=(null)/>
<Execution ProcessID=4 ThreadID=52/>
<Channel>System</Channel>
<Computer>DESKTOP-5VCD46O</Computer>
<Security UserID=S-1-5-18/>
</System>
<EventData><Data Name=Url>http://*:2869/</Data>
<Data Name=ReserveStatus>0</Data>
<Data Name=ProcessId>4</Data>
<Data Name=ExecutablePath></Data>
<Data Name=UserSid>S-1-5-18</Data>
</EventData>
</Event>
ElfRec#000487 (0x0003fc90)	2026-01-14T21:40:55.7031551Z	size=376
<Event xmlns=http://schemas.microsoft.com/win/2004/08/events/event><System><Provider Name=Microsoft-Windows-HttpService Guid={dd5ef90a-6398-47a4-ad34-4dcecdef795f}/>
<EventID Qualifiers=(null)>112</EventID>
<Version>0</Version>
<Level>4</Level>
<Task>3</Task>
<Opcode>121</Opcode>
<Keywords>0x4000000000000001</Keywords>
<TimeCreated SystemTime=2026-01-14T21:40:55.703155100Z/>
<EventRecordID>487</EventRecordID>
<Correlation ActivityID=(null) RelatedActivityID=(null)/>
<Execution ProcessID=4 ThreadID=52/>
<Channel>System</Channel>
<Computer>DESKTOP-5VCD46O</Computer>
<Security UserID=S-1-5-18/>
</System>
<EventData><Data Name=Url>https://+:3392/rdp/</Data>
<Data Name=ReserveStatus>0</Data>
<Data Name=ProcessId>4</Data>
<Data Name=ExecutablePath></Data>
<Data Name=UserSid>S-1-5-18</Data>
</EventData>
</Event>
ElfRec#000488 (0x0003fe08)	2026-01-14T21:40:55.7031611Z	size=376
<Event xmlns=http://schemas.microsoft.com/win/2004/08/events/event><System><Provider Name=Microsoft-Windows-HttpService Guid={dd5ef90a-6398-47a4-ad34-4dcecdef795f}/>
<EventID Qualifiers=(null)>112</EventID>
<Version>0</Version>
<Level>4</Level>
<Task>3</Task>
<Opcode>121</Opcode>
<Keywords>0x4000000000000001</Keywords>
<TimeCreated SystemTime=2026-01-14T21:40:55.703161100Z/>
<EventRecordID>488</EventRecordID>
<Correlation ActivityID=(null) RelatedActivityID=(null)/>
<Execution ProcessID=4 ThreadID=52/>
<Channel>System</Channel>
<Computer>DESKTOP-5VCD46O</Computer>
<Security UserID=S-1-5-18/>
</System>
<EventData><Data Name=Url>http://+:3387/rdp/</Data>
<Data Name=ReserveStatus>0</Data>
<Data Name=ProcessId>4</Data>
<Data Name=ExecutablePath></Data>
<Data Name=UserSid>S-1-5-18</Data>
</EventData>
</Event>
ElfRec#000489 (0x0003ff80)	2026-01-14T21:40:55.7031691Z	size=456
<Event xmlns=http://schemas.microsoft.com/win/2004/08/events/event><System><Provider Name=Microsoft-Windows-HttpService Guid={dd5ef90a-6398-47a4-ad34-4dcecdef795f}/>
<EventID Qualifiers=(null)>112</EventID>
<Version>0</Version>
<Level>4</Level>
<Task>3</Task>
<Opcode>121</Opcode>
<Keywords>0x4000000000000001</Keywords>
<TimeCreated SystemTime=2026-01-14T21:40:55.703169100Z/>
<EventRecordID>489</EventRecordID>
<Correlation ActivityID=(null) RelatedActivityID=(null)/>
<Execution ProcessID=4 ThreadID=52/>
<Channel>System</Channel>
<Computer>DESKTOP-5VCD46O</Computer>
<Security UserID=S-1-5-18/>
</System>
<EventData><Data Name=Url>https://+:443/sra_{BA195980-CD49-458b-9E23-C84EE0ADCD75}/</Data>
<Data Name=ReserveStatus>0</Data>
<Data Name=ProcessId>4</Data>
<Data Name=ExecutablePath></Data>
<Data Name=UserSid>S-1-5-18</Data>
</EventData>
</Event>
ElfRec#000490 (0x00040148)	2026-01-14T21:40:55.7031729Z	size=440
<Event xmlns=http://schemas.microsoft.com/win/2004/08/events/event><System><Provider Name=Microsoft-Windows-HttpService Guid={dd5ef90a-6398-47a4-ad34-4dcecdef795f}/>
<EventID Qualifiers=(null)>112</EventID>
<Version>0</Version>
<Level>4</Level>
<Task>3</Task>
<Opcode>121</Opcode>
<Keywords>0x4000000000000001</Keywords>
<TimeCreated SystemTime=2026-01-14T21:40:55.703172900Z/>
<EventRecordID>490</EventRecordID>
<Correlation ActivityID=(null) RelatedActivityID=(null)/>
<Execution ProcessID=4 ThreadID=52/>
<Channel>System</Channel>
<Computer>DESKTOP-5VCD46O</Computer>
<Security UserID=S-1-5-18/>
</System>
<EventData><Data Name=Url>http://+:80/0131501b-d67f-491b-9a40-c4bf27bcb4d4/</Data>
<Data Name=ReserveStatus>0</Data>
<Data Name=ProcessId>4</Data>
<Data Name=ExecutablePath></Data>
<Data Name=UserSid>S-1-5-18</Data>
</EventData>
</Event>
ElfRec#000491 (0x00040300)	2026-01-14T21:40:55.7031765Z	size=440
<Event xmlns=http://schemas.microsoft.com/win/2004/08/events/event><System><Provider Name=Microsoft-Windows-HttpService Guid={dd5ef90a-6398-47a4-ad34-4dcecdef795f}/>
<EventID Qualifiers=(null)>112</EventID>
<Version>0</Version>
<Level>4</Level>
<Task>3</Task>
<Opcode>121</Opcode>
<Keywords>0x4000000000000001</Keywords>
<TimeCreated SystemTime=2026-01-14T21:40:55.703176500Z/>
<EventRecordID>491</EventRecordID>
<Correlation ActivityID=(null) RelatedActivityID=(null)/>
<Execution ProcessID=4 ThreadID=52/>
<Channel>System</Channel>
<Computer>DESKTOP-5VCD46O</Computer>
<Security UserID=S-1-5-18/>
</System>
<EventData><Data Name=Url>https://+:443/C574AC30-5794-4AEE-B1BB-6651C5315029/</Data>
<Data Name=ReserveStatus>0</Data>
<Data Name=ProcessId>4</Data>
<Data Name=ExecutablePath></Data>
<Data Name=UserSid>S-1-5-18</Data>
</EventData>
</Event>
ElfRec#000492 (0x000404b8)	2026-01-14T21:40:55.7031795Z	size=440
<Event xmlns=http://schemas.microsoft.com/win/2004/08/events/event><System><Provider Name=Microsoft-Windows-HttpService Guid={dd5ef90a-6398-47a4-ad34-4dcecdef795f}/>
<EventID Qualifiers=(null)>112</EventID>
<Version>0</Version>
<Level>4</Level>
<Task>3</Task>
<Opcode>121</Opcode>
<Keywords>0x4000000000000001</Keywords>
<TimeCreated SystemTime=2026-01-14T21:40:55.703179500Z/>
<EventRecordID>492</EventRecordID>
<Correlation ActivityID=(null) RelatedActivityID=(null)/>
<Execution ProcessID=4 ThreadID=52/>
<Channel>System</Channel>
<Computer>DESKTOP-5VCD46O</Computer>
<Security UserID=S-1-5-18/>
</System>
<EventData><Data Name=Url>http://+:80/116B50EB-ECE2-41ac-8429-9F9E963361B7/</Data>
<Data Name=ReserveStatus>0</Data>
<Data Name=ProcessId>4</Data>
<Data Name=ExecutablePath></Data>
<Data Name=UserSid>S-1-5-18</Data>
</EventData>
</Event>
ElfRec#000493 (0x00040670)	2026-01-14T21:40:55.7031854Z	size=384
<Event xmlns=http://schemas.microsoft.com/win/2004/08/events/event><System><Provider Name=Microsoft-Windows-HttpService Guid={dd5ef90a-6398-47a4-ad34-4dcecdef795f}/>
<EventID Qualifiers=(null)>112</EventID>
<Version>0</Version>
<Level>4</Level>
<Task>3</Task>
<Opcode>121</Opcode>
<Keywords>0x4000000000000001</Keywords>
<TimeCreated SystemTime=2026-01-14T21:40:55.703185400Z/>
<EventRecordID>493</EventRecordID>
<Correlation ActivityID=(null) RelatedActivityID=(null)/>
<Execution ProcessID=4 ThreadID=52/>
<Channel>System</Channel>
<Computer>DESKTOP-5VCD46O</Computer>
<Security UserID=S-1-5-18/>
</System>
<EventData><Data Name=Url>http://+:10247/apps/</Data>
<Data Name=ReserveStatus>0</Data>
<Data Name=ProcessId>4</Data>
<Data Name=ExecutablePath></Data>
<Data Name=UserSid>S-1-5-18</Data>
</EventData>
</Event>
ElfRec#000494 (0x000407f0)	2026-01-14T21:40:55.7031893Z	size=392
<Event xmlns=http://schemas.microsoft.com/win/2004/08/events/event><System><Provider Name=Microsoft-Windows-HttpService Guid={dd5ef90a-6398-47a4-ad34-4dcecdef795f}/>
<EventID Qualifiers=(null)>112</EventID>
<Version>0</Version>
<Level>4</Level>
<Task>3</Task>
<Opcode>121</Opcode>
<Keywords>0x4000000000000001</Keywords>
<TimeCreated SystemTime=2026-01-14T21:40:55.703189300Z/>
<EventRecordID>494</EventRecordID>
<Correlation ActivityID=(null) RelatedActivityID=(null)/>
<Execution ProcessID=4 ThreadID=52/>
<Channel>System</Channel>
<Computer>DESKTOP-5VCD46O</Computer>
<Security UserID=S-1-5-18/>
</System>
<EventData><Data Name=Url>https://+:10245/WMPNSSv4/</Data>
<Data Name=ReserveStatus>0</Data>
<Data Name=ProcessId>4</Data>
<Data Name=ExecutablePath></Data>
<Data Name=UserSid>S-1-5-18</Data>
</EventData>
</Event>
ElfRec#000495 (0x00040978)	2026-01-14T21:40:55.7031932Z	size=392
<Event xmlns=http://schemas.microsoft.com/win/2004/08/events/event><System><Provider Name=Microsoft-Windows-HttpService Guid={dd5ef90a-6398-47a4-ad34-4dcecdef795f}/>
<EventID Qualifiers=(null)>112</EventID>
<Version>0</Version>
<Level>4</Level>
<Task>3</Task>
<Opcode>121</Opcode>
<Keywords>0x4000000000000001</Keywords>
<TimeCreated SystemTime=2026-01-14T21:40:55.703193200Z/>
<EventRecordID>495</EventRecordID>
<Correlation ActivityID=(null) RelatedActivityID=(null)/>
<Execution ProcessID=4 ThreadID=52/>
<Channel>System</Channel>
<Computer>DESKTOP-5VCD46O</Computer>
<Security UserID=S-1-5-18/>
</System>
<EventData><Data Name=Url>http://+:10243/WMPNSSv4/</Data>
<Data Name=ReserveStatus>0</Data>
<Data Name=ProcessId>4</Data>
<Data Name=ExecutablePath></Data>
<Data Name=UserSid>S-1-5-18</Data>
</EventData>
</Event>
ElfRec#000496 (0x00040b00)	2026-01-14T21:40:55.7031967Z	size=392
<Event xmlns=http://schemas.microsoft.com/win/2004/08/events/event><System><Provider Name=Microsoft-Windows-HttpService Guid={dd5ef90a-6398-47a4-ad34-4dcecdef795f}/>
<EventID Qualifiers=(null)>112</EventID>
<Version>0</Version>
<Level>4</Level>
<Task>3</Task>
<Opcode>121</Opcode>
<Keywords>0x4000000000000001</Keywords>
<TimeCreated SystemTime=2026-01-14T21:40:55.703196700Z/>
<EventRecordID>496</EventRecordID>
<Correlation ActivityID=(null) RelatedActivityID=(null)/>
<Execution ProcessID=4 ThreadID=52/>
<Channel>System</Channel>
<Computer>DESKTOP-5VCD46O</Computer>
<Security UserID=S-1-5-18/>
</System>
<EventData><Data Name=Url>http://+:10246/MDEServer/</Data>
<Data Name=ReserveStatus>0</Data>
<Data Name=ProcessId>4</Data>
<Data Name=ExecutablePath></Data>
<Data Name=UserSid>S-1-5-18</Data>
</EventData>
</Event>
ElfChnk#00004 (0x00041000)	record_num=497-620	record_id=497-620	last_offset=0xfce8	free_offset=0xff18
