ElfRec#000330 (0x0002cf88)	2026-01-14T21:37:42.6425872Z	size=560
<Event xmlns=http://schemas.microsoft.com/win/2004/08/events/event><System><Provider Name=Microsoft-Windows-Ntfs Guid={3ff37a1c-a68d-4d6e-8c9b-f79e8b16c482}/>
<EventID Qualifiers=(null)>98</EventID>
<Version>0</Version>
<Level>4</Level>
<Task>0</Task>
<Opcode>0</Opcode>
<Keywords>0x8000000000000002</Keywords>
<TimeCreated SystemTime=2026-01-14T21:37:42.642587200Z/>
<EventRecordID>330</EventRecordID>
<Correlation ActivityID=(null) RelatedActivityID=(null)/>
<Execution ProcessID=4 ThreadID=120/>
<Channel>System</Channel>
<Computer>DESKTOP-5VCD46O</Computer>
<Security UserID=S-1-5-18/>
</System>
<EventData><Data Name=DriveName>C:</Data>
<Data Name=DeviceName>\Device\HarddiskVolume3</Data>
<Data Name=CorruptionActionState>0</Data>
</EventData>
</Event>
ElfRec#000331 (0x0002d1b8)	2026-01-14T21:37:42.6827960Z	size=360
<Event xmlns=http://schemas.microsoft.com/win/2004/08/events/event><System><Provider Name=Microsoft-Windows-FilterManager Guid={f3c5e28e-63f6-49c7-a204-e48a1bc4b09d}/>
<EventID Qualifiers=(null)>6</EventID>
<Version>0</Version>
<Level>4</Level>
<Task>0</Task>
<Opcode>0</Opcode>
<Keywords>0x8000000000000000</Keywords>
<TimeCreated SystemTime=2026-01-14T21:37:42.682796000Z/>
<EventRecordID>331</EventRecordID>
<Correlation ActivityID=(null) RelatedActivityID=(null)/>
<Execution ProcessID=4 ThreadID=8/>
<Channel>System</Channel>
<Computer>DESKTOP-5VCD46O</Computer>
<Security UserID=S-1-5-18/>
</System>
<EventData><Data Name=FinalStatus>[Unknown Type 0x14, size 4]</Data>
<Data Name=DeviceVersionMajor>10</Data>
<Data Name=DeviceVersionMinor>0</Data>
<Data Name=DeviceNameLength>9</Data>
<Data Name=DeviceName>FileCrypt</Data>
<Data Name=DeviceTime>2023-08-31T04:48:23.000000000Z</Data>
</EventData>
</Event>
ElfRec#000332 (0x0002d320)	2026-01-14T21:37:42.7554848Z	size=360
<Event xmlns=http://schemas.microsoft.com/win/2004/08/events/event><System><Provider Name=Microsoft-Windows-FilterManager Guid={f3c5e28e-63f6-49c7-a204-e48a1bc4b09d}/>
<EventID Qualifiers=(null)>6</EventID>
<Version>0</Version>
<Level>4</Level>
<Task>0</Task>
<Opcode>0</Opcode>
<Keywords>0x8000000000000000</Keywords>
<TimeCreated SystemTime=2026-01-14T21:37:42.755484800Z/>
<EventRecordID>332</EventRecordID>
<Correlation ActivityID=(null) RelatedActivityID=(null)/>
<Execution ProcessID=4 ThreadID=8/>
<Channel>System</Channel>
<Computer>DESKTOP-5VCD46O</Computer>
<Security UserID=S-1-5-18/>
</System>
<EventData><Data Name=FinalStatus>[Unknown Type 0x14, size 4]</Data>
<Data Name=DeviceVersionMajor>10</Data>
<Data Name=DeviceVersionMinor>0</Data>
<Data Name=DeviceNameLength>9</Data>
<Data Name=DeviceName>npsvctrig</Data>
<Data Name=DeviceTime>2077-01-08T01:04:48.000000000Z</Data>
</EventData>
</Event>
ElfRec#000333 (0x0002d488)	2026-01-14T21:37:42.7758884Z	size=432
<Event xmlns=http://schemas.microsoft.com/win/2004/08/events/event><System><Provider Name=Microsoft-Windows-Kernel-Power Guid={331c3b3a-2005-44c2-ac5e-77220c37d6b4}/>
<EventID Qualifiers=(null)>172</EventID>
<Version>0</Version>
<Level>4</Level>
<Task>203</Task>
<Opcode>0</Opcode>
<Keywords>0x8000000000000404</Keywords>
<TimeCreated SystemTime=2026-01-14T21:37:42.775888400Z/>
<EventRecordID>333</EventRecordID>
<Correlation ActivityID=(null) RelatedActivityID=(null)/>
<Execution ProcessID=4 ThreadID=248/>
<Channel>System</Channel>
<Computer>DESKTOP-5VCD46O</Computer>
<Security UserID=S-1-5-18/>
</System>
<EventData><Data Name=State>2</Data>
<Data Name=Reason>6</Data>
</EventData>
</Event>
ElfRec#000334 (0x0002d638)	2026-01-14T21:37:42.8576356Z	size=1008
<Event xmlns=http://schemas.microsoft.com/win/2004/08/events/event><System><Provider Name=Microsoft-Windows-Kernel-Processor-Power Guid={0f67e49f-fe51-4e9f-b490-6f2948cc6027}/>
<EventID Qualifiers=(null)>55</EventID>
<Version>0</Version>
<Level>4</Level>
<Task>47</Task>
<Opcode>0</Opcode>
<Keywords>0x8000000000000000</Keywords>
<TimeCreated SystemTime=2026-01-14T21:37:42.857635600Z/>
<EventRecordID>334</EventRecordID>
<Correlation ActivityID=(null) RelatedActivityID=(null)/>
<Execution ProcessID=4 ThreadID=324/>
<Channel>System</Channel>
<Computer>DESKTOP-5VCD46O</Computer>
<Security UserID=S-1-5-18/>
</System>
<EventData><Data Name=Group>0</Data>
<Data Name=Number>0</Data>
<Data Name=IdleStateCount>0</Data>
<Data Name=IdleImplementation>0</Data>
<Data Name=NominalFrequency>2000</Data>
<Data Name=MaximumPerformancePercent>100</Data>
<Data Name=MinimumPerformancePercent>100</Data>
<Data Name=MinimumThrottlePercent>100</Data>
<Data Name=PerformanceImplementation>0</Data>
</EventData>
</Event>
ElfRec#000335 (0x0002da28)	2026-01-14T21:37:42.8577742Z	size=384
<Event xmlns=http://schemas.microsoft.com/win/2004/08/events/event><System><Provider Name=Microsoft-Windows-Kernel-Processor-Power Guid={0f67e49f-fe51-4e9f-b490-6f2948cc6027}/>
<EventID Qualifiers=(null)>55</EventID>
<Version>0</Version>
<Level>4</Level>
<Task>47</Task>
<Opcode>0</Opcode>
<Keywords>0x8000000000000000</Keywords>
<TimeCreated SystemTime=2026-01-14T21:37:42.857774200Z/>
<EventRecordID>335</EventRecordID>
<Correlation ActivityID=(null) RelatedActivityID=(null)/>
<Execution ProcessID=4 ThreadID=324/>
<Channel>System</Channel>
<Computer>DESKTOP-5VCD46O</Computer>
<Security UserID=S-1-5-18/>
</System>
<EventData><Data Name=Group>0</Data>
<Data Name=Number>1</Data>
<Data Name=IdleStateCount>0</Data>
<Data Name=IdleImplementation>0</Data>
<Data Name=NominalFrequency>2000</Data>
<Data Name=MaximumPerformancePercent>100</Data>
<Data Name=MinimumPerformancePercent>100</Data>
<Data Name=MinimumThrottlePercent>100</Data>
<Data Name=PerformanceImplementation>0</Data>
</EventData>
</Event>
ElfRec#000336 (0x0002dba8)	2026-01-14T21:37:43.0918194Z	size=440
<Event xmlns=http://schemas.microsoft.com/win/2004/08/events/event><System><Provider Name=Microsoft-Windows-Ntfs Guid={3ff37a1c-a68d-4d6e-8c9b-f79e8b16c482}/>
<EventID Qualifiers=(null)>98</EventID>
<Version>0</Version>
<Level>4</Level>
<Task>0</Task>
<Opcode>0</Opcode>
<Keywords>0x8000000000000002</Keywords>
<TimeCreated SystemTime=2026-01-14T21:37:43.091819400Z/>
<EventRecordID>336</EventRecordID>
<Correlation ActivityID=(null) RelatedActivityID=(null)/>
<Execution ProcessID=4 ThreadID=380/>
<Channel>System</Channel>
<Computer>DESKTOP-5VCD46O</Computer>
<Security UserID=S-1-5-18/>
</System>
<EventData><Data Name=DriveName>\\?\Volume{365c43b0-41d4-4e45-a5af-6f0bcb71ae25}</Data>
<Data Name=DeviceName>\Device\HarddiskVolume4</Data>
<Data Name=CorruptionActionState>0</Data>
</EventData>
</Event>
ElfRec#000337 (0x0002dd60)	2026-01-14T21:37:43.1167943Z	size=336
<Event xmlns=http://schemas.microsoft.com/win/2004/08/events/event><System><Provider Name=Microsoft-Windows-Kernel-General Guid={a68ca8b7-004f-d7b6-a698-07e2de0f1f5d}/>
<EventID Qualifiers=(null)>24</EventID>
<Version>0</Version>
<Level>4</Level>
<Task>11</Task>
<Opcode>0</Opcode>
<Keywords>0x8000000000000010</Keywords>
<TimeCreated SystemTime=2026-01-14T21:37:43.116794300Z/>
<EventRecordID>337</EventRecordID>
<Correlation ActivityID=(null) RelatedActivityID=(null)/>
<Execution ProcessID=96 ThreadID=524/>
<Channel>System</Channel>
<Computer>DESKTOP-5VCD46O</Computer>
<Security UserID=S-1-5-18/>
</System>
<EventData><Data Name=ExitReason>0</Data>
<Data Name=CurrentBias>[Unknown Type 0x07, size 4]</Data>
<Data Name=CurrentTimeZoneID>1</Data>
<Data Name=TimeZoneInfoCacheUpdated>0</Data>
<Data Name=FirstRefresh>0</Data>
</EventData>
</Event>
ElfRec#000338 (0x0002deb0)	2026-01-14T21:37:43.3157169Z	size=752
<Event xmlns=http://schemas.microsoft.com/win/2004/08/events/event><System><Provider Name=Microsoft-Windows-Wininit Guid={206f6dea-d3c5-4d10-bc72-989f03c8b84b}/>
<EventID Qualifiers=(null)>19</EventID>
<Version>0</Version>
<Level>4</Level>
<Task>0</Task>
<Opcode>0</Opcode>
<Keywords>0x4000000000000000</Keywords>
<TimeCreated SystemTime=2026-01-14T21:37:43.315716900Z/>
<EventRecordID>338</EventRecordID>
<Correlation ActivityID=(null) RelatedActivityID=(null)/>
<Execution ProcessID=636 ThreadID=640/>
<Channel>System</Channel>
<Computer>DESKTOP-5VCD46O</Computer>
<Security UserID=S-1-5-18/>
</System>
<EventData><Data Name=HRESULT>[Unknown Type 0x07, size 4]</Data>
<Data Name=NewLatchTimerNeeded>[Unknown Type 0x0d, size 4]</Data>
<Data Name=NewLatchTimerWaitingSystemUpdateCompletion>[Unknown Type 0x0d, size 4]</Data>
<Data Name=PreviousLatchTimerExistsButDisabled>[Unknown Type 0x0d, size 4]</Data>
<Data Name=PolicyFileExists>[Unknown Type 0x0d, size 4]</Data>
</EventData>
</Event>
ElfRec#000339 (0x0002e1a0)	2026-01-14T21:37:43.4035449Z	size=504
<Event xmlns=http://schemas.microsoft.com/win/2004/08/events/event><System><Provider Name=Microsoft-Windows-Wininit Guid={206f6dea-d3c5-4d10-bc72-989f03c8b84b}/>
<EventID Qualifiers=(null)>14</EventID>
<Version>0</Version>
<Level>4</Level>
<Task>0</Task>
<Opcode>0</Opcode>
<Keywords>0x4000000000000000</Keywords>
<TimeCreated SystemTime=2026-01-14T21:37:43.403544900Z/>
<EventRecordID>339</EventRecordID>
<Correlation ActivityID=(null) RelatedActivityID=(null)/>
<Execution ProcessID=636 ThreadID=640/>
<Channel>System</Channel>
<Computer>DESKTOP-5VCD46O</Computer>
<Security UserID=S-1-5-18/>
</System>
<EventData><Data Name=Config>0</Data>
<Data Name=IsTestConfig>0</Data>
<Data Name=IsAutoEnabled>0</Data>
</EventData>
</Event>
ElfRec#000340 (0x0002e398)	2026-01-14T21:37:43.4052189Z	size=376
<Event xmlns=http://schemas.microsoft.com/win/2004/08/events/event><System><Provider Name=Microsoft-Windows-Wininit Guid={206f6dea-d3c5-4d10-bc72-989f03c8b84b}/>
<EventID Qualifiers=(null)>12</EventID>
<Version>0</Version>
<Level>4</Level>
<Task>0</Task>
<Opcode>0</Opcode>
<Keywords>0x4000000000000000</Keywords>
<TimeCreated SystemTime=2026-01-14T21:37:43.405218900Z/>
<EventRecordID>340</EventRecordID>
<Correlation ActivityID=(null) RelatedActivityID=(null)/>
<Execution ProcessID=636 ThreadID=640/>
<Channel>System</Channel>
<Computer>DESKTOP-5VCD46O</Computer>
<Security UserID=S-1-5-18/>
</System>
<EventData><Data Name=Level>4</Data>
</EventData>
</Event>
ElfRec#000341 (0x0002e510)	2026-01-14T21:37:43.4491947Z	size=608
<Event xmlns=http://schemas.microsoft.com/win/2004/08/events/event><System><Provider Name=LsaSrv Guid={199fe037-2b82-40a9-82ac-e1d46c792b99}/>
<EventID Qualifiers=(null)>6156</EventID>
<Version>0</Version>
<Level>4</Level>
<Task>0</Task>
<Opcode>0</Opcode>
<Keywords>0x8000000000000000</Keywords>
<TimeCreated SystemTime=2026-01-14T21:37:43.449194700Z/>
<EventRecordID>341</EventRecordID>
<Correlation ActivityID=(null) RelatedActivityID=(null)/>
<Execution ProcessID=800 ThreadID=804/>
<Channel>System</Channel>
<Computer>DESKTOP-5VCD46O</Computer>
<Security UserID=S-1-5-18/>
</System>
<EventData><Data Name=HardwareChecks>0</Data>
<Data Name=ADDomainJoin>0</Data>
<Data Name=AADDomainJoin>0</Data>
<Data Name=IsLicensed>0</Data>
<Data Name=DomainController>0</Data>
</EventData>
</Event>
ElfRec#000342 (0x0002e770)	2026-01-14T21:37:43.5845354Z	size=560
<Event xmlns=http://schemas.microsoft.com/win/2004/08/events/event><System><Provider Name=Microsoft-Windows-Directory-Services-SAM Guid={0d4fdc09-8c27-494a-bda0-505e4fd8adae}/>
<EventID Qualifiers=(null)>16962</EventID>
<Version>0</Version>
<Level>4</Level>
<Task>0</Task>
<Opcode>0</Opcode>
<Keywords>0x8000000000000000</Keywords>
<TimeCreated SystemTime=2026-01-14T21:37:43.584535400Z/>
<EventRecordID>342</EventRecordID>
<Correlation ActivityID={01ce4324-859e-0001-b144-ce019e85dc01} RelatedActivityID=(null)/>
<Execution ProcessID=800 ThreadID=804/>
<Channel>System</Channel>
<Computer>DESKTOP-5VCD46O</Computer>
<Security UserID=S-1-5-18/>
</System>
<EventData Name=SAMMSG_RESTRICT_REMOTE_SAM_DEFAULT_SD><Data Name=Default SD String:>O:SYG:SYD:(A;;RC;;;BA)</Data>
</EventData>
</Event>
ElfRec#000343 (0x0002e9a0)	2026-01-14T21:37:43.5924187Z	size=712
<Event xmlns=http://schemas.microsoft.com/win/2004/08/events/event><System><Provider Name=Microsoft-Windows-Directory-Services-SAM Guid={0d4fdc09-8c27-494a-bda0-505e4fd8adae}/>
<EventID Qualifiers=(null)>16977</EventID>
<Version>0</Version>
<Level>4</Level>
<Task>0</Task>
<Opcode>0</Opcode>
<Keywords>0x8000000000000000</Keywords>
<TimeCreated SystemTime=2026-01-14T21:37:43.592418700Z/>
<EventRecordID>343</EventRecordID>
<Correlation ActivityID={01ce4324-859e-0001-b144-ce019e85dc01} RelatedActivityID=(null)/>
<Execution ProcessID=800 ThreadID=804/>
<Channel>System</Channel>
<Computer>DESKTOP-5VCD46O</Computer>
<Security UserID=S-1-5-18/>
</System>
<EventData Name=SAMMSG_MINPWDLEN_SETTINGS_IN_EFFECT><Data Name=MinimumPasswordLength>[Unknown Type 0x07, size 4]</Data>
<Data Name=RelaxMinimumPasswordLengthLimits>[Unknown Type 0x07, size 4]</Data>
<Data Name=MinimumPasswordLengthAudit>[Unknown Type 0x07, size 4]</Data>
</EventData>
</Event>
ElfRec#000344 (0x0002ec68)	2026-01-14T21:37:43.5924231Z	size=448
<Event xmlns=http://schemas.microsoft.com/win/2004/08/events/event><System><Provider Name=Microsoft-Windows-Directory-Services-SAM Guid={0d4fdc09-8c27-494a-bda0-505e4fd8adae}/>
<EventID Qualifiers=(null)>16983</EventID>
<Version>0</Version>
<Level>4</Level>
<Task>0</Task>
<Opcode>0</Opcode>
<Keywords>0x8000000000000000</Keywords>
<TimeCreated SystemTime=2026-01-14T21:37:43.592423100Z/>
<EventRecordID>344</EventRecordID>
<Correlation ActivityID={01ce4324-859e-0001-b144-ce019e85dc01} RelatedActivityID=(null)/>
<Execution ProcessID=800 ThreadID=804/>
<Channel>System</Channel>
<Computer>DESKTOP-5VCD46O</Computer>
<Security UserID=S-1-5-18/>
</System>
<EventData Name=SAMMSG_AUDIT_LEGACY_PWD_RPC_METHODS_OFF></EventData>
</Event>
ElfRec#000345 (0x0002ee28)	2026-01-14T21:37:44.2001570Z	size=368
<Event xmlns=http://schemas.microsoft.com/win/2004/08/events/event><System><Provider Name=Microsoft-Windows-FilterManager Guid={f3c5e28e-63f6-49c7-a204-e48a1bc4b09d}/>
<EventID Qualifiers=(null)>6</EventID>
<Version>0</Version>
<Level>4</Level>
<Task>0</Task>
<Opcode>0</Opcode>
<Keywords>0x8000000000000000</Keywords>
<TimeCreated SystemTime=2026-01-14T21:37:44.200157000Z/>
<EventRecordID>345</EventRecordID>
<Correlation ActivityID=(null) RelatedActivityID=(null)/>
<Execution ProcessID=4 ThreadID=120/>
<Channel>System</Channel>
<Computer>DESKTOP-5VCD46O</Computer>
<Security UserID=S-1-5-18/>
</System>
<EventData><Data Name=FinalStatus>[Unknown Type 0x14, size 4]</Data>
<Data Name=DeviceVersionMajor>10</Data>
<Data Name=DeviceVersionMinor>0</Data>
<Data Name=DeviceNameLength>13</Data>
<Data Name=DeviceName>applockerfltr</Data>
<Data Name=DeviceTime>2099-03-27T01:58:36.000000000Z</Data>
</EventData>
</Event>
ElfRec#000346 (0x0002ef98)	2026-01-14T21:37:44.3323882Z	size=352
<Event xmlns=http://schemas.microsoft.com/win/2004/08/events/event><System><Provider Name=Microsoft-Windows-FilterManager Guid={f3c5e28e-63f6-49c7-a204-e48a1bc4b09d}/>
<EventID Qualifiers=(null)>6</EventID>
<Version>0</Version>
<Level>4</Level>
<Task>0</Task>
<Opcode>0</Opcode>
<Keywords>0x8000000000000000</Keywords>
<TimeCreated SystemTime=2026-01-14T21:37:44.332388200Z/>
<EventRecordID>346</EventRecordID>
<Correlation ActivityID=(null) RelatedActivityID=(null)/>
<Execution ProcessID=4 ThreadID=344/>
<Channel>System</Channel>
<Computer>DESKTOP-5VCD46O</Computer>
<Security UserID=S-1-5-18/>
</System>
<EventData><Data Name=FinalStatus>[Unknown Type 0x14, size 4]</Data>
<Data Name=DeviceVersionMajor>10</Data>
<Data Name=DeviceVersionMinor>0</Data>
<Data Name=DeviceNameLength>3</Data>
<Data Name=DeviceName>bfs</Data>
<Data Name=DeviceTime>2032-09-07T10:30:06.000000000Z</Data>
</EventData>
</Event>
ElfRec#000347 (0x0002f0f8)	2026-01-14T21:37:44.3539706Z	size=352
<Event xmlns=http://schemas.microsoft.com/win/2004/08/events/event><System><Provider Name=Microsoft-Windows-FilterManager Guid={f3c5e28e-63f6-49c7-a204-e48a1bc4b09d}/>
<EventID Qualifiers=(null)>6</EventID>
<Version>0</Version>
<Level>4</Level>
<Task>0</Task>
<Opcode>0</Opcode>
<Keywords>0x8000000000000000</Keywords>
<TimeCreated SystemTime=2026-01-14T21:37:44.353970600Z/>
<EventRecordID>347</EventRecordID>
<Correlation ActivityID=(null) RelatedActivityID=(null)/>
<Execution ProcessID=4 ThreadID=52/>
<Channel>System</Channel>
<Computer>DESKTOP-5VCD46O</Computer>
<Security UserID=S-1-5-18/>
</System>
<EventData><Data Name=FinalStatus>[Unknown Type 0x14, size 4]</Data>
<Data Name=DeviceVersionMajor>10</Data>
<Data Name=DeviceVersionMinor>0</Data>
<Data Name=DeviceNameLength>5</Data>
<Data Name=DeviceName>wcifs</Data>
<Data Name=DeviceTime>1987-06-18T18:41:31.000000000Z</Data>
</EventData>
</Event>
ElfRec#000348 (0x0002f258)	2026-01-14T21:37:44.3707006Z	size=352
<Event xmlns=http://schemas.microsoft.com/win/2004/08/events/event><System><Provider Name=Microsoft-Windows-FilterManager Guid={f3c5e28e-63f6-49c7-a204-e48a1bc4b09d}/>
<EventID Qualifiers=(null)>6</EventID>
<Version>0</Version>
<Level>4</Level>
<Task>0</Task>
<Opcode>0</Opcode>
<Keywords>0x8000000000000000</Keywords>
<TimeCreated SystemTime=2026-01-14T21:37:44.370700600Z/>
<EventRecordID>348</EventRecordID>
<Correlation ActivityID=(null) RelatedActivityID=(null)/>
<Execution ProcessID=4 ThreadID=120/>
<Channel>System</Channel>
<Computer>DESKTOP-5VCD46O</Computer>
<Security UserID=S-1-5-18/>
</System>
<EventData><Data Name=FinalStatus>[Unknown Type 0x14, size 4]</Data>
<Data Name=DeviceVersionMajor>10</Data>
<Data Name=DeviceVersionMinor>0</Data>
<Data Name=DeviceNameLength>5</Data>
<Data Name=DeviceName>luafv</Data>
<Data Name=DeviceTime>2061-12-30T04:54:01.000000000Z</Data>
</EventData>
</Event>
ElfRec#000349 (0x0002f3b8)	2026-01-14T21:37:44.4459826Z	size=352
<Event xmlns=http://schemas.microsoft.com/win/2004/08/events/event><System><Provider Name=Microsoft-Windows-FilterManager Guid={f3c5e28e-63f6-49c7-a204-e48a1bc4b09d}/>
<EventID Qualifiers=(null)>6</EventID>
<Version>0</Version>
<Level>4</Level>
<Task>0</Task>
<Opcode>0</Opcode>
<Keywords>0x8000000000000000</Keywords>
<TimeCreated SystemTime=2026-01-14T21:37:44.445982600Z/>
<EventRecordID>349</EventRecordID>
<Correlation ActivityID=(null) RelatedActivityID=(null)/>
<Execution ProcessID=4 ThreadID=344/>
<Channel>System</Channel>
<Computer>DESKTOP-5VCD46O</Computer>
<Security UserID=S-1-5-18/>
</System>
<EventData><Data Name=FinalStatus>[Unknown Type 0x14, size 4]</Data>
<Data Name=DeviceVersionMajor>10</Data>
<Data Name=DeviceVersionMinor>0</Data>
<Data Name=DeviceNameLength>6</Data>
<Data Name=DeviceName>CldFlt</Data>
<Data Name=DeviceTime>2001-11-06T23:46:40.000000000Z</Data>
</EventData>
</Event>
ElfRec#000350 (0x0002f518)	2026-01-14T21:37:44.4459960Z	size=352
<Event xmlns=http://schemas.microsoft.com/win/2004/08/events/event><System><Provider Name=Microsoft-Windows-FilterManager Guid={f3c5e28e-63f6-49c7-a204-e48a1bc4b09d}/>
<EventID Qualifiers=(null)>1</EventID>
<Version>0</Version>
<Level>4</Level>
<Task>0</Task>
<Opcode>0</Opcode>
<Keywords>0x8000000000000000</Keywords>
<TimeCreated SystemTime=2026-01-14T21:37:44.445996000Z/>
<EventRecordID>350</EventRecordID>
<Correlation ActivityID=(null) RelatedActivityID=(null)/>
<Execution ProcessID=4 ThreadID=344/>
<Channel>System</Channel>
<Computer>DESKTOP-5VCD46O</Computer>
<Security UserID=S-1-5-18/>
</System>
<EventData><Data Name=FinalStatus>[Unknown Type 0x14, size 4]</Data>
<Data Name=DeviceVersionMajor>10</Data>
<Data Name=DeviceVersionMinor>0</Data>
<Data Name=DeviceNameLength>6</Data>
<Data Name=DeviceName>CldFlt</Data>
<Data Name=DeviceTime>2001-11-06T23:46:40.000000000Z</Data>
</EventData>
</Event>
ElfRec#000351 (0x0002f678)	2026-01-14T21:37:44.4460773Z	size=352
<Event xmlns=http://schemas.microsoft.com/win/2004/08/events/event><System><Provider Name=Microsoft-Windows-FilterManager Guid={f3c5e28e-63f6-49c7-a204-e48a1bc4b09d}/>
<EventID Qualifiers=(null)>6</EventID>
<Version>0</Version>
<Level>4</Level>
<Task>0</Task>
<Opcode>0</Opcode>
<Keywords>0x8000000000000000</Keywords>
<TimeCreated SystemTime=2026-01-14T21:37:44.446077300Z/>
<EventRecordID>351</EventRecordID>
<Correlation ActivityID=(null) RelatedActivityID=(null)/>
<Execution ProcessID=4 ThreadID=344/>
<Channel>System</Channel>
<Computer>DESKTOP-5VCD46O</Computer>
<Security UserID=S-1-5-18/>
</System>
<EventData><Data Name=FinalStatus>[Unknown Type 0x14, size 4]</Data>
<Data Name=DeviceVersionMajor>10</Data>
<Data Name=DeviceVersionMinor>0</Data>
<Data Name=DeviceNameLength>6</Data>
<Data Name=DeviceName>CldFlt</Data>
<Data Name=DeviceTime>2001-11-06T23:46:40.000000000Z</Data>
</EventData>
</Event>
ElfRec#000352 (0x0002f7d8)	2026-01-14T21:37:44.4563201Z	size=360
<Event xmlns=http://schemas.microsoft.com/win/2004/08/events/event><System><Provider Name=Microsoft-Windows-FilterManager Guid={f3c5e28e-63f6-49c7-a204-e48a1bc4b09d}/>
<EventID Qualifiers=(null)>6</EventID>
<Version>0</Version>
<Level>4</Level>
<Task>0</Task>
<Opcode>0</Opcode>
<Keywords>0x8000000000000000</Keywords>
<TimeCreated SystemTime=2026-01-14T21:37:44.456320100Z/>
<EventRecordID>352</EventRecordID>
<Correlation ActivityID=(null) RelatedActivityID=(null)/>
<Execution ProcessID=4 ThreadID=120/>
<Channel>System</Channel>
<Computer>DESKTOP-5VCD46O</Computer>
<Security UserID=S-1-5-18/>
</System>
<EventData><Data Name=FinalStatus>[Unknown Type 0x14, size 4]</Data>
<Data Name=DeviceVersionMajor>10</Data>
<Data Name=DeviceVersionMinor>0</Data>
<Data Name=DeviceNameLength>7</Data>
<Data Name=DeviceName>UnionFS</Data>
<Data Name=DeviceTime>2097-08-18T14:17:40.000000000Z</Data>
</EventData>
</Event>
ElfRec#000353 (0x0002f940)	2026-01-14T21:37:44.4851564Z	size=360
<Event xmlns=http://schemas.microsoft.com/win/2004/08/events/event><System><Provider Name=Microsoft-Windows-FilterManager Guid={f3c5e28e-63f6-49c7-a204-e48a1bc4b09d}/>
<EventID Qualifiers=(null)>6</EventID>
<Version>0</Version>
<Level>4</Level>
<Task>0</Task>
<Opcode>0</Opcode>
<Keywords>0x8000000000000000</Keywords>
<TimeCreated SystemTime=2026-01-14T21:37:44.485156400Z/>
<EventRecordID>353</EventRecordID>
<Correlation ActivityID=(null) RelatedActivityID=(null)/>
<Execution ProcessID=4 ThreadID=248/>
<Channel>System</Channel>
<Computer>DESKTOP-5VCD46O</Computer>
<Security UserID=S-1-5-18/>
</System>
<EventData><Data Name=FinalStatus>[Unknown Type 0x14, size 4]</Data>
<Data Name=DeviceVersionMajor>10</Data>
<Data Name=DeviceVersionMinor>0</Data>
<Data Name=DeviceNameLength>10</Data>
<Data Name=DeviceName>storqosflt</Data>
<Data Name=DeviceTime>2073-10-13T05:50:58.000000000Z</Data>
</EventData>
</Event>
ElfRec#000354 (0x0002faa8)	2026-01-14T21:37:44.4896099Z	size=352
<Event xmlns=http://schemas.microsoft.com/win/2004/08/events/event><System><Provider Name=Microsoft-Windows-FilterManager Guid={f3c5e28e-63f6-49c7-a204-e48a1bc4b09d}/>
<EventID Qualifiers=(null)>6</EventID>
<Version>0</Version>
<Level>4</Level>
<Task>0</Task>
<Opcode>0</Opcode>
<Keywords>0x8000000000000000</Keywords>
<TimeCreated SystemTime=2026-01-14T21:37:44.489609900Z/>
<EventRecordID>354</EventRecordID>
<Correlation ActivityID=(null) RelatedActivityID=(null)/>
<Execution ProcessID=4 ThreadID=248/>
<Channel>System</Channel>
<Computer>DESKTOP-5VCD46O</Computer>
<Security UserID=S-1-5-18/>
</System>
<EventData><Data Name=FinalStatus>[Unknown Type 0x14, size 4]</Data>
<Data Name=DeviceVersionMajor>10</Data>
<Data Name=DeviceVersionMinor>0</Data>
<Data Name=DeviceNameLength>4</Data>
<Data Name=DeviceName>UCPD</Data>
<Data Name=DeviceTime>2025-03-11T19:29:26.000000000Z</Data>
</EventData>
</Event>
ElfRec#000355 (0x0002fc08)	2026-01-14T21:37:44.4946449Z	size=360
<Event xmlns=http://schemas.microsoft.com/win/2004/08/events/event><System><Provider Name=Microsoft-Windows-FilterManager Guid={f3c5e28e-63f6-49c7-a204-e48a1bc4b09d}/>
<EventID Qualifiers=(null)>6</EventID>
<Version>0</Version>
<Level>4</Level>
<Task>0</Task>
<Opcode>0</Opcode>
<Keywords>0x8000000000000000</Keywords>
<TimeCreated SystemTime=2026-01-14T21:37:44.494644900Z/>
<EventRecordID>355</EventRecordID>
<Correlation ActivityID=(null) RelatedActivityID=(null)/>
<Execution ProcessID=4 ThreadID=120/>
<Channel>System</Channel>
<Computer>DESKTOP-5VCD46O</Computer>
<Security UserID=S-1-5-18/>
</System>
<EventData><Data Name=FinalStatus>[Unknown Type 0x14, size 4]</Data>
<Data Name=DeviceVersionMajor>10</Data>
<Data Name=DeviceVersionMinor>0</Data>
<Data Name=DeviceNameLength>7</Data>
<Data Name=DeviceName>bindflt</Data>
<Data Name=DeviceTime>2076-01-21T00:31:23.000000000Z</Data>
</EventData>
</Event>
ElfRec#000356 (0x0002fd70)	2026-01-14T21:37:44.9453775Z	size=296
<Event xmlns=http://schemas.microsoft.com/win/2004/08/events/event><System><Provider Name=Microsoft-Windows-Dhcp-Client Guid={15a7a4f8-0072-4eab-abad-f98a4d666aed}/>
<EventID Qualifiers=(null)>50036</EventID>
<Version>0</Version>
<Level>4</Level>
<Task>4</Task>
<Opcode>68</Opcode>
<Keywords>0x2000000000000000</Keywords>
<TimeCreated SystemTime=2026-01-14T21:37:44.945377500Z/>
<EventRecordID>356</EventRecordID>
<Correlation ActivityID=(null) RelatedActivityID=(null)/>
<Execution ProcessID=2268 ThreadID=2340/>
<Channel>System</Channel>
<Computer>DESKTOP-5VCD46O</Computer>
<Security UserID=S-1-5-19/>
</System>
<EventData></EventData>
</Event>
ElfRec#000357 (0x0002fe98)	2026-01-14T21:37:44.9454521Z	size=296
<Event xmlns=http://schemas.microsoft.com/win/2004/08/events/event><System><Provider Name=Microsoft-Windows-Dhcp-Client Guid={15a7a4f8-0072-4eab-abad-f98a4d666aed}/>
<EventID Qualifiers=(null)>50103</EventID>
<Version>0</Version>
<Level>4</Level>
<Task>4</Task>
<Opcode>129</Opcode>
<Keywords>0x2000000000000000</Keywords>
<TimeCreated SystemTime=2026-01-14T21:37:44.945452100Z/>
<EventRecordID>357</EventRecordID>
<Correlation ActivityID=(null) RelatedActivityID=(null)/>
<Execution ProcessID=2268 ThreadID=2340/>
<Channel>System</Channel>
<Computer>DESKTOP-5VCD46O</Computer>
<Security UserID=S-1-5-19/>
</System>
<EventData></EventData>
</Event>
ElfRec#000358 (0x0002ffc0)	2026-01-14T21:37:44.9455035Z	size=296
<Event xmlns=http://schemas.microsoft.com/win/2004/08/events/event><System><Provider Name=Microsoft-Windows-Dhcp-Client Guid={15a7a4f8-0072-4eab-abad-f98a4d666aed}/>
<EventID Qualifiers=(null)>50036</EventID>
<Version>0</Version>
<Level>4</Level>
<Task>4</Task>
<Opcode>68</Opcode>
<Keywords>0x2000000000000000</Keywords>
<TimeCreated SystemTime=2026-01-14T21:37:44.945503500Z/>
<EventRecordID>358</EventRecordID>
<Correlation ActivityID=(null) RelatedActivityID=(null)/>
<Execution ProcessID=2268 ThreadID=2340/>
<Channel>System</Channel>
<Computer>DESKTOP-5VCD46O</Computer>
<Security UserID=S-1-5-19/>
</System>
<EventData></EventData>
</Event>
ElfRec#000359 (0x000300e8)	2026-01-14T21:37:45.0642140Z	size=296
<Event xmlns=http://schemas.microsoft.com/win/2004/08/events/event><System><Provider Name=Microsoft-Windows-DHCPv6-Client Guid={6a1f2b00-6a90-4c38-95a5-5cab3b056778}/>
<EventID Qualifiers=(null)>51046</EventID>
<Version>0</Version>
<Level>4</Level>
<Task>4</Task>
<Opcode>62</Opcode>
<Keywords>0x2000000000000000</Keywords>
<TimeCreated SystemTime=2026-01-14T21:37:45.064214000Z/>
<EventRecordID>359</EventRecordID>
<Correlation ActivityID=(null) RelatedActivityID=(null)/>
<Execution ProcessID=2268 ThreadID=2396/>
<Channel>System</Channel>
<Computer>DESKTOP-5VCD46O</Computer>
<Security UserID=S-1-5-19/>
</System>
<EventData></EventData>
</Event>
ElfRec#000360 (0x00030210)	2026-01-14T21:37:45.3329439Z	size=368
<Event xmlns=http://schemas.microsoft.com/win/2004/08/events/event><System><Provider Name=Microsoft-Windows-HttpService Guid={dd5ef90a-6398-47a4-ad34-4dcecdef795f}/>
<EventID Qualifiers=(null)>112</EventID>
<Version>0</Version>
<Level>4</Level>
<Task>3</Task>
<Opcode>121</Opcode>
<Keywords>0x4000000000000001</Keywords>
<TimeCreated SystemTime=2026-01-14T21:37:45.332943900Z/>
<EventRecordID>360</EventRecordID>
<Correlation ActivityID=(null) RelatedActivityID=(null)/>
<Execution ProcessID=4 ThreadID=52/>
<Channel>System</Channel>
<Computer>DESKTOP-5VCD46O</Computer>
<Security UserID=S-1-5-18/>
</System>
<EventData><Data Name=Url>http://*:5357/</Data>
<Data Name=ReserveStatus>0</Data>
<Data Name=ProcessId>4</Data>
<Data Name=ExecutablePath></Data>
<Data Name=UserSid>S-1-5-18</Data>
</EventData>
</Event>
ElfRec#000361 (0x00030380)	2026-01-14T21:37:45.3329494Z	size=416
<Event xmlns=http://schemas.microsoft.com/win/2004/08/events/event><System><Provider Name=Microsoft-Windows-HttpService Guid={dd5ef90a-6398-47a4-ad34-4dcecdef795f}/>
<EventID Qualifiers=(null)>112</EventID>
<Version>0</Version>
<Level>4</Level>
<Task>3</Task>
<Opcode>121</Opcode>
<Keywords>0x4000000000000001</Keywords>
<TimeCreated SystemTime=2026-01-14T21:37:45.332949400Z/>
<EventRecordID>361</EventRecordID>
<Correlation ActivityID=(null) RelatedActivityID=(null)/>
<Execution ProcessID=4 ThreadID=52/>
<Channel>System</Channel>
<Computer>DESKTOP-5VCD46O</Computer>
<Security UserID=S-1-5-18/>
</System>
<EventData><Data Name=Url>http://+:80/Temporary_Listen_Addresses/</Data>
<Data Name=ReserveStatus>0</Data>
<Data Name=ProcessId>4</Data>
<Data Name=ExecutablePath></Data>
<Data Name=UserSid>S-1-5-18</Data>
</EventData>
</Event>
ElfRec#000362 (0x00030520)	2026-01-14T21:37:45.3329529Z	size=368
<Event xmlns=http://schemas.microsoft.com/win/2004/08/events/event><System><Provider Name=Microsoft-Windows-HttpService Guid={dd5ef90a-6398-47a4-ad34-4dcecdef795f}/>
<EventID Qualifiers=(null)>112</EventID>
<Version>0</Version>
<Level>4</Level>
<Task>3</Task>
<Opcode>121</Opcode>
<Keywords>0x4000000000000001</Keywords>
<TimeCreated SystemTime=2026-01-14T21:37:45.332952900Z/>
<EventRecordID>362</EventRecordID>
<Correlation ActivityID=(null) RelatedActivityID=(null)/>
<Execution ProcessID=4 ThreadID=52/>
<Channel>System</Channel>
<Computer>DESKTOP-5VCD46O</Computer>
<Security UserID=S-1-5-18/>
</System>
<EventData><Data Name=Url>https://*:5358/</Data>
<Data Name=ReserveStatus>0</Data>
<Data Name=ProcessId>4</Data>
<Data Name=ExecutablePath></Data>
<Data Name=UserSid>S-1-5-18</Data>
</EventData>
</Event>
ElfRec#000363 (0x00030690)	2026-01-14T21:37:45.3329561Z	size=384
<Event xmlns=http://schemas.microsoft.com/win/2004/08/events/event><System><Provider Name=Microsoft-Windows-HttpService Guid={dd5ef90a-6398-47a4-ad34-4dcecdef795f}/>
<EventID Qualifiers=(null)>112</EventID>
<Version>0</Version>
<Level>4</Level>
<Task>3</Task>
<Opcode>121</Opcode>
<Keywords>0x4000000000000001</Keywords>
<TimeCreated SystemTime=2026-01-14T21:37:45.332956100Z/>
<EventRecordID>363</EventRecordID>
<Correlation ActivityID=(null) RelatedActivityID=(null)/>
<Execution ProcessID=4 ThreadID=52/>
<Channel>System</Channel>
<Computer>DESKTOP-5VCD46O</Computer>
<Security UserID=S-1-5-18/>
</System>
<EventData><Data Name=Url>https://+:5986/wsman/</Data>
<Data Name=ReserveStatus>0</Data>
<Data Name=ProcessId>4</Data>
<Data Name=ExecutablePath></Data>
<Data Name=UserSid>S-1-5-18</Data>
</EventData>
</Event>
ElfRec#000364 (0x00030810)	2026-01-14T21:37:45.3329595Z	size=384
<Event xmlns=http://schemas.microsoft.com/win/2004/08/events/event><System><Provider Name=Microsoft-Windows-HttpService Guid={dd5ef90a-6398-47a4-ad34-4dcecdef795f}/>
<EventID Qualifiers=(null)>112</EventID>
<Version>0</Version>
<Level>4</Level>
<Task>3</Task>
<Opcode>121</Opcode>
<Keywords>0x4000000000000001</Keywords>
<TimeCreated SystemTime=2026-01-14T21:37:45.332959500Z/>
<EventRecordID>364</EventRecordID>
<Correlation ActivityID=(null) RelatedActivityID=(null)/>
<Execution ProcessID=4 ThreadID=52/>
<Channel>System</Channel>
<Computer>DESKTOP-5VCD46O</Computer>
<Security UserID=S-1-5-18/>
</System>
<EventData><Data Name=Url>http://+:47001/wsman/</Data>
<Data Name=ReserveStatus>0</Data>
<Data Name=ProcessId>4</Data>
<Data Name=ExecutablePath></Data>
<Data Name=UserSid>S-1-5-18</Data>
</EventData>
</Event>
ElfRec#000365 (0x00030990)	2026-01-14T21:37:45.3329617Z	size=384
<Event xmlns=http://schemas.microsoft.com/win/2004/08/events/event><System><Provider Name=Microsoft-Windows-HttpService Guid={dd5ef90a-6398-47a4-ad34-4dcecdef795f}/>
<EventID Qualifiers=(null)>112</EventID>
<Version>0</Version>
<Level>4</Level>
<Task>3</Task>
<Opcode>121</Opcode>
<Keywords>0x4000000000000001</Keywords>
<TimeCreated SystemTime=2026-01-14T21:37:45.332961700Z/>
<EventRecordID>365</EventRecordID>
<Correlation ActivityID=(null) RelatedActivityID=(null)/>
<Execution ProcessID=4 ThreadID=52/>
<Channel>System</Channel>
<Computer>DESKTOP-5VCD46O</Computer>
<Security UserID=S-1-5-18/>
</System>
<EventData><Data Name=Url>http://+:5985/wsman/</Data>
<Data Name=ReserveStatus>0</Data>
<Data Name=ProcessId>4</Data>
<Data Name=ExecutablePath></Data>
<Data Name=UserSid>S-1-5-18</Data>
</EventData>
</Event>
ElfRec#000366 (0x00030b10)	2026-01-14T21:37:45.3329636Z	size=368
<Event xmlns=http://schemas.microsoft.com/win/2004/08/events/event><System><Provider Name=Microsoft-Windows-HttpService Guid={dd5ef90a-6398-47a4-ad34-4dcecdef795f}/>
<EventID Qualifiers=(null)>112</EventID>
<Version>0</Version>
<Level>4</Level>
<Task>3</Task>
<Opcode>121</Opcode>
<Keywords>0x4000000000000001</Keywords>
<TimeCreated SystemTime=2026-01-14T21:37:45.332963600Z/>
<EventRecordID>366</EventRecordID>
<Correlation ActivityID=(null) RelatedActivityID=(null)/>
<Execution ProcessID=4 ThreadID=52/>
<Channel>System</Channel>
<Computer>DESKTOP-5VCD46O</Computer>
<Security UserID=S-1-5-18/>
</System>
<EventData><Data Name=Url>http://*:2869/</Data>
<Data Name=ReserveStatus>0</Data>
<Data Name=ProcessId>4</Data>
<Data Name=ExecutablePath></Data>
<Data Name=UserSid>S-1-5-18</Data>
</EventData>
</Event>
ElfRec#000367 (0x00030c80)	2026-01-14T21:37:45.3329658Z	size=376
<Event xmlns=http://schemas.microsoft.com/win/2004/08/events/event><System><Provider Name=Microsoft-Windows-HttpService Guid={dd5ef90a-6398-47a4-ad34-4dcecdef795f}/>
<EventID Qualifiers=(null)>112</EventID>
<Version>0</Version>
<Level>4</Level>
<Task>3</Task>
<Opcode>121</Opcode>
<Keywords>0x4000000000000001</Keywords>
<TimeCreated SystemTime=2026-01-14T21:37:45.332965800Z/>
<EventRecordID>367</EventRecordID>
<Correlation ActivityID=(null) RelatedActivityID=(null)/>
<Execution ProcessID=4 ThreadID=52/>
<Channel>System</Channel>
<Computer>DESKTOP-5VCD46O</Computer>
<Security UserID=S-1-5-18/>
</System>
<EventData><Data Name=Url>https://+:3392/rdp/</Data>
<Data Name=ReserveStatus>0</Data>
<Data Name=ProcessId>4</Data>
<Data Name=ExecutablePath></Data>
<Data Name=UserSid>S-1-5-18</Data>
</EventData>
</Event>
ElfRec#000368 (0x00030df8)	2026-01-14T21:37:45.3329678Z	size=376
<Event xmlns=http://schemas.microsoft.com/win/2004/08/events/event><System><Provider Name=Microsoft-Windows-HttpService Guid={dd5ef90a-6398-47a4-ad34-4dcecdef795f}/>
<EventID Qualifiers=(null)>112</EventID>
<Version>0</Version>
<Level>4</Level>
<Task>3</Task>
<Opcode>121</Opcode>
<Keywords>0x4000000000000001</Keywords>
<TimeCreated SystemTime=2026-01-14T21:37:45.332967800Z/>
<EventRecordID>368</EventRecordID>
<Correlation ActivityID=(null) RelatedActivityID=(null)/>
<Execution ProcessID=4 ThreadID=52/>
<Channel>System</Channel>
<Computer>DESKTOP-5VCD46O</Computer>
<Security UserID=S-1-5-18/>
</System>
<EventData><Data Name=Url>http://+:3387/rdp/</Data>
<Data Name=ReserveStatus>0</Data>
<Data Name=ProcessId>4</Data>
<Data Name=ExecutablePath></Data>
<Data Name=UserSid>S-1-5-18</Data>
</EventData>
</Event>
ElfChnk#00003 (0x00031000)	record_num=369-496	record_id=369-496	last_offset=0xfb00	free_offset=0xfc88
ElfRec#000369 (0x00031200)	2026-01-14T21:37:45.3329746Z	size=1984
<Event xmlns=http://schemas.microsoft.com/win/2004/08/events/event><System><Provider Name=Microsoft-Windows-HttpService Guid={dd5ef90a-6398-47a4-ad34-4dcecdef795f}/>
<EventID Qualifiers=(null)>112</EventID>
<Version>0</Version>
<Level>4</Level>
<Task>3</Task>
<Opcode>121</Opcode>
<Keywords>0x4000000000000001</Keywords>
<TimeCreated SystemTime=2026-01-14T21:37:45.332974600Z/>
<EventRecordID>369</EventRecordID>
<Correlation ActivityID=(null) RelatedActivityID=(null)/>
<Execution ProcessID=4 ThreadID=52/>
<Channel>System</Channel>
<Computer>DESKTOP-5VCD46O</Computer>
<Security UserID=S-1-5-18/>
</System>
<EventData><Data Name=Url>https://+:443/sra_{BA195980-CD49-458b-9E23-C84EE0ADCD75}/</Data>
<Data Name=ReserveStatus>0</Data>
<Data Name=ProcessId>4</Data>
<Data Name=ExecutablePath></Data>
<Data Name=UserSid>S-1-5-18</Data>
</EventData>
</Event>
ElfRec#000370 (0x000319c0)	2026-01-14T21:37:45.3329780Z	size=440
<Event xmlns=http://schemas.microsoft.com/win/2004/08/events/event><System><Provider Name=Microsoft-Windows-HttpService Guid={dd5ef90a-6398-47a4-ad34-4dcecdef795f}/>
<EventID Qualifiers=(null)>112</EventID>
<Version>0</Version>
<Level>4</Level>
<Task>3</Task>
<Opcode>121</Opcode>
<Keywords>0x4000000000000001</Keywords>
<TimeCreated SystemTime=2026-01-14T21:37:45.332978000Z/>
<EventRecordID>370</EventRecordID>
<Correlation ActivityID=(null) RelatedActivityID=(null)/>
<Execution ProcessID=4 ThreadID=52/>
<Channel>System</Channel>
<Computer>DESKTOP-5VCD46O</Computer>
<Security UserID=S-1-5-18/>
</System>
<EventData><Data Name=Url>http://+:80/0131501b-d67f-491b-9a40-c4bf27bcb4d4/</Data>
<Data Name=ReserveStatus>0</Data>
<Data Name=ProcessId>4</Data>
<Data Name=ExecutablePath></Data>
<Data Name=UserSid>S-1-5-18</Data>
</EventData>
</Event>
ElfRec#000371 (0x00031b78)	2026-01-14T21:37:45.3329810Z	size=440
<Event xmlns=http://schemas.microsoft.com/win/2004/08/events/event><System><Provider Name=Microsoft-Windows-HttpService Guid={dd5ef90a-6398-47a4-ad34-4dcecdef795f}/>
<EventID Qualifiers=(null)>112</EventID>
<Version>0</Version>
<Level>4</Level>
<Task>3</Task>
<Opcode>121</Opcode>
<Keywords>0x4000000000000001</Keywords>
<TimeCreated SystemTime=2026-01-14T21:37:45.332981000Z/>
<EventRecordID>371</EventRecordID>
<Correlation ActivityID=(null) RelatedActivityID=(null)/>
<Execution ProcessID=4 ThreadID=52/>
<Channel>System</Channel>
<Computer>DESKTOP-5VCD46O</Computer>
<Security UserID=S-1-5-18/>
</System>
<EventData><Data Name=Url>https://+:443/C574AC30-5794-4AEE-B1BB-6651C5315029/</Data>
<Data Name=ReserveStatus>0</Data>
<Data Name=ProcessId>4</Data>
<Data Name=ExecutablePath></Data>
<Data Name=UserSid>S-1-5-18</Data>
</EventData>
</Event>
ElfRec#000372 (0x00031d30)	2026-01-14T21:37:45.3329842Z	size=440
<Event xmlns=http://schemas.microsoft.com/win/2004/08/events/event><System><Provider Name=Microsoft-Windows-HttpService Guid={dd5ef90a-6398-47a4-ad34-4dcecdef795f}/>
<EventID Qualifiers=(null)>112</EventID>
<Version>0</Version>
<Level>4</Level>
<Task>3</Task>
<Opcode>121</Opcode>
<Keywords>0x4000000000000001</Keywords>
<TimeCreated SystemTime=2026-01-14T21:37:45.332984200Z/>
<EventRecordID>372</EventRecordID>
<Correlation ActivityID=(null) RelatedActivityID=(null)/>
<Execution ProcessID=4 ThreadID=52/>
<Channel>System</Channel>
<Computer>DESKTOP-5VCD46O</Computer>
<Security UserID=S-1-5-18/>
</System>
<EventData><Data Name=Url>http://+:80/116B50EB-ECE2-41ac-8429-9F9E963361B7/</Data>
<Data Name=ReserveStatus>0</Data>
<Data Name=ProcessId>4</Data>
<Data Name=ExecutablePath></Data>
<Data Name=UserSid>S-1-5-18</Data>
</EventData>
</Event>
ElfRec#000373 (0x00031ee8)	2026-01-14T21:37:45.3329867Z	size=384
<Event xmlns=http://schemas.microsoft.com/win/2004/08/events/event><System><Provider Name=Microsoft-Windows-HttpService Guid={dd5ef90a-6398-47a4-ad34-4dcecdef795f}/>
<EventID Qualifiers=(null)>112</EventID>
<Version>0</Version>
<Level>4</Level>
<Task>3</Task>
<Opcode>121</Opcode>
<Keywords>0x4000000000000001</Keywords>
<TimeCreated SystemTime=2026-01-14T21:37:45.332986700Z/>
<EventRecordID>373</EventRecordID>
<Correlation ActivityID=(null) RelatedActivityID=(null)/>
<Execution ProcessID=4 ThreadID=52/>
<Channel>System</Channel>
<Computer>DESKTOP-5VCD46O</Computer>
<Security UserID=S-1-5-18/>
</System>
<EventData><Data Name=Url>http://+:10247/apps/</Data>
<Data Name=ReserveStatus>0</Data>
<Data Name=ProcessId>4</Data>
<Data Name=ExecutablePath></Data>
<Data Name=UserSid>S-1-5-18</Data>
</EventData>
</Event>
ElfRec#000374 (0x00032068)	2026-01-14T21:37:45.3329893Z	size=392
<Event xmlns=http://schemas.microsoft.com/win/2004/08/events/event><System><Provider Name=Microsoft-Windows-HttpService Guid={dd5ef90a-6398-47a4-ad34-4dcecdef795f}/>
<EventID Qualifiers=(null)>112</EventID>
<Version>0</Version>
<Level>4</Level>
<Task>3</Task>
<Opcode>121</Opcode>
<Keywords>0x4000000000000001</Keywords>
<TimeCreated SystemTime=2026-01-14T21:37:45.332989300Z/>
<EventRecordID>374</EventRecordID>
<Correlation ActivityID=(null) RelatedActivityID=(null)/>
<Execution ProcessID=4 ThreadID=52/>
<Channel>System</Channel>
<Computer>DESKTOP-5VCD46O</Computer>
<Security UserID=S-1-5-18/>
</System>
<EventData><Data Name=Url>https://+:10245/WMPNSSv4/</Data>
<Data Name=ReserveStatus>0</Data>
<Data Name=ProcessId>4</Data>
<Data Name=ExecutablePath></Data>
<Data Name=UserSid>S-1-5-18</Data>
</EventData>
</Event>
ElfRec#000375 (0x000321f0)	2026-01-14T21:37:45.3329919Z	size=392
<Event xmlns=http://schemas.microsoft.com/win/2004/08/events/event><System><Provider Name=Microsoft-Windows-HttpService Guid={dd5ef90a-6398-47a4-ad34-4dcecdef795f}/>
<EventID Qualifiers=(null)>112</EventID>
<Version>0</Version>
<Level>4</Level>
<Task>3</Task>
<Opcode>121</Opcode>
<Keywords>0x4000000000000001</Keywords>
<TimeCreated SystemTime=2026-01-14T21:37:45.332991900Z/>
<EventRecordID>375</EventRecordID>
<Correlation ActivityID=(null) RelatedActivityID=(null)/>
<Execution ProcessID=4 ThreadID=52/>
<Channel>System</Channel>
<Computer>DESKTOP-5VCD46O</Computer>
<Security UserID=S-1-5-18/>
</System>
<EventData><Data Name=Url>http://+:10243/WMPNSSv4/</Data>
<Data Name=ReserveStatus>0</Data>
<Data Name=ProcessId>4</Data>
<Data Name=ExecutablePath></Data>
<Data Name=UserSid>S-1-5-18</Data>
</EventData>
</Event>
ElfRec#000376 (0x00032378)	2026-01-14T21:37:45.3329946Z	size=392
<Event xmlns=http://schemas.microsoft.com/win/2004/08/events/event><System><Provider Name=Microsoft-Windows-HttpService Guid={dd5ef90a-6398-47a4-ad34-4dcecdef795f}/>
<EventID Qualifiers=(null)>112</EventID>
<Version>0</Version>
<Level>4</Level>
<Task>3</Task>
<Opcode>121</Opcode>
<Keywords>0x4000000000000001</Keywords>
<TimeCreated SystemTime=2026-01-14T21:37:45.332994600Z/>
<EventRecordID>376</EventRecordID>
<Correlation ActivityID=(null) RelatedActivityID=(null)/>
<Execution ProcessID=4 ThreadID=52/>
<Channel>System</Channel>
<Computer>DESKTOP-5VCD46O</Computer>
<Security UserID=S-1-5-18/>
</System>
<EventData><Data Name=Url>http://+:10246/MDEServer/</Data>
<Data Name=ReserveStatus>0</Data>
<Data Name=ProcessId>4</Data>
<Data Name=ExecutablePath></Data>
<Data Name=UserSid>S-1-5-18</Data>
</EventData>
</Event>
ElfRec#000377 (0x00032500)	2026-01-14T21:37:46.1490413Z	size=1056
<Event xmlns=http://schemas.microsoft.com/win/2004/08/events/event><System><Provider Name=Service Control Manager Guid={555908d1-a6d7-4695-8e1e-26931d2012f4} EventSourceName=Service Control Manager/>
<EventID Qualifiers=49152>7026</EventID>
<Version>0</Version>
<Level>4</Level>
<Task>0</Task>
<Opcode>0</Opcode>
<Keywords>0x8080000000000000</Keywords>
<TimeCreated SystemTime=2026-01-14T21:37:46.149041300Z/>
<EventRecordID>377</EventRecordID>
<Correlation ActivityID=(null) RelatedActivityID=(null)/>
<Execution ProcessID=780 ThreadID=784/>
<Channel>System</Channel>
<Computer>DESKTOP-5VCD46O</Computer>
<Security UserID=(null)/>
</System>
<EventData><Data Name=param1>
dam
uiomap</Data>
</EventData>
</Event>
ElfRec#000378 (0x00032920)	2026-01-14T21:37:47.4266322Z	size=2280
<Event xmlns=http://schemas.microsoft.com/win/2004/08/events/event><System><Provider Name=Microsoft-Windows-TPM-WMI Guid={7d5387b0-cbe0-11da-a94d-0800200c9a66}/>
<EventID Qualifiers=(null)>1041</EventID>
<Version>0</Version>
<Level>4</Level>
<Task>0</Task>
<Opcode>0</Opcode>
<Keywords>0x8000000000000000</Keywords>
<TimeCreated SystemTime=2026-01-14T21:37:47.426632200Z/>
<EventRecordID>378</EventRecordID>
<Correlation ActivityID=(null) RelatedActivityID=(null)/>
<Execution ProcessID=1880 ThreadID=3856/>
<Channel>System</Channel>
<Computer>DESKTOP-5VCD46O</Computer>
<Security UserID=S-1-5-18/>
</System>
<EventData><Data Name=Json>{"Version":1,"HealthStatus":"Possibly attestable","Required":[{"Field":"TpmPresent","Value":true,"DesiredValue":true},{"Field":"TpmMeetsMinimumVersion","Value":true,"DesiredValue":true},{"Field":"TpmIsResponsive","Value":true,"DesiredValue":true},{"Field":"EkCertIsAvailable","Value":true,"DesiredValue":true},{"Field":"TcgLogFound","Value":true,"DesiredValue":true}],"Expected":[{"Field":"PcrsMatchTcgLog","Value":false,"DesiredValue":true,"DiagnosticInfo":{"SoftwarePcrReplayHresult":0,"HardwarePcrReplayHresult":0,"BitMaskOfPcrMismatches":1}}],"Informational":[{"Field":"SecureBootEnabled","ValueFromComputer":false,"ValueFromTcgLog":false,"DesiredValue":true,"TcgValueIsVerifiable":true},{"Field":"VirtualSecureMemory","ValueFromComputer":false,"ValueFromTcgLog":false,"DesiredValue":true,"TcgValueIsVerifiable":true},{"Field":"SecureCorePCCompliant","ValueFromComputer":false,"ValueFromTcgLog":false,"DesiredValue":true,"TcgValueIsVerifiable":true}]}</Data>
</EventData>
</Event>
ElfRec#000379 (0x00033208)	2026-01-14T21:37:47.4266994Z	size=480
<Event xmlns=http://schemas.microsoft.com/win/2004/08/events/event><System><Provider Name=Microsoft-Windows-TPM-WMI Guid={7d5387b0-cbe0-11da-a94d-0800200c9a66}/>
<EventID Qualifiers=(null)>1039</EventID>
<Version>0</Version>
<Level>4</Level>
<Task>0</Task>
<Opcode>0</Opcode>
<Keywords>0x8000000000000000</Keywords>
<TimeCreated SystemTime=2026-01-14T21:37:47.426699400Z/>
<EventRecordID>379</EventRecordID>
<Correlation ActivityID=(null) RelatedActivityID=(null)/>
<Execution ProcessID=1880 ThreadID=3856/>
<Channel>System</Channel>
<Computer>DESKTOP-5VCD46O</Computer>
<Security UserID=S-1-5-18/>
</System>
<EventData><Data Name=Path>C:\WINDOWS\Logs\MeasuredBoot\0000000003-0000000000.json</Data>
</EventData>
</Event>
ElfRec#000380 (0x000333e8)	2026-01-14T21:37:50.6553637Z	size=448
<Event xmlns=http://schemas.microsoft.com/win/2004/08/events/event><System><Provider Name=TPM Guid={1b6b0772-251b-4d42-917d-faca166bc059}/>
<EventID Qualifiers=(null)>18</EventID>
<Version>0</Version>
<Level>4</Level>
<Task>0</Task>
<Opcode>0</Opcode>
<Keywords>0x8000000000000000</Keywords>
<TimeCreated SystemTime=2026-01-14T21:37:50.655363700Z/>
<EventRecordID>380</EventRecordID>
<Correlation ActivityID=(null) RelatedActivityID=(null)/>
<Execution ProcessID=4 ThreadID=260/>
<Channel>System</Channel>
<Computer>DESKTOP-5VCD46O</Computer>
<Security UserID=S-1-5-18/>
</System>
<EventData><Data Name=driverFile>[Unknown Type 0x14, size 4]</Data>
<Data Name=lineNumber>217</Data>
<Data Name=Data>0</Data>
</EventData>
</Event>
ElfRec#000381 (0x000335a8)	2026-01-14T21:37:50.7860563Z	size=328
<Event xmlns=http://schemas.microsoft.com/win/2004/08/events/event><System><Provider Name=Microsoft-Windows-TPM-WMI Guid={7d5387b0-cbe0-11da-a94d-0800200c9a66}/>
<EventID Qualifiers=(null)>1282</EventID>
<Version>0</Version>
<Level>4</Level>
<Task>0</Task>
<Opcode>0</Opcode>
<Keywords>0x8000000000000000</Keywords>
<TimeCreated SystemTime=2026-01-14T21:37:50.786056300Z/>
<EventRecordID>381</EventRecordID>
<Correlation ActivityID=(null) RelatedActivityID=(null)/>
<Execution ProcessID=1880 ThreadID=904/>
<Channel>System</Channel>
<Computer>DESKTOP-5VCD46O</Computer>
<Security UserID=S-1-5-18/>
</System>
<EventData></EventData>
</Event>
ElfRec#000382 (0x000336f0)	2026-01-14T21:37:51.3938018Z	size=288
<Event xmlns=http://schemas.microsoft.com/win/2004/08/events/event><System><Provider Name=Microsoft-Windows-TPM-WMI Guid={7d5387b0-cbe0-11da-a94d-0800200c9a66}/>
<EventID Qualifiers=(null)>1025</EventID>
<Version>0</Version>
<Level>4</Level>
<Task>0</Task>
<Opcode>0</Opcode>
<Keywords>0x8000000000000000</Keywords>
<TimeCreated SystemTime=2026-01-14T21:37:51.393801800Z/>
<EventRecordID>382</EventRecordID>
<Correlation ActivityID=(null) RelatedActivityID=(null)/>
<Execution ProcessID=1880 ThreadID=904/>
<Channel>System</Channel>
<Computer>DESKTOP-5VCD46O</Computer>
<Security UserID=S-1-5-18/>
</System>
<EventData></EventData>
</Event>
ElfRec#000383 (0x00033810)	2026-01-14T21:37:52.3007576Z	size=688
<Event xmlns=http://schemas.microsoft.com/win/2004/08/events/event><System><Provider Name=Microsoft-Windows-DNS-Client Guid={1c95126e-7eea-49a9-a3fe-a378b03ddb4d}/>
<EventID Qualifiers=(null)>1014</EventID>
<Version>1</Version>
<Level>3</Level>
<Task>1014</Task>
<Opcode>0</Opcode>
<Keywords>0x4000000010000000</Keywords>
<TimeCreated SystemTime=2026-01-14T21:37:52.300757600Z/>
<EventRecordID>383</EventRecordID>
<Correlation ActivityID=(null) RelatedActivityID=(null)/>
<Execution ProcessID=772 ThreadID=2296/>
<Channel>System</Channel>
<Computer>DESKTOP-5VCD46O</Computer>
<Security UserID=S-1-5-20/>
</System>
<EventData><Data Name=QueryName>wpad</Data>
<Data Name=AddressLength>128</Data>
<Data Name=Address>[Unknown Type 0x0e, size 128]</Data>
<Data Name=ClientPID>2444</Data>
</EventData>
</Event>
ElfRec#000384 (0x00033ac0)	2026-01-14T21:37:55.6377975Z	size=592
<Event xmlns=http://schemas.microsoft.com/win/2004/08/events/event><System><Provider Name=Microsoft-Windows-Time-Service Guid={06edcfeb-0fd0-4e53-acca-a6f8bbf81bcb}/>
<EventID Qualifiers=(null)>37</EventID>
<Version>0</Version>
<Level>4</Level>
<Task>0</Task>
<Opcode>0</Opcode>
<Keywords>0x8000000000000000</Keywords>
<TimeCreated SystemTime=2026-01-14T21:37:55.637797500Z/>
<EventRecordID>384</EventRecordID>
<Correlation ActivityID=(null) RelatedActivityID=(null)/>
<Execution ProcessID=4316 ThreadID=4332/>
<Channel>System</Channel>
<Computer>DESKTOP-5VCD46O</Computer>
<Security UserID=S-1-5-19/>
</System>
<EventData Name=TMP_EVENT_TIME_SOURCE_REACHABLE><Data Name=TimeSource>time.windows.com,0x9 (ntp.m|0x9|0.0.0.0:123->20.43.94.199:123)</Data>
</EventData>
</Event>
