ElfRec#000161 (0x00017088)	2026-01-14T21:33:43.5677576Z	size=608
<Event xmlns=http://schemas.microsoft.com/win/2004/08/events/event><System><Provider Name=Microsoft-Windows-Kernel-General Guid={a68ca8b7-004f-d7b6-a698-07e2de0f1f5d}/>
<EventID Qualifiers=(null)>16</EventID>
<Version>0</Version>
<Level>4</Level>
<Task>0</Task>
<Opcode>0</Opcode>
<Keywords>0x8000000000000000</Keywords>
<TimeCreated SystemTime=2026-01-14T21:33:43.567757600Z/>
<EventRecordID>161</EventRecordID>
<Correlation ActivityID=(null) RelatedActivityID=(null)/>
<Execution ProcessID=2652 ThreadID=800/>
<Channel>System</Channel>
<Computer>WIN-S8AG37SE2O9</Computer>
<Security UserID=S-1-5-18/>
</System>
<EventData><Data Name=HiveNameLength>141</Data>
<Data Name=HiveName>\??\C:\ProgramData\Microsoft\Windows\AppRepository\Packages\Microsoft.XboxGamingOverlay_7.225.4030.0_arm64__8wekyb3d8bbwe\ActivationStore.dat</Data>
<Data Name=KeysUpdated>0</Data>
<Data Name=DirtyPages>0</Data>
</EventData>
</Event>
ElfRec#000162 (0x000172e8)	2026-01-14T21:33:43.9038561Z	size=616
<Event xmlns=http://schemas.microsoft.com/win/2004/08/events/event><System><Provider Name=Microsoft-Windows-Kernel-General Guid={a68ca8b7-004f-d7b6-a698-07e2de0f1f5d}/>
<EventID Qualifiers=(null)>16</EventID>
<Version>0</Version>
<Level>4</Level>
<Task>0</Task>
<Opcode>0</Opcode>
<Keywords>0x8000000000000000</Keywords>
<TimeCreated SystemTime=2026-01-14T21:33:43.903856100Z/>
<EventRecordID>162</EventRecordID>
<Correlation ActivityID=(null) RelatedActivityID=(null)/>
<Execution ProcessID=2652 ThreadID=800/>
<Channel>System</Channel>
<Computer>WIN-S8AG37SE2O9</Computer>
<Security UserID=S-1-5-18/>
</System>
<EventData><Data Name=HiveNameLength>146</Data>
<Data Name=HiveName>\??\C:\ProgramData\Microsoft\Windows\AppRepository\Packages\Microsoft.XboxIdentityProvider_12.110.15002.0_arm64__8wekyb3d8bbwe\ActivationStore.dat</Data>
<Data Name=KeysUpdated>0</Data>
<Data Name=DirtyPages>0</Data>
</EventData>
</Event>
ElfRec#000163 (0x00017550)	2026-01-14T21:33:44.1903050Z	size=624
<Event xmlns=http://schemas.microsoft.com/win/2004/08/events/event><System><Provider Name=Microsoft-Windows-Kernel-General Guid={a68ca8b7-004f-d7b6-a698-07e2de0f1f5d}/>
<EventID Qualifiers=(null)>16</EventID>
<Version>0</Version>
<Level>4</Level>
<Task>0</Task>
<Opcode>0</Opcode>
<Keywords>0x8000000000000000</Keywords>
<TimeCreated SystemTime=2026-01-14T21:33:44.190305000Z/>
<EventRecordID>163</EventRecordID>
<Correlation ActivityID=(null) RelatedActivityID=(null)/>
<Execution ProcessID=2652 ThreadID=800/>
<Channel>System</Channel>
<Computer>WIN-S8AG37SE2O9</Computer>
<Security UserID=S-1-5-18/>
</System>
<EventData><Data Name=HiveNameLength>148</Data>
<Data Name=HiveName>\??\C:\ProgramData\Microsoft\Windows\AppRepository\Packages\Microsoft.XboxSpeechToTextOverlay_1.111.30001.0_arm64__8wekyb3d8bbwe\ActivationStore.dat</Data>
<Data Name=KeysUpdated>0</Data>
<Data Name=DirtyPages>0</Data>
</EventData>
</Event>
ElfRec#000164 (0x000177c0)	2026-01-14T21:33:44.6949356Z	size=592
<Event xmlns=http://schemas.microsoft.com/win/2004/08/events/event><System><Provider Name=Microsoft-Windows-Kernel-General Guid={a68ca8b7-004f-d7b6-a698-07e2de0f1f5d}/>
<EventID Qualifiers=(null)>16</EventID>
<Version>0</Version>
<Level>4</Level>
<Task>0</Task>
<Opcode>0</Opcode>
<Keywords>0x8000000000000000</Keywords>
<TimeCreated SystemTime=2026-01-14T21:33:44.694935600Z/>
<EventRecordID>164</EventRecordID>
<Correlation ActivityID=(null) RelatedActivityID=(null)/>
<Execution ProcessID=2652 ThreadID=800/>
<Channel>System</Channel>
<Computer>WIN-S8AG37SE2O9</Computer>
<Security UserID=S-1-5-18/>
</System>
<EventData><Data Name=HiveNameLength>133</Data>
<Data Name=HiveName>\??\C:\ProgramData\Microsoft\Windows\AppRepository\Packages\Microsoft.YourPhone_0.25011.62.0_arm64__8wekyb3d8bbwe\ActivationStore.dat</Data>
<Data Name=KeysUpdated>0</Data>
<Data Name=DirtyPages>0</Data>
</EventData>
</Event>
ElfRec#000165 (0x00017a10)	2026-01-14T21:33:45.9318677Z	size=592
<Event xmlns=http://schemas.microsoft.com/win/2004/08/events/event><System><Provider Name=Microsoft-Windows-Kernel-General Guid={a68ca8b7-004f-d7b6-a698-07e2de0f1f5d}/>
<EventID Qualifiers=(null)>16</EventID>
<Version>0</Version>
<Level>4</Level>
<Task>0</Task>
<Opcode>0</Opcode>
<Keywords>0x8000000000000000</Keywords>
<TimeCreated SystemTime=2026-01-14T21:33:45.931867700Z/>
<EventRecordID>165</EventRecordID>
<Correlation ActivityID=(null) RelatedActivityID=(null)/>
<Execution ProcessID=2652 ThreadID=800/>
<Channel>System</Channel>
<Computer>WIN-S8AG37SE2O9</Computer>
<Security UserID=S-1-5-18/>
</System>
<EventData><Data Name=HiveNameLength>132</Data>
<Data Name=HiveName>\??\C:\ProgramData\Microsoft\Windows\AppRepository\Packages\Microsoft.ZuneMusic_11.2501.9.0_arm64__8wekyb3d8bbwe\ActivationStore.dat</Data>
<Data Name=KeysUpdated>0</Data>
<Data Name=DirtyPages>0</Data>
</EventData>
</Event>
ElfRec#000166 (0x00017c60)	2026-01-14T21:33:55.2355129Z	size=632
<Event xmlns=http://schemas.microsoft.com/win/2004/08/events/event><System><Provider Name=Microsoft-Windows-Kernel-General Guid={a68ca8b7-004f-d7b6-a698-07e2de0f1f5d}/>
<EventID Qualifiers=(null)>16</EventID>
<Version>0</Version>
<Level>4</Level>
<Task>0</Task>
<Opcode>0</Opcode>
<Keywords>0x8000000000000000</Keywords>
<TimeCreated SystemTime=2026-01-14T21:33:55.235512900Z/>
<EventRecordID>166</EventRecordID>
<Correlation ActivityID=(null) RelatedActivityID=(null)/>
<Execution ProcessID=2652 ThreadID=800/>
<Channel>System</Channel>
<Computer>WIN-S8AG37SE2O9</Computer>
<Security UserID=S-1-5-18/>
</System>
<EventData><Data Name=HiveNameLength>153</Data>
<Data Name=HiveName>\??\C:\ProgramData\Microsoft\Windows\AppRepository\Packages\MicrosoftWindows.Client.WebExperience_524.30502.30.9_arm64__cw5n1h2txyewy\ActivationStore.dat</Data>
<Data Name=KeysUpdated>0</Data>
<Data Name=DirtyPages>0</Data>
</EventData>
</Event>
ElfRec#000167 (0x00017ed8)	2026-01-14T21:33:55.7161040Z	size=608
<Event xmlns=http://schemas.microsoft.com/win/2004/08/events/event><System><Provider Name=Microsoft-Windows-Kernel-General Guid={a68ca8b7-004f-d7b6-a698-07e2de0f1f5d}/>
<EventID Qualifiers=(null)>16</EventID>
<Version>0</Version>
<Level>4</Level>
<Task>0</Task>
<Opcode>0</Opcode>
<Keywords>0x8000000000000000</Keywords>
<TimeCreated SystemTime=2026-01-14T21:33:55.716104000Z/>
<EventRecordID>167</EventRecordID>
<Correlation ActivityID=(null) RelatedActivityID=(null)/>
<Execution ProcessID=2652 ThreadID=800/>
<Channel>System</Channel>
<Computer>WIN-S8AG37SE2O9</Computer>
<Security UserID=S-1-5-18/>
</System>
<EventData><Data Name=HiveNameLength>142</Data>
<Data Name=HiveName>\??\C:\ProgramData\Microsoft\Windows\AppRepository\Packages\MicrosoftWindows.CrossDevice_0.25011.11.0_arm64__cw5n1h2txyewy\ActivationStore.dat</Data>
<Data Name=KeysUpdated>0</Data>
<Data Name=DirtyPages>0</Data>
</EventData>
</Event>
ElfRec#000168 (0x00018138)	2026-01-14T21:33:56.6978545Z	size=496
<Event xmlns=http://schemas.microsoft.com/win/2004/08/events/event><System><Provider Name=Microsoft-Windows-Kernel-General Guid={a68ca8b7-004f-d7b6-a698-07e2de0f1f5d}/>
<EventID Qualifiers=(null)>16</EventID>
<Version>0</Version>
<Level>4</Level>
<Task>0</Task>
<Opcode>0</Opcode>
<Keywords>0x8000000000000000</Keywords>
<TimeCreated SystemTime=2026-01-14T21:33:56.697854500Z/>
<EventRecordID>168</EventRecordID>
<Correlation ActivityID=(null) RelatedActivityID=(null)/>
<Execution ProcessID=1612 ThreadID=2240/>
<Channel>System</Channel>
<Computer>WIN-S8AG37SE2O9</Computer>
<Security UserID=S-1-5-18/>
</System>
<EventData><Data Name=HiveNameLength>85</Data>
<Data Name=HiveName>\??\C:\ProgramData\Microsoft\Provisioning\Microsoft-Desktop-Provisioning-Sequence.dat</Data>
<Data Name=KeysUpdated>0</Data>
<Data Name=DirtyPages>0</Data>
</EventData>
</Event>
ElfRec#000169 (0x00018328)	2026-01-14T21:33:58.2242431Z	size=400
<Event xmlns=http://schemas.microsoft.com/win/2004/08/events/event><System><Provider Name=Microsoft-Windows-UserModePowerService Guid={ce8dee0b-d539-4000-b0f8-77bed049c590}/>
<EventID Qualifiers=(null)>22</EventID>
<Version>0</Version>
<Level>4</Level>
<Task>18</Task>
<Opcode>0</Opcode>
<Keywords>0x4000000000000000</Keywords>
<TimeCreated SystemTime=2026-01-14T21:33:58.224243100Z/>
<EventRecordID>169</EventRecordID>
<Correlation ActivityID=(null) RelatedActivityID=(null)/>
<Execution ProcessID=928 ThreadID=944/>
<Channel>System</Channel>
<Computer>WIN-S8AG37SE2O9</Computer>
<Security UserID=S-1-5-18/>
</System>
<EventData><Data Name=Turn>1</Data>
</EventData>
</Event>
ElfRec#000170 (0x000184b8)	2026-01-14T21:34:02.7068129Z	size=856
<Event xmlns=http://schemas.microsoft.com/win/2004/08/events/event><System><Provider Name=EventLog/>
<EventID Qualifiers=32768>6006</EventID>
<Version>0</Version>
<Level>4</Level>
<Task>0</Task>
<Opcode>0</Opcode>
<Keywords>0x0080000000000000</Keywords>
<TimeCreated SystemTime=2026-01-14T21:34:02.706812900Z/>
<EventRecordID>170</EventRecordID>
<Correlation ActivityID=(null) RelatedActivityID=(null)/>
<Execution ProcessID=2116 ThreadID=2320/>
<Channel>System</Channel>
<Computer>WIN-S8AG37SE2O9</Computer>
<Security UserID=(null)/>
</System>
<EventData><Data>(null)</Data>
<Binary>[Unknown Type 0x0e, size 8]</Binary>
</EventData>
</Event>
ElfRec#000171 (0x00018810)	2026-01-14T21:34:01.7331355Z	size=928
<Event xmlns=http://schemas.microsoft.com/win/2004/08/events/event><System><Provider Name=Microsoft-Windows-Setup Guid={75ebc33e-997f-49cf-b49f-ecc50184b75d}/>
<EventID Qualifiers=(null)>2004</EventID>
<Version>0</Version>
<Level>4</Level>
<Task>4000</Task>
<Opcode>0</Opcode>
<Keywords>0x2000400000000000</Keywords>
<TimeCreated SystemTime=2026-01-14T21:34:01.733135500Z/>
<EventRecordID>171</EventRecordID>
<Correlation ActivityID={498b4062-859d-0000-c6de-8b499d85dc01} RelatedActivityID=(null)/>
<Execution ProcessID=2024 ThreadID=2028/>
<Channel>System</Channel>
<Computer>WIN-S8AG37SE2O9</Computer>
<Security UserID=S-1-5-18/>
</System>
<EventData><Data Name=OSName>Windows 10 Pro</Data>
<Data Name=OSEditionID>Professional</Data>
<Data Name=OSmajorversion>10</Data>
<Data Name=OSminorversion>0</Data>
<Data Name=OSbuildversion>26100</Data>
<Data Name=OSservicepackName></Data>
<Data Name=OSservicepackmajorversion>0</Data>
<Data Name=OSservicepackminorversion>0</Data>
</EventData>
</Event>
ElfRec#000172 (0x00018bb0)	2026-01-14T21:34:02.5025578Z	size=1512
<Event xmlns=http://schemas.microsoft.com/win/2004/08/events/event><System><Provider Name=User32 Guid={b0aa8734-56f7-41cc-b2f4-de228e98b946} EventSourceName=User32/>
<EventID Qualifiers=32768>1074</EventID>
<Version>0</Version>
<Level>4</Level>
<Task>0</Task>
<Opcode>0</Opcode>
<Keywords>0x8080000000000000</Keywords>
<TimeCreated SystemTime=2026-01-14T21:34:02.502557800Z/>
<EventRecordID>172</EventRecordID>
<Correlation ActivityID=(null) RelatedActivityID=(null)/>
<Execution ProcessID=576 ThreadID=1488/>
<Channel>System</Channel>
<Computer>WIN-S8AG37SE2O9</Computer>
<Security UserID=S-1-5-18/>
</System>
<EventData><Data Name=param1>C:\WINDOWS\system32\winlogon.exe (MINWINPC)</Data>
<Data Name=param2>WIN-S8AG37SE2O9</Data>
<Data Name=param3>Operating System: Upgrade (Planned)</Data>
<Data Name=param4>0x80020003</Data>
<Data Name=param5>restart</Data>
<Data Name=param6>[Empty]</Data>
<Data Name=param7>NT AUTHORITY\SYSTEM</Data>
</EventData>
</Event>
ElfRec#000173 (0x00019198)	2026-01-14T21:34:02.6701068Z	size=296
<Event xmlns=http://schemas.microsoft.com/win/2004/08/events/event><System><Provider Name=Microsoft-Windows-Dhcp-Client Guid={15a7a4f8-0072-4eab-abad-f98a4d666aed}/>
<EventID Qualifiers=(null)>50104</EventID>
<Version>0</Version>
<Level>4</Level>
<Task>4</Task>
<Opcode>129</Opcode>
<Keywords>0x2000000000000000</Keywords>
<TimeCreated SystemTime=2026-01-14T21:34:02.670106800Z/>
<EventRecordID>173</EventRecordID>
<Correlation ActivityID=(null) RelatedActivityID=(null)/>
<Execution ProcessID=2620 ThreadID=2624/>
<Channel>System</Channel>
<Computer>WIN-S8AG37SE2O9</Computer>
<Security UserID=S-1-5-19/>
</System>
<EventData></EventData>
</Event>
ElfRec#000174 (0x000192c0)	2026-01-14T21:34:02.6730748Z	size=296
<Event xmlns=http://schemas.microsoft.com/win/2004/08/events/event><System><Provider Name=Microsoft-Windows-Dhcp-Client Guid={15a7a4f8-0072-4eab-abad-f98a4d666aed}/>
<EventID Qualifiers=(null)>50105</EventID>
<Version>0</Version>
<Level>4</Level>
<Task>4</Task>
<Opcode>129</Opcode>
<Keywords>0x2000000000000000</Keywords>
<TimeCreated SystemTime=2026-01-14T21:34:02.673074800Z/>
<EventRecordID>174</EventRecordID>
<Correlation ActivityID=(null) RelatedActivityID=(null)/>
<Execution ProcessID=2620 ThreadID=2712/>
<Channel>System</Channel>
<Computer>WIN-S8AG37SE2O9</Computer>
<Security UserID=S-1-5-19/>
</System>
<EventData></EventData>
</Event>
ElfRec#000175 (0x000193e8)	2026-01-14T21:34:02.6808472Z	size=392
<Event xmlns=http://schemas.microsoft.com/win/2004/08/events/event><System><Provider Name=Microsoft-Windows-DHCPv6-Client Guid={6a1f2b00-6a90-4c38-95a5-5cab3b056778}/>
<EventID Qualifiers=(null)>51047</EventID>
<Version>0</Version>
<Level>4</Level>
<Task>4</Task>
<Opcode>63</Opcode>
<Keywords>0x2000000000000000</Keywords>
<TimeCreated SystemTime=2026-01-14T21:34:02.680847200Z/>
<EventRecordID>175</EventRecordID>
<Correlation ActivityID=(null) RelatedActivityID=(null)/>
<Execution ProcessID=2620 ThreadID=2752/>
<Channel>System</Channel>
<Computer>WIN-S8AG37SE2O9</Computer>
<Security UserID=S-1-5-19/>
</System>
<EventData><Data Name=DwordVal>1</Data>
</EventData>
</Event>
ElfRec#000176 (0x00019570)	2026-01-14T21:34:02.6864166Z	size=296
<Event xmlns=http://schemas.microsoft.com/win/2004/08/events/event><System><Provider Name=Microsoft-Windows-Dhcp-Client Guid={15a7a4f8-0072-4eab-abad-f98a4d666aed}/>
<EventID Qualifiers=(null)>50106</EventID>
<Version>0</Version>
<Level>4</Level>
<Task>4</Task>
<Opcode>129</Opcode>
<Keywords>0x2000000000000000</Keywords>
<TimeCreated SystemTime=2026-01-14T21:34:02.686416600Z/>
<EventRecordID>176</EventRecordID>
<Correlation ActivityID=(null) RelatedActivityID=(null)/>
<Execution ProcessID=2620 ThreadID=2712/>
<Channel>System</Channel>
<Computer>WIN-S8AG37SE2O9</Computer>
<Security UserID=S-1-5-19/>
</System>
<EventData></EventData>
</Event>
ElfRec#000177 (0x00019698)	2026-01-14T21:34:26.7981379Z	size=816
<Event xmlns=http://schemas.microsoft.com/win/2004/08/events/event><System><Provider Name=EventLog/>
<EventID Qualifiers=32768>6011</EventID>
<Version>0</Version>
<Level>4</Level>
<Task>0</Task>
<Opcode>0</Opcode>
<Keywords>0x0080000000000000</Keywords>
<TimeCreated SystemTime=2026-01-14T21:34:26.798137900Z/>
<EventRecordID>177</EventRecordID>
<Correlation ActivityID=(null) RelatedActivityID=(null)/>
<Execution ProcessID=2652 ThreadID=2724/>
<Channel>System</Channel>
<Computer>DESKTOP-L7M0243</Computer>
<Security UserID=(null)/>
</System>
<EventData><Data>[Unknown Type 0x81, size 64]</Data>
<Binary>(null)</Binary>
</EventData>
</Event>
ElfRec#000178 (0x000199c8)	2026-01-14T21:34:26.7985603Z	size=280
<Event xmlns=http://schemas.microsoft.com/win/2004/08/events/event><System><Provider Name=EventLog/>
<EventID Qualifiers=32768>6009</EventID>
<Version>0</Version>
<Level>4</Level>
<Task>0</Task>
<Opcode>0</Opcode>
<Keywords>0x0080000000000000</Keywords>
<TimeCreated SystemTime=2026-01-14T21:34:26.798560300Z/>
<EventRecordID>178</EventRecordID>
<Correlation ActivityID=(null) RelatedActivityID=(null)/>
<Execution ProcessID=2652 ThreadID=2724/>
<Channel>System</Channel>
<Computer>DESKTOP-L7M0243</Computer>
<Security UserID=(null)/>
</System>
<EventData><Data>[Unknown Type 0x81, size 72]</Data>
<Binary>(null)</Binary>
</EventData>
</Event>
ElfRec#000179 (0x00019ae0)	2026-01-14T21:34:26.7985917Z	size=232
<Event xmlns=http://schemas.microsoft.com/win/2004/08/events/event><System><Provider Name=EventLog/>
<EventID Qualifiers=32768>6005</EventID>
<Version>0</Version>
<Level>4</Level>
<Task>0</Task>
<Opcode>0</Opcode>
<Keywords>0x0080000000000000</Keywords>
<TimeCreated SystemTime=2026-01-14T21:34:26.798591700Z/>
<EventRecordID>179</EventRecordID>
<Correlation ActivityID=(null) RelatedActivityID=(null)/>
<Execution ProcessID=2652 ThreadID=2724/>
<Channel>System</Channel>
<Computer>DESKTOP-L7M0243</Computer>
<Security UserID=(null)/>
</System>
<EventData><Data>(null)</Data>
<Binary>[Unknown Type 0x0e, size 24]</Binary>
</EventData>
</Event>
ElfRec#000180 (0x00019bc8)	2026-01-14T21:34:26.7988902Z	size=608
<Event xmlns=http://schemas.microsoft.com/win/2004/08/events/event><System><Provider Name=EventLog/>
<EventID Qualifiers=32768>6013</EventID>
<Version>0</Version>
<Level>4</Level>
<Task>0</Task>
<Opcode>0</Opcode>
<Keywords>0x0080000000000000</Keywords>
<TimeCreated SystemTime=2026-01-14T21:34:26.798890200Z/>
<EventRecordID>180</EventRecordID>
<Correlation ActivityID=(null) RelatedActivityID=(null)/>
<Execution ProcessID=2652 ThreadID=2724/>
<Channel>System</Channel>
<Computer>DESKTOP-L7M0243</Computer>
<Security UserID=(null)/>
</System>
<EventData><Data>[Unknown Type 0x81, size 72]</Data>
<Binary>[Unknown Type 0x0e, size 326]</Binary>
</EventData>
</Event>
ElfRec#000181 (0x00019e28)	2026-01-14T21:34:02.7845900Z	size=832
<Event xmlns=http://schemas.microsoft.com/win/2004/08/events/event><System><Provider Name=Microsoft-Windows-DHCPv6-Client Guid={6a1f2b00-6a90-4c38-95a5-5cab3b056778}/>
<EventID Qualifiers=(null)>51057</EventID>
<Version>0</Version>
<Level>4</Level>
<Task>4</Task>
<Opcode>104</Opcode>
<Keywords>0x2000000000000000</Keywords>
<TimeCreated SystemTime=2026-01-14T21:34:02.784590000Z/>
<EventRecordID>181</EventRecordID>
<Correlation ActivityID=(null) RelatedActivityID=(null)/>
<Execution ProcessID=2620 ThreadID=2752/>
<Channel>System</Channel>
<Computer>DESKTOP-L7M0243</Computer>
<Security UserID=S-1-5-19/>
</System>
<EventData><Data Name=DwordVal>1</Data>
</EventData>
</Event>
ElfRec#000182 (0x0001a168)	2026-01-14T21:34:02.7886847Z	size=304
<Event xmlns=http://schemas.microsoft.com/win/2004/08/events/event><System><Provider Name=Microsoft-Windows-Dhcp-Client Guid={15a7a4f8-0072-4eab-abad-f98a4d666aed}/>
<EventID Qualifiers=(null)>50037</EventID>
<Version>0</Version>
<Level>4</Level>
<Task>4</Task>
<Opcode>69</Opcode>
<Keywords>0x2000000000000000</Keywords>
<TimeCreated SystemTime=2026-01-14T21:34:02.788684700Z/>
<EventRecordID>182</EventRecordID>
<Correlation ActivityID=(null) RelatedActivityID=(null)/>
<Execution ProcessID=2620 ThreadID=2712/>
<Channel>System</Channel>
<Computer>DESKTOP-L7M0243</Computer>
<Security UserID=S-1-5-19/>
</System>
<EventData><Data Name=DwordVal>1</Data>
</EventData>
</Event>
ElfRec#000183 (0x0001a298)	2026-01-14T21:34:07.6608117Z	size=552
<Event xmlns=http://schemas.microsoft.com/win/2004/08/events/event><System><Provider Name=Microsoft-Windows-Kernel-Power Guid={331c3b3a-2005-44c2-ac5e-77220c37d6b4}/>
<EventID Qualifiers=(null)>109</EventID>
<Version>0</Version>
<Level>4</Level>
<Task>103</Task>
<Opcode>0</Opcode>
<Keywords>0x8000400000000404</Keywords>
<TimeCreated SystemTime=2026-01-14T21:34:07.660811700Z/>
<EventRecordID>183</EventRecordID>
<Correlation ActivityID=(null) RelatedActivityID=(null)/>
<Execution ProcessID=644 ThreadID=648/>
<Channel>System</Channel>
<Computer>DESKTOP-L7M0243</Computer>
<Security UserID=S-1-5-18/>
</System>
<EventData><Data Name=ShutdownActionType>5</Data>
<Data Name=ShutdownEventCode>0</Data>
<Data Name=ShutdownReason>5</Data>
</EventData>
</Event>
ElfRec#000184 (0x0001a4c0)	2026-01-14T21:34:07.7411856Z	size=512
<Event xmlns=http://schemas.microsoft.com/win/2004/08/events/event><System><Provider Name=Microsoft-Windows-Kernel-Power Guid={331c3b3a-2005-44c2-ac5e-77220c37d6b4}/>
<EventID Qualifiers=(null)>577</EventID>
<Version>0</Version>
<Level>4</Level>
<Task>280</Task>
<Opcode>0</Opcode>
<Keywords>0x8000000000000004</Keywords>
<TimeCreated SystemTime=2026-01-14T21:34:07.741185600Z/>
<EventRecordID>184</EventRecordID>
<Correlation ActivityID=(null) RelatedActivityID=(null)/>
<Execution ProcessID=4 ThreadID=248/>
<Channel>System</Channel>
<Computer>DESKTOP-L7M0243</Computer>
<Security UserID=(null)/>
</System>
<EventData><Data Name=AdaptiveTargetState>0</Data>
<Data Name=IsUnattended>[Unknown Type 0x0d, size 4]</Data>
<Data Name=Status>279</Data>
</EventData>
</Event>
ElfRec#000185 (0x0001a6c0)	2026-01-14T21:34:07.7729636Z	size=384
<Event xmlns=http://schemas.microsoft.com/win/2004/08/events/event><System><Provider Name=Microsoft-Windows-Kernel-General Guid={a68ca8b7-004f-d7b6-a698-07e2de0f1f5d}/>
<EventID Qualifiers=(null)>13</EventID>
<Version>0</Version>
<Level>4</Level>
<Task>2</Task>
<Opcode>0</Opcode>
<Keywords>0x8000000000000080</Keywords>
<TimeCreated SystemTime=2026-01-14T21:34:07.772963600Z/>
<EventRecordID>185</EventRecordID>
<Correlation ActivityID=(null) RelatedActivityID=(null)/>
<Execution ProcessID=4 ThreadID=248/>
<Channel>System</Channel>
<Computer>DESKTOP-L7M0243</Computer>
<Security UserID=(null)/>
</System>
<EventData><Data Name=StopTime>2026-01-14T21:34:07.772962800Z</Data>
</EventData>
</Event>
ElfRec#000186 (0x0001a840)	2026-01-14T21:34:15.5769175Z	size=760
<Event xmlns=http://schemas.microsoft.com/win/2004/08/events/event><System><Provider Name=Microsoft-Windows-Kernel-General Guid={a68ca8b7-004f-d7b6-a698-07e2de0f1f5d}/>
<EventID Qualifiers=(null)>12</EventID>
<Version>0</Version>
<Level>4</Level>
<Task>1</Task>
<Opcode>0</Opcode>
<Keywords>0x8000000000000080</Keywords>
<TimeCreated SystemTime=2026-01-14T21:34:15.576917500Z/>
<EventRecordID>186</EventRecordID>
<Correlation ActivityID=(null) RelatedActivityID=(null)/>
<Execution ProcessID=4 ThreadID=8/>
<Channel>System</Channel>
<Computer>DESKTOP-L7M0243</Computer>
<Security UserID=S-1-5-18/>
</System>
<EventData><Data Name=MajorVersion>10</Data>
<Data Name=MinorVersion>0</Data>
<Data Name=BuildVersion>26100</Data>
<Data Name=QfeVersion>4343</Data>
<Data Name=ServiceVersion>0</Data>
<Data Name=BootMode>0</Data>
<Data Name=StartTime>2026-01-14T21:34:15.400792800Z</Data>
</EventData>
</Event>
ElfRec#000187 (0x0001ab38)	2026-01-14T21:34:15.5769181Z	size=840
<Event xmlns=http://schemas.microsoft.com/win/2004/08/events/event><System><Provider Name=Microsoft-Windows-Kernel-General Guid={a68ca8b7-004f-d7b6-a698-07e2de0f1f5d}/>
<EventID Qualifiers=(null)>25</EventID>
<Version>0</Version>
<Level>4</Level>
<Task>12</Task>
<Opcode>0</Opcode>
<Keywords>0x8000000000000010</Keywords>
<TimeCreated SystemTime=2026-01-14T21:34:15.576918100Z/>
<EventRecordID>187</EventRecordID>
<Correlation ActivityID=(null) RelatedActivityID=(null)/>
<Execution ProcessID=4 ThreadID=8/>
<Channel>System</Channel>
<Computer>DESKTOP-L7M0243</Computer>
<Security UserID=S-1-5-18/>
</System>
<EventData><Data Name=SystemTime>2026-01-14T21:34:15.400792800Z</Data>
<Data Name=LoaderTime>2026-01-14T21:34:15.000000000Z</Data>
<Data Name=InternalBootFlags>2</Data>
<Data Name=HalRtcErrorCode>0</Data>
<Data Name=RealTimeIsUniversal>[Unknown Type 0x0d, size 4]</Data>
<Data Name=IsSoftBoot>[Unknown Type 0x0d, size 4]</Data>
<Data Name=Success>[Unknown Type 0x0d, size 4]</Data>
<Data Name=Phase>2</Data>
</EventData>
</Event>
ElfRec#000188 (0x0001ae80)	2026-01-14T21:34:15.5770085Z	size=520
<Event xmlns=http://schemas.microsoft.com/win/2004/08/events/event><System><Provider Name=Microsoft-Windows-Kernel-Boot Guid={15ca44ff-4d7a-4baa-bba5-0998955e531e}/>
<EventID Qualifiers=(null)>153</EventID>
<Version>0</Version>
<Level>4</Level>
<Task>62</Task>
<Opcode>0</Opcode>
<Keywords>0x8000000000000000</Keywords>
<TimeCreated SystemTime=2026-01-14T21:34:15.577008500Z/>
<EventRecordID>188</EventRecordID>
<Correlation ActivityID=(null) RelatedActivityID=(null)/>
<Execution ProcessID=4 ThreadID=8/>
<Channel>System</Channel>
<Computer>DESKTOP-L7M0243</Computer>
<Security UserID=S-1-5-18/>
</System>
<EventData><Data Name=Status>0</Data>
<Data Name=EnableDisableReason>0</Data>
<Data Name=VsmPolicy>0</Data>
</EventData>
</Event>
ElfRec#000189 (0x0001b088)	2026-01-14T21:34:15.5770767Z	size=592
<Event xmlns=http://schemas.microsoft.com/win/2004/08/events/event><System><Provider Name=Microsoft-Windows-Kernel-Boot Guid={15ca44ff-4d7a-4baa-bba5-0998955e531e}/>
<EventID Qualifiers=(null)>20</EventID>
<Version>1</Version>
<Level>4</Level>
<Task>31</Task>
<Opcode>0</Opcode>
<Keywords>0x8000000000000000</Keywords>
<TimeCreated SystemTime=2026-01-14T21:34:15.577076700Z/>
<EventRecordID>189</EventRecordID>
<Correlation ActivityID=(null) RelatedActivityID=(null)/>
<Execution ProcessID=4 ThreadID=8/>
<Channel>System</Channel>
<Computer>DESKTOP-L7M0243</Computer>
<Security UserID=S-1-5-18/>
</System>
<EventData><Data Name=LastShutdownGood>[Unknown Type 0x0d, size 4]</Data>
<Data Name=LastBootGood>[Unknown Type 0x0d, size 4]</Data>
<Data Name=LastBootId>1</Data>
<Data Name=BootStatusPolicy>2</Data>
</EventData>
</Event>
ElfRec#000190 (0x0001b2d8)	2026-01-14T21:34:15.5770778Z	size=448
<Event xmlns=http://schemas.microsoft.com/win/2004/08/events/event><System><Provider Name=Microsoft-Windows-Kernel-Boot Guid={15ca44ff-4d7a-4baa-bba5-0998955e531e}/>
<EventID Qualifiers=(null)>247</EventID>
<Version>0</Version>
<Level>4</Level>
<Task>99</Task>
<Opcode>12</Opcode>
<Keywords>0x8000000000000000</Keywords>
<TimeCreated SystemTime=2026-01-14T21:34:15.577077800Z/>
<EventRecordID>190</EventRecordID>
<Correlation ActivityID=(null) RelatedActivityID=(null)/>
<Execution ProcessID=4 ThreadID=8/>
<Channel>System</Channel>
<Computer>DESKTOP-L7M0243</Computer>
<Security UserID=S-1-5-18/>
</System>
<EventData><Data Name=Status>3221225473</Data>
<Data Name=FailureReason>0</Data>
</EventData>
</Event>
ElfRec#000191 (0x0001b498)	2026-01-14T21:34:15.5770994Z	size=520
<Event xmlns=http://schemas.microsoft.com/win/2004/08/events/event><System><Provider Name=Microsoft-Windows-Kernel-Boot Guid={15ca44ff-4d7a-4baa-bba5-0998955e531e}/>
<EventID Qualifiers=(null)>238</EventID>
<Version>1</Version>
<Level>4</Level>
<Task>101</Task>
<Opcode>0</Opcode>
<Keywords>0x8000000000000000</Keywords>
<TimeCreated SystemTime=2026-01-14T21:34:15.577099400Z/>
<EventRecordID>191</EventRecordID>
<Correlation ActivityID=(null) RelatedActivityID=(null)/>
<Execution ProcessID=4 ThreadID=8/>
<Channel>System</Channel>
<Computer>DESKTOP-L7M0243</Computer>
<Security UserID=S-1-5-18/>
</System>
<EventData><Data Name=EfiTimeZoneBias>[Unknown Type 0x05, size 2]</Data>
<Data Name=EfiDaylightFlags>0</Data>
<Data Name=EfiTime>2026-01-14T13:34:15.000000000Z</Data>
</EventData>
</Event>
ElfRec#000192 (0x0001b6a0)	2026-01-14T21:34:15.5770997Z	size=400
<Event xmlns=http://schemas.microsoft.com/win/2004/08/events/event><System><Provider Name=Microsoft-Windows-Kernel-Boot Guid={15ca44ff-4d7a-4baa-bba5-0998955e531e}/>
<EventID Qualifiers=(null)>25</EventID>
<Version>0</Version>
<Level>4</Level>
<Task>32</Task>
<Opcode>0</Opcode>
<Keywords>0x8000000000000000</Keywords>
<TimeCreated SystemTime=2026-01-14T21:34:15.577099700Z/>
<EventRecordID>192</EventRecordID>
<Correlation ActivityID=(null) RelatedActivityID=(null)/>
<Execution ProcessID=4 ThreadID=8/>
<Channel>System</Channel>
<Computer>DESKTOP-L7M0243</Computer>
<Security UserID=S-1-5-18/>
</System>
<EventData><Data Name=BootMenuPolicy>1</Data>
</EventData>
</Event>
ElfRec#000193 (0x0001b830)	2026-01-14T21:34:15.5770999Z	size=488
<Event xmlns=http://schemas.microsoft.com/win/2004/08/events/event><System><Provider Name=Microsoft-Windows-Kernel-Boot Guid={15ca44ff-4d7a-4baa-bba5-0998955e531e}/>
<EventID Qualifiers=(null)>27</EventID>
<Version>1</Version>
<Level>4</Level>
<Task>33</Task>
<Opcode>0</Opcode>
<Keywords>0x8000000000000000</Keywords>
<TimeCreated SystemTime=2026-01-14T21:34:15.577099900Z/>
<EventRecordID>193</EventRecordID>
<Correlation ActivityID=(null) RelatedActivityID=(null)/>
<Execution ProcessID=4 ThreadID=8/>
<Channel>System</Channel>
<Computer>DESKTOP-L7M0243</Computer>
<Security UserID=S-1-5-18/>
</System>
<EventData><Data Name=BootType>0</Data>
<Data Name=LoadOptions> NOEXECUTE=OPTIN  FVEBOOT=2148048896  NOVGA</Data>
</EventData>
</Event>
ElfRec#000194 (0x0001ba18)	2026-01-14T21:34:15.5771291Z	size=336
<Event xmlns=http://schemas.microsoft.com/win/2004/08/events/event><System><Provider Name=Microsoft-Windows-Kernel-Boot Guid={15ca44ff-4d7a-4baa-bba5-0998955e531e}/>
<EventID Qualifiers=(null)>26</EventID>
<Version>0</Version>
<Level>4</Level>
<Task>0</Task>
<Opcode>0</Opcode>
<Keywords>0x8000080000000000</Keywords>
<TimeCreated SystemTime=2026-01-14T21:34:15.577129100Z/>
<EventRecordID>194</EventRecordID>
<Correlation ActivityID=(null) RelatedActivityID=(null)/>
<Execution ProcessID=4 ThreadID=8/>
<Channel>System</Channel>
<Computer>DESKTOP-L7M0243</Computer>
<Security UserID=S-1-5-18/>
</System>
<EventData></EventData>
</Event>
ElfRec#000195 (0x0001bb68)	2026-01-14T21:34:15.5771369Z	size=424
<Event xmlns=http://schemas.microsoft.com/win/2004/08/events/event><System><Provider Name=Microsoft-Windows-Kernel-Boot Guid={15ca44ff-4d7a-4baa-bba5-0998955e531e}/>
<EventID Qualifiers=(null)>32</EventID>
<Version>0</Version>
<Level>4</Level>
<Task>58</Task>
<Opcode>0</Opcode>
<Keywords>0x8000000000000000</Keywords>
<TimeCreated SystemTime=2026-01-14T21:34:15.577136900Z/>
<EventRecordID>195</EventRecordID>
<Correlation ActivityID=(null) RelatedActivityID=(null)/>
<Execution ProcessID=4 ThreadID=8/>
<Channel>System</Channel>
<Computer>DESKTOP-L7M0243</Computer>
<Security UserID=S-1-5-18/>
</System>
<EventData><Data Name=BitlockerUserInputTime>0</Data>
</EventData>
</Event>
ElfRec#000196 (0x0001bd10)	2026-01-14T21:34:15.5787121Z	size=568
<Event xmlns=http://schemas.microsoft.com/win/2004/08/events/event><System><Provider Name=Microsoft-Windows-Kernel-General Guid={a68ca8b7-004f-d7b6-a698-07e2de0f1f5d}/>
<EventID Qualifiers=(null)>20</EventID>
<Version>0</Version>
<Level>4</Level>
<Task>6</Task>
<Opcode>0</Opcode>
<Keywords>0x8000000000000010</Keywords>
<TimeCreated SystemTime=2026-01-14T21:34:15.578712100Z/>
<EventRecordID>196</EventRecordID>
<Correlation ActivityID=(null) RelatedActivityID=(null)/>
<Execution ProcessID=4 ThreadID=8/>
<Channel>System</Channel>
<Computer>DESKTOP-L7M0243</Computer>
<Security UserID=S-1-5-18/>
</System>
<EventData><Data Name=UpdateReason>0</Data>
<Data Name=EnabledNew>[Unknown Type 0x0d, size 4]</Data>
<Data Name=CountNew>0</Data>
<Data Name=CountOld>0</Data>
</EventData>
</Event>
ElfRec#000197 (0x0001bf48)	2026-01-14T21:34:15.5950659Z	size=280
<Event xmlns=http://schemas.microsoft.com/win/2004/08/events/event><System><Provider Name=Microsoft-Windows-HAL Guid={63d1e632-95cc-4443-9312-af927761d52a}/>
<EventID Qualifiers=(null)>16</EventID>
<Version>0</Version>
<Level>4</Level>
<Task>0</Task>
<Opcode>0</Opcode>
<Keywords>0x8000000000000000</Keywords>
<TimeCreated SystemTime=2026-01-14T21:34:15.595065900Z/>
<EventRecordID>197</EventRecordID>
<Correlation ActivityID=(null) RelatedActivityID=(null)/>
<Execution ProcessID=4 ThreadID=8/>
<Channel>System</Channel>
<Computer>DESKTOP-L7M0243</Computer>
<Security UserID=S-1-5-18/>
</System>
<EventData></EventData>
</Event>
ElfRec#000198 (0x0001c060)	2026-01-14T21:34:18.6071817Z	size=744
<Event xmlns=http://schemas.microsoft.com/win/2004/08/events/event><System><Provider Name=Microsoft-Windows-FilterManager Guid={f3c5e28e-63f6-49c7-a204-e48a1bc4b09d}/>
<EventID Qualifiers=(null)>6</EventID>
<Version>0</Version>
<Level>4</Level>
<Task>0</Task>
<Opcode>0</Opcode>
<Keywords>0x8000000000000000</Keywords>
<TimeCreated SystemTime=2026-01-14T21:34:18.607181700Z/>
<EventRecordID>198</EventRecordID>
<Correlation ActivityID=(null) RelatedActivityID=(null)/>
<Execution ProcessID=4 ThreadID=8/>
<Channel>System</Channel>
<Computer>DESKTOP-L7M0243</Computer>
<Security UserID=S-1-5-18/>
</System>
<EventData><Data Name=FinalStatus>[Unknown Type 0x14, size 4]</Data>
<Data Name=DeviceVersionMajor>10</Data>
<Data Name=DeviceVersionMinor>0</Data>
<Data Name=DeviceNameLength>8</Data>
<Data Name=DeviceName>FileInfo</Data>
<Data Name=DeviceTime>2010-08-01T07:38:45.000000000Z</Data>
</EventData>
</Event>
ElfRec#000199 (0x0001c348)	2026-01-14T21:34:18.6075850Z	size=352
<Event xmlns=http://schemas.microsoft.com/win/2004/08/events/event><System><Provider Name=Microsoft-Windows-FilterManager Guid={f3c5e28e-63f6-49c7-a204-e48a1bc4b09d}/>
<EventID Qualifiers=(null)>6</EventID>
<Version>0</Version>
<Level>4</Level>
<Task>0</Task>
<Opcode>0</Opcode>
<Keywords>0x8000000000000000</Keywords>
<TimeCreated SystemTime=2026-01-14T21:34:18.607585000Z/>
<EventRecordID>199</EventRecordID>
<Correlation ActivityID=(null) RelatedActivityID=(null)/>
<Execution ProcessID=4 ThreadID=8/>
<Channel>System</Channel>
<Computer>DESKTOP-L7M0243</Computer>
<Security UserID=S-1-5-18/>
</System>
<EventData><Data Name=FinalStatus>[Unknown Type 0x14, size 4]</Data>
<Data Name=DeviceVersionMajor>10</Data>
<Data Name=DeviceVersionMinor>0</Data>
<Data Name=DeviceNameLength>3</Data>
<Data Name=DeviceName>Wof</Data>
<Data Name=DeviceTime>2056-06-18T14:06:27.000000000Z</Data>
</EventData>
</Event>
ElfRec#000200 (0x0001c4a8)	2026-01-14T21:34:18.6082139Z	size=360
<Event xmlns=http://schemas.microsoft.com/win/2004/08/events/event><System><Provider Name=Microsoft-Windows-FilterManager Guid={f3c5e28e-63f6-49c7-a204-e48a1bc4b09d}/>
<EventID Qualifiers=(null)>6</EventID>
<Version>0</Version>
<Level>4</Level>
<Task>0</Task>
<Opcode>0</Opcode>
<Keywords>0x8000000000000000</Keywords>
<TimeCreated SystemTime=2026-01-14T21:34:18.608213900Z/>
<EventRecordID>200</EventRecordID>
<Correlation ActivityID=(null) RelatedActivityID=(null)/>
<Execution ProcessID=4 ThreadID=8/>
<Channel>System</Channel>
<Computer>DESKTOP-L7M0243</Computer>
<Security UserID=S-1-5-18/>
</System>
<EventData><Data Name=FinalStatus>[Unknown Type 0x14, size 4]</Data>
<Data Name=DeviceVersionMajor>10</Data>
<Data Name=DeviceVersionMinor>0</Data>
<Data Name=DeviceNameLength>8</Data>
<Data Name=DeviceName>WdFilter</Data>
<Data Name=DeviceTime>2075-05-27T12:05:35.000000000Z</Data>
</EventData>
</Event>
ElfRec#000201 (0x0001c610)	2026-01-14T21:34:18.6541872Z	size=560
<Event xmlns=http://schemas.microsoft.com/win/2004/08/events/event><System><Provider Name=Microsoft-Windows-Ntfs Guid={3ff37a1c-a68d-4d6e-8c9b-f79e8b16c482}/>
<EventID Qualifiers=(null)>98</EventID>
<Version>0</Version>
<Level>4</Level>
<Task>0</Task>
<Opcode>0</Opcode>
<Keywords>0x8000000000000002</Keywords>
<TimeCreated SystemTime=2026-01-14T21:34:18.654187200Z/>
<EventRecordID>201</EventRecordID>
<Correlation ActivityID=(null) RelatedActivityID=(null)/>
<Execution ProcessID=4 ThreadID=256/>
<Channel>System</Channel>
<Computer>DESKTOP-L7M0243</Computer>
<Security UserID=S-1-5-18/>
</System>
<EventData><Data Name=DriveName>C:</Data>
<Data Name=DeviceName>\Device\HarddiskVolume3</Data>
<Data Name=CorruptionActionState>0</Data>
</EventData>
</Event>
ElfRec#000202 (0x0001c840)	2026-01-14T21:34:18.6950431Z	size=360
<Event xmlns=http://schemas.microsoft.com/win/2004/08/events/event><System><Provider Name=Microsoft-Windows-FilterManager Guid={f3c5e28e-63f6-49c7-a204-e48a1bc4b09d}/>
<EventID Qualifiers=(null)>6</EventID>
<Version>0</Version>
<Level>4</Level>
<Task>0</Task>
<Opcode>0</Opcode>
<Keywords>0x8000000000000000</Keywords>
<TimeCreated SystemTime=2026-01-14T21:34:18.695043100Z/>
<EventRecordID>202</EventRecordID>
<Correlation ActivityID=(null) RelatedActivityID=(null)/>
<Execution ProcessID=4 ThreadID=8/>
<Channel>System</Channel>
<Computer>DESKTOP-L7M0243</Computer>
<Security UserID=S-1-5-18/>
</System>
<EventData><Data Name=FinalStatus>[Unknown Type 0x14, size 4]</Data>
<Data Name=DeviceVersionMajor>10</Data>
<Data Name=DeviceVersionMinor>0</Data>
<Data Name=DeviceNameLength>9</Data>
<Data Name=DeviceName>FileCrypt</Data>
<Data Name=DeviceTime>2023-08-31T04:48:23.000000000Z</Data>
</EventData>
</Event>
ElfRec#000203 (0x0001c9a8)	2026-01-14T21:34:18.7663492Z	size=360
<Event xmlns=http://schemas.microsoft.com/win/2004/08/events/event><System><Provider Name=Microsoft-Windows-FilterManager Guid={f3c5e28e-63f6-49c7-a204-e48a1bc4b09d}/>
<EventID Qualifiers=(null)>6</EventID>
<Version>0</Version>
<Level>4</Level>
<Task>0</Task>
<Opcode>0</Opcode>
<Keywords>0x8000000000000000</Keywords>
<TimeCreated SystemTime=2026-01-14T21:34:18.766349200Z/>
<EventRecordID>203</EventRecordID>
<Correlation ActivityID=(null) RelatedActivityID=(null)/>
<Execution ProcessID=4 ThreadID=8/>
<Channel>System</Channel>
<Computer>DESKTOP-L7M0243</Computer>
<Security UserID=S-1-5-18/>
</System>
<EventData><Data Name=FinalStatus>[Unknown Type 0x14, size 4]</Data>
<Data Name=DeviceVersionMajor>10</Data>
<Data Name=DeviceVersionMinor>0</Data>
<Data Name=DeviceNameLength>9</Data>
<Data Name=DeviceName>npsvctrig</Data>
<Data Name=DeviceTime>2077-01-08T01:04:48.000000000Z</Data>
</EventData>
</Event>
ElfRec#000204 (0x0001cb10)	2026-01-14T21:34:18.7878651Z	size=432
<Event xmlns=http://schemas.microsoft.com/win/2004/08/events/event><System><Provider Name=Microsoft-Windows-Kernel-Power Guid={331c3b3a-2005-44c2-ac5e-77220c37d6b4}/>
<EventID Qualifiers=(null)>172</EventID>
<Version>0</Version>
<Level>4</Level>
<Task>203</Task>
<Opcode>0</Opcode>
<Keywords>0x8000000000000404</Keywords>
<TimeCreated SystemTime=2026-01-14T21:34:18.787865100Z/>
<EventRecordID>204</EventRecordID>
<Correlation ActivityID=(null) RelatedActivityID=(null)/>
<Execution ProcessID=4 ThreadID=328/>
<Channel>System</Channel>
<Computer>DESKTOP-L7M0243</Computer>
<Security UserID=S-1-5-18/>
</System>
<EventData><Data Name=State>2</Data>
<Data Name=Reason>6</Data>
</EventData>
</Event>
ElfRec#000205 (0x0001ccc0)	2026-01-14T21:34:18.8586858Z	size=1008
<Event xmlns=http://schemas.microsoft.com/win/2004/08/events/event><System><Provider Name=Microsoft-Windows-Kernel-Processor-Power Guid={0f67e49f-fe51-4e9f-b490-6f2948cc6027}/>
<EventID Qualifiers=(null)>55</EventID>
<Version>0</Version>
<Level>4</Level>
<Task>47</Task>
<Opcode>0</Opcode>
<Keywords>0x8000000000000000</Keywords>
<TimeCreated SystemTime=2026-01-14T21:34:18.858685800Z/>
<EventRecordID>205</EventRecordID>
<Correlation ActivityID=(null) RelatedActivityID=(null)/>
<Execution ProcessID=4 ThreadID=256/>
<Channel>System</Channel>
<Computer>DESKTOP-L7M0243</Computer>
<Security UserID=S-1-5-18/>
</System>
<EventData><Data Name=Group>0</Data>
<Data Name=Number>0</Data>
<Data Name=IdleStateCount>0</Data>
<Data Name=IdleImplementation>0</Data>
<Data Name=NominalFrequency>1998</Data>
<Data Name=MaximumPerformancePercent>100</Data>
<Data Name=MinimumPerformancePercent>100</Data>
<Data Name=MinimumThrottlePercent>100</Data>
<Data Name=PerformanceImplementation>0</Data>
</EventData>
</Event>
ElfRec#000206 (0x0001d0b0)	2026-01-14T21:34:18.8588342Z	size=384
<Event xmlns=http://schemas.microsoft.com/win/2004/08/events/event><System><Provider Name=Microsoft-Windows-Kernel-Processor-Power Guid={0f67e49f-fe51-4e9f-b490-6f2948cc6027}/>
<EventID Qualifiers=(null)>55</EventID>
<Version>0</Version>
<Level>4</Level>
<Task>47</Task>
<Opcode>0</Opcode>
<Keywords>0x8000000000000000</Keywords>
<TimeCreated SystemTime=2026-01-14T21:34:18.858834200Z/>
<EventRecordID>206</EventRecordID>
<Correlation ActivityID=(null) RelatedActivityID=(null)/>
<Execution ProcessID=4 ThreadID=256/>
<Channel>System</Channel>
<Computer>DESKTOP-L7M0243</Computer>
<Security UserID=S-1-5-18/>
</System>
<EventData><Data Name=Group>0</Data>
<Data Name=Number>1</Data>
<Data Name=IdleStateCount>0</Data>
<Data Name=IdleImplementation>0</Data>
<Data Name=NominalFrequency>1998</Data>
<Data Name=MaximumPerformancePercent>100</Data>
<Data Name=MinimumPerformancePercent>100</Data>
<Data Name=MinimumThrottlePercent>100</Data>
<Data Name=PerformanceImplementation>0</Data>
</EventData>
</Event>
ElfRec#000207 (0x0001d230)	2026-01-14T21:34:19.0840560Z	size=440
<Event xmlns=http://schemas.microsoft.com/win/2004/08/events/event><System><Provider Name=Microsoft-Windows-Ntfs Guid={3ff37a1c-a68d-4d6e-8c9b-f79e8b16c482}/>
<EventID Qualifiers=(null)>98</EventID>
<Version>0</Version>
<Level>4</Level>
<Task>0</Task>
<Opcode>0</Opcode>
<Keywords>0x8000000000000002</Keywords>
<TimeCreated SystemTime=2026-01-14T21:34:19.084056000Z/>
<EventRecordID>207</EventRecordID>
<Correlation ActivityID=(null) RelatedActivityID=(null)/>
<Execution ProcessID=4 ThreadID=328/>
<Channel>System</Channel>
<Computer>DESKTOP-L7M0243</Computer>
<Security UserID=S-1-5-18/>
</System>
<EventData><Data Name=DriveName>\\?\Volume{365c43b0-41d4-4e45-a5af-6f0bcb71ae25}</Data>
<Data Name=DeviceName>\Device\HarddiskVolume4</Data>
<Data Name=CorruptionActionState>0</Data>
</EventData>
</Event>
ElfRec#000208 (0x0001d3e8)	2026-01-14T21:34:19.1088887Z	size=672
<Event xmlns=http://schemas.microsoft.com/win/2004/08/events/event><System><Provider Name=Microsoft-Windows-Kernel-General Guid={a68ca8b7-004f-d7b6-a698-07e2de0f1f5d}/>
<EventID Qualifiers=(null)>24</EventID>
<Version>0</Version>
<Level>4</Level>
<Task>11</Task>
<Opcode>0</Opcode>
<Keywords>0x8000000000000010</Keywords>
<TimeCreated SystemTime=2026-01-14T21:34:19.108888700Z/>
<EventRecordID>208</EventRecordID>
<Correlation ActivityID=(null) RelatedActivityID=(null)/>
<Execution ProcessID=100 ThreadID=532/>
<Channel>System</Channel>
<Computer>DESKTOP-L7M0243</Computer>
<Security UserID=S-1-5-18/>
</System>
<EventData><Data Name=ExitReason>0</Data>
<Data Name=CurrentBias>[Unknown Type 0x07, size 4]</Data>
<Data Name=CurrentTimeZoneID>1</Data>
<Data Name=TimeZoneInfoCacheUpdated>0</Data>
<Data Name=FirstRefresh>0</Data>
</EventData>
</Event>
ElfRec#000209 (0x0001d688)	2026-01-14T21:34:19.3123495Z	size=752
<Event xmlns=http://schemas.microsoft.com/win/2004/08/events/event><System><Provider Name=Microsoft-Windows-Wininit Guid={206f6dea-d3c5-4d10-bc72-989f03c8b84b}/>
<EventID Qualifiers=(null)>19</EventID>
<Version>0</Version>
<Level>4</Level>
<Task>0</Task>
<Opcode>0</Opcode>
<Keywords>0x4000000000000000</Keywords>
<TimeCreated SystemTime=2026-01-14T21:34:19.312349500Z/>
<EventRecordID>209</EventRecordID>
<Correlation ActivityID=(null) RelatedActivityID=(null)/>
<Execution ProcessID=640 ThreadID=644/>
<Channel>System</Channel>
<Computer>DESKTOP-L7M0243</Computer>
<Security UserID=S-1-5-18/>
</System>
<EventData><Data Name=HRESULT>[Unknown Type 0x07, size 4]</Data>
<Data Name=NewLatchTimerNeeded>[Unknown Type 0x0d, size 4]</Data>
<Data Name=NewLatchTimerWaitingSystemUpdateCompletion>[Unknown Type 0x0d, size 4]</Data>
<Data Name=PreviousLatchTimerExistsButDisabled>[Unknown Type 0x0d, size 4]</Data>
<Data Name=PolicyFileExists>[Unknown Type 0x0d, size 4]</Data>
</EventData>
</Event>
ElfRec#000210 (0x0001d978)	2026-01-14T21:34:19.3925766Z	size=504
<Event xmlns=http://schemas.microsoft.com/win/2004/08/events/event><System><Provider Name=Microsoft-Windows-Wininit Guid={206f6dea-d3c5-4d10-bc72-989f03c8b84b}/>
<EventID Qualifiers=(null)>14</EventID>
<Version>0</Version>
<Level>4</Level>
<Task>0</Task>
<Opcode>0</Opcode>
<Keywords>0x4000000000000000</Keywords>
<TimeCreated SystemTime=2026-01-14T21:34:19.392576600Z/>
<EventRecordID>210</EventRecordID>
<Correlation ActivityID=(null) RelatedActivityID=(null)/>
<Execution ProcessID=640 ThreadID=644/>
<Channel>System</Channel>
<Computer>DESKTOP-L7M0243</Computer>
<Security UserID=S-1-5-18/>
</System>
<EventData><Data Name=Config>2</Data>
<Data Name=IsTestConfig>0</Data>
<Data Name=IsAutoEnabled>1</Data>
</EventData>
</Event>
ElfRec#000211 (0x0001db70)	2026-01-14T21:34:19.3925984Z	size=288
<Event xmlns=http://schemas.microsoft.com/win/2004/08/events/event><System><Provider Name=Microsoft-Windows-Wininit Guid={206f6dea-d3c5-4d10-bc72-989f03c8b84b}/>
<EventID Qualifiers=(null)>15</EventID>
<Version>0</Version>
<Level>3</Level>
<Task>0</Task>
<Opcode>0</Opcode>
<Keywords>0x4000000000000000</Keywords>
<TimeCreated SystemTime=2026-01-14T21:34:19.392598400Z/>
<EventRecordID>211</EventRecordID>
<Correlation ActivityID=(null) RelatedActivityID=(null)/>
<Execution ProcessID=640 ThreadID=644/>
<Channel>System</Channel>
<Computer>DESKTOP-L7M0243</Computer>
<Security UserID=S-1-5-18/>
</System>
<EventData></EventData>
</Event>
ElfRec#000212 (0x0001dc90)	2026-01-14T21:34:19.3941810Z	size=376
<Event xmlns=http://schemas.microsoft.com/win/2004/08/events/event><System><Provider Name=Microsoft-Windows-Wininit Guid={206f6dea-d3c5-4d10-bc72-989f03c8b84b}/>
<EventID Qualifiers=(null)>12</EventID>
<Version>0</Version>
<Level>4</Level>
<Task>0</Task>
<Opcode>0</Opcode>
<Keywords>0x4000000000000000</Keywords>
<TimeCreated SystemTime=2026-01-14T21:34:19.394181000Z/>
<EventRecordID>212</EventRecordID>
<Correlation ActivityID=(null) RelatedActivityID=(null)/>
<Execution ProcessID=640 ThreadID=644/>
<Channel>System</Channel>
<Computer>DESKTOP-L7M0243</Computer>
<Security UserID=S-1-5-18/>
</System>
<EventData><Data Name=Level>4</Data>
</EventData>
</Event>
ElfRec#000213 (0x0001de08)	2026-01-14T21:34:19.4448917Z	size=608
<Event xmlns=http://schemas.microsoft.com/win/2004/08/events/event><System><Provider Name=LsaSrv Guid={199fe037-2b82-40a9-82ac-e1d46c792b99}/>
<EventID Qualifiers=(null)>6156</EventID>
<Version>0</Version>
<Level>4</Level>
<Task>0</Task>
<Opcode>0</Opcode>
<Keywords>0x8000000000000000</Keywords>
<TimeCreated SystemTime=2026-01-14T21:34:19.444891700Z/>
<EventRecordID>213</EventRecordID>
<Correlation ActivityID=(null) RelatedActivityID=(null)/>
<Execution ProcessID=808 ThreadID=812/>
<Channel>System</Channel>
<Computer>DESKTOP-L7M0243</Computer>
<Security UserID=S-1-5-18/>
</System>
<EventData><Data Name=HardwareChecks>0</Data>
<Data Name=ADDomainJoin>0</Data>
<Data Name=AADDomainJoin>0</Data>
<Data Name=IsLicensed>0</Data>
<Data Name=DomainController>0</Data>
</EventData>
</Event>
ElfRec#000214 (0x0001e068)	2026-01-14T21:34:19.5879546Z	size=560
<Event xmlns=http://schemas.microsoft.com/win/2004/08/events/event><System><Provider Name=Microsoft-Windows-Directory-Services-SAM Guid={0d4fdc09-8c27-494a-bda0-505e4fd8adae}/>
<EventID Qualifiers=(null)>16962</EventID>
<Version>0</Version>
<Level>4</Level>
<Task>0</Task>
<Opcode>0</Opcode>
<Keywords>0x8000000000000000</Keywords>
<TimeCreated SystemTime=2026-01-14T21:34:19.587954600Z/>
<EventRecordID>214</EventRecordID>
<Correlation ActivityID={88323bef-859d-0001-153d-32889d85dc01} RelatedActivityID=(null)/>
<Execution ProcessID=808 ThreadID=812/>
<Channel>System</Channel>
<Computer>DESKTOP-L7M0243</Computer>
<Security UserID=S-1-5-18/>
</System>
<EventData Name=SAMMSG_RESTRICT_REMOTE_SAM_DEFAULT_SD><Data Name=Default SD String:>O:SYG:SYD:(A;;RC;;;BA)</Data>
</EventData>
</Event>
ElfRec#000215 (0x0001e298)	2026-01-14T21:34:19.5964708Z	size=712
<Event xmlns=http://schemas.microsoft.com/win/2004/08/events/event><System><Provider Name=Microsoft-Windows-Directory-Services-SAM Guid={0d4fdc09-8c27-494a-bda0-505e4fd8adae}/>
<EventID Qualifiers=(null)>16977</EventID>
<Version>0</Version>
<Level>4</Level>
<Task>0</Task>
<Opcode>0</Opcode>
<Keywords>0x8000000000000000</Keywords>
<TimeCreated SystemTime=2026-01-14T21:34:19.596470800Z/>
<EventRecordID>215</EventRecordID>
<Correlation ActivityID={88323bef-859d-0001-153d-32889d85dc01} RelatedActivityID=(null)/>
<Execution ProcessID=808 ThreadID=812/>
<Channel>System</Channel>
<Computer>DESKTOP-L7M0243</Computer>
<Security UserID=S-1-5-18/>
</System>
<EventData Name=SAMMSG_MINPWDLEN_SETTINGS_IN_EFFECT><Data Name=MinimumPasswordLength>[Unknown Type 0x07, size 4]</Data>
<Data Name=RelaxMinimumPasswordLengthLimits>[Unknown Type 0x07, size 4]</Data>
<Data Name=MinimumPasswordLengthAudit>[Unknown Type 0x07, size 4]</Data>
</EventData>
</Event>
ElfRec#000216 (0x0001e560)	2026-01-14T21:34:19.5964754Z	size=448
<Event xmlns=http://schemas.microsoft.com/win/2004/08/events/event><System><Provider Name=Microsoft-Windows-Directory-Services-SAM Guid={0d4fdc09-8c27-494a-bda0-505e4fd8adae}/>
<EventID Qualifiers=(null)>16983</EventID>
<Version>0</Version>
<Level>4</Level>
<Task>0</Task>
<Opcode>0</Opcode>
<Keywords>0x8000000000000000</Keywords>
<TimeCreated SystemTime=2026-01-14T21:34:19.596475400Z/>
<EventRecordID>216</EventRecordID>
<Correlation ActivityID={88323bef-859d-0001-153d-32889d85dc01} RelatedActivityID=(null)/>
<Execution ProcessID=808 ThreadID=812/>
<Channel>System</Channel>
<Computer>DESKTOP-L7M0243</Computer>
<Security UserID=S-1-5-18/>
</System>
<EventData Name=SAMMSG_AUDIT_LEGACY_PWD_RPC_METHODS_OFF></EventData>
</Event>
ElfRec#000217 (0x0001e720)	2026-01-14T21:34:26.4001958Z	size=696
<Event xmlns=http://schemas.microsoft.com/win/2004/08/events/event><System><Provider Name=Microsoft-Windows-Time-Service Guid={06edcfeb-0fd0-4e53-acca-a6f8bbf81bcb}/>
<EventID Qualifiers=(null)>134</EventID>
<Version>0</Version>
<Level>3</Level>
<Task>0</Task>
<Opcode>0</Opcode>
<Keywords>0x8000000000000000</Keywords>
<TimeCreated SystemTime=2026-01-14T21:34:26.400195800Z/>
<EventRecordID>217</EventRecordID>
<Correlation ActivityID=(null) RelatedActivityID=(null)/>
<Execution ProcessID=1720 ThreadID=1752/>
<Channel>System</Channel>
<Computer>DESKTOP-L7M0243</Computer>
<Security UserID=S-1-5-19/>
</System>
<EventData Name=TMP_EVENT_MANUAL_PEER_DNS_ERROR><Data Name=ErrorMessage>No such host is known. (0x80072AF9)</Data>
<Data Name=RetryMinutes>15</Data>
<Data Name=DomainPeer>time.windows.com,0x9</Data>
</EventData>
</Event>
