ElfRec#000553 (0x000490b8)	2026-01-14T21:45:28.3016313Z	size=440
<Event xmlns=http://schemas.microsoft.com/win/2004/08/events/event><System><Provider Name=Microsoft-Windows-Ntfs Guid={3ff37a1c-a68d-4d6e-8c9b-f79e8b16c482}/>
<EventID Qualifiers=(null)>98</EventID>
<Version>0</Version>
<Level>4</Level>
<Task>0</Task>
<Opcode>0</Opcode>
<Keywords>0x8000000000000002</Keywords>
<TimeCreated SystemTime=2026-01-14T21:45:28.301631300Z/>
<EventRecordID>553</EventRecordID>
<Correlation ActivityID=(null) RelatedActivityID=(null)/>
<Execution ProcessID=4 ThreadID=384/>
<Channel>System</Channel>
<Computer>DESKTOP-5VCD46O</Computer>
<Security UserID=S-1-5-18/>
</System>
<EventData><Data Name=DriveName>\\?\Volume{365c43b0-41d4-4e45-a5af-6f0bcb71ae25}</Data>
<Data Name=DeviceName>\Device\HarddiskVolume4</Data>
<Data Name=CorruptionActionState>0</Data>
</EventData>
</Event>
ElfRec#000554 (0x00049270)	2026-01-14T21:45:28.3607848Z	size=672
<Event xmlns=http://schemas.microsoft.com/win/2004/08/events/event><System><Provider Name=Microsoft-Windows-Kernel-General Guid={a68ca8b7-004f-d7b6-a698-07e2de0f1f5d}/>
<EventID Qualifiers=(null)>24</EventID>
<Version>0</Version>
<Level>4</Level>
<Task>11</Task>
<Opcode>0</Opcode>
<Keywords>0x8000000000000010</Keywords>
<TimeCreated SystemTime=2026-01-14T21:45:28.360784800Z/>
<EventRecordID>554</EventRecordID>
<Correlation ActivityID=(null) RelatedActivityID=(null)/>
<Execution ProcessID=100 ThreadID=512/>
<Channel>System</Channel>
<Computer>DESKTOP-5VCD46O</Computer>
<Security UserID=S-1-5-18/>
</System>
<EventData><Data Name=ExitReason>0</Data>
<Data Name=CurrentBias>[Unknown Type 0x07, size 4]</Data>
<Data Name=CurrentTimeZoneID>1</Data>
<Data Name=TimeZoneInfoCacheUpdated>0</Data>
<Data Name=FirstRefresh>0</Data>
</EventData>
</Event>
ElfRec#000555 (0x00049510)	2026-01-14T21:45:28.9913761Z	size=752
<Event xmlns=http://schemas.microsoft.com/win/2004/08/events/event><System><Provider Name=Microsoft-Windows-Wininit Guid={206f6dea-d3c5-4d10-bc72-989f03c8b84b}/>
<EventID Qualifiers=(null)>19</EventID>
<Version>0</Version>
<Level>4</Level>
<Task>0</Task>
<Opcode>0</Opcode>
<Keywords>0x4000000000000000</Keywords>
<TimeCreated SystemTime=2026-01-14T21:45:28.991376100Z/>
<EventRecordID>555</EventRecordID>
<Correlation ActivityID=(null) RelatedActivityID=(null)/>
<Execution ProcessID=632 ThreadID=636/>
<Channel>System</Channel>
<Computer>DESKTOP-5VCD46O</Computer>
<Security UserID=S-1-5-18/>
</System>
<EventData><Data Name=HRESULT>[Unknown Type 0x07, size 4]</Data>
<Data Name=NewLatchTimerNeeded>[Unknown Type 0x0d, size 4]</Data>
<Data Name=NewLatchTimerWaitingSystemUpdateCompletion>[Unknown Type 0x0d, size 4]</Data>
<Data Name=PreviousLatchTimerExistsButDisabled>[Unknown Type 0x0d, size 4]</Data>
<Data Name=PolicyFileExists>[Unknown Type 0x0d, size 4]</Data>
</EventData>
</Event>
ElfRec#000556 (0x00049800)	2026-01-14T21:45:29.0825414Z	size=504
<Event xmlns=http://schemas.microsoft.com/win/2004/08/events/event><System><Provider Name=Microsoft-Windows-Wininit Guid={206f6dea-d3c5-4d10-bc72-989f03c8b84b}/>
<EventID Qualifiers=(null)>14</EventID>
<Version>0</Version>
<Level>4</Level>
<Task>0</Task>
<Opcode>0</Opcode>
<Keywords>0x4000000000000000</Keywords>
<TimeCreated SystemTime=2026-01-14T21:45:29.082541400Z/>
<EventRecordID>556</EventRecordID>
<Correlation ActivityID=(null) RelatedActivityID=(null)/>
<Execution ProcessID=632 ThreadID=636/>
<Channel>System</Channel>
<Computer>DESKTOP-5VCD46O</Computer>
<Security UserID=S-1-5-18/>
</System>
<EventData><Data Name=Config>0</Data>
<Data Name=IsTestConfig>0</Data>
<Data Name=IsAutoEnabled>0</Data>
</EventData>
</Event>
ElfRec#000557 (0x000499f8)	2026-01-14T21:45:29.0840366Z	size=376
<Event xmlns=http://schemas.microsoft.com/win/2004/08/events/event><System><Provider Name=Microsoft-Windows-Wininit Guid={206f6dea-d3c5-4d10-bc72-989f03c8b84b}/>
<EventID Qualifiers=(null)>12</EventID>
<Version>0</Version>
<Level>4</Level>
<Task>0</Task>
<Opcode>0</Opcode>
<Keywords>0x4000000000000000</Keywords>
<TimeCreated SystemTime=2026-01-14T21:45:29.084036600Z/>
<EventRecordID>557</EventRecordID>
<Correlation ActivityID=(null) RelatedActivityID=(null)/>
<Execution ProcessID=632 ThreadID=636/>
<Channel>System</Channel>
<Computer>DESKTOP-5VCD46O</Computer>
<Security UserID=S-1-5-18/>
</System>
<EventData><Data Name=Level>4</Data>
</EventData>
</Event>
ElfRec#000558 (0x00049b70)	2026-01-14T21:45:29.1390964Z	size=608
<Event xmlns=http://schemas.microsoft.com/win/2004/08/events/event><System><Provider Name=LsaSrv Guid={199fe037-2b82-40a9-82ac-e1d46c792b99}/>
<EventID Qualifiers=(null)>6156</EventID>
<Version>0</Version>
<Level>4</Level>
<Task>0</Task>
<Opcode>0</Opcode>
<Keywords>0x8000000000000000</Keywords>
<TimeCreated SystemTime=2026-01-14T21:45:29.139096400Z/>
<EventRecordID>558</EventRecordID>
<Correlation ActivityID=(null) RelatedActivityID=(null)/>
<Execution ProcessID=792 ThreadID=796/>
<Channel>System</Channel>
<Computer>DESKTOP-5VCD46O</Computer>
<Security UserID=S-1-5-18/>
</System>
<EventData><Data Name=HardwareChecks>0</Data>
<Data Name=ADDomainJoin>0</Data>
<Data Name=AADDomainJoin>0</Data>
<Data Name=IsLicensed>0</Data>
<Data Name=DomainController>0</Data>
</EventData>
</Event>
ElfRec#000559 (0x00049dd0)	2026-01-14T21:45:29.2958977Z	size=560
<Event xmlns=http://schemas.microsoft.com/win/2004/08/events/event><System><Provider Name=Microsoft-Windows-Directory-Services-SAM Guid={0d4fdc09-8c27-494a-bda0-505e4fd8adae}/>
<EventID Qualifiers=(null)>16962</EventID>
<Version>0</Version>
<Level>4</Level>
<Task>0</Task>
<Opcode>0</Opcode>
<Keywords>0x8000000000000000</Keywords>
<TimeCreated SystemTime=2026-01-14T21:45:29.295897700Z/>
<EventRecordID>559</EventRecordID>
<Correlation ActivityID={16f85277-859f-0001-e553-f8169f85dc01} RelatedActivityID=(null)/>
<Execution ProcessID=792 ThreadID=796/>
<Channel>System</Channel>
<Computer>DESKTOP-5VCD46O</Computer>
<Security UserID=S-1-5-18/>
</System>
<EventData Name=SAMMSG_RESTRICT_REMOTE_SAM_DEFAULT_SD><Data Name=Default SD String:>O:SYG:SYD:(A;;RC;;;BA)</Data>
</EventData>
</Event>
ElfRec#000560 (0x0004a000)	2026-01-14T21:45:29.3046216Z	size=712
<Event xmlns=http://schemas.microsoft.com/win/2004/08/events/event><System><Provider Name=Microsoft-Windows-Directory-Services-SAM Guid={0d4fdc09-8c27-494a-bda0-505e4fd8adae}/>
<EventID Qualifiers=(null)>16977</EventID>
<Version>0</Version>
<Level>4</Level>
<Task>0</Task>
<Opcode>0</Opcode>
<Keywords>0x8000000000000000</Keywords>
<TimeCreated SystemTime=2026-01-14T21:45:29.304621600Z/>
<EventRecordID>560</EventRecordID>
<Correlation ActivityID={16f85277-859f-0001-e553-f8169f85dc01} RelatedActivityID=(null)/>
<Execution ProcessID=792 ThreadID=796/>
<Channel>System</Channel>
<Computer>DESKTOP-5VCD46O</Computer>
<Security UserID=S-1-5-18/>
</System>
<EventData Name=SAMMSG_MINPWDLEN_SETTINGS_IN_EFFECT><Data Name=MinimumPasswordLength>[Unknown Type 0x07, size 4]</Data>
<Data Name=RelaxMinimumPasswordLengthLimits>[Unknown Type 0x07, size 4]</Data>
<Data Name=MinimumPasswordLengthAudit>[Unknown Type 0x07, size 4]</Data>
</EventData>
</Event>
ElfRec#000561 (0x0004a2c8)	2026-01-14T21:45:29.3046265Z	size=448
<Event xmlns=http://schemas.microsoft.com/win/2004/08/events/event><System><Provider Name=Microsoft-Windows-Directory-Services-SAM Guid={0d4fdc09-8c27-494a-bda0-505e4fd8adae}/>
<EventID Qualifiers=(null)>16983</EventID>
<Version>0</Version>
<Level>4</Level>
<Task>0</Task>
<Opcode>0</Opcode>
<Keywords>0x8000000000000000</Keywords>
<TimeCreated SystemTime=2026-01-14T21:45:29.304626500Z/>
<EventRecordID>561</EventRecordID>
<Correlation ActivityID={16f85277-859f-0001-e553-f8169f85dc01} RelatedActivityID=(null)/>
<Execution ProcessID=792 ThreadID=796/>
<Channel>System</Channel>
<Computer>DESKTOP-5VCD46O</Computer>
<Security UserID=S-1-5-18/>
</System>
<EventData Name=SAMMSG_AUDIT_LEGACY_PWD_RPC_METHODS_OFF></EventData>
</Event>
ElfRec#000562 (0x0004a488)	2026-01-14T21:45:29.8142651Z	size=368
<Event xmlns=http://schemas.microsoft.com/win/2004/08/events/event><System><Provider Name=Microsoft-Windows-FilterManager Guid={f3c5e28e-63f6-49c7-a204-e48a1bc4b09d}/>
<EventID Qualifiers=(null)>6</EventID>
<Version>0</Version>
<Level>4</Level>
<Task>0</Task>
<Opcode>0</Opcode>
<Keywords>0x8000000000000000</Keywords>
<TimeCreated SystemTime=2026-01-14T21:45:29.814265100Z/>
<EventRecordID>562</EventRecordID>
<Correlation ActivityID=(null) RelatedActivityID=(null)/>
<Execution ProcessID=4 ThreadID=120/>
<Channel>System</Channel>
<Computer>DESKTOP-5VCD46O</Computer>
<Security UserID=S-1-5-18/>
</System>
<EventData><Data Name=FinalStatus>[Unknown Type 0x14, size 4]</Data>
<Data Name=DeviceVersionMajor>10</Data>
<Data Name=DeviceVersionMinor>0</Data>
<Data Name=DeviceNameLength>13</Data>
<Data Name=DeviceName>applockerfltr</Data>
<Data Name=DeviceTime>2099-03-27T01:58:36.000000000Z</Data>
</EventData>
</Event>
ElfRec#000563 (0x0004a5f8)	2026-01-14T21:45:29.8946363Z	size=352
<Event xmlns=http://schemas.microsoft.com/win/2004/08/events/event><System><Provider Name=Microsoft-Windows-FilterManager Guid={f3c5e28e-63f6-49c7-a204-e48a1bc4b09d}/>
<EventID Qualifiers=(null)>6</EventID>
<Version>0</Version>
<Level>4</Level>
<Task>0</Task>
<Opcode>0</Opcode>
<Keywords>0x8000000000000000</Keywords>
<TimeCreated SystemTime=2026-01-14T21:45:29.894636300Z/>
<EventRecordID>563</EventRecordID>
<Correlation ActivityID=(null) RelatedActivityID=(null)/>
<Execution ProcessID=4 ThreadID=240/>
<Channel>System</Channel>
<Computer>DESKTOP-5VCD46O</Computer>
<Security UserID=S-1-5-18/>
</System>
<EventData><Data Name=FinalStatus>[Unknown Type 0x14, size 4]</Data>
<Data Name=DeviceVersionMajor>10</Data>
<Data Name=DeviceVersionMinor>0</Data>
<Data Name=DeviceNameLength>3</Data>
<Data Name=DeviceName>bfs</Data>
<Data Name=DeviceTime>2032-09-07T10:30:06.000000000Z</Data>
</EventData>
</Event>
ElfRec#000564 (0x0004a758)	2026-01-14T21:45:29.9095561Z	size=352
<Event xmlns=http://schemas.microsoft.com/win/2004/08/events/event><System><Provider Name=Microsoft-Windows-FilterManager Guid={f3c5e28e-63f6-49c7-a204-e48a1bc4b09d}/>
<EventID Qualifiers=(null)>6</EventID>
<Version>0</Version>
<Level>4</Level>
<Task>0</Task>
<Opcode>0</Opcode>
<Keywords>0x8000000000000000</Keywords>
<TimeCreated SystemTime=2026-01-14T21:45:29.909556100Z/>
<EventRecordID>564</EventRecordID>
<Correlation ActivityID=(null) RelatedActivityID=(null)/>
<Execution ProcessID=4 ThreadID=96/>
<Channel>System</Channel>
<Computer>DESKTOP-5VCD46O</Computer>
<Security UserID=S-1-5-18/>
</System>
<EventData><Data Name=FinalStatus>[Unknown Type 0x14, size 4]</Data>
<Data Name=DeviceVersionMajor>10</Data>
<Data Name=DeviceVersionMinor>0</Data>
<Data Name=DeviceNameLength>5</Data>
<Data Name=DeviceName>wcifs</Data>
<Data Name=DeviceTime>1987-06-18T18:41:31.000000000Z</Data>
</EventData>
</Event>
ElfRec#000565 (0x0004a8b8)	2026-01-14T21:45:29.9191215Z	size=352
<Event xmlns=http://schemas.microsoft.com/win/2004/08/events/event><System><Provider Name=Microsoft-Windows-FilterManager Guid={f3c5e28e-63f6-49c7-a204-e48a1bc4b09d}/>
<EventID Qualifiers=(null)>6</EventID>
<Version>0</Version>
<Level>4</Level>
<Task>0</Task>
<Opcode>0</Opcode>
<Keywords>0x8000000000000000</Keywords>
<TimeCreated SystemTime=2026-01-14T21:45:29.919121500Z/>
<EventRecordID>565</EventRecordID>
<Correlation ActivityID=(null) RelatedActivityID=(null)/>
<Execution ProcessID=4 ThreadID=240/>
<Channel>System</Channel>
<Computer>DESKTOP-5VCD46O</Computer>
<Security UserID=S-1-5-18/>
</System>
<EventData><Data Name=FinalStatus>[Unknown Type 0x14, size 4]</Data>
<Data Name=DeviceVersionMajor>10</Data>
<Data Name=DeviceVersionMinor>0</Data>
<Data Name=DeviceNameLength>5</Data>
<Data Name=DeviceName>luafv</Data>
<Data Name=DeviceTime>2061-12-30T04:54:01.000000000Z</Data>
</EventData>
</Event>
ElfRec#000566 (0x0004aa18)	2026-01-14T21:45:29.9503813Z	size=360
<Event xmlns=http://schemas.microsoft.com/win/2004/08/events/event><System><Provider Name=Microsoft-Windows-FilterManager Guid={f3c5e28e-63f6-49c7-a204-e48a1bc4b09d}/>
<EventID Qualifiers=(null)>6</EventID>
<Version>0</Version>
<Level>4</Level>
<Task>0</Task>
<Opcode>0</Opcode>
<Keywords>0x8000000000000000</Keywords>
<TimeCreated SystemTime=2026-01-14T21:45:29.950381300Z/>
<EventRecordID>566</EventRecordID>
<Correlation ActivityID=(null) RelatedActivityID=(null)/>
<Execution ProcessID=4 ThreadID=304/>
<Channel>System</Channel>
<Computer>DESKTOP-5VCD46O</Computer>
<Security UserID=S-1-5-18/>
</System>
<EventData><Data Name=FinalStatus>[Unknown Type 0x14, size 4]</Data>
<Data Name=DeviceVersionMajor>10</Data>
<Data Name=DeviceVersionMinor>0</Data>
<Data Name=DeviceNameLength>7</Data>
<Data Name=DeviceName>UnionFS</Data>
<Data Name=DeviceTime>2097-08-18T14:17:40.000000000Z</Data>
</EventData>
</Event>
ElfRec#000567 (0x0004ab80)	2026-01-14T21:45:29.9543732Z	size=352
<Event xmlns=http://schemas.microsoft.com/win/2004/08/events/event><System><Provider Name=Microsoft-Windows-FilterManager Guid={f3c5e28e-63f6-49c7-a204-e48a1bc4b09d}/>
<EventID Qualifiers=(null)>6</EventID>
<Version>0</Version>
<Level>4</Level>
<Task>0</Task>
<Opcode>0</Opcode>
<Keywords>0x8000000000000000</Keywords>
<TimeCreated SystemTime=2026-01-14T21:45:29.954373200Z/>
<EventRecordID>567</EventRecordID>
<Correlation ActivityID=(null) RelatedActivityID=(null)/>
<Execution ProcessID=4 ThreadID=52/>
<Channel>System</Channel>
<Computer>DESKTOP-5VCD46O</Computer>
<Security UserID=S-1-5-18/>
</System>
<EventData><Data Name=FinalStatus>[Unknown Type 0x14, size 4]</Data>
<Data Name=DeviceVersionMajor>10</Data>
<Data Name=DeviceVersionMinor>0</Data>
<Data Name=DeviceNameLength>6</Data>
<Data Name=DeviceName>CldFlt</Data>
<Data Name=DeviceTime>2001-11-06T23:46:40.000000000Z</Data>
</EventData>
</Event>
ElfRec#000568 (0x0004ace0)	2026-01-14T21:45:29.9543770Z	size=352
<Event xmlns=http://schemas.microsoft.com/win/2004/08/events/event><System><Provider Name=Microsoft-Windows-FilterManager Guid={f3c5e28e-63f6-49c7-a204-e48a1bc4b09d}/>
<EventID Qualifiers=(null)>1</EventID>
<Version>0</Version>
<Level>4</Level>
<Task>0</Task>
<Opcode>0</Opcode>
<Keywords>0x8000000000000000</Keywords>
<TimeCreated SystemTime=2026-01-14T21:45:29.954377000Z/>
<EventRecordID>568</EventRecordID>
<Correlation ActivityID=(null) RelatedActivityID=(null)/>
<Execution ProcessID=4 ThreadID=52/>
<Channel>System</Channel>
<Computer>DESKTOP-5VCD46O</Computer>
<Security UserID=S-1-5-18/>
</System>
<EventData><Data Name=FinalStatus>[Unknown Type 0x14, size 4]</Data>
<Data Name=DeviceVersionMajor>10</Data>
<Data Name=DeviceVersionMinor>0</Data>
<Data Name=DeviceNameLength>6</Data>
<Data Name=DeviceName>CldFlt</Data>
<Data Name=DeviceTime>2001-11-06T23:46:40.000000000Z</Data>
</EventData>
</Event>
ElfRec#000569 (0x0004ae40)	2026-01-14T21:45:29.9544284Z	size=352
<Event xmlns=http://schemas.microsoft.com/win/2004/08/events/event><System><Provider Name=Microsoft-Windows-FilterManager Guid={f3c5e28e-63f6-49c7-a204-e48a1bc4b09d}/>
<EventID Qualifiers=(null)>6</EventID>
<Version>0</Version>
<Level>4</Level>
<Task>0</Task>
<Opcode>0</Opcode>
<Keywords>0x8000000000000000</Keywords>
<TimeCreated SystemTime=2026-01-14T21:45:29.954428400Z/>
<EventRecordID>569</EventRecordID>
<Correlation ActivityID=(null) RelatedActivityID=(null)/>
<Execution ProcessID=4 ThreadID=52/>
<Channel>System</Channel>
<Computer>DESKTOP-5VCD46O</Computer>
<Security UserID=S-1-5-18/>
</System>
<EventData><Data Name=FinalStatus>[Unknown Type 0x14, size 4]</Data>
<Data Name=DeviceVersionMajor>10</Data>
<Data Name=DeviceVersionMinor>0</Data>
<Data Name=DeviceNameLength>6</Data>
<Data Name=DeviceName>CldFlt</Data>
<Data Name=DeviceTime>2001-11-06T23:46:40.000000000Z</Data>
</EventData>
</Event>
ElfRec#000570 (0x0004afa0)	2026-01-14T21:45:29.9589607Z	size=360
<Event xmlns=http://schemas.microsoft.com/win/2004/08/events/event><System><Provider Name=Microsoft-Windows-FilterManager Guid={f3c5e28e-63f6-49c7-a204-e48a1bc4b09d}/>
<EventID Qualifiers=(null)>6</EventID>
<Version>0</Version>
<Level>4</Level>
<Task>0</Task>
<Opcode>0</Opcode>
<Keywords>0x8000000000000000</Keywords>
<TimeCreated SystemTime=2026-01-14T21:45:29.958960700Z/>
<EventRecordID>570</EventRecordID>
<Correlation ActivityID=(null) RelatedActivityID=(null)/>
<Execution ProcessID=4 ThreadID=52/>
<Channel>System</Channel>
<Computer>DESKTOP-5VCD46O</Computer>
<Security UserID=S-1-5-18/>
</System>
<EventData><Data Name=FinalStatus>[Unknown Type 0x14, size 4]</Data>
<Data Name=DeviceVersionMajor>10</Data>
<Data Name=DeviceVersionMinor>0</Data>
<Data Name=DeviceNameLength>10</Data>
<Data Name=DeviceName>storqosflt</Data>
<Data Name=DeviceTime>2073-10-13T05:50:58.000000000Z</Data>
</EventData>
</Event>
ElfRec#000571 (0x0004b108)	2026-01-14T21:45:29.9627148Z	size=352
<Event xmlns=http://schemas.microsoft.com/win/2004/08/events/event><System><Provider Name=Microsoft-Windows-FilterManager Guid={f3c5e28e-63f6-49c7-a204-e48a1bc4b09d}/>
<EventID Qualifiers=(null)>6</EventID>
<Version>0</Version>
<Level>4</Level>
<Task>0</Task>
<Opcode>0</Opcode>
<Keywords>0x8000000000000000</Keywords>
<TimeCreated SystemTime=2026-01-14T21:45:29.962714800Z/>
<EventRecordID>571</EventRecordID>
<Correlation ActivityID=(null) RelatedActivityID=(null)/>
<Execution ProcessID=4 ThreadID=96/>
<Channel>System</Channel>
<Computer>DESKTOP-5VCD46O</Computer>
<Security UserID=S-1-5-18/>
</System>
<EventData><Data Name=FinalStatus>[Unknown Type 0x14, size 4]</Data>
<Data Name=DeviceVersionMajor>10</Data>
<Data Name=DeviceVersionMinor>0</Data>
<Data Name=DeviceNameLength>4</Data>
<Data Name=DeviceName>UCPD</Data>
<Data Name=DeviceTime>2025-03-11T19:29:26.000000000Z</Data>
</EventData>
</Event>
ElfRec#000572 (0x0004b268)	2026-01-14T21:45:29.9671034Z	size=360
<Event xmlns=http://schemas.microsoft.com/win/2004/08/events/event><System><Provider Name=Microsoft-Windows-FilterManager Guid={f3c5e28e-63f6-49c7-a204-e48a1bc4b09d}/>
<EventID Qualifiers=(null)>6</EventID>
<Version>0</Version>
<Level>4</Level>
<Task>0</Task>
<Opcode>0</Opcode>
<Keywords>0x8000000000000000</Keywords>
<TimeCreated SystemTime=2026-01-14T21:45:29.967103400Z/>
<EventRecordID>572</EventRecordID>
<Correlation ActivityID=(null) RelatedActivityID=(null)/>
<Execution ProcessID=4 ThreadID=96/>
<Channel>System</Channel>
<Computer>DESKTOP-5VCD46O</Computer>
<Security UserID=S-1-5-18/>
</System>
<EventData><Data Name=FinalStatus>[Unknown Type 0x14, size 4]</Data>
<Data Name=DeviceVersionMajor>10</Data>
<Data Name=DeviceVersionMinor>0</Data>
<Data Name=DeviceNameLength>7</Data>
<Data Name=DeviceName>bindflt</Data>
<Data Name=DeviceTime>2076-01-21T00:31:23.000000000Z</Data>
</EventData>
</Event>
ElfRec#000573 (0x0004b3d0)	2026-01-14T21:45:30.6701664Z	size=296
<Event xmlns=http://schemas.microsoft.com/win/2004/08/events/event><System><Provider Name=Microsoft-Windows-Dhcp-Client Guid={15a7a4f8-0072-4eab-abad-f98a4d666aed}/>
<EventID Qualifiers=(null)>50036</EventID>
<Version>0</Version>
<Level>4</Level>
<Task>4</Task>
<Opcode>68</Opcode>
<Keywords>0x2000000000000000</Keywords>
<TimeCreated SystemTime=2026-01-14T21:45:30.670166400Z/>
<EventRecordID>573</EventRecordID>
<Correlation ActivityID=(null) RelatedActivityID=(null)/>
<Execution ProcessID=2144 ThreadID=2288/>
<Channel>System</Channel>
<Computer>DESKTOP-5VCD46O</Computer>
<Security UserID=S-1-5-19/>
</System>
<EventData></EventData>
</Event>
ElfRec#000574 (0x0004b4f8)	2026-01-14T21:45:30.6702455Z	size=296
<Event xmlns=http://schemas.microsoft.com/win/2004/08/events/event><System><Provider Name=Microsoft-Windows-Dhcp-Client Guid={15a7a4f8-0072-4eab-abad-f98a4d666aed}/>
<EventID Qualifiers=(null)>50103</EventID>
<Version>0</Version>
<Level>4</Level>
<Task>4</Task>
<Opcode>129</Opcode>
<Keywords>0x2000000000000000</Keywords>
<TimeCreated SystemTime=2026-01-14T21:45:30.670245500Z/>
<EventRecordID>574</EventRecordID>
<Correlation ActivityID=(null) RelatedActivityID=(null)/>
<Execution ProcessID=2144 ThreadID=2288/>
<Channel>System</Channel>
<Computer>DESKTOP-5VCD46O</Computer>
<Security UserID=S-1-5-19/>
</System>
<EventData></EventData>
</Event>
ElfRec#000575 (0x0004b620)	2026-01-14T21:45:30.6702950Z	size=296
<Event xmlns=http://schemas.microsoft.com/win/2004/08/events/event><System><Provider Name=Microsoft-Windows-Dhcp-Client Guid={15a7a4f8-0072-4eab-abad-f98a4d666aed}/>
<EventID Qualifiers=(null)>50036</EventID>
<Version>0</Version>
<Level>4</Level>
<Task>4</Task>
<Opcode>68</Opcode>
<Keywords>0x2000000000000000</Keywords>
<TimeCreated SystemTime=2026-01-14T21:45:30.670295000Z/>
<EventRecordID>575</EventRecordID>
<Correlation ActivityID=(null) RelatedActivityID=(null)/>
<Execution ProcessID=2144 ThreadID=2288/>
<Channel>System</Channel>
<Computer>DESKTOP-5VCD46O</Computer>
<Security UserID=S-1-5-19/>
</System>
<EventData></EventData>
</Event>
ElfRec#000576 (0x0004b748)	2026-01-14T21:45:30.7214069Z	size=296
<Event xmlns=http://schemas.microsoft.com/win/2004/08/events/event><System><Provider Name=Microsoft-Windows-DHCPv6-Client Guid={6a1f2b00-6a90-4c38-95a5-5cab3b056778}/>
<EventID Qualifiers=(null)>51046</EventID>
<Version>0</Version>
<Level>4</Level>
<Task>4</Task>
<Opcode>62</Opcode>
<Keywords>0x2000000000000000</Keywords>
<TimeCreated SystemTime=2026-01-14T21:45:30.721406900Z/>
<EventRecordID>576</EventRecordID>
<Correlation ActivityID=(null) RelatedActivityID=(null)/>
<Execution ProcessID=2144 ThreadID=2348/>
<Channel>System</Channel>
<Computer>DESKTOP-5VCD46O</Computer>
<Security UserID=S-1-5-19/>
</System>
<EventData></EventData>
</Event>
ElfRec#000577 (0x0004b870)	2026-01-14T21:45:30.9764557Z	size=656
<Event xmlns=http://schemas.microsoft.com/win/2004/08/events/event><System><Provider Name=Microsoft-Windows-HttpService Guid={dd5ef90a-6398-47a4-ad34-4dcecdef795f}/>
<EventID Qualifiers=(null)>112</EventID>
<Version>0</Version>
<Level>4</Level>
<Task>3</Task>
<Opcode>121</Opcode>
<Keywords>0x4000000000000001</Keywords>
<TimeCreated SystemTime=2026-01-14T21:45:30.976455700Z/>
<EventRecordID>577</EventRecordID>
<Correlation ActivityID=(null) RelatedActivityID=(null)/>
<Execution ProcessID=4 ThreadID=52/>
<Channel>System</Channel>
<Computer>DESKTOP-5VCD46O</Computer>
<Security UserID=S-1-5-18/>
</System>
<EventData><Data Name=Url>http://*:5357/</Data>
<Data Name=ReserveStatus>0</Data>
<Data Name=ProcessId>4</Data>
<Data Name=ExecutablePath></Data>
<Data Name=UserSid>S-1-5-18</Data>
</EventData>
</Event>
ElfRec#000578 (0x0004bb00)	2026-01-14T21:45:30.9764599Z	size=416
<Event xmlns=http://schemas.microsoft.com/win/2004/08/events/event><System><Provider Name=Microsoft-Windows-HttpService Guid={dd5ef90a-6398-47a4-ad34-4dcecdef795f}/>
<EventID Qualifiers=(null)>112</EventID>
<Version>0</Version>
<Level>4</Level>
<Task>3</Task>
<Opcode>121</Opcode>
<Keywords>0x4000000000000001</Keywords>
<TimeCreated SystemTime=2026-01-14T21:45:30.976459900Z/>
<EventRecordID>578</EventRecordID>
<Correlation ActivityID=(null) RelatedActivityID=(null)/>
<Execution ProcessID=4 ThreadID=52/>
<Channel>System</Channel>
<Computer>DESKTOP-5VCD46O</Computer>
<Security UserID=S-1-5-18/>
</System>
<EventData><Data Name=Url>http://+:80/Temporary_Listen_Addresses/</Data>
<Data Name=ReserveStatus>0</Data>
<Data Name=ProcessId>4</Data>
<Data Name=ExecutablePath></Data>
<Data Name=UserSid>S-1-5-18</Data>
</EventData>
</Event>
ElfRec#000579 (0x0004bca0)	2026-01-14T21:45:30.9764633Z	size=368
<Event xmlns=http://schemas.microsoft.com/win/2004/08/events/event><System><Provider Name=Microsoft-Windows-HttpService Guid={dd5ef90a-6398-47a4-ad34-4dcecdef795f}/>
<EventID Qualifiers=(null)>112</EventID>
<Version>0</Version>
<Level>4</Level>
<Task>3</Task>
<Opcode>121</Opcode>
<Keywords>0x4000000000000001</Keywords>
<TimeCreated SystemTime=2026-01-14T21:45:30.976463300Z/>
<EventRecordID>579</EventRecordID>
<Correlation ActivityID=(null) RelatedActivityID=(null)/>
<Execution ProcessID=4 ThreadID=52/>
<Channel>System</Channel>
<Computer>DESKTOP-5VCD46O</Computer>
<Security UserID=S-1-5-18/>
</System>
<EventData><Data Name=Url>https://*:5358/</Data>
<Data Name=ReserveStatus>0</Data>
<Data Name=ProcessId>4</Data>
<Data Name=ExecutablePath></Data>
<Data Name=UserSid>S-1-5-18</Data>
</EventData>
</Event>
ElfRec#000580 (0x0004be10)	2026-01-14T21:45:30.9764666Z	size=384
<Event xmlns=http://schemas.microsoft.com/win/2004/08/events/event><System><Provider Name=Microsoft-Windows-HttpService Guid={dd5ef90a-6398-47a4-ad34-4dcecdef795f}/>
<EventID Qualifiers=(null)>112</EventID>
<Version>0</Version>
<Level>4</Level>
<Task>3</Task>
<Opcode>121</Opcode>
<Keywords>0x4000000000000001</Keywords>
<TimeCreated SystemTime=2026-01-14T21:45:30.976466600Z/>
<EventRecordID>580</EventRecordID>
<Correlation ActivityID=(null) RelatedActivityID=(null)/>
<Execution ProcessID=4 ThreadID=52/>
<Channel>System</Channel>
<Computer>DESKTOP-5VCD46O</Computer>
<Security UserID=S-1-5-18/>
</System>
<EventData><Data Name=Url>https://+:5986/wsman/</Data>
<Data Name=ReserveStatus>0</Data>
<Data Name=ProcessId>4</Data>
<Data Name=ExecutablePath></Data>
<Data Name=UserSid>S-1-5-18</Data>
</EventData>
</Event>
ElfRec#000581 (0x0004bf90)	2026-01-14T21:45:30.9764705Z	size=384
<Event xmlns=http://schemas.microsoft.com/win/2004/08/events/event><System><Provider Name=Microsoft-Windows-HttpService Guid={dd5ef90a-6398-47a4-ad34-4dcecdef795f}/>
<EventID Qualifiers=(null)>112</EventID>
<Version>0</Version>
<Level>4</Level>
<Task>3</Task>
<Opcode>121</Opcode>
<Keywords>0x4000000000000001</Keywords>
<TimeCreated SystemTime=2026-01-14T21:45:30.976470500Z/>
<EventRecordID>581</EventRecordID>
<Correlation ActivityID=(null) RelatedActivityID=(null)/>
<Execution ProcessID=4 ThreadID=52/>
<Channel>System</Channel>
<Computer>DESKTOP-5VCD46O</Computer>
<Security UserID=S-1-5-18/>
</System>
<EventData><Data Name=Url>http://+:47001/wsman/</Data>
<Data Name=ReserveStatus>0</Data>
<Data Name=ProcessId>4</Data>
<Data Name=ExecutablePath></Data>
<Data Name=UserSid>S-1-5-18</Data>
</EventData>
</Event>
ElfRec#000582 (0x0004c110)	2026-01-14T21:45:30.9764725Z	size=384
<Event xmlns=http://schemas.microsoft.com/win/2004/08/events/event><System><Provider Name=Microsoft-Windows-HttpService Guid={dd5ef90a-6398-47a4-ad34-4dcecdef795f}/>
<EventID Qualifiers=(null)>112</EventID>
<Version>0</Version>
<Level>4</Level>
<Task>3</Task>
<Opcode>121</Opcode>
<Keywords>0x4000000000000001</Keywords>
<TimeCreated SystemTime=2026-01-14T21:45:30.976472500Z/>
<EventRecordID>582</EventRecordID>
<Correlation ActivityID=(null) RelatedActivityID=(null)/>
<Execution ProcessID=4 ThreadID=52/>
<Channel>System</Channel>
<Computer>DESKTOP-5VCD46O</Computer>
<Security UserID=S-1-5-18/>
</System>
<EventData><Data Name=Url>http://+:5985/wsman/</Data>
<Data Name=ReserveStatus>0</Data>
<Data Name=ProcessId>4</Data>
<Data Name=ExecutablePath></Data>
<Data Name=UserSid>S-1-5-18</Data>
</EventData>
</Event>
ElfRec#000583 (0x0004c290)	2026-01-14T21:45:30.9764750Z	size=368
<Event xmlns=http://schemas.microsoft.com/win/2004/08/events/event><System><Provider Name=Microsoft-Windows-HttpService Guid={dd5ef90a-6398-47a4-ad34-4dcecdef795f}/>
<EventID Qualifiers=(null)>112</EventID>
<Version>0</Version>
<Level>4</Level>
<Task>3</Task>
<Opcode>121</Opcode>
<Keywords>0x4000000000000001</Keywords>
<TimeCreated SystemTime=2026-01-14T21:45:30.976475000Z/>
<EventRecordID>583</EventRecordID>
<Correlation ActivityID=(null) RelatedActivityID=(null)/>
<Execution ProcessID=4 ThreadID=52/>
<Channel>System</Channel>
<Computer>DESKTOP-5VCD46O</Computer>
<Security UserID=S-1-5-18/>
</System>
<EventData><Data Name=Url>http://*:2869/</Data>
<Data Name=ReserveStatus>0</Data>
<Data Name=ProcessId>4</Data>
<Data Name=ExecutablePath></Data>
<Data Name=UserSid>S-1-5-18</Data>
</EventData>
</Event>
ElfRec#000584 (0x0004c400)	2026-01-14T21:45:30.9764779Z	size=376
<Event xmlns=http://schemas.microsoft.com/win/2004/08/events/event><System><Provider Name=Microsoft-Windows-HttpService Guid={dd5ef90a-6398-47a4-ad34-4dcecdef795f}/>
<EventID Qualifiers=(null)>112</EventID>
<Version>0</Version>
<Level>4</Level>
<Task>3</Task>
<Opcode>121</Opcode>
<Keywords>0x4000000000000001</Keywords>
<TimeCreated SystemTime=2026-01-14T21:45:30.976477900Z/>
<EventRecordID>584</EventRecordID>
<Correlation ActivityID=(null) RelatedActivityID=(null)/>
<Execution ProcessID=4 ThreadID=52/>
<Channel>System</Channel>
<Computer>DESKTOP-5VCD46O</Computer>
<Security UserID=S-1-5-18/>
</System>
<EventData><Data Name=Url>https://+:3392/rdp/</Data>
<Data Name=ReserveStatus>0</Data>
<Data Name=ProcessId>4</Data>
<Data Name=ExecutablePath></Data>
<Data Name=UserSid>S-1-5-18</Data>
</EventData>
</Event>
ElfRec#000585 (0x0004c578)	2026-01-14T21:45:30.9764808Z	size=376
<Event xmlns=http://schemas.microsoft.com/win/2004/08/events/event><System><Provider Name=Microsoft-Windows-HttpService Guid={dd5ef90a-6398-47a4-ad34-4dcecdef795f}/>
<EventID Qualifiers=(null)>112</EventID>
<Version>0</Version>
<Level>4</Level>
<Task>3</Task>
<Opcode>121</Opcode>
<Keywords>0x4000000000000001</Keywords>
<TimeCreated SystemTime=2026-01-14T21:45:30.976480800Z/>
<EventRecordID>585</EventRecordID>
<Correlation ActivityID=(null) RelatedActivityID=(null)/>
<Execution ProcessID=4 ThreadID=52/>
<Channel>System</Channel>
<Computer>DESKTOP-5VCD46O</Computer>
<Security UserID=S-1-5-18/>
</System>
<EventData><Data Name=Url>http://+:3387/rdp/</Data>
<Data Name=ReserveStatus>0</Data>
<Data Name=ProcessId>4</Data>
<Data Name=ExecutablePath></Data>
<Data Name=UserSid>S-1-5-18</Data>
</EventData>
</Event>
ElfRec#000586 (0x0004c6f0)	2026-01-14T21:45:30.9765201Z	size=456
<Event xmlns=http://schemas.microsoft.com/win/2004/08/events/event><System><Provider Name=Microsoft-Windows-HttpService Guid={dd5ef90a-6398-47a4-ad34-4dcecdef795f}/>
<EventID Qualifiers=(null)>112</EventID>
<Version>0</Version>
<Level>4</Level>
<Task>3</Task>
<Opcode>121</Opcode>
<Keywords>0x4000000000000001</Keywords>
<TimeCreated SystemTime=2026-01-14T21:45:30.976520100Z/>
<EventRecordID>586</EventRecordID>
<Correlation ActivityID=(null) RelatedActivityID=(null)/>
<Execution ProcessID=4 ThreadID=52/>
<Channel>System</Channel>
<Computer>DESKTOP-5VCD46O</Computer>
<Security UserID=S-1-5-18/>
</System>
<EventData><Data Name=Url>https://+:443/sra_{BA195980-CD49-458b-9E23-C84EE0ADCD75}/</Data>
<Data Name=ReserveStatus>0</Data>
<Data Name=ProcessId>4</Data>
<Data Name=ExecutablePath></Data>
<Data Name=UserSid>S-1-5-18</Data>
</EventData>
</Event>
ElfRec#000587 (0x0004c8b8)	2026-01-14T21:45:30.9765292Z	size=440
<Event xmlns=http://schemas.microsoft.com/win/2004/08/events/event><System><Provider Name=Microsoft-Windows-HttpService Guid={dd5ef90a-6398-47a4-ad34-4dcecdef795f}/>
<EventID Qualifiers=(null)>112</EventID>
<Version>0</Version>
<Level>4</Level>
<Task>3</Task>
<Opcode>121</Opcode>
<Keywords>0x4000000000000001</Keywords>
<TimeCreated SystemTime=2026-01-14T21:45:30.976529200Z/>
<EventRecordID>587</EventRecordID>
<Correlation ActivityID=(null) RelatedActivityID=(null)/>
<Execution ProcessID=4 ThreadID=52/>
<Channel>System</Channel>
<Computer>DESKTOP-5VCD46O</Computer>
<Security UserID=S-1-5-18/>
</System>
<EventData><Data Name=Url>http://+:80/0131501b-d67f-491b-9a40-c4bf27bcb4d4/</Data>
<Data Name=ReserveStatus>0</Data>
<Data Name=ProcessId>4</Data>
<Data Name=ExecutablePath></Data>
<Data Name=UserSid>S-1-5-18</Data>
</EventData>
</Event>
ElfRec#000588 (0x0004ca70)	2026-01-14T21:45:30.9765322Z	size=440
<Event xmlns=http://schemas.microsoft.com/win/2004/08/events/event><System><Provider Name=Microsoft-Windows-HttpService Guid={dd5ef90a-6398-47a4-ad34-4dcecdef795f}/>
<EventID Qualifiers=(null)>112</EventID>
<Version>0</Version>
<Level>4</Level>
<Task>3</Task>
<Opcode>121</Opcode>
<Keywords>0x4000000000000001</Keywords>
<TimeCreated SystemTime=2026-01-14T21:45:30.976532200Z/>
<EventRecordID>588</EventRecordID>
<Correlation ActivityID=(null) RelatedActivityID=(null)/>
<Execution ProcessID=4 ThreadID=52/>
<Channel>System</Channel>
<Computer>DESKTOP-5VCD46O</Computer>
<Security UserID=S-1-5-18/>
</System>
<EventData><Data Name=Url>https://+:443/C574AC30-5794-4AEE-B1BB-6651C5315029/</Data>
<Data Name=ReserveStatus>0</Data>
<Data Name=ProcessId>4</Data>
<Data Name=ExecutablePath></Data>
<Data Name=UserSid>S-1-5-18</Data>
</EventData>
</Event>
ElfRec#000589 (0x0004cc28)	2026-01-14T21:45:30.9765351Z	size=440
<Event xmlns=http://schemas.microsoft.com/win/2004/08/events/event><System><Provider Name=Microsoft-Windows-HttpService Guid={dd5ef90a-6398-47a4-ad34-4dcecdef795f}/>
<EventID Qualifiers=(null)>112</EventID>
<Version>0</Version>
<Level>4</Level>
<Task>3</Task>
<Opcode>121</Opcode>
<Keywords>0x4000000000000001</Keywords>
<TimeCreated SystemTime=2026-01-14T21:45:30.976535100Z/>
<EventRecordID>589</EventRecordID>
<Correlation ActivityID=(null) RelatedActivityID=(null)/>
<Execution ProcessID=4 ThreadID=52/>
<Channel>System</Channel>
<Computer>DESKTOP-5VCD46O</Computer>
<Security UserID=S-1-5-18/>
</System>
<EventData><Data Name=Url>http://+:80/116B50EB-ECE2-41ac-8429-9F9E963361B7/</Data>
<Data Name=ReserveStatus>0</Data>
<Data Name=ProcessId>4</Data>
<Data Name=ExecutablePath></Data>
<Data Name=UserSid>S-1-5-18</Data>
</EventData>
</Event>
ElfRec#000590 (0x0004cde0)	2026-01-14T21:45:30.9765383Z	size=384
<Event xmlns=http://schemas.microsoft.com/win/2004/08/events/event><System><Provider Name=Microsoft-Windows-HttpService Guid={dd5ef90a-6398-47a4-ad34-4dcecdef795f}/>
<EventID Qualifiers=(null)>112</EventID>
<Version>0</Version>
<Level>4</Level>
<Task>3</Task>
<Opcode>121</Opcode>
<Keywords>0x4000000000000001</Keywords>
<TimeCreated SystemTime=2026-01-14T21:45:30.976538300Z/>
<EventRecordID>590</EventRecordID>
<Correlation ActivityID=(null) RelatedActivityID=(null)/>
<Execution ProcessID=4 ThreadID=52/>
<Channel>System</Channel>
<Computer>DESKTOP-5VCD46O</Computer>
<Security UserID=S-1-5-18/>
</System>
<EventData><Data Name=Url>http://+:10247/apps/</Data>
<Data Name=ReserveStatus>0</Data>
<Data Name=ProcessId>4</Data>
<Data Name=ExecutablePath></Data>
<Data Name=UserSid>S-1-5-18</Data>
</EventData>
</Event>
ElfRec#000591 (0x0004cf60)	2026-01-14T21:45:30.9765410Z	size=392
<Event xmlns=http://schemas.microsoft.com/win/2004/08/events/event><System><Provider Name=Microsoft-Windows-HttpService Guid={dd5ef90a-6398-47a4-ad34-4dcecdef795f}/>
<EventID Qualifiers=(null)>112</EventID>
<Version>0</Version>
<Level>4</Level>
<Task>3</Task>
<Opcode>121</Opcode>
<Keywords>0x4000000000000001</Keywords>
<TimeCreated SystemTime=2026-01-14T21:45:30.976541000Z/>
<EventRecordID>591</EventRecordID>
<Correlation ActivityID=(null) RelatedActivityID=(null)/>
<Execution ProcessID=4 ThreadID=52/>
<Channel>System</Channel>
<Computer>DESKTOP-5VCD46O</Computer>
<Security UserID=S-1-5-18/>
</System>
<EventData><Data Name=Url>https://+:10245/WMPNSSv4/</Data>
<Data Name=ReserveStatus>0</Data>
<Data Name=ProcessId>4</Data>
<Data Name=ExecutablePath></Data>
<Data Name=UserSid>S-1-5-18</Data>
</EventData>
</Event>
ElfRec#000592 (0x0004d0e8)	2026-01-14T21:45:30.9765431Z	size=392
<Event xmlns=http://schemas.microsoft.com/win/2004/08/events/event><System><Provider Name=Microsoft-Windows-HttpService Guid={dd5ef90a-6398-47a4-ad34-4dcecdef795f}/>
<EventID Qualifiers=(null)>112</EventID>
<Version>0</Version>
<Level>4</Level>
<Task>3</Task>
<Opcode>121</Opcode>
<Keywords>0x4000000000000001</Keywords>
<TimeCreated SystemTime=2026-01-14T21:45:30.976543100Z/>
<EventRecordID>592</EventRecordID>
<Correlation ActivityID=(null) RelatedActivityID=(null)/>
<Execution ProcessID=4 ThreadID=52/>
<Channel>System</Channel>
<Computer>DESKTOP-5VCD46O</Computer>
<Security UserID=S-1-5-18/>
</System>
<EventData><Data Name=Url>http://+:10243/WMPNSSv4/</Data>
<Data Name=ReserveStatus>0</Data>
<Data Name=ProcessId>4</Data>
<Data Name=ExecutablePath></Data>
<Data Name=UserSid>S-1-5-18</Data>
</EventData>
</Event>
ElfRec#000593 (0x0004d270)	2026-01-14T21:45:30.9765460Z	size=392
<Event xmlns=http://schemas.microsoft.com/win/2004/08/events/event><System><Provider Name=Microsoft-Windows-HttpService Guid={dd5ef90a-6398-47a4-ad34-4dcecdef795f}/>
<EventID Qualifiers=(null)>112</EventID>
<Version>0</Version>
<Level>4</Level>
<Task>3</Task>
<Opcode>121</Opcode>
<Keywords>0x4000000000000001</Keywords>
<TimeCreated SystemTime=2026-01-14T21:45:30.976546000Z/>
<EventRecordID>593</EventRecordID>
<Correlation ActivityID=(null) RelatedActivityID=(null)/>
<Execution ProcessID=4 ThreadID=52/>
<Channel>System</Channel>
<Computer>DESKTOP-5VCD46O</Computer>
<Security UserID=S-1-5-18/>
</System>
<EventData><Data Name=Url>http://+:10246/MDEServer/</Data>
<Data Name=ReserveStatus>0</Data>
<Data Name=ProcessId>4</Data>
<Data Name=ExecutablePath></Data>
<Data Name=UserSid>S-1-5-18</Data>
</EventData>
</Event>
ElfRec#000594 (0x0004d3f8)	2026-01-14T21:45:32.4174298Z	size=224
<Event xmlns=http://schemas.microsoft.com/win/2004/08/events/event><System><Provider Name=Service Control Manager Guid={555908d1-a6d7-4695-8e1e-26931d2012f4} EventSourceName=Service Control Manager/>
<EventID Qualifiers=49152>7026</EventID>
<Version>0</Version>
<Level>4</Level>
<Task>0</Task>
<Opcode>0</Opcode>
<Keywords>0x8080000000000000</Keywords>
<TimeCreated SystemTime=2026-01-14T21:45:32.417429800Z/>
<EventRecordID>594</EventRecordID>
<Correlation ActivityID=(null) RelatedActivityID=(null)/>
<Execution ProcessID=776 ThreadID=780/>
<Channel>System</Channel>
<Computer>DESKTOP-5VCD46O</Computer>
<Security UserID=(null)/>
</System>
<EventData><Data Name=param1>
dam
uiomap</Data>
</EventData>
</Event>
ElfRec#000595 (0x0004d4d8)	2026-01-14T21:45:33.9920160Z	size=328
<Event xmlns=http://schemas.microsoft.com/win/2004/08/events/event><System><Provider Name=Microsoft-Windows-Winlogon Guid={dbe9b383-7cf3-4331-91cc-a3cb16a3b538}/>
<EventID Qualifiers=(null)>7001</EventID>
<Version>0</Version>
<Level>4</Level>
<Task>1101</Task>
<Opcode>0</Opcode>
<Keywords>0x2000200000000000</Keywords>
<TimeCreated SystemTime=2026-01-14T21:45:33.992016000Z/>
<EventRecordID>595</EventRecordID>
<Correlation ActivityID=(null) RelatedActivityID=(null)/>
<Execution ProcessID=704 ThreadID=3992/>
<Channel>System</Channel>
<Computer>DESKTOP-5VCD46O</Computer>
<Security UserID=S-1-5-18/>
</System>
<EventData><Data Name=TSId>1</Data>
<Data Name=UserSid>S-1-5-21-3154672976-900801122-4255023966-1001</Data>
</EventData>
</Event>
ElfRec#000596 (0x0004d620)	2026-01-14T21:45:35.6989795Z	size=264
<Event xmlns=http://schemas.microsoft.com/win/2004/08/events/event><System><Provider Name=TPM Guid={1b6b0772-251b-4d42-917d-faca166bc059}/>
<EventID Qualifiers=(null)>18</EventID>
<Version>0</Version>
<Level>4</Level>
<Task>0</Task>
<Opcode>0</Opcode>
<Keywords>0x8000000000000000</Keywords>
<TimeCreated SystemTime=2026-01-14T21:45:35.698979500Z/>
<EventRecordID>596</EventRecordID>
<Correlation ActivityID=(null) RelatedActivityID=(null)/>
<Execution ProcessID=4 ThreadID=252/>
<Channel>System</Channel>
<Computer>DESKTOP-5VCD46O</Computer>
<Security UserID=S-1-5-18/>
</System>
<EventData><Data Name=driverFile>[Unknown Type 0x14, size 4]</Data>
<Data Name=lineNumber>217</Data>
<Data Name=Data>0</Data>
</EventData>
</Event>
ElfRec#000597 (0x0004d728)	2026-01-14T21:45:36.7021219Z	size=424
<Event xmlns=http://schemas.microsoft.com/win/2004/08/events/event><System><Provider Name=Microsoft-Windows-Time-Service Guid={06edcfeb-0fd0-4e53-acca-a6f8bbf81bcb}/>
<EventID Qualifiers=(null)>37</EventID>
<Version>0</Version>
<Level>4</Level>
<Task>0</Task>
<Opcode>0</Opcode>
<Keywords>0x8000000000000000</Keywords>
<TimeCreated SystemTime=2026-01-14T21:45:36.702121900Z/>
<EventRecordID>597</EventRecordID>
<Correlation ActivityID=(null) RelatedActivityID=(null)/>
<Execution ProcessID=5380 ThreadID=5400/>
<Channel>System</Channel>
<Computer>DESKTOP-5VCD46O</Computer>
<Security UserID=S-1-5-19/>
</System>
<EventData Name=TMP_EVENT_TIME_SOURCE_REACHABLE><Data Name=TimeSource>time.windows.com,0x9 (ntp.m|0x9|0.0.0.0:123->20.43.94.199:123)</Data>
</EventData>
</Event>
ElfRec#000598 (0x0004d8d0)	2026-01-14T21:45:38.2282217Z	size=424
<Event xmlns=http://schemas.microsoft.com/win/2004/08/events/event><System><Provider Name=Microsoft-Windows-Time-Service Guid={06edcfeb-0fd0-4e53-acca-a6f8bbf81bcb}/>
<EventID Qualifiers=(null)>37</EventID>
<Version>0</Version>
<Level>4</Level>
<Task>0</Task>
<Opcode>0</Opcode>
<Keywords>0x8000000000000000</Keywords>
<TimeCreated SystemTime=2026-01-14T21:45:38.228221700Z/>
<EventRecordID>598</EventRecordID>
<Correlation ActivityID=(null) RelatedActivityID=(null)/>
<Execution ProcessID=5380 ThreadID=5416/>
<Channel>System</Channel>
<Computer>DESKTOP-5VCD46O</Computer>
<Security UserID=S-1-5-19/>
</System>
<EventData Name=TMP_EVENT_TIME_SOURCE_REACHABLE><Data Name=TimeSource>time.windows.com,0x9 (ntp.m|0x9|0.0.0.0:123->20.43.94.199:123)</Data>
</EventData>
</Event>
ElfRec#000599 (0x0004da78)	2026-01-14T21:45:38.9035076Z	size=456
<Event xmlns=http://schemas.microsoft.com/win/2004/08/events/event><System><Provider Name=Microsoft-Windows-DNS-Client Guid={1c95126e-7eea-49a9-a3fe-a378b03ddb4d}/>
<EventID Qualifiers=(null)>1014</EventID>
<Version>1</Version>
<Level>3</Level>
<Task>1014</Task>
<Opcode>0</Opcode>
<Keywords>0x4000000010000000</Keywords>
<TimeCreated SystemTime=2026-01-14T21:45:38.903507600Z/>
<EventRecordID>599</EventRecordID>
<Correlation ActivityID=(null) RelatedActivityID=(null)/>
<Execution ProcessID=1712 ThreadID=1892/>
<Channel>System</Channel>
<Computer>DESKTOP-5VCD46O</Computer>
<Security UserID=S-1-5-20/>
</System>
<EventData><Data Name=QueryName>wpad</Data>
<Data Name=AddressLength>128</Data>
<Data Name=Address>[Unknown Type 0x0e, size 128]</Data>
<Data Name=ClientPID>2368</Data>
</EventData>
</Event>
ElfRec#000600 (0x0004dc40)	2026-01-14T21:45:41.7870343Z	size=560
<Event xmlns=http://schemas.microsoft.com/win/2004/08/events/event><System><Provider Name=Microsoft-Windows-Kernel-General Guid={a68ca8b7-004f-d7b6-a698-07e2de0f1f5d}/>
<EventID Qualifiers=(null)>16</EventID>
<Version>0</Version>
<Level>4</Level>
<Task>0</Task>
<Opcode>0</Opcode>
<Keywords>0x8000000000000000</Keywords>
<TimeCreated SystemTime=2026-01-14T21:45:41.787034300Z/>
<EventRecordID>600</EventRecordID>
<Correlation ActivityID=(null) RelatedActivityID=(null)/>
<Execution ProcessID=6324 ThreadID=6416/>
<Channel>System</Channel>
<Computer>DESKTOP-5VCD46O</Computer>
<Security UserID=S-1-5-18/>
</System>
<EventData><Data Name=HiveNameLength>117</Data>
<Data Name=HiveName>\??\C:\Users\endoaki\AppData\Local\Packages\MicrosoftWindows.Client.WebExperience_cw5n1h2txyewy\Settings\settings.dat</Data>
<Data Name=KeysUpdated>3</Data>
<Data Name=DirtyPages>1</Data>
</EventData>
</Event>
ElfRec#000601 (0x0004de70)	2026-01-14T21:45:44.2533900Z	size=520
<Event xmlns=http://schemas.microsoft.com/win/2004/08/events/event><System><Provider Name=Microsoft-Windows-Kernel-General Guid={a68ca8b7-004f-d7b6-a698-07e2de0f1f5d}/>
<EventID Qualifiers=(null)>16</EventID>
<Version>0</Version>
<Level>4</Level>
<Task>0</Task>
<Opcode>0</Opcode>
<Keywords>0x8000000000000000</Keywords>
<TimeCreated SystemTime=2026-01-14T21:45:44.253390000Z/>
<EventRecordID>601</EventRecordID>
<Correlation ActivityID=(null) RelatedActivityID=(null)/>
<Execution ProcessID=7924 ThreadID=7984/>
<Channel>System</Channel>
<Computer>DESKTOP-5VCD46O</Computer>
<Security UserID=S-1-5-18/>
</System>
<EventData><Data Name=HiveNameLength>97</Data>
<Data Name=HiveName>\??\C:\Users\endoaki\AppData\Local\Packages\Microsoft.LockApp_cw5n1h2txyewy\Settings\settings.dat</Data>
<Data Name=KeysUpdated>3</Data>
<Data Name=DirtyPages>1</Data>
</EventData>
</Event>
ElfRec#000602 (0x0004e078)	2026-01-14T21:45:44.4261793Z	size=560
<Event xmlns=http://schemas.microsoft.com/win/2004/08/events/event><System><Provider Name=Microsoft-Windows-Kernel-General Guid={a68ca8b7-004f-d7b6-a698-07e2de0f1f5d}/>
<EventID Qualifiers=(null)>16</EventID>
<Version>0</Version>
<Level>4</Level>
<Task>0</Task>
<Opcode>0</Opcode>
<Keywords>0x8000000000000000</Keywords>
<TimeCreated SystemTime=2026-01-14T21:45:44.426179300Z/>
<EventRecordID>602</EventRecordID>
<Correlation ActivityID=(null) RelatedActivityID=(null)/>
<Execution ProcessID=3492 ThreadID=5808/>
<Channel>System</Channel>
<Computer>DESKTOP-5VCD46O</Computer>
<Security UserID=S-1-5-21-3154672976-900801122-4255023966-1001/>
</System>
<EventData><Data Name=HiveNameLength>110</Data>
<Data Name=HiveName>\??\C:\Users\endoaki\AppData\Local\Packages\Microsoft.MicrosoftStickyNotes_8wekyb3d8bbwe\Settings\settings.dat</Data>
<Data Name=KeysUpdated>3</Data>
<Data Name=DirtyPages>1</Data>
</EventData>
</Event>
ElfRec#000603 (0x0004e2a8)	2026-01-14T21:45:44.7644548Z	size=544
<Event xmlns=http://schemas.microsoft.com/win/2004/08/events/event><System><Provider Name=Microsoft-Windows-Kernel-General Guid={a68ca8b7-004f-d7b6-a698-07e2de0f1f5d}/>
<EventID Qualifiers=(null)>16</EventID>
<Version>0</Version>
<Level>4</Level>
<Task>0</Task>
<Opcode>0</Opcode>
<Keywords>0x8000000000000000</Keywords>
<TimeCreated SystemTime=2026-01-14T21:45:44.764454800Z/>
<EventRecordID>603</EventRecordID>
<Correlation ActivityID=(null) RelatedActivityID=(null)/>
<Execution ProcessID=3492 ThreadID=5816/>
<Channel>System</Channel>
<Computer>DESKTOP-5VCD46O</Computer>
<Security UserID=S-1-5-21-3154672976-900801122-4255023966-1001/>
</System>
<EventData><Data Name=HiveNameLength>103</Data>
<Data Name=HiveName>\??\C:\Users\endoaki\AppData\Local\Packages\Microsoft.WindowsAlarms_8wekyb3d8bbwe\Settings\settings.dat</Data>
<Data Name=KeysUpdated>3</Data>
<Data Name=DirtyPages>1</Data>
</EventData>
</Event>
ElfRec#000604 (0x0004e4c8)	2026-01-14T21:45:44.8595890Z	size=576
<Event xmlns=http://schemas.microsoft.com/win/2004/08/events/event><System><Provider Name=Microsoft-Windows-Kernel-General Guid={a68ca8b7-004f-d7b6-a698-07e2de0f1f5d}/>
<EventID Qualifiers=(null)>16</EventID>
<Version>0</Version>
<Level>4</Level>
<Task>0</Task>
<Opcode>0</Opcode>
<Keywords>0x8000000000000000</Keywords>
<TimeCreated SystemTime=2026-01-14T21:45:44.859589000Z/>
<EventRecordID>604</EventRecordID>
<Correlation ActivityID=(null) RelatedActivityID=(null)/>
<Execution ProcessID=3492 ThreadID=5812/>
<Channel>System</Channel>
<Computer>DESKTOP-5VCD46O</Computer>
<Security UserID=S-1-5-21-3154672976-900801122-4255023966-1001/>
</System>
<EventData><Data Name=HiveNameLength>116</Data>
<Data Name=HiveName>\??\C:\Users\endoaki\AppData\Local\Packages\Microsoft.Windows.NarratorQuickStart_8wekyb3d8bbwe\Settings\settings.dat</Data>
<Data Name=KeysUpdated>3</Data>
<Data Name=DirtyPages>1</Data>
</EventData>
</Event>
ElfRec#000605 (0x0004e708)	2026-01-14T21:45:45.0400653Z	size=552
<Event xmlns=http://schemas.microsoft.com/win/2004/08/events/event><System><Provider Name=Microsoft-Windows-Kernel-General Guid={a68ca8b7-004f-d7b6-a698-07e2de0f1f5d}/>
<EventID Qualifiers=(null)>16</EventID>
<Version>0</Version>
<Level>4</Level>
<Task>0</Task>
<Opcode>0</Opcode>
<Keywords>0x8000000000000000</Keywords>
<TimeCreated SystemTime=2026-01-14T21:45:45.040065300Z/>
<EventRecordID>605</EventRecordID>
<Correlation ActivityID=(null) RelatedActivityID=(null)/>
<Execution ProcessID=3492 ThreadID=5800/>
<Channel>System</Channel>
<Computer>DESKTOP-5VCD46O</Computer>
<Security UserID=S-1-5-21-3154672976-900801122-4255023966-1001/>
</System>
<EventData><Data Name=HiveNameLength>106</Data>
<Data Name=HiveName>\??\C:\Users\endoaki\AppData\Local\Packages\Microsoft.StorePurchaseApp_8wekyb3d8bbwe\Settings\settings.dat</Data>
<Data Name=KeysUpdated>3</Data>
<Data Name=DirtyPages>1</Data>
</EventData>
</Event>
ElfRec#000606 (0x0004e930)	2026-01-14T21:45:45.0613798Z	size=552
<Event xmlns=http://schemas.microsoft.com/win/2004/08/events/event><System><Provider Name=Microsoft-Windows-Kernel-General Guid={a68ca8b7-004f-d7b6-a698-07e2de0f1f5d}/>
<EventID Qualifiers=(null)>16</EventID>
<Version>0</Version>
<Level>4</Level>
<Task>0</Task>
<Opcode>0</Opcode>
<Keywords>0x8000000000000000</Keywords>
<TimeCreated SystemTime=2026-01-14T21:45:45.061379800Z/>
<EventRecordID>606</EventRecordID>
<Correlation ActivityID=(null) RelatedActivityID=(null)/>
<Execution ProcessID=3492 ThreadID=5808/>
<Channel>System</Channel>
<Computer>DESKTOP-5VCD46O</Computer>
<Security UserID=S-1-5-21-3154672976-900801122-4255023966-1001/>
</System>
<EventData><Data Name=HiveNameLength>107</Data>
<Data Name=HiveName>\??\C:\Users\endoaki\AppData\Local\Packages\Microsoft.RawImageExtension_8wekyb3d8bbwe\Settings\settings.dat</Data>
<Data Name=KeysUpdated>3</Data>
<Data Name=DirtyPages>1</Data>
</EventData>
</Event>
ElfRec#000607 (0x0004eb58)	2026-01-14T21:45:45.4576290Z	size=544
<Event xmlns=http://schemas.microsoft.com/win/2004/08/events/event><System><Provider Name=Microsoft-Windows-Kernel-General Guid={a68ca8b7-004f-d7b6-a698-07e2de0f1f5d}/>
<EventID Qualifiers=(null)>16</EventID>
<Version>0</Version>
<Level>4</Level>
<Task>0</Task>
<Opcode>0</Opcode>
<Keywords>0x8000000000000000</Keywords>
<TimeCreated SystemTime=2026-01-14T21:45:45.457629000Z/>
<EventRecordID>607</EventRecordID>
<Correlation ActivityID=(null) RelatedActivityID=(null)/>
<Execution ProcessID=3492 ThreadID=5816/>
<Channel>System</Channel>
<Computer>DESKTOP-5VCD46O</Computer>
<Security UserID=S-1-5-21-3154672976-900801122-4255023966-1001/>
</System>
<EventData><Data Name=HiveNameLength>101</Data>
<Data Name=HiveName>\??\C:\Users\endoaki\AppData\Local\Packages\Microsoft.SecHealthUI_8wekyb3d8bbwe\Settings\settings.dat</Data>
<Data Name=KeysUpdated>3</Data>
<Data Name=DirtyPages>1</Data>
</EventData>
</Event>
