ElfRec#000659 (0x00056a98)	2026-01-14T04:46:56.5103578Z	size=496
<Event xmlns=http://schemas.microsoft.com/win/2004/08/events/event><System><Provider Name=Microsoft-Windows-Kernel-General Guid={a68ca8b7-004f-d7b6-a698-07e2de0f1f5d}/>
<EventID Qualifiers=(null)>1</EventID>
<Version>4</Version>
<Level>4</Level>
<Task>5</Task>
<Opcode>0</Opcode>
<Keywords>0x8000000000000010</Keywords>
<TimeCreated SystemTime=2026-01-14T04:46:56.510357800Z/>
<EventRecordID>659</EventRecordID>
<Correlation ActivityID=(null) RelatedActivityID=(null)/>
<Execution ProcessID=5380 ThreadID=5420/>
<Channel>System</Channel>
<Computer>DESKTOP-5VCD46O</Computer>
<Security UserID=S-1-5-19/>
</System>
<EventData><Data Name=NewTime>2026-01-14T04:46:56.510280800Z</Data>
<Data Name=OldTime>2026-01-14T04:46:56.510272700Z</Data>
<Data Name=TimeDeltaInMs>[Unknown Type 0x09, size 8]</Data>
<Data Name=Reason>1</Data>
<Data Name=ProcessName>\Device\HarddiskVolume3\Windows\System32\svchost.exe</Data>
<Data Name=ProcessID>5380</Data>
<Data Name=CmosTime>2026-01-14T04:46:56.510280800Z</Data>
<Data Name=TimeZoneBias>[Unknown Type 0x07, size 4]</Data>
<Data Name=RealTimeIsUniversal>[Unknown Type 0x0d, size 4]</Data>
<Data Name=SystemInCmosMode>[Unknown Type 0x0d, size 4]</Data>
</EventData>
</Event>
ElfRec#000660 (0x00056c88)	2026-01-14T04:47:10.2957177Z	size=568
<Event xmlns=http://schemas.microsoft.com/win/2004/08/events/event><System><Provider Name=Microsoft-Windows-Kernel-General Guid={a68ca8b7-004f-d7b6-a698-07e2de0f1f5d}/>
<EventID Qualifiers=(null)>16</EventID>
<Version>0</Version>
<Level>4</Level>
<Task>0</Task>
<Opcode>0</Opcode>
<Keywords>0x8000000000000000</Keywords>
<TimeCreated SystemTime=2026-01-14T04:47:10.295717700Z/>
<EventRecordID>660</EventRecordID>
<Correlation ActivityID=(null) RelatedActivityID=(null)/>
<Execution ProcessID=10404 ThreadID=10488/>
<Channel>System</Channel>
<Computer>DESKTOP-5VCD46O</Computer>
<Security UserID=S-1-5-18/>
</System>
<EventData><Data Name=HiveNameLength>120</Data>
<Data Name=HiveName>\??\C:\Users\endoaki\AppData\Local\Packages\Microsoft.Windows.ContentDeliveryManager_cw5n1h2txyewy\Settings\settings.dat</Data>
<Data Name=KeysUpdated>69</Data>
<Data Name=DirtyPages>5</Data>
</EventData>
</Event>
ElfRec#000661 (0x00056ec0)	2026-01-14T04:47:10.5626274Z	size=536
<Event xmlns=http://schemas.microsoft.com/win/2004/08/events/event><System><Provider Name=Microsoft-Windows-Kernel-General Guid={a68ca8b7-004f-d7b6-a698-07e2de0f1f5d}/>
<EventID Qualifiers=(null)>16</EventID>
<Version>0</Version>
<Level>4</Level>
<Task>0</Task>
<Opcode>0</Opcode>
<Keywords>0x8000000000000000</Keywords>
<TimeCreated SystemTime=2026-01-14T04:47:10.562627400Z/>
<EventRecordID>661</EventRecordID>
<Correlation ActivityID=(null) RelatedActivityID=(null)/>
<Execution ProcessID=10440 ThreadID=6504/>
<Channel>System</Channel>
<Computer>DESKTOP-5VCD46O</Computer>
<Security UserID=S-1-5-18/>
</System>
<EventData><Data Name=HiveNameLength>106</Data>
<Data Name=HiveName>\??\C:\Users\endoaki\AppData\Local\Packages\Microsoft.AAD.BrokerPlugin_cw5n1h2txyewy\Settings\settings.dat</Data>
<Data Name=KeysUpdated>5</Data>
<Data Name=DirtyPages>1</Data>
</EventData>
</Event>
ElfRec#000662 (0x000570d8)	2026-01-14T04:47:12.7597730Z	size=560
<Event xmlns=http://schemas.microsoft.com/win/2004/08/events/event><System><Provider Name=Microsoft-Windows-Kernel-General Guid={a68ca8b7-004f-d7b6-a698-07e2de0f1f5d}/>
<EventID Qualifiers=(null)>16</EventID>
<Version>0</Version>
<Level>4</Level>
<Task>0</Task>
<Opcode>0</Opcode>
<Keywords>0x8000000000000000</Keywords>
<TimeCreated SystemTime=2026-01-14T04:47:12.759773000Z/>
<EventRecordID>662</EventRecordID>
<Correlation ActivityID=(null) RelatedActivityID=(null)/>
<Execution ProcessID=712 ThreadID=944/>
<Channel>System</Channel>
<Computer>DESKTOP-5VCD46O</Computer>
<Security UserID=S-1-5-18/>
</System>
<EventData><Data Name=HiveNameLength>119</Data>
<Data Name=HiveName>\??\C:\WINDOWS\ServiceProfiles\NetworkService\AppData\Local\Microsoft\Windows\DeliveryOptimization\State\dosvcState.dat</Data>
<Data Name=KeysUpdated>19</Data>
<Data Name=DirtyPages>4</Data>
</EventData>
</Event>
ElfRec#000663 (0x00057308)	2026-01-14T04:47:33.5212234Z	size=1752
<Event xmlns=http://schemas.microsoft.com/win/2004/08/events/event><System><Provider Name=Microsoft-Windows-DistributedCOM Guid={1B562E86-B7AA-4131-BADC-B6F3A001407E} EventSourceName=DCOM/>
<EventID Qualifiers=0>10016</EventID>
<Version>0</Version>
<Level>3</Level>
<Task>0</Task>
<Opcode>0</Opcode>
<Keywords>0x8080000000000000</Keywords>
<TimeCreated SystemTime=2026-01-14T04:47:33.521223400Z/>
<EventRecordID>663</EventRecordID>
<Correlation ActivityID=(null) RelatedActivityID=(null)/>
<Execution ProcessID=1020 ThreadID=468/>
<Channel>System</Channel>
<Computer>DESKTOP-5VCD46O</Computer>
<Security UserID=S-1-5-18/>
</System>
<EventData><Data Name=param1>application-specific</Data>
<Data Name=param2>Local</Data>
<Data Name=param3>Launch</Data>
<Data Name=param4>Windows.SecurityCenter.WscBrokerManager</Data>
<Data Name=param5>Unavailable</Data>
<Data Name=param6>NT AUTHORITY</Data>
<Data Name=param7>SYSTEM</Data>
<Data Name=param8>S-1-5-18</Data>
<Data Name=param9>LocalHost (Using LRPC)</Data>
<Data Name=param10>Unavailable</Data>
<Data Name=param11>Unavailable</Data>
</EventData>
</Event>
ElfRec#000664 (0x000579e0)	2026-01-14T04:47:33.5212234Z	size=552
<Event xmlns=http://schemas.microsoft.com/win/2004/08/events/event><System><Provider Name=Microsoft-Windows-DistributedCOM Guid={1B562E86-B7AA-4131-BADC-B6F3A001407E} EventSourceName=DCOM/>
<EventID Qualifiers=0>10016</EventID>
<Version>0</Version>
<Level>3</Level>
<Task>0</Task>
<Opcode>0</Opcode>
<Keywords>0x8080000000000000</Keywords>
<TimeCreated SystemTime=2026-01-14T04:47:33.521223400Z/>
<EventRecordID>664</EventRecordID>
<Correlation ActivityID=(null) RelatedActivityID=(null)/>
<Execution ProcessID=1020 ThreadID=8152/>
<Channel>System</Channel>
<Computer>DESKTOP-5VCD46O</Computer>
<Security UserID=S-1-5-18/>
</System>
<EventData><Data Name=param1>application-specific</Data>
<Data Name=param2>Local</Data>
<Data Name=param3>Launch</Data>
<Data Name=param4>Windows.SecurityCenter.WscDataProtection</Data>
<Data Name=param5>Unavailable</Data>
<Data Name=param6>NT AUTHORITY</Data>
<Data Name=param7>SYSTEM</Data>
<Data Name=param8>S-1-5-18</Data>
<Data Name=param9>LocalHost (Using LRPC)</Data>
<Data Name=param10>Unavailable</Data>
<Data Name=param11>Unavailable</Data>
</EventData>
</Event>
ElfRec#000665 (0x00057c08)	2026-01-14T04:47:33.5212234Z	size=552
<Event xmlns=http://schemas.microsoft.com/win/2004/08/events/event><System><Provider Name=Microsoft-Windows-DistributedCOM Guid={1B562E86-B7AA-4131-BADC-B6F3A001407E} EventSourceName=DCOM/>
<EventID Qualifiers=0>10016</EventID>
<Version>0</Version>
<Level>3</Level>
<Task>0</Task>
<Opcode>0</Opcode>
<Keywords>0x8080000000000000</Keywords>
<TimeCreated SystemTime=2026-01-14T04:47:33.521223400Z/>
<EventRecordID>665</EventRecordID>
<Correlation ActivityID=(null) RelatedActivityID=(null)/>
<Execution ProcessID=1020 ThreadID=496/>
<Channel>System</Channel>
<Computer>DESKTOP-5VCD46O</Computer>
<Security UserID=S-1-5-18/>
</System>
<EventData><Data Name=param1>application-specific</Data>
<Data Name=param2>Local</Data>
<Data Name=param3>Launch</Data>
<Data Name=param4>Windows.SecurityCenter.SecurityAppBroker</Data>
<Data Name=param5>Unavailable</Data>
<Data Name=param6>NT AUTHORITY</Data>
<Data Name=param7>SYSTEM</Data>
<Data Name=param8>S-1-5-18</Data>
<Data Name=param9>LocalHost (Using LRPC)</Data>
<Data Name=param10>Unavailable</Data>
<Data Name=param11>Unavailable</Data>
</EventData>
</Event>
ElfRec#000666 (0x00057e30)	2026-01-14T04:47:45.0884348Z	size=616
<Event xmlns=http://schemas.microsoft.com/win/2004/08/events/event><System><Provider Name=Microsoft-Windows-Kernel-General Guid={a68ca8b7-004f-d7b6-a698-07e2de0f1f5d}/>
<EventID Qualifiers=(null)>16</EventID>
<Version>0</Version>
<Level>4</Level>
<Task>0</Task>
<Opcode>0</Opcode>
<Keywords>0x8000000000000000</Keywords>
<TimeCreated SystemTime=2026-01-14T04:47:45.088434800Z/>
<EventRecordID>666</EventRecordID>
<Correlation ActivityID=(null) RelatedActivityID=(null)/>
<Execution ProcessID=3492 ThreadID=5812/>
<Channel>System</Channel>
<Computer>DESKTOP-5VCD46O</Computer>
<Security UserID=S-1-5-18/>
</System>
<EventData><Data Name=HiveNameLength>144</Data>
<Data Name=HiveName>\??\C:\ProgramData\Microsoft\Windows\AppRepository\Packages\Microsoft.OutlookForWindows_1.2025.1218.100_arm64__8wekyb3d8bbwe\ActivationStore.dat</Data>
<Data Name=KeysUpdated>0</Data>
<Data Name=DirtyPages>0</Data>
</EventData>
</Event>
ElfRec#000667 (0x00058098)	2026-01-14T04:47:46.0042443Z	size=552
<Event xmlns=http://schemas.microsoft.com/win/2004/08/events/event><System><Provider Name=Microsoft-Windows-Kernel-General Guid={a68ca8b7-004f-d7b6-a698-07e2de0f1f5d}/>
<EventID Qualifiers=(null)>16</EventID>
<Version>0</Version>
<Level>4</Level>
<Task>0</Task>
<Opcode>0</Opcode>
<Keywords>0x8000000000000000</Keywords>
<TimeCreated SystemTime=2026-01-14T04:47:46.004244300Z/>
<EventRecordID>667</EventRecordID>
<Correlation ActivityID=(null) RelatedActivityID=(null)/>
<Execution ProcessID=3492 ThreadID=5812/>
<Channel>System</Channel>
<Computer>DESKTOP-5VCD46O</Computer>
<Security UserID=S-1-5-21-3154672976-900801122-4255023966-1001/>
</System>
<EventData><Data Name=HiveNameLength>107</Data>
<Data Name=HiveName>\??\C:\Users\endoaki\AppData\Local\Packages\Microsoft.OutlookForWindows_8wekyb3d8bbwe\Settings\settings.dat</Data>
<Data Name=KeysUpdated>1</Data>
<Data Name=DirtyPages>1</Data>
</EventData>
</Event>
ElfRec#000668 (0x000582c0)	2026-01-14T04:48:04.2856616Z	size=656
<Event xmlns=http://schemas.microsoft.com/win/2004/08/events/event><System><Provider Name=Microsoft-Windows-WindowsUpdateClient Guid={945a8954-c147-4acd-923f-40c45405a658}/>
<EventID Qualifiers=(null)>44</EventID>
<Version>1</Version>
<Level>4</Level>
<Task>1</Task>
<Opcode>12</Opcode>
<Keywords>0x8000000000002004</Keywords>
<TimeCreated SystemTime=2026-01-14T04:48:04.285661600Z/>
<EventRecordID>668</EventRecordID>
<Correlation ActivityID=(null) RelatedActivityID=(null)/>
<Execution ProcessID=6504 ThreadID=6348/>
<Channel>System</Channel>
<Computer>DESKTOP-5VCD46O</Computer>
<Security UserID=S-1-5-18/>
</System>
<EventData><Data Name=updateTitle>9MSSGKG348SP-MicrosoftWindows.Client.WebExperience</Data>
<Data Name=updateGuid>{51860427-f7cc-4f99-a1a0-c194add0ef98}</Data>
<Data Name=updateRevisionNumber>1</Data>
</EventData>
</Event>
ElfRec#000669 (0x00058550)	2026-01-14T04:48:04.2856639Z	size=432
<Event xmlns=http://schemas.microsoft.com/win/2004/08/events/event><System><Provider Name=Microsoft-Windows-WindowsUpdateClient Guid={945a8954-c147-4acd-923f-40c45405a658}/>
<EventID Qualifiers=(null)>44</EventID>
<Version>1</Version>
<Level>4</Level>
<Task>1</Task>
<Opcode>12</Opcode>
<Keywords>0x8000000000002004</Keywords>
<TimeCreated SystemTime=2026-01-14T04:48:04.285663900Z/>
<EventRecordID>669</EventRecordID>
<Correlation ActivityID=(null) RelatedActivityID=(null)/>
<Execution ProcessID=6504 ThreadID=6348/>
<Channel>System</Channel>
<Computer>DESKTOP-5VCD46O</Computer>
<Security UserID=S-1-5-18/>
</System>
<EventData><Data Name=updateTitle>9P2VP41KK7LF-Microsoft.WindowsAppRuntime.1.6</Data>
<Data Name=updateGuid>{ad8b81e0-a360-4504-85c1-51615bc3c4f0}</Data>
<Data Name=updateRevisionNumber>1</Data>
</EventData>
</Event>
ElfRec#000670 (0x00058700)	2026-01-14T04:48:04.2856661Z	size=440
<Event xmlns=http://schemas.microsoft.com/win/2004/08/events/event><System><Provider Name=Microsoft-Windows-WindowsUpdateClient Guid={945a8954-c147-4acd-923f-40c45405a658}/>
<EventID Qualifiers=(null)>44</EventID>
<Version>1</Version>
<Level>4</Level>
<Task>1</Task>
<Opcode>12</Opcode>
<Keywords>0x8000000000002004</Keywords>
<TimeCreated SystemTime=2026-01-14T04:48:04.285666100Z/>
<EventRecordID>670</EventRecordID>
<Correlation ActivityID=(null) RelatedActivityID=(null)/>
<Execution ProcessID=6504 ThreadID=6348/>
<Channel>System</Channel>
<Computer>DESKTOP-5VCD46O</Computer>
<Security UserID=S-1-5-18/>
</System>
<EventData><Data Name=updateTitle>9MSSGKG348SP-MicrosoftWindows.Client.WebExperience</Data>
<Data Name=updateGuid>{51860427-f7cc-4f99-a1a0-c194add0ef98}</Data>
<Data Name=updateRevisionNumber>1</Data>
</EventData>
</Event>
ElfRec#000671 (0x000588b8)	2026-01-14T04:48:07.6464624Z	size=400
<Event xmlns=http://schemas.microsoft.com/win/2004/08/events/event><System><Provider Name=Microsoft-Windows-WindowsUpdateClient Guid={945a8954-c147-4acd-923f-40c45405a658}/>
<EventID Qualifiers=(null)>44</EventID>
<Version>1</Version>
<Level>4</Level>
<Task>1</Task>
<Opcode>12</Opcode>
<Keywords>0x8000000000002004</Keywords>
<TimeCreated SystemTime=2026-01-14T04:48:07.646462400Z/>
<EventRecordID>671</EventRecordID>
<Correlation ActivityID=(null) RelatedActivityID=(null)/>
<Execution ProcessID=6504 ThreadID=6348/>
<Channel>System</Channel>
<Computer>DESKTOP-5VCD46O</Computer>
<Security UserID=S-1-5-18/>
</System>
<EventData><Data Name=updateTitle>9PCFS5B6T72H-Microsoft.Paint</Data>
<Data Name=updateGuid>{bb49c64f-d987-4618-8bf9-1ad7963a1061}</Data>
<Data Name=updateRevisionNumber>1</Data>
</EventData>
</Event>
ElfRec#000672 (0x00058a48)	2026-01-14T04:48:07.6464650Z	size=432
<Event xmlns=http://schemas.microsoft.com/win/2004/08/events/event><System><Provider Name=Microsoft-Windows-WindowsUpdateClient Guid={945a8954-c147-4acd-923f-40c45405a658}/>
<EventID Qualifiers=(null)>44</EventID>
<Version>1</Version>
<Level>4</Level>
<Task>1</Task>
<Opcode>12</Opcode>
<Keywords>0x8000000000002004</Keywords>
<TimeCreated SystemTime=2026-01-14T04:48:07.646465000Z/>
<EventRecordID>672</EventRecordID>
<Correlation ActivityID=(null) RelatedActivityID=(null)/>
<Execution ProcessID=6504 ThreadID=6348/>
<Channel>System</Channel>
<Computer>DESKTOP-5VCD46O</Computer>
<Security UserID=S-1-5-18/>
</System>
<EventData><Data Name=updateTitle>9NKRJ3SJ9SDG-Microsoft.WindowsAppRuntime.1.8</Data>
<Data Name=updateGuid>{de78e017-ef4f-4aa9-92db-40f837c4fcde}</Data>
<Data Name=updateRevisionNumber>1</Data>
</EventData>
</Event>
ElfRec#000673 (0x00058bf8)	2026-01-14T04:48:07.6464674Z	size=408
<Event xmlns=http://schemas.microsoft.com/win/2004/08/events/event><System><Provider Name=Microsoft-Windows-WindowsUpdateClient Guid={945a8954-c147-4acd-923f-40c45405a658}/>
<EventID Qualifiers=(null)>44</EventID>
<Version>1</Version>
<Level>4</Level>
<Task>1</Task>
<Opcode>12</Opcode>
<Keywords>0x8000000000002004</Keywords>
<TimeCreated SystemTime=2026-01-14T04:48:07.646467400Z/>
<EventRecordID>673</EventRecordID>
<Correlation ActivityID=(null) RelatedActivityID=(null)/>
<Execution ProcessID=6504 ThreadID=6348/>
<Channel>System</Channel>
<Computer>DESKTOP-5VCD46O</Computer>
<Security UserID=S-1-5-18/>
</System>
<EventData><Data Name=updateTitle>9NSTH9KHZDLQ-Microsoft.UI.Xaml.2.8</Data>
<Data Name=updateGuid>{6b5369f2-d415-4daf-a500-1b864dc84dec}</Data>
<Data Name=updateRevisionNumber>1</Data>
</EventData>
</Event>
ElfRec#000674 (0x00058d90)	2026-01-14T04:48:07.6464695Z	size=416
<Event xmlns=http://schemas.microsoft.com/win/2004/08/events/event><System><Provider Name=Microsoft-Windows-WindowsUpdateClient Guid={945a8954-c147-4acd-923f-40c45405a658}/>
<EventID Qualifiers=(null)>44</EventID>
<Version>1</Version>
<Level>4</Level>
<Task>1</Task>
<Opcode>12</Opcode>
<Keywords>0x8000000000002004</Keywords>
<TimeCreated SystemTime=2026-01-14T04:48:07.646469500Z/>
<EventRecordID>674</EventRecordID>
<Correlation ActivityID=(null) RelatedActivityID=(null)/>
<Execution ProcessID=6504 ThreadID=6348/>
<Channel>System</Channel>
<Computer>DESKTOP-5VCD46O</Computer>
<Security UserID=S-1-5-18/>
</System>
<EventData><Data Name=updateTitle>9WZDNCRFJBMP-MICROSOFT.WINDOWSSTORE</Data>
<Data Name=updateGuid>{1b5b11fd-5012-47c2-93ec-bda469ad3af1}</Data>
<Data Name=updateRevisionNumber>1</Data>
</EventData>
</Event>
ElfRec#000675 (0x00058f30)	2026-01-14T04:48:11.1421295Z	size=416
<Event xmlns=http://schemas.microsoft.com/win/2004/08/events/event><System><Provider Name=Microsoft-Windows-WindowsUpdateClient Guid={945a8954-c147-4acd-923f-40c45405a658}/>
<EventID Qualifiers=(null)>44</EventID>
<Version>1</Version>
<Level>4</Level>
<Task>1</Task>
<Opcode>12</Opcode>
<Keywords>0x8000000000002004</Keywords>
<TimeCreated SystemTime=2026-01-14T04:48:11.142129500Z/>
<EventRecordID>675</EventRecordID>
<Correlation ActivityID=(null) RelatedActivityID=(null)/>
<Execution ProcessID=6504 ThreadID=6348/>
<Channel>System</Channel>
<Computer>DESKTOP-5VCD46O</Computer>
<Security UserID=S-1-5-18/>
</System>
<EventData><Data Name=updateTitle>9WZDNCRFJBMP-MICROSOFT.WINDOWSSTORE</Data>
<Data Name=updateGuid>{1b5b11fd-5012-47c2-93ec-bda469ad3af1}</Data>
<Data Name=updateRevisionNumber>1</Data>
</EventData>
</Event>
ElfRec#000676 (0x000590d0)	2026-01-14T04:48:22.6861123Z	size=616
<Event xmlns=http://schemas.microsoft.com/win/2004/08/events/event><System><Provider Name=Microsoft-Windows-Kernel-General Guid={a68ca8b7-004f-d7b6-a698-07e2de0f1f5d}/>
<EventID Qualifiers=(null)>16</EventID>
<Version>0</Version>
<Level>4</Level>
<Task>0</Task>
<Opcode>0</Opcode>
<Keywords>0x8000000000000000</Keywords>
<TimeCreated SystemTime=2026-01-14T04:48:22.686112300Z/>
<EventRecordID>676</EventRecordID>
<Correlation ActivityID=(null) RelatedActivityID=(null)/>
<Execution ProcessID=3492 ThreadID=5884/>
<Channel>System</Channel>
<Computer>DESKTOP-5VCD46O</Computer>
<Security UserID=S-1-5-18/>
</System>
<EventData><Data Name=HiveNameLength>145</Data>
<Data Name=HiveName>\??\C:\ProgramData\Microsoft\Windows\AppRepository\Packages\Microsoft.WindowsAppRuntime.1.6_6000.519.329.0_x64__8wekyb3d8bbwe\ActivationStore.dat</Data>
<Data Name=KeysUpdated>0</Data>
<Data Name=DirtyPages>0</Data>
</EventData>
</Event>
ElfRec#000677 (0x00059338)	2026-01-14T04:48:30.3969116Z	size=616
<Event xmlns=http://schemas.microsoft.com/win/2004/08/events/event><System><Provider Name=Microsoft-Windows-Kernel-General Guid={a68ca8b7-004f-d7b6-a698-07e2de0f1f5d}/>
<EventID Qualifiers=(null)>16</EventID>
<Version>0</Version>
<Level>4</Level>
<Task>0</Task>
<Opcode>0</Opcode>
<Keywords>0x8000000000000000</Keywords>
<TimeCreated SystemTime=2026-01-14T04:48:30.396911600Z/>
<EventRecordID>677</EventRecordID>
<Correlation ActivityID=(null) RelatedActivityID=(null)/>
<Execution ProcessID=3492 ThreadID=5884/>
<Channel>System</Channel>
<Computer>DESKTOP-5VCD46O</Computer>
<Security UserID=S-1-5-18/>
</System>
<EventData><Data Name=HiveNameLength>146</Data>
<Data Name=HiveName>\??\C:\ProgramData\Microsoft\Windows\AppRepository\Packages\Microsoft.WindowsAppRuntime.1.8_8000.731.1532.0_x64__8wekyb3d8bbwe\ActivationStore.dat</Data>
<Data Name=KeysUpdated>0</Data>
<Data Name=DirtyPages>0</Data>
</EventData>
</Event>
ElfRec#000678 (0x000595a0)	2026-01-14T04:48:36.5479922Z	size=624
<Event xmlns=http://schemas.microsoft.com/win/2004/08/events/event><System><Provider Name=Microsoft-Windows-Kernel-General Guid={a68ca8b7-004f-d7b6-a698-07e2de0f1f5d}/>
<EventID Qualifiers=(null)>16</EventID>
<Version>0</Version>
<Level>4</Level>
<Task>0</Task>
<Opcode>0</Opcode>
<Keywords>0x8000000000000000</Keywords>
<TimeCreated SystemTime=2026-01-14T04:48:36.547992200Z/>
<EventRecordID>678</EventRecordID>
<Correlation ActivityID=(null) RelatedActivityID=(null)/>
<Execution ProcessID=3492 ThreadID=5884/>
<Channel>System</Channel>
<Computer>DESKTOP-5VCD46O</Computer>
<Security UserID=S-1-5-18/>
</System>
<EventData><Data Name=HiveNameLength>148</Data>
<Data Name=HiveName>\??\C:\ProgramData\Microsoft\Windows\AppRepository\Packages\Microsoft.WindowsAppRuntime.1.8_8000.731.1532.0_arm64__8wekyb3d8bbwe\ActivationStore.dat</Data>
<Data Name=KeysUpdated>0</Data>
<Data Name=DirtyPages>0</Data>
</EventData>
</Event>
ElfRec#000679 (0x00059810)	2026-01-14T04:48:42.1671181Z	size=592
<Event xmlns=http://schemas.microsoft.com/win/2004/08/events/event><System><Provider Name=Microsoft-Windows-Kernel-General Guid={a68ca8b7-004f-d7b6-a698-07e2de0f1f5d}/>
<EventID Qualifiers=(null)>16</EventID>
<Version>0</Version>
<Level>4</Level>
<Task>0</Task>
<Opcode>0</Opcode>
<Keywords>0x8000000000000000</Keywords>
<TimeCreated SystemTime=2026-01-14T04:48:42.167118100Z/>
<EventRecordID>679</EventRecordID>
<Correlation ActivityID=(null) RelatedActivityID=(null)/>
<Execution ProcessID=3492 ThreadID=5800/>
<Channel>System</Channel>
<Computer>DESKTOP-5VCD46O</Computer>
<Security UserID=S-1-5-18/>
</System>
<EventData><Data Name=HiveNameLength>135</Data>
<Data Name=HiveName>\??\C:\ProgramData\Microsoft\Windows\AppRepository\Packages\Microsoft.UI.Xaml.2.8_8.2501.31001.0_x86__8wekyb3d8bbwe\ActivationStore.dat</Data>
<Data Name=KeysUpdated>0</Data>
<Data Name=DirtyPages>0</Data>
</EventData>
</Event>
ElfRec#000680 (0x00059a60)	2026-01-14T04:48:52.8172284Z	size=528
<Event xmlns=http://schemas.microsoft.com/win/2004/08/events/event><System><Provider Name=Microsoft-Windows-Kernel-General Guid={a68ca8b7-004f-d7b6-a698-07e2de0f1f5d}/>
<EventID Qualifiers=(null)>16</EventID>
<Version>0</Version>
<Level>4</Level>
<Task>0</Task>
<Opcode>0</Opcode>
<Keywords>0x8000000000000000</Keywords>
<TimeCreated SystemTime=2026-01-14T04:48:52.817228400Z/>
<EventRecordID>680</EventRecordID>
<Correlation ActivityID=(null) RelatedActivityID=(null)/>
<Execution ProcessID=4660 ThreadID=7656/>
<Channel>System</Channel>
<Computer>DESKTOP-5VCD46O</Computer>
<Security UserID=S-1-5-18/>
</System>
<EventData><Data Name=HiveNameLength>102</Data>
<Data Name=HiveName>\??\C:\Users\endoaki\AppData\Local\Packages\Microsoft.WindowsStore_8wekyb3d8bbwe\Settings\settings.dat</Data>
<Data Name=KeysUpdated>6</Data>
<Data Name=DirtyPages>1</Data>
</EventData>
</Event>
ElfRec#000681 (0x00059c70)	2026-01-14T04:48:59.2051125Z	size=600
<Event xmlns=http://schemas.microsoft.com/win/2004/08/events/event><System><Provider Name=Microsoft-Windows-Kernel-General Guid={a68ca8b7-004f-d7b6-a698-07e2de0f1f5d}/>
<EventID Qualifiers=(null)>16</EventID>
<Version>0</Version>
<Level>4</Level>
<Task>0</Task>
<Opcode>0</Opcode>
<Keywords>0x8000000000000000</Keywords>
<TimeCreated SystemTime=2026-01-14T04:48:59.205112500Z/>
<EventRecordID>681</EventRecordID>
<Correlation ActivityID=(null) RelatedActivityID=(null)/>
<Execution ProcessID=3492 ThreadID=5800/>
<Channel>System</Channel>
<Computer>DESKTOP-5VCD46O</Computer>
<Security UserID=S-1-5-18/>
</System>
<EventData><Data Name=HiveNameLength>138</Data>
<Data Name=HiveName>\??\C:\ProgramData\Microsoft\Windows\AppRepository\Packages\Microsoft.WindowsStore_22511.1401.6.0_arm64__8wekyb3d8bbwe\ActivationStore.dat</Data>
<Data Name=KeysUpdated>0</Data>
<Data Name=DirtyPages>0</Data>
</EventData>
</Event>
ElfRec#000682 (0x00059ec8)	2026-01-14T04:49:01.1386425Z	size=632
<Event xmlns=http://schemas.microsoft.com/win/2004/08/events/event><System><Provider Name=Microsoft-Windows-Kernel-General Guid={a68ca8b7-004f-d7b6-a698-07e2de0f1f5d}/>
<EventID Qualifiers=(null)>16</EventID>
<Version>0</Version>
<Level>4</Level>
<Task>0</Task>
<Opcode>0</Opcode>
<Keywords>0x8000000000000000</Keywords>
<TimeCreated SystemTime=2026-01-14T04:49:01.138642500Z/>
<EventRecordID>682</EventRecordID>
<Correlation ActivityID=(null) RelatedActivityID=(null)/>
<Execution ProcessID=3492 ThreadID=5812/>
<Channel>System</Channel>
<Computer>DESKTOP-5VCD46O</Computer>
<Security UserID=S-1-5-18/>
</System>
<EventData><Data Name=HiveNameLength>154</Data>
<Data Name=HiveName>\??\C:\ProgramData\Microsoft\Windows\AppRepository\Packages\MicrosoftWindows.Client.WebExperience_525.31002.150.0_arm64__cw5n1h2txyewy\ActivationStore.dat</Data>
<Data Name=KeysUpdated>0</Data>
<Data Name=DirtyPages>0</Data>
</EventData>
</Event>
ElfRec#000683 (0x0005a140)	2026-01-14T04:49:01.6322489Z	size=592
<Event xmlns=http://schemas.microsoft.com/win/2004/08/events/event><System><Provider Name=Microsoft-Windows-Kernel-General Guid={a68ca8b7-004f-d7b6-a698-07e2de0f1f5d}/>
<EventID Qualifiers=(null)>16</EventID>
<Version>0</Version>
<Level>4</Level>
<Task>0</Task>
<Opcode>0</Opcode>
<Keywords>0x8000000000000000</Keywords>
<TimeCreated SystemTime=2026-01-14T04:49:01.632248900Z/>
<EventRecordID>683</EventRecordID>
<Correlation ActivityID=(null) RelatedActivityID=(null)/>
<Execution ProcessID=3492 ThreadID=5800/>
<Channel>System</Channel>
<Computer>DESKTOP-5VCD46O</Computer>
<Security UserID=S-1-5-18/>
</System>
<EventData><Data Name=HiveNameLength>135</Data>
<Data Name=HiveName>\??\C:\ProgramData\Microsoft\Windows\AppRepository\Packages\Microsoft.UI.Xaml.2.8_8.2501.31001.0_x64__8wekyb3d8bbwe\ActivationStore.dat</Data>
<Data Name=KeysUpdated>0</Data>
<Data Name=DirtyPages>0</Data>
</EventData>
</Event>
ElfRec#000684 (0x0005a390)	2026-01-14T04:49:02.9264814Z	size=600
<Event xmlns=http://schemas.microsoft.com/win/2004/08/events/event><System><Provider Name=Microsoft-Windows-Kernel-General Guid={a68ca8b7-004f-d7b6-a698-07e2de0f1f5d}/>
<EventID Qualifiers=(null)>16</EventID>
<Version>0</Version>
<Level>4</Level>
<Task>0</Task>
<Opcode>0</Opcode>
<Keywords>0x8000000000000000</Keywords>
<TimeCreated SystemTime=2026-01-14T04:49:02.926481400Z/>
<EventRecordID>684</EventRecordID>
<Correlation ActivityID=(null) RelatedActivityID=(null)/>
<Execution ProcessID=3492 ThreadID=5800/>
<Channel>System</Channel>
<Computer>DESKTOP-5VCD46O</Computer>
<Security UserID=S-1-5-18/>
</System>
<EventData><Data Name=HiveNameLength>137</Data>
<Data Name=HiveName>\??\C:\ProgramData\Microsoft\Windows\AppRepository\Packages\Microsoft.UI.Xaml.2.8_8.2501.31001.0_arm64__8wekyb3d8bbwe\ActivationStore.dat</Data>
<Data Name=KeysUpdated>0</Data>
<Data Name=DirtyPages>0</Data>
</EventData>
</Event>
ElfRec#000685 (0x0005a5e8)	2026-01-14T04:49:03.8868068Z	size=408
<Event xmlns=http://schemas.microsoft.com/win/2004/08/events/event><System><Provider Name=Microsoft-Windows-WindowsUpdateClient Guid={945a8954-c147-4acd-923f-40c45405a658}/>
<EventID Qualifiers=(null)>43</EventID>
<Version>1</Version>
<Level>4</Level>
<Task>1</Task>
<Opcode>13</Opcode>
<Keywords>0x8000000000002008</Keywords>
<TimeCreated SystemTime=2026-01-14T04:49:03.886806800Z/>
<EventRecordID>685</EventRecordID>
<Correlation ActivityID=(null) RelatedActivityID=(null)/>
<Execution ProcessID=6504 ThreadID=8312/>
<Channel>System</Channel>
<Computer>DESKTOP-5VCD46O</Computer>
<Security UserID=S-1-5-18/>
</System>
<EventData><Data Name=updateTitle>9NSTH9KHZDLQ-Microsoft.UI.Xaml.2.8</Data>
<Data Name=updateGuid>{6b5369f2-d415-4daf-a500-1b864dc84dec}</Data>
<Data Name=updateRevisionNumber>1</Data>
</EventData>
</Event>
ElfRec#000686 (0x0005a780)	2026-01-14T04:49:04.6029592Z	size=696
<Event xmlns=http://schemas.microsoft.com/win/2004/08/events/event><System><Provider Name=Microsoft-Windows-WindowsUpdateClient Guid={945a8954-c147-4acd-923f-40c45405a658}/>
<EventID Qualifiers=(null)>19</EventID>
<Version>1</Version>
<Level>4</Level>
<Task>1</Task>
<Opcode>13</Opcode>
<Keywords>0x8000000000000018</Keywords>
<TimeCreated SystemTime=2026-01-14T04:49:04.602959200Z/>
<EventRecordID>686</EventRecordID>
<Correlation ActivityID={16f85277-859f-0001-3942-fb169f85dc01} RelatedActivityID=(null)/>
<Execution ProcessID=6504 ThreadID=8312/>
<Channel>System</Channel>
<Computer>DESKTOP-5VCD46O</Computer>
<Security UserID=S-1-5-18/>
</System>
<EventData><Data Name=updateTitle>9NSTH9KHZDLQ-Microsoft.UI.Xaml.2.8</Data>
<Data Name=updateGuid>{6b5369f2-d415-4daf-a500-1b864dc84dec}</Data>
<Data Name=updateRevisionNumber>1</Data>
<Data Name=serviceGuid>{855e8a7c-ecb4-4ca3-b045-1dfa50104289}</Data>
</EventData>
</Event>
ElfRec#000687 (0x0005aa38)	2026-01-14T04:49:04.6391029Z	size=416
<Event xmlns=http://schemas.microsoft.com/win/2004/08/events/event><System><Provider Name=Microsoft-Windows-WindowsUpdateClient Guid={945a8954-c147-4acd-923f-40c45405a658}/>
<EventID Qualifiers=(null)>43</EventID>
<Version>1</Version>
<Level>4</Level>
<Task>1</Task>
<Opcode>13</Opcode>
<Keywords>0x8000000000002008</Keywords>
<TimeCreated SystemTime=2026-01-14T04:49:04.639102900Z/>
<EventRecordID>687</EventRecordID>
<Correlation ActivityID={16f85277-859f-0001-3942-fb169f85dc01} RelatedActivityID=(null)/>
<Execution ProcessID=6504 ThreadID=8312/>
<Channel>System</Channel>
<Computer>DESKTOP-5VCD46O</Computer>
<Security UserID=S-1-5-18/>
</System>
<EventData><Data Name=updateTitle>9WZDNCRFJBMP-MICROSOFT.WINDOWSSTORE</Data>
<Data Name=updateGuid>{1b5b11fd-5012-47c2-93ec-bda469ad3af1}</Data>
<Data Name=updateRevisionNumber>1</Data>
</EventData>
</Event>
ElfRec#000688 (0x0005abd8)	2026-01-14T04:49:04.8013659Z	size=752
<Event xmlns=http://schemas.microsoft.com/win/2004/08/events/event><System><Provider Name=Microsoft-Windows-WindowsUpdateClient Guid={945a8954-c147-4acd-923f-40c45405a658}/>
<EventID Qualifiers=(null)>20</EventID>
<Version>1</Version>
<Level>2</Level>
<Task>1</Task>
<Opcode>13</Opcode>
<Keywords>0x8000000000000028</Keywords>
<TimeCreated SystemTime=2026-01-14T04:49:04.801365900Z/>
<EventRecordID>688</EventRecordID>
<Correlation ActivityID={16f85277-859f-0000-138e-fb169f85dc01} RelatedActivityID=(null)/>
<Execution ProcessID=6504 ThreadID=8312/>
<Channel>System</Channel>
<Computer>DESKTOP-5VCD46O</Computer>
<Security UserID=S-1-5-18/>
</System>
<EventData><Data Name=errorCode>[Unknown Type 0x14, size 4]</Data>
<Data Name=updateTitle>9WZDNCRFJBMP-MICROSOFT.WINDOWSSTORE</Data>
<Data Name=updateGuid>{1b5b11fd-5012-47c2-93ec-bda469ad3af1}</Data>
<Data Name=updateRevisionNumber>1</Data>
<Data Name=serviceGuid>{855e8a7c-ecb4-4ca3-b045-1dfa50104289}</Data>
</EventData>
</Event>
ElfRec#000689 (0x0005aec8)	2026-01-14T04:49:06.6178822Z	size=416
<Event xmlns=http://schemas.microsoft.com/win/2004/08/events/event><System><Provider Name=Microsoft-Windows-WindowsUpdateClient Guid={945a8954-c147-4acd-923f-40c45405a658}/>
<EventID Qualifiers=(null)>44</EventID>
<Version>1</Version>
<Level>4</Level>
<Task>1</Task>
<Opcode>12</Opcode>
<Keywords>0x8000000000002004</Keywords>
<TimeCreated SystemTime=2026-01-14T04:49:06.617882200Z/>
<EventRecordID>689</EventRecordID>
<Correlation ActivityID=(null) RelatedActivityID=(null)/>
<Execution ProcessID=6504 ThreadID=6348/>
<Channel>System</Channel>
<Computer>DESKTOP-5VCD46O</Computer>
<Security UserID=S-1-5-18/>
</System>
<EventData><Data Name=updateTitle>9MZ95KL8MR0L-Microsoft.ScreenSketch</Data>
<Data Name=updateGuid>{048d4430-6317-47eb-8d9c-04dc3a63273e}</Data>
<Data Name=updateRevisionNumber>1</Data>
</EventData>
</Event>
ElfRec#000690 (0x0005b068)	2026-01-14T04:49:06.6178845Z	size=432
<Event xmlns=http://schemas.microsoft.com/win/2004/08/events/event><System><Provider Name=Microsoft-Windows-WindowsUpdateClient Guid={945a8954-c147-4acd-923f-40c45405a658}/>
<EventID Qualifiers=(null)>44</EventID>
<Version>1</Version>
<Level>4</Level>
<Task>1</Task>
<Opcode>12</Opcode>
<Keywords>0x8000000000002004</Keywords>
<TimeCreated SystemTime=2026-01-14T04:49:06.617884500Z/>
<EventRecordID>690</EventRecordID>
<Correlation ActivityID=(null) RelatedActivityID=(null)/>
<Execution ProcessID=6504 ThreadID=6348/>
<Channel>System</Channel>
<Computer>DESKTOP-5VCD46O</Computer>
<Security UserID=S-1-5-18/>
</System>
<EventData><Data Name=updateTitle>9NH2SW16MQ7F-Microsoft.WindowsAppRuntime.1.5</Data>
<Data Name=updateGuid>{9e7b6034-6a40-4f49-ba32-0d77661c32a5}</Data>
<Data Name=updateRevisionNumber>1</Data>
</EventData>
</Event>
ElfRec#000691 (0x0005b218)	2026-01-14T04:49:06.6178870Z	size=416
<Event xmlns=http://schemas.microsoft.com/win/2004/08/events/event><System><Provider Name=Microsoft-Windows-WindowsUpdateClient Guid={945a8954-c147-4acd-923f-40c45405a658}/>
<EventID Qualifiers=(null)>44</EventID>
<Version>1</Version>
<Level>4</Level>
<Task>1</Task>
<Opcode>12</Opcode>
<Keywords>0x8000000000002004</Keywords>
<TimeCreated SystemTime=2026-01-14T04:49:06.617887000Z/>
<EventRecordID>691</EventRecordID>
<Correlation ActivityID=(null) RelatedActivityID=(null)/>
<Execution ProcessID=6504 ThreadID=6348/>
<Channel>System</Channel>
<Computer>DESKTOP-5VCD46O</Computer>
<Security UserID=S-1-5-18/>
</System>
<EventData><Data Name=updateTitle>9MZ95KL8MR0L-Microsoft.ScreenSketch</Data>
<Data Name=updateGuid>{048d4430-6317-47eb-8d9c-04dc3a63273e}</Data>
<Data Name=updateRevisionNumber>1</Data>
</EventData>
</Event>
ElfRec#000692 (0x0005b3b8)	2026-01-14T04:49:07.3032389Z	size=416
<Event xmlns=http://schemas.microsoft.com/win/2004/08/events/event><System><Provider Name=Microsoft-Windows-WindowsUpdateClient Guid={945a8954-c147-4acd-923f-40c45405a658}/>
<EventID Qualifiers=(null)>44</EventID>
<Version>1</Version>
<Level>4</Level>
<Task>1</Task>
<Opcode>12</Opcode>
<Keywords>0x8000000000002004</Keywords>
<TimeCreated SystemTime=2026-01-14T04:49:07.303238900Z/>
<EventRecordID>692</EventRecordID>
<Correlation ActivityID=(null) RelatedActivityID=(null)/>
<Execution ProcessID=6504 ThreadID=6348/>
<Channel>System</Channel>
<Computer>DESKTOP-5VCD46O</Computer>
<Security UserID=S-1-5-18/>
</System>
<EventData><Data Name=updateTitle>9MZ95KL8MR0L-Microsoft.ScreenSketch</Data>
<Data Name=updateGuid>{048d4430-6317-47eb-8d9c-04dc3a63273e}</Data>
<Data Name=updateRevisionNumber>1</Data>
</EventData>
</Event>
ElfRec#000693 (0x0005b558)	2026-01-14T04:49:07.3032413Z	size=408
<Event xmlns=http://schemas.microsoft.com/win/2004/08/events/event><System><Provider Name=Microsoft-Windows-WindowsUpdateClient Guid={945a8954-c147-4acd-923f-40c45405a658}/>
<EventID Qualifiers=(null)>44</EventID>
<Version>1</Version>
<Level>4</Level>
<Task>1</Task>
<Opcode>12</Opcode>
<Keywords>0x8000000000002004</Keywords>
<TimeCreated SystemTime=2026-01-14T04:49:07.303241300Z/>
<EventRecordID>693</EventRecordID>
<Correlation ActivityID=(null) RelatedActivityID=(null)/>
<Execution ProcessID=6504 ThreadID=6348/>
<Channel>System</Channel>
<Computer>DESKTOP-5VCD46O</Computer>
<Security UserID=S-1-5-18/>
</System>
<EventData><Data Name=updateTitle>9NSTH9KHZDLQ-Microsoft.UI.Xaml.2.8</Data>
<Data Name=updateGuid>{6b5369f2-d415-4daf-a500-1b864dc84dec}</Data>
<Data Name=updateRevisionNumber>1</Data>
</EventData>
</Event>
ElfRec#000694 (0x0005b6f0)	2026-01-14T04:49:58.4412735Z	size=544
<Event xmlns=http://schemas.microsoft.com/win/2004/08/events/event><System><Provider Name=Microsoft-Windows-Kernel-General Guid={a68ca8b7-004f-d7b6-a698-07e2de0f1f5d}/>
<EventID Qualifiers=(null)>16</EventID>
<Version>0</Version>
<Level>4</Level>
<Task>0</Task>
<Opcode>0</Opcode>
<Keywords>0x8000000000000000</Keywords>
<TimeCreated SystemTime=2026-01-14T04:49:58.441273500Z/>
<EventRecordID>694</EventRecordID>
<Correlation ActivityID=(null) RelatedActivityID=(null)/>
<Execution ProcessID=5776 ThreadID=5448/>
<Channel>System</Channel>
<Computer>DESKTOP-5VCD46O</Computer>
<Security UserID=S-1-5-18/>
</System>
<EventData><Data Name=HiveNameLength>109</Data>
<Data Name=HiveName>\??\C:\Users\endoaki\AppData\Local\Packages\Microsoft.DesktopAppInstaller_8wekyb3d8bbwe\Settings\settings.dat</Data>
<Data Name=KeysUpdated>3</Data>
<Data Name=DirtyPages>1</Data>
</EventData>
</Event>
ElfRec#000695 (0x0005b910)	2026-01-14T04:50:07.3797700Z	size=600
<Event xmlns=http://schemas.microsoft.com/win/2004/08/events/event><System><Provider Name=Microsoft-Windows-Kernel-General Guid={a68ca8b7-004f-d7b6-a698-07e2de0f1f5d}/>
<EventID Qualifiers=(null)>16</EventID>
<Version>0</Version>
<Level>4</Level>
<Task>0</Task>
<Opcode>0</Opcode>
<Keywords>0x8000000000000000</Keywords>
<TimeCreated SystemTime=2026-01-14T04:50:07.379770000Z/>
<EventRecordID>695</EventRecordID>
<Correlation ActivityID=(null) RelatedActivityID=(null)/>
<Execution ProcessID=3492 ThreadID=5800/>
<Channel>System</Channel>
<Computer>DESKTOP-5VCD46O</Computer>
<Security UserID=S-1-5-18/>
</System>
<EventData><Data Name=HiveNameLength>136</Data>
<Data Name=HiveName>\??\C:\ProgramData\Microsoft\Windows\AppRepository\Packages\Microsoft.ScreenSketch_11.2511.31.0_arm64__8wekyb3d8bbwe\ActivationStore.dat</Data>
<Data Name=KeysUpdated>0</Data>
<Data Name=DirtyPages>0</Data>
</EventData>
</Event>
ElfRec#000696 (0x0005bb68)	2026-01-14T04:50:10.0751294Z	size=584
<Event xmlns=http://schemas.microsoft.com/win/2004/08/events/event><System><Provider Name=Microsoft-Windows-Kernel-General Guid={a68ca8b7-004f-d7b6-a698-07e2de0f1f5d}/>
<EventID Qualifiers=(null)>16</EventID>
<Version>0</Version>
<Level>4</Level>
<Task>0</Task>
<Opcode>0</Opcode>
<Keywords>0x8000000000000000</Keywords>
<TimeCreated SystemTime=2026-01-14T04:50:10.075129400Z/>
<EventRecordID>696</EventRecordID>
<Correlation ActivityID=(null) RelatedActivityID=(null)/>
<Execution ProcessID=3492 ThreadID=5884/>
<Channel>System</Channel>
<Computer>DESKTOP-5VCD46O</Computer>
<Security UserID=S-1-5-18/>
</System>
<EventData><Data Name=HiveNameLength>130</Data>
<Data Name=HiveName>\??\C:\ProgramData\Microsoft\Windows\AppRepository\Packages\Microsoft.Paint_11.2511.291.0_arm64__8wekyb3d8bbwe\ActivationStore.dat</Data>
<Data Name=KeysUpdated>0</Data>
<Data Name=DirtyPages>0</Data>
</EventData>
</Event>
ElfRec#000697 (0x0005bdb0)	2026-01-14T04:50:37.1732283Z	size=328
<Event xmlns=http://schemas.microsoft.com/win/2004/08/events/event><System><Provider Name=Service Control Manager Guid={555908d1-a6d7-4695-8e1e-26931d2012f4} EventSourceName=Service Control Manager/>
<EventID Qualifiers=16384>7040</EventID>
<Version>0</Version>
<Level>4</Level>
<Task>0</Task>
<Opcode>0</Opcode>
<Keywords>0x8080000000000000</Keywords>
<TimeCreated SystemTime=2026-01-14T04:50:37.173228300Z/>
<EventRecordID>697</EventRecordID>
<Correlation ActivityID=(null) RelatedActivityID=(null)/>
<Execution ProcessID=776 ThreadID=6736/>
<Channel>System</Channel>
<Computer>DESKTOP-5VCD46O</Computer>
<Security UserID=S-1-5-18/>
</System>
<EventData><Data Name=param1>OpenSSH Authentication Agent</Data>
<Data Name=param2>disabled</Data>
<Data Name=param3>auto start</Data>
<Data Name=param4>ssh-agent</Data>
</EventData>
</Event>
ElfRec#000698 (0x0005bef8)	2026-01-14T04:50:37.1732283Z	size=696
<Event xmlns=http://schemas.microsoft.com/win/2004/08/events/event><System><Provider Name=Service Control Manager Guid={555908d1-a6d7-4695-8e1e-26931d2012f4} EventSourceName=Service Control Manager/>
<EventID Qualifiers=16384>7045</EventID>
<Version>0</Version>
<Level>4</Level>
<Task>0</Task>
<Opcode>0</Opcode>
<Keywords>0x8080000000000000</Keywords>
<TimeCreated SystemTime=2026-01-14T04:50:37.173228300Z/>
<EventRecordID>698</EventRecordID>
<Correlation ActivityID=(null) RelatedActivityID=(null)/>
<Execution ProcessID=776 ThreadID=6736/>
<Channel>System</Channel>
<Computer>DESKTOP-5VCD46O</Computer>
<Security UserID=S-1-5-18/>
</System>
<EventData><Data Name=ServiceName>OpenSSH SSH Server</Data>
<Data Name=ImagePath>"C:\Program Files\OpenSSH\sshd.exe"</Data>
<Data Name=ServiceType>user mode service</Data>
<Data Name=StartType>auto start</Data>
<Data Name=AccountName>LocalSystem</Data>
</EventData>
</Event>
ElfRec#000699 (0x0005c1b0)	2026-01-14T04:50:42.6710256Z	size=568
<Event xmlns=http://schemas.microsoft.com/win/2004/08/events/event><System><Provider Name=Microsoft-Windows-Kernel-General Guid={a68ca8b7-004f-d7b6-a698-07e2de0f1f5d}/>
<EventID Qualifiers=(null)>16</EventID>
<Version>0</Version>
<Level>4</Level>
<Task>0</Task>
<Opcode>0</Opcode>
<Keywords>0x8000000000000000</Keywords>
<TimeCreated SystemTime=2026-01-14T04:50:42.671025600Z/>
<EventRecordID>699</EventRecordID>
<Correlation ActivityID=(null) RelatedActivityID=(null)/>
<Execution ProcessID=904 ThreadID=1868/>
<Channel>System</Channel>
<Computer>DESKTOP-5VCD46O</Computer>
<Security UserID=S-1-5-18/>
</System>
<EventData><Data Name=HiveNameLength>120</Data>
<Data Name=HiveName>\??\C:\Users\endoaki\AppData\Local\Packages\Microsoft.WidgetsPlatformRuntime_8wekyb3d8bbwe\SystemAppData\Helium\User.dat</Data>
<Data Name=KeysUpdated>1</Data>
<Data Name=DirtyPages>1</Data>
</EventData>
</Event>
ElfRec#000700 (0x0005c3e8)	2026-01-14T04:50:42.6726338Z	size=576
<Event xmlns=http://schemas.microsoft.com/win/2004/08/events/event><System><Provider Name=Microsoft-Windows-Kernel-General Guid={a68ca8b7-004f-d7b6-a698-07e2de0f1f5d}/>
<EventID Qualifiers=(null)>16</EventID>
<Version>0</Version>
<Level>4</Level>
<Task>0</Task>
<Opcode>0</Opcode>
<Keywords>0x8000000000000000</Keywords>
<TimeCreated SystemTime=2026-01-14T04:50:42.672633800Z/>
<EventRecordID>700</EventRecordID>
<Correlation ActivityID=(null) RelatedActivityID=(null)/>
<Execution ProcessID=904 ThreadID=1868/>
<Channel>System</Channel>
<Computer>DESKTOP-5VCD46O</Computer>
<Security UserID=S-1-5-18/>
</System>
<EventData><Data Name=HiveNameLength>127</Data>
<Data Name=HiveName>\??\C:\Users\endoaki\AppData\Local\Packages\Microsoft.WidgetsPlatformRuntime_8wekyb3d8bbwe\SystemAppData\Helium\UserClasses.dat</Data>
<Data Name=KeysUpdated>6</Data>
<Data Name=DirtyPages>1</Data>
</EventData>
</Event>
ElfRec#000701 (0x0005c628)	2026-01-14T04:50:42.6736672Z	size=672
<Event xmlns=http://schemas.microsoft.com/win/2004/08/events/event><System><Provider Name=Microsoft-Windows-Kernel-General Guid={a68ca8b7-004f-d7b6-a698-07e2de0f1f5d}/>
<EventID Qualifiers=(null)>16</EventID>
<Version>0</Version>
<Level>4</Level>
<Task>0</Task>
<Opcode>0</Opcode>
<Keywords>0x8000000000000000</Keywords>
<TimeCreated SystemTime=2026-01-14T04:50:42.673667200Z/>
<EventRecordID>701</EventRecordID>
<Correlation ActivityID=(null) RelatedActivityID=(null)/>
<Execution ProcessID=904 ThreadID=1868/>
<Channel>System</Channel>
<Computer>DESKTOP-5VCD46O</Computer>
<Security UserID=S-1-5-18/>
</System>
<EventData><Data Name=HiveNameLength>174</Data>
<Data Name=HiveName>\??\C:\ProgramData\Packages\Microsoft.WidgetsPlatformRuntime_8wekyb3d8bbwe\S-1-5-21-3154672976-900801122-4255023966-1001\SystemAppData\Helium\Cache\f3de9e07cced9552_COM15.dat</Data>
<Data Name=KeysUpdated>1</Data>
<Data Name=DirtyPages>1</Data>
</EventData>
</Event>
ElfRec#000702 (0x0005c8c8)	2026-01-14T04:50:57.0047361Z	size=616
<Event xmlns=http://schemas.microsoft.com/win/2004/08/events/event><System><Provider Name=Microsoft-Windows-Kernel-General Guid={a68ca8b7-004f-d7b6-a698-07e2de0f1f5d}/>
<EventID Qualifiers=(null)>16</EventID>
<Version>0</Version>
<Level>4</Level>
<Task>0</Task>
<Opcode>0</Opcode>
<Keywords>0x8000000000000000</Keywords>
<TimeCreated SystemTime=2026-01-14T04:50:57.004736100Z/>
<EventRecordID>702</EventRecordID>
<Correlation ActivityID=(null) RelatedActivityID=(null)/>
<Execution ProcessID=3492 ThreadID=5800/>
<Channel>System</Channel>
<Computer>DESKTOP-5VCD46O</Computer>
<Security UserID=S-1-5-18/>
</System>
<EventData><Data Name=HiveNameLength>146</Data>
<Data Name=HiveName>\??\C:\ProgramData\Microsoft\Windows\AppRepository\Packages\Microsoft.WindowsAppRuntime.1.8_8000.731.1532.0_x86__8wekyb3d8bbwe\ActivationStore.dat</Data>
<Data Name=KeysUpdated>0</Data>
<Data Name=DirtyPages>0</Data>
</EventData>
</Event>
ElfRec#000703 (0x0005cb30)	2026-01-14T04:50:58.1182654Z	size=432
<Event xmlns=http://schemas.microsoft.com/win/2004/08/events/event><System><Provider Name=Microsoft-Windows-WindowsUpdateClient Guid={945a8954-c147-4acd-923f-40c45405a658}/>
<EventID Qualifiers=(null)>43</EventID>
<Version>1</Version>
<Level>4</Level>
<Task>1</Task>
<Opcode>13</Opcode>
<Keywords>0x8000000000002008</Keywords>
<TimeCreated SystemTime=2026-01-14T04:50:58.118265400Z/>
<EventRecordID>703</EventRecordID>
<Correlation ActivityID=(null) RelatedActivityID=(null)/>
<Execution ProcessID=6504 ThreadID=7740/>
<Channel>System</Channel>
<Computer>DESKTOP-5VCD46O</Computer>
<Security UserID=S-1-5-18/>
</System>
<EventData><Data Name=updateTitle>9NKRJ3SJ9SDG-Microsoft.WindowsAppRuntime.1.8</Data>
<Data Name=updateGuid>{de78e017-ef4f-4aa9-92db-40f837c4fcde}</Data>
<Data Name=updateRevisionNumber>1</Data>
</EventData>
</Event>
ElfRec#000704 (0x0005cce0)	2026-01-14T04:51:41.4387959Z	size=616
<Event xmlns=http://schemas.microsoft.com/win/2004/08/events/event><System><Provider Name=Microsoft-Windows-Kernel-General Guid={a68ca8b7-004f-d7b6-a698-07e2de0f1f5d}/>
<EventID Qualifiers=(null)>16</EventID>
<Version>0</Version>
<Level>4</Level>
<Task>0</Task>
<Opcode>0</Opcode>
<Keywords>0x8000000000000000</Keywords>
<TimeCreated SystemTime=2026-01-14T04:51:41.438795900Z/>
<EventRecordID>704</EventRecordID>
<Correlation ActivityID=(null) RelatedActivityID=(null)/>
<Execution ProcessID=3492 ThreadID=5800/>
<Channel>System</Channel>
<Computer>DESKTOP-5VCD46O</Computer>
<Security UserID=S-1-5-18/>
</System>
<EventData><Data Name=HiveNameLength>147</Data>
<Data Name=HiveName>\??\C:\ProgramData\Microsoft\Windows\AppRepository\Packages\Microsoft.WindowsAppRuntime.1.6_6000.519.329.0_arm64__8wekyb3d8bbwe\ActivationStore.dat</Data>
<Data Name=KeysUpdated>0</Data>
<Data Name=DirtyPages>0</Data>
</EventData>
</Event>
ElfRec#000705 (0x0005cf48)	2026-01-14T04:51:48.1118195Z	size=616
<Event xmlns=http://schemas.microsoft.com/win/2004/08/events/event><System><Provider Name=Microsoft-Windows-Kernel-General Guid={a68ca8b7-004f-d7b6-a698-07e2de0f1f5d}/>
<EventID Qualifiers=(null)>16</EventID>
<Version>0</Version>
<Level>4</Level>
<Task>0</Task>
<Opcode>0</Opcode>
<Keywords>0x8000000000000000</Keywords>
<TimeCreated SystemTime=2026-01-14T04:51:48.111819500Z/>
<EventRecordID>705</EventRecordID>
<Correlation ActivityID=(null) RelatedActivityID=(null)/>
<Execution ProcessID=3492 ThreadID=5800/>
<Channel>System</Channel>
<Computer>DESKTOP-5VCD46O</Computer>
<Security UserID=S-1-5-18/>
</System>
<EventData><Data Name=HiveNameLength>145</Data>
<Data Name=HiveName>\??\C:\ProgramData\Microsoft\Windows\AppRepository\Packages\Microsoft.WindowsAppRuntime.1.6_6000.519.329.0_x86__8wekyb3d8bbwe\ActivationStore.dat</Data>
<Data Name=KeysUpdated>0</Data>
<Data Name=DirtyPages>0</Data>
</EventData>
</Event>
ElfRec#000706 (0x0005d1b0)	2026-01-14T04:51:48.9955156Z	size=432
<Event xmlns=http://schemas.microsoft.com/win/2004/08/events/event><System><Provider Name=Microsoft-Windows-WindowsUpdateClient Guid={945a8954-c147-4acd-923f-40c45405a658}/>
<EventID Qualifiers=(null)>43</EventID>
<Version>1</Version>
<Level>4</Level>
<Task>1</Task>
<Opcode>13</Opcode>
<Keywords>0x8000000000002008</Keywords>
<TimeCreated SystemTime=2026-01-14T04:51:48.995515600Z/>
<EventRecordID>706</EventRecordID>
<Correlation ActivityID=(null) RelatedActivityID=(null)/>
<Execution ProcessID=6504 ThreadID=1692/>
<Channel>System</Channel>
<Computer>DESKTOP-5VCD46O</Computer>
<Security UserID=S-1-5-18/>
</System>
<EventData><Data Name=updateTitle>9P2VP41KK7LF-Microsoft.WindowsAppRuntime.1.6</Data>
<Data Name=updateGuid>{ad8b81e0-a360-4504-85c1-51615bc3c4f0}</Data>
<Data Name=updateRevisionNumber>1</Data>
</EventData>
</Event>
ElfRec#000707 (0x0005d360)	2026-01-14T04:51:55.6535160Z	size=616
<Event xmlns=http://schemas.microsoft.com/win/2004/08/events/event><System><Provider Name=Microsoft-Windows-Kernel-General Guid={a68ca8b7-004f-d7b6-a698-07e2de0f1f5d}/>
<EventID Qualifiers=(null)>16</EventID>
<Version>0</Version>
<Level>4</Level>
<Task>0</Task>
<Opcode>0</Opcode>
<Keywords>0x8000000000000000</Keywords>
<TimeCreated SystemTime=2026-01-14T04:51:55.653516000Z/>
<EventRecordID>707</EventRecordID>
<Correlation ActivityID=(null) RelatedActivityID=(null)/>
<Execution ProcessID=3492 ThreadID=5800/>
<Channel>System</Channel>
<Computer>DESKTOP-5VCD46O</Computer>
<Security UserID=S-1-5-18/>
</System>
<EventData><Data Name=HiveNameLength>146</Data>
<Data Name=HiveName>\??\C:\ProgramData\Microsoft\Windows\AppRepository\Packages\Microsoft.WindowsAppRuntime.1.5_5001.373.1736.0_x86__8wekyb3d8bbwe\ActivationStore.dat</Data>
<Data Name=KeysUpdated>0</Data>
<Data Name=DirtyPages>0</Data>
</EventData>
</Event>
ElfRec#000708 (0x0005d5c8)	2026-01-14T04:52:04.6043254Z	size=624
<Event xmlns=http://schemas.microsoft.com/win/2004/08/events/event><System><Provider Name=Microsoft-Windows-Kernel-General Guid={a68ca8b7-004f-d7b6-a698-07e2de0f1f5d}/>
<EventID Qualifiers=(null)>16</EventID>
<Version>0</Version>
<Level>4</Level>
<Task>0</Task>
<Opcode>0</Opcode>
<Keywords>0x8000000000000000</Keywords>
<TimeCreated SystemTime=2026-01-14T04:52:04.604325400Z/>
<EventRecordID>708</EventRecordID>
<Correlation ActivityID=(null) RelatedActivityID=(null)/>
<Execution ProcessID=3492 ThreadID=5800/>
<Channel>System</Channel>
<Computer>DESKTOP-5VCD46O</Computer>
<Security UserID=S-1-5-18/>
</System>
<EventData><Data Name=HiveNameLength>148</Data>
<Data Name=HiveName>\??\C:\ProgramData\Microsoft\Windows\AppRepository\Packages\Microsoft.WindowsAppRuntime.1.5_5001.373.1736.0_arm64__8wekyb3d8bbwe\ActivationStore.dat</Data>
<Data Name=KeysUpdated>0</Data>
<Data Name=DirtyPages>0</Data>
</EventData>
</Event>
ElfRec#000709 (0x0005d838)	2026-01-14T04:52:15.9706239Z	size=616
<Event xmlns=http://schemas.microsoft.com/win/2004/08/events/event><System><Provider Name=Microsoft-Windows-Kernel-General Guid={a68ca8b7-004f-d7b6-a698-07e2de0f1f5d}/>
<EventID Qualifiers=(null)>16</EventID>
<Version>0</Version>
<Level>4</Level>
<Task>0</Task>
<Opcode>0</Opcode>
<Keywords>0x8000000000000000</Keywords>
<TimeCreated SystemTime=2026-01-14T04:52:15.970623900Z/>
<EventRecordID>709</EventRecordID>
<Correlation ActivityID=(null) RelatedActivityID=(null)/>
<Execution ProcessID=3492 ThreadID=5800/>
<Channel>System</Channel>
<Computer>DESKTOP-5VCD46O</Computer>
<Security UserID=S-1-5-18/>
</System>
<EventData><Data Name=HiveNameLength>146</Data>
<Data Name=HiveName>\??\C:\ProgramData\Microsoft\Windows\AppRepository\Packages\Microsoft.WindowsAppRuntime.1.5_5001.373.1736.0_x64__8wekyb3d8bbwe\ActivationStore.dat</Data>
<Data Name=KeysUpdated>0</Data>
<Data Name=DirtyPages>0</Data>
</EventData>
</Event>
