ElfRec#000385 (0x00033d10)	2026-01-14T21:37:57.1660523Z	size=424
<Event xmlns=http://schemas.microsoft.com/win/2004/08/events/event><System><Provider Name=Microsoft-Windows-Time-Service Guid={06edcfeb-0fd0-4e53-acca-a6f8bbf81bcb}/>
<EventID Qualifiers=(null)>37</EventID>
<Version>0</Version>
<Level>4</Level>
<Task>0</Task>
<Opcode>0</Opcode>
<Keywords>0x8000000000000000</Keywords>
<TimeCreated SystemTime=2026-01-14T21:37:57.166052300Z/>
<EventRecordID>385</EventRecordID>
<Correlation ActivityID=(null) RelatedActivityID=(null)/>
<Execution ProcessID=4316 ThreadID=4332/>
<Channel>System</Channel>
<Computer>DESKTOP-5VCD46O</Computer>
<Security UserID=S-1-5-19/>
</System>
<EventData Name=TMP_EVENT_TIME_SOURCE_REACHABLE><Data Name=TimeSource>time.windows.com,0x9 (ntp.m|0x9|0.0.0.0:123->20.43.94.199:123)</Data>
</EventData>
</Event>
ElfRec#000386 (0x00033eb8)	2026-01-14T21:38:11.6153368Z	size=768
<Event xmlns=http://schemas.microsoft.com/win/2004/08/events/event><System><Provider Name=Microsoft-Windows-Time-Service Guid={06edcfeb-0fd0-4e53-acca-a6f8bbf81bcb}/>
<EventID Qualifiers=(null)>34</EventID>
<Version>0</Version>
<Level>2</Level>
<Task>0</Task>
<Opcode>0</Opcode>
<Keywords>0x8000000000000000</Keywords>
<TimeCreated SystemTime=2026-01-14T21:38:11.615336800Z/>
<EventRecordID>386</EventRecordID>
<Correlation ActivityID=(null) RelatedActivityID=(null)/>
<Execution ProcessID=4316 ThreadID=4340/>
<Channel>System</Channel>
<Computer>DESKTOP-5VCD46O</Computer>
<Security UserID=S-1-5-19/>
</System>
<EventData Name=TMP_EVENT_TIME_CHANGE_TOO_BIG><Data Name=SystemTimeChangeSeconds>[Unknown Type 0x09, size 8]</Data>
<Data Name=MaxSystemTimeChangeSeconds>54000</Data>
<Data Name=TimeSource>time.windows.com,0x9 (ntp.m|0x9|0.0.0.0:123->20.43.94.199:123)</Data>
</EventData>
</Event>
ElfRec#000387 (0x000341b8)	2026-01-14T21:38:35.2985076Z	size=448
<Event xmlns=http://schemas.microsoft.com/win/2004/08/events/event><System><Provider Name=Microsoft-Windows-Winlogon Guid={dbe9b383-7cf3-4331-91cc-a3cb16a3b538}/>
<EventID Qualifiers=(null)>7001</EventID>
<Version>0</Version>
<Level>4</Level>
<Task>1101</Task>
<Opcode>0</Opcode>
<Keywords>0x2000200000000000</Keywords>
<TimeCreated SystemTime=2026-01-14T21:38:35.298507600Z/>
<EventRecordID>387</EventRecordID>
<Correlation ActivityID=(null) RelatedActivityID=(null)/>
<Execution ProcessID=708 ThreadID=4656/>
<Channel>System</Channel>
<Computer>DESKTOP-5VCD46O</Computer>
<Security UserID=S-1-5-18/>
</System>
<EventData><Data Name=TSId>1</Data>
<Data Name=UserSid>S-1-5-21-3154672976-900801122-4255023966-1001</Data>
</EventData>
</Event>
ElfRec#000388 (0x00034378)	2026-01-14T21:38:36.0712032Z	size=680
<Event xmlns=http://schemas.microsoft.com/win/2004/08/events/event><System><Provider Name=Microsoft-Windows-GroupPolicy Guid={aea1b4fa-97d1-45f2-a64c-4d69fffd92c9}/>
<EventID Qualifiers=(null)>1501</EventID>
<Version>0</Version>
<Level>4</Level>
<Task>0</Task>
<Opcode>1</Opcode>
<Keywords>0x8000000000000000</Keywords>
<TimeCreated SystemTime=2026-01-14T21:38:36.071203200Z/>
<EventRecordID>388</EventRecordID>
<Correlation ActivityID={dc21ef11-fa82-4ed4-ae38-216f0d2a1dbd} RelatedActivityID=(null)/>
<Execution ProcessID=1072 ThreadID=4940/>
<Channel>System</Channel>
<Computer>DESKTOP-5VCD46O</Computer>
<Security UserID=S-1-5-21-3154672976-900801122-4255023966-1001/>
</System>
<EventData><Data Name=SupportInfo1>1</Data>
<Data Name=SupportInfo2>4447</Data>
<Data Name=ProcessingMode>1</Data>
<Data Name=ProcessingTimeInMilliseconds>454</Data>
<Data Name=DCName></Data>
</EventData>
</Event>
ElfRec#000389 (0x00034620)	2026-01-14T21:38:46.7187888Z	size=832
<Event xmlns=http://schemas.microsoft.com/win/2004/08/events/event><System><Provider Name=Microsoft-Windows-Kernel-General Guid={a68ca8b7-004f-d7b6-a698-07e2de0f1f5d}/>
<EventID Qualifiers=(null)>16</EventID>
<Version>0</Version>
<Level>4</Level>
<Task>0</Task>
<Opcode>0</Opcode>
<Keywords>0x8000000000000000</Keywords>
<TimeCreated SystemTime=2026-01-14T21:38:46.718788800Z/>
<EventRecordID>389</EventRecordID>
<Correlation ActivityID=(null) RelatedActivityID=(null)/>
<Execution ProcessID=3524 ThreadID=5788/>
<Channel>System</Channel>
<Computer>DESKTOP-5VCD46O</Computer>
<Security UserID=S-1-5-18/>
</System>
<EventData><Data Name=HiveNameLength>128</Data>
<Data Name=HiveName>\??\C:\ProgramData\Microsoft\Windows\AppRepository\Packages\Microsoft.Copilot_0.4.2.0_neutral__8wekyb3d8bbwe\ActivationStore.dat</Data>
<Data Name=KeysUpdated>0</Data>
<Data Name=DirtyPages>0</Data>
</EventData>
</Event>
ElfRec#000390 (0x00034960)	2026-01-14T21:38:48.2836860Z	size=552
<Event xmlns=http://schemas.microsoft.com/win/2004/08/events/event><System><Provider Name=Microsoft-Windows-Kernel-General Guid={a68ca8b7-004f-d7b6-a698-07e2de0f1f5d}/>
<EventID Qualifiers=(null)>16</EventID>
<Version>0</Version>
<Level>4</Level>
<Task>0</Task>
<Opcode>0</Opcode>
<Keywords>0x8000000000000000</Keywords>
<TimeCreated SystemTime=2026-01-14T21:38:48.283686000Z/>
<EventRecordID>390</EventRecordID>
<Correlation ActivityID=(null) RelatedActivityID=(null)/>
<Execution ProcessID=3524 ThreadID=7420/>
<Channel>System</Channel>
<Computer>DESKTOP-5VCD46O</Computer>
<Security UserID=S-1-5-21-3154672976-900801122-4255023966-1001/>
</System>
<EventData><Data Name=HiveNameLength>106</Data>
<Data Name=HiveName>\??\C:\Users\endoaki\AppData\Local\Packages\Microsoft.AAD.BrokerPlugin_cw5n1h2txyewy\Settings\settings.dat</Data>
<Data Name=KeysUpdated>3</Data>
<Data Name=DirtyPages>1</Data>
</EventData>
</Event>
ElfRec#000391 (0x00034b88)	2026-01-14T21:38:48.3989205Z	size=536
<Event xmlns=http://schemas.microsoft.com/win/2004/08/events/event><System><Provider Name=Microsoft-Windows-Kernel-General Guid={a68ca8b7-004f-d7b6-a698-07e2de0f1f5d}/>
<EventID Qualifiers=(null)>16</EventID>
<Version>0</Version>
<Level>4</Level>
<Task>0</Task>
<Opcode>0</Opcode>
<Keywords>0x8000000000000000</Keywords>
<TimeCreated SystemTime=2026-01-14T21:38:48.398920500Z/>
<EventRecordID>391</EventRecordID>
<Correlation ActivityID=(null) RelatedActivityID=(null)/>
<Execution ProcessID=8160 ThreadID=1364/>
<Channel>System</Channel>
<Computer>DESKTOP-5VCD46O</Computer>
<Security UserID=S-1-5-18/>
</System>
<EventData><Data Name=HiveNameLength>107</Data>
<Data Name=HiveName>\??\C:\Users\endoaki\AppData\Local\Packages\MicrosoftWindows.Client.CBS_cw5n1h2txyewy\Settings\settings.dat</Data>
<Data Name=KeysUpdated>3</Data>
<Data Name=DirtyPages>1</Data>
</EventData>
</Event>
ElfRec#000392 (0x00034da0)	2026-01-14T21:38:49.0849797Z	size=560
<Event xmlns=http://schemas.microsoft.com/win/2004/08/events/event><System><Provider Name=Microsoft-Windows-Kernel-General Guid={a68ca8b7-004f-d7b6-a698-07e2de0f1f5d}/>
<EventID Qualifiers=(null)>16</EventID>
<Version>0</Version>
<Level>4</Level>
<Task>0</Task>
<Opcode>0</Opcode>
<Keywords>0x8000000000000000</Keywords>
<TimeCreated SystemTime=2026-01-14T21:38:49.084979700Z/>
<EventRecordID>392</EventRecordID>
<Correlation ActivityID=(null) RelatedActivityID=(null)/>
<Execution ProcessID=5688 ThreadID=7648/>
<Channel>System</Channel>
<Computer>DESKTOP-5VCD46O</Computer>
<Security UserID=S-1-5-18/>
</System>
<EventData><Data Name=HiveNameLength>117</Data>
<Data Name=HiveName>\??\C:\Users\endoaki\AppData\Local\Packages\Microsoft.Windows.CloudExperienceHost_cw5n1h2txyewy\Settings\settings.dat</Data>
<Data Name=KeysUpdated>3</Data>
<Data Name=DirtyPages>1</Data>
</EventData>
</Event>
ElfRec#000393 (0x00034fd0)	2026-01-14T21:38:49.3795977Z	size=568
<Event xmlns=http://schemas.microsoft.com/win/2004/08/events/event><System><Provider Name=Microsoft-Windows-Kernel-General Guid={a68ca8b7-004f-d7b6-a698-07e2de0f1f5d}/>
<EventID Qualifiers=(null)>16</EventID>
<Version>0</Version>
<Level>4</Level>
<Task>0</Task>
<Opcode>0</Opcode>
<Keywords>0x8000000000000000</Keywords>
<TimeCreated SystemTime=2026-01-14T21:38:49.379597700Z/>
<EventRecordID>393</EventRecordID>
<Correlation ActivityID=(null) RelatedActivityID=(null)/>
<Execution ProcessID=1064 ThreadID=560/>
<Channel>System</Channel>
<Computer>DESKTOP-5VCD46O</Computer>
<Security UserID=S-1-5-18/>
</System>
<EventData><Data Name=HiveNameLength>120</Data>
<Data Name=HiveName>\??\C:\Users\endoaki\AppData\Local\Packages\Microsoft.Windows.ContentDeliveryManager_cw5n1h2txyewy\Settings\settings.dat</Data>
<Data Name=KeysUpdated>3</Data>
<Data Name=DirtyPages>1</Data>
</EventData>
</Event>
ElfRec#000394 (0x00035208)	2026-01-14T21:38:50.1605393Z	size=568
<Event xmlns=http://schemas.microsoft.com/win/2004/08/events/event><System><Provider Name=Microsoft-Windows-Kernel-General Guid={a68ca8b7-004f-d7b6-a698-07e2de0f1f5d}/>
<EventID Qualifiers=(null)>16</EventID>
<Version>0</Version>
<Level>4</Level>
<Task>0</Task>
<Opcode>0</Opcode>
<Keywords>0x8000000000000000</Keywords>
<TimeCreated SystemTime=2026-01-14T21:38:50.160539300Z/>
<EventRecordID>394</EventRecordID>
<Correlation ActivityID=(null) RelatedActivityID=(null)/>
<Execution ProcessID=8056 ThreadID=8184/>
<Channel>System</Channel>
<Computer>DESKTOP-5VCD46O</Computer>
<Security UserID=S-1-5-18/>
</System>
<EventData><Data Name=HiveNameLength>121</Data>
<Data Name=HiveName>\??\C:\Users\endoaki\AppData\Local\Packages\Microsoft.Windows.StartMenuExperienceHost_cw5n1h2txyewy\Settings\settings.dat</Data>
<Data Name=KeysUpdated>3</Data>
<Data Name=DirtyPages>1</Data>
</EventData>
</Event>
ElfRec#000395 (0x00035440)	2026-01-14T21:39:02.9134645Z	size=552
<Event xmlns=http://schemas.microsoft.com/win/2004/08/events/event><System><Provider Name=Service Control Manager Guid={555908d1-a6d7-4695-8e1e-26931d2012f4} EventSourceName=Service Control Manager/>
<EventID Qualifiers=16384>7040</EventID>
<Version>0</Version>
<Level>4</Level>
<Task>0</Task>
<Opcode>0</Opcode>
<Keywords>0x8080000000000000</Keywords>
<TimeCreated SystemTime=2026-01-14T21:39:02.913464500Z/>
<EventRecordID>395</EventRecordID>
<Correlation ActivityID=(null) RelatedActivityID=(null)/>
<Execution ProcessID=780 ThreadID=892/>
<Channel>System</Channel>
<Computer>DESKTOP-5VCD46O</Computer>
<Security UserID=S-1-5-18/>
</System>
<EventData><Data Name=param1>Windows Modules Installer</Data>
<Data Name=param2>demand start</Data>
<Data Name=param3>auto start</Data>
<Data Name=param4>TrustedInstaller</Data>
</EventData>
</Event>
ElfRec#000396 (0x00035668)	2026-01-14T21:39:04.7236199Z	size=344
<Event xmlns=http://schemas.microsoft.com/win/2004/08/events/event><System><Provider Name=Service Control Manager Guid={555908d1-a6d7-4695-8e1e-26931d2012f4} EventSourceName=Service Control Manager/>
<EventID Qualifiers=16384>7040</EventID>
<Version>0</Version>
<Level>4</Level>
<Task>0</Task>
<Opcode>0</Opcode>
<Keywords>0x8080000000000000</Keywords>
<TimeCreated SystemTime=2026-01-14T21:39:04.723619900Z/>
<EventRecordID>396</EventRecordID>
<Correlation ActivityID=(null) RelatedActivityID=(null)/>
<Execution ProcessID=780 ThreadID=5004/>
<Channel>System</Channel>
<Computer>DESKTOP-5VCD46O</Computer>
<Security UserID=S-1-5-18/>
</System>
<EventData><Data Name=param1>Windows Modules Installer</Data>
<Data Name=param2>auto start</Data>
<Data Name=param3>demand start</Data>
<Data Name=param4>TrustedInstaller</Data>
</EventData>
</Event>
ElfRec#000397 (0x000357c0)	2026-01-14T21:39:04.7935981Z	size=344
<Event xmlns=http://schemas.microsoft.com/win/2004/08/events/event><System><Provider Name=Service Control Manager Guid={555908d1-a6d7-4695-8e1e-26931d2012f4} EventSourceName=Service Control Manager/>
<EventID Qualifiers=16384>7040</EventID>
<Version>0</Version>
<Level>4</Level>
<Task>0</Task>
<Opcode>0</Opcode>
<Keywords>0x8080000000000000</Keywords>
<TimeCreated SystemTime=2026-01-14T21:39:04.793598100Z/>
<EventRecordID>397</EventRecordID>
<Correlation ActivityID=(null) RelatedActivityID=(null)/>
<Execution ProcessID=780 ThreadID=5004/>
<Channel>System</Channel>
<Computer>DESKTOP-5VCD46O</Computer>
<Security UserID=S-1-5-18/>
</System>
<EventData><Data Name=param1>Windows Modules Installer</Data>
<Data Name=param2>demand start</Data>
<Data Name=param3>auto start</Data>
<Data Name=param4>TrustedInstaller</Data>
</EventData>
</Event>
ElfRec#000398 (0x00035918)	2026-01-14T21:39:13.5283241Z	size=536
<Event xmlns=http://schemas.microsoft.com/win/2004/08/events/event><System><Provider Name=TPM Guid={1b6b0772-251b-4d42-917d-faca166bc059}/>
<EventID Qualifiers=(null)>17</EventID>
<Version>0</Version>
<Level>4</Level>
<Task>0</Task>
<Opcode>0</Opcode>
<Keywords>0x8000000000000000</Keywords>
<TimeCreated SystemTime=2026-01-14T21:39:13.528324100Z/>
<EventRecordID>398</EventRecordID>
<Correlation ActivityID=(null) RelatedActivityID=(null)/>
<Execution ProcessID=4 ThreadID=256/>
<Channel>System</Channel>
<Computer>DESKTOP-5VCD46O</Computer>
<Security UserID=S-1-5-18/>
</System>
<EventData><Data Name=driverFile>[Unknown Type 0x14, size 4]</Data>
<Data Name=lineNumber>1497</Data>
<Data Name=TpmCommandOrdinal>371</Data>
<Data Name=TpmResponseCode>395</Data>
</EventData>
</Event>
ElfRec#000399 (0x00035b30)	2026-01-14T21:39:13.5560452Z	size=272
<Event xmlns=http://schemas.microsoft.com/win/2004/08/events/event><System><Provider Name=TPM Guid={1b6b0772-251b-4d42-917d-faca166bc059}/>
<EventID Qualifiers=(null)>17</EventID>
<Version>0</Version>
<Level>4</Level>
<Task>0</Task>
<Opcode>0</Opcode>
<Keywords>0x8000000000000000</Keywords>
<TimeCreated SystemTime=2026-01-14T21:39:13.556045200Z/>
<EventRecordID>399</EventRecordID>
<Correlation ActivityID=(null) RelatedActivityID=(null)/>
<Execution ProcessID=4 ThreadID=256/>
<Channel>System</Channel>
<Computer>DESKTOP-5VCD46O</Computer>
<Security UserID=S-1-5-18/>
</System>
<EventData><Data Name=driverFile>[Unknown Type 0x14, size 4]</Data>
<Data Name=lineNumber>1497</Data>
<Data Name=TpmCommandOrdinal>371</Data>
<Data Name=TpmResponseCode>395</Data>
</EventData>
</Event>
ElfRec#000400 (0x00035c40)	2026-01-14T21:39:13.5617405Z	size=272
<Event xmlns=http://schemas.microsoft.com/win/2004/08/events/event><System><Provider Name=TPM Guid={1b6b0772-251b-4d42-917d-faca166bc059}/>
<EventID Qualifiers=(null)>17</EventID>
<Version>0</Version>
<Level>4</Level>
<Task>0</Task>
<Opcode>0</Opcode>
<Keywords>0x8000000000000000</Keywords>
<TimeCreated SystemTime=2026-01-14T21:39:13.561740500Z/>
<EventRecordID>400</EventRecordID>
<Correlation ActivityID=(null) RelatedActivityID=(null)/>
<Execution ProcessID=4 ThreadID=256/>
<Channel>System</Channel>
<Computer>DESKTOP-5VCD46O</Computer>
<Security UserID=S-1-5-18/>
</System>
<EventData><Data Name=driverFile>[Unknown Type 0x14, size 4]</Data>
<Data Name=lineNumber>1497</Data>
<Data Name=TpmCommandOrdinal>371</Data>
<Data Name=TpmResponseCode>395</Data>
</EventData>
</Event>
ElfRec#000401 (0x00035d50)	2026-01-14T21:39:15.3616007Z	size=344
<Event xmlns=http://schemas.microsoft.com/win/2004/08/events/event><System><Provider Name=Service Control Manager Guid={555908d1-a6d7-4695-8e1e-26931d2012f4} EventSourceName=Service Control Manager/>
<EventID Qualifiers=16384>7040</EventID>
<Version>0</Version>
<Level>4</Level>
<Task>0</Task>
<Opcode>0</Opcode>
<Keywords>0x8080000000000000</Keywords>
<TimeCreated SystemTime=2026-01-14T21:39:15.361600700Z/>
<EventRecordID>401</EventRecordID>
<Correlation ActivityID=(null) RelatedActivityID=(null)/>
<Execution ProcessID=780 ThreadID=3600/>
<Channel>System</Channel>
<Computer>DESKTOP-5VCD46O</Computer>
<Security UserID=S-1-5-18/>
</System>
<EventData><Data Name=param1>Windows Modules Installer</Data>
<Data Name=param2>auto start</Data>
<Data Name=param3>demand start</Data>
<Data Name=param4>TrustedInstaller</Data>
</EventData>
</Event>
ElfRec#000402 (0x00035ea8)	2026-01-14T21:39:49.0392224Z	size=344
<Event xmlns=http://schemas.microsoft.com/win/2004/08/events/event><System><Provider Name=Service Control Manager Guid={555908d1-a6d7-4695-8e1e-26931d2012f4} EventSourceName=Service Control Manager/>
<EventID Qualifiers=16384>7040</EventID>
<Version>0</Version>
<Level>4</Level>
<Task>0</Task>
<Opcode>0</Opcode>
<Keywords>0x8080000000000000</Keywords>
<TimeCreated SystemTime=2026-01-14T21:39:49.039222400Z/>
<EventRecordID>402</EventRecordID>
<Correlation ActivityID=(null) RelatedActivityID=(null)/>
<Execution ProcessID=780 ThreadID=5004/>
<Channel>System</Channel>
<Computer>DESKTOP-5VCD46O</Computer>
<Security UserID=S-1-5-18/>
</System>
<EventData><Data Name=param1>Windows Modules Installer</Data>
<Data Name=param2>demand start</Data>
<Data Name=param3>auto start</Data>
<Data Name=param4>TrustedInstaller</Data>
</EventData>
</Event>
ElfRec#000403 (0x00036000)	2026-01-14T21:39:52.2803830Z	size=344
<Event xmlns=http://schemas.microsoft.com/win/2004/08/events/event><System><Provider Name=Service Control Manager Guid={555908d1-a6d7-4695-8e1e-26931d2012f4} EventSourceName=Service Control Manager/>
<EventID Qualifiers=16384>7040</EventID>
<Version>0</Version>
<Level>4</Level>
<Task>0</Task>
<Opcode>0</Opcode>
<Keywords>0x8080000000000000</Keywords>
<TimeCreated SystemTime=2026-01-14T21:39:52.280383000Z/>
<EventRecordID>403</EventRecordID>
<Correlation ActivityID=(null) RelatedActivityID=(null)/>
<Execution ProcessID=780 ThreadID=5004/>
<Channel>System</Channel>
<Computer>DESKTOP-5VCD46O</Computer>
<Security UserID=S-1-5-18/>
</System>
<EventData><Data Name=param1>Windows Modules Installer</Data>
<Data Name=param2>auto start</Data>
<Data Name=param3>demand start</Data>
<Data Name=param4>TrustedInstaller</Data>
</EventData>
</Event>
ElfRec#000404 (0x00036158)	2026-01-14T21:39:52.7728379Z	size=1752
<Event xmlns=http://schemas.microsoft.com/win/2004/08/events/event><System><Provider Name=Microsoft-Windows-DistributedCOM Guid={1B562E86-B7AA-4131-BADC-B6F3A001407E} EventSourceName=DCOM/>
<EventID Qualifiers=0>10016</EventID>
<Version>0</Version>
<Level>3</Level>
<Task>0</Task>
<Opcode>0</Opcode>
<Keywords>0x8080000000000000</Keywords>
<TimeCreated SystemTime=2026-01-14T21:39:52.772837900Z/>
<EventRecordID>404</EventRecordID>
<Correlation ActivityID=(null) RelatedActivityID=(null)/>
<Execution ProcessID=320 ThreadID=372/>
<Channel>System</Channel>
<Computer>DESKTOP-5VCD46O</Computer>
<Security UserID=S-1-5-18/>
</System>
<EventData><Data Name=param1>application-specific</Data>
<Data Name=param2>Local</Data>
<Data Name=param3>Launch</Data>
<Data Name=param4>Windows.SecurityCenter.WscDataProtection</Data>
<Data Name=param5>Unavailable</Data>
<Data Name=param6>NT AUTHORITY</Data>
<Data Name=param7>SYSTEM</Data>
<Data Name=param8>S-1-5-18</Data>
<Data Name=param9>LocalHost (Using LRPC)</Data>
<Data Name=param10>Unavailable</Data>
<Data Name=param11>Unavailable</Data>
</EventData>
</Event>
ElfRec#000405 (0x00036830)	2026-01-14T21:39:52.9266294Z	size=272
<Event xmlns=http://schemas.microsoft.com/win/2004/08/events/event><System><Provider Name=TPM Guid={1b6b0772-251b-4d42-917d-faca166bc059}/>
<EventID Qualifiers=(null)>17</EventID>
<Version>0</Version>
<Level>4</Level>
<Task>0</Task>
<Opcode>0</Opcode>
<Keywords>0x8000000000000000</Keywords>
<TimeCreated SystemTime=2026-01-14T21:39:52.926629400Z/>
<EventRecordID>405</EventRecordID>
<Correlation ActivityID=(null) RelatedActivityID=(null)/>
<Execution ProcessID=4 ThreadID=256/>
<Channel>System</Channel>
<Computer>DESKTOP-5VCD46O</Computer>
<Security UserID=S-1-5-18/>
</System>
<EventData><Data Name=driverFile>[Unknown Type 0x14, size 4]</Data>
<Data Name=lineNumber>1497</Data>
<Data Name=TpmCommandOrdinal>371</Data>
<Data Name=TpmResponseCode>395</Data>
</EventData>
</Event>
ElfRec#000406 (0x00036940)	2026-01-14T21:39:54.3919179Z	size=528
<Event xmlns=http://schemas.microsoft.com/win/2004/08/events/event><System><Provider Name=Microsoft-Windows-Kernel-General Guid={a68ca8b7-004f-d7b6-a698-07e2de0f1f5d}/>
<EventID Qualifiers=(null)>16</EventID>
<Version>0</Version>
<Level>4</Level>
<Task>0</Task>
<Opcode>0</Opcode>
<Keywords>0x8000000000000000</Keywords>
<TimeCreated SystemTime=2026-01-14T21:39:54.391917900Z/>
<EventRecordID>406</EventRecordID>
<Correlation ActivityID=(null) RelatedActivityID=(null)/>
<Execution ProcessID=8592 ThreadID=1688/>
<Channel>System</Channel>
<Computer>DESKTOP-5VCD46O</Computer>
<Security UserID=S-1-5-18/>
</System>
<EventData><Data Name=HiveNameLength>102</Data>
<Data Name=HiveName>\??\C:\Users\endoaki\AppData\Local\Packages\Microsoft.WindowsStore_8wekyb3d8bbwe\Settings\settings.dat</Data>
<Data Name=KeysUpdated>3</Data>
<Data Name=DirtyPages>1</Data>
</EventData>
</Event>
ElfRec#000407 (0x00036b50)	2026-01-14T21:40:06.5228285Z	size=352
<Event xmlns=http://schemas.microsoft.com/win/2004/08/events/event><System><Provider Name=Service Control Manager Guid={555908d1-a6d7-4695-8e1e-26931d2012f4} EventSourceName=Service Control Manager/>
<EventID Qualifiers=16384>7040</EventID>
<Version>0</Version>
<Level>4</Level>
<Task>0</Task>
<Opcode>0</Opcode>
<Keywords>0x8080000000000000</Keywords>
<TimeCreated SystemTime=2026-01-14T21:40:06.522828500Z/>
<EventRecordID>407</EventRecordID>
<Correlation ActivityID=(null) RelatedActivityID=(null)/>
<Execution ProcessID=780 ThreadID=3600/>
<Channel>System</Channel>
<Computer>DESKTOP-5VCD46O</Computer>
<Security UserID=S-1-5-18/>
</System>
<EventData><Data Name=param1>Program Compatibility Assistant Service</Data>
<Data Name=param2>demand start</Data>
<Data Name=param3>auto start</Data>
<Data Name=param4>PcaSvc</Data>
</EventData>
</Event>
ElfRec#000408 (0x00036cb0)	2026-01-14T21:40:27.2533664Z	size=832
<Event xmlns=http://schemas.microsoft.com/win/2004/08/events/event><System><Provider Name=Service Control Manager Guid={555908d1-a6d7-4695-8e1e-26931d2012f4} EventSourceName=Service Control Manager/>
<EventID Qualifiers=16384>7045</EventID>
<Version>0</Version>
<Level>4</Level>
<Task>0</Task>
<Opcode>0</Opcode>
<Keywords>0x8080000000000000</Keywords>
<TimeCreated SystemTime=2026-01-14T21:40:27.253366400Z/>
<EventRecordID>408</EventRecordID>
<Correlation ActivityID=(null) RelatedActivityID=(null)/>
<Execution ProcessID=780 ThreadID=5004/>
<Channel>System</Channel>
<Computer>DESKTOP-5VCD46O</Computer>
<Security UserID=S-1-5-18/>
</System>
<EventData><Data Name=ServiceName>VMware USB Pointing Device</Data>
<Data Name=ImagePath>\SystemRoot\System32\DriverStore\FileRepository\vmusbmouse.inf_arm64_a2470d97d355e51c\vmusbmouse.sys</Data>
<Data Name=ServiceType>kernel mode driver</Data>
<Data Name=StartType>demand start</Data>
<Data Name=AccountName>[Empty]</Data>
</EventData>
</Event>
ElfRec#000409 (0x00036ff0)	2026-01-14T21:40:30.0350735Z	size=472
<Event xmlns=http://schemas.microsoft.com/win/2004/08/events/event><System><Provider Name=Service Control Manager Guid={555908d1-a6d7-4695-8e1e-26931d2012f4} EventSourceName=Service Control Manager/>
<EventID Qualifiers=16384>7045</EventID>
<Version>0</Version>
<Level>4</Level>
<Task>0</Task>
<Opcode>0</Opcode>
<Keywords>0x8080000000000000</Keywords>
<TimeCreated SystemTime=2026-01-14T21:40:30.035073500Z/>
<EventRecordID>409</EventRecordID>
<Correlation ActivityID=(null) RelatedActivityID=(null)/>
<Execution ProcessID=780 ThreadID=892/>
<Channel>System</Channel>
<Computer>DESKTOP-5VCD46O</Computer>
<Security UserID=S-1-5-18/>
</System>
<EventData><Data Name=ServiceName>vm3dmp</Data>
<Data Name=ImagePath>\SystemRoot\System32\DriverStore\FileRepository\vm3d.inf_arm64_df2dcf4fa5b05f78\vm3dmp.sys</Data>
<Data Name=ServiceType>kernel mode driver</Data>
<Data Name=StartType>demand start</Data>
<Data Name=AccountName>[Empty]</Data>
</EventData>
</Event>
ElfRec#000410 (0x000371c8)	2026-01-14T21:40:30.0350735Z	size=496
<Event xmlns=http://schemas.microsoft.com/win/2004/08/events/event><System><Provider Name=Service Control Manager Guid={555908d1-a6d7-4695-8e1e-26931d2012f4} EventSourceName=Service Control Manager/>
<EventID Qualifiers=16384>7045</EventID>
<Version>0</Version>
<Level>4</Level>
<Task>0</Task>
<Opcode>0</Opcode>
<Keywords>0x8080000000000000</Keywords>
<TimeCreated SystemTime=2026-01-14T21:40:30.035073500Z/>
<EventRecordID>410</EventRecordID>
<Correlation ActivityID=(null) RelatedActivityID=(null)/>
<Execution ProcessID=780 ThreadID=892/>
<Channel>System</Channel>
<Computer>DESKTOP-5VCD46O</Computer>
<Security UserID=S-1-5-18/>
</System>
<EventData><Data Name=ServiceName>vm3dmp-debug</Data>
<Data Name=ImagePath>\SystemRoot\System32\DriverStore\FileRepository\vm3d.inf_arm64_df2dcf4fa5b05f78\vm3dmp-debug.sys</Data>
<Data Name=ServiceType>kernel mode driver</Data>
<Data Name=StartType>demand start</Data>
<Data Name=AccountName>[Empty]</Data>
</EventData>
</Event>
ElfRec#000411 (0x000373b8)	2026-01-14T21:40:30.0428407Z	size=496
<Event xmlns=http://schemas.microsoft.com/win/2004/08/events/event><System><Provider Name=Service Control Manager Guid={555908d1-a6d7-4695-8e1e-26931d2012f4} EventSourceName=Service Control Manager/>
<EventID Qualifiers=16384>7045</EventID>
<Version>0</Version>
<Level>4</Level>
<Task>0</Task>
<Opcode>0</Opcode>
<Keywords>0x8080000000000000</Keywords>
<TimeCreated SystemTime=2026-01-14T21:40:30.042840700Z/>
<EventRecordID>411</EventRecordID>
<Correlation ActivityID=(null) RelatedActivityID=(null)/>
<Execution ProcessID=780 ThreadID=892/>
<Channel>System</Channel>
<Computer>DESKTOP-5VCD46O</Computer>
<Security UserID=S-1-5-18/>
</System>
<EventData><Data Name=ServiceName>vm3dmp-stats</Data>
<Data Name=ImagePath>\SystemRoot\System32\DriverStore\FileRepository\vm3d.inf_arm64_df2dcf4fa5b05f78\vm3dmp-stats.sys</Data>
<Data Name=ServiceType>kernel mode driver</Data>
<Data Name=StartType>demand start</Data>
<Data Name=AccountName>[Empty]</Data>
</EventData>
</Event>
ElfRec#000412 (0x000375a8)	2026-01-14T21:40:30.0428407Z	size=504
<Event xmlns=http://schemas.microsoft.com/win/2004/08/events/event><System><Provider Name=Service Control Manager Guid={555908d1-a6d7-4695-8e1e-26931d2012f4} EventSourceName=Service Control Manager/>
<EventID Qualifiers=16384>7045</EventID>
<Version>0</Version>
<Level>4</Level>
<Task>0</Task>
<Opcode>0</Opcode>
<Keywords>0x8080000000000000</Keywords>
<TimeCreated SystemTime=2026-01-14T21:40:30.042840700Z/>
<EventRecordID>412</EventRecordID>
<Correlation ActivityID=(null) RelatedActivityID=(null)/>
<Execution ProcessID=780 ThreadID=892/>
<Channel>System</Channel>
<Computer>DESKTOP-5VCD46O</Computer>
<Security UserID=S-1-5-18/>
</System>
<EventData><Data Name=ServiceName>vm3dmp_loader</Data>
<Data Name=ImagePath>\SystemRoot\System32\DriverStore\FileRepository\vm3d.inf_arm64_df2dcf4fa5b05f78\vm3dmp_loader.sys</Data>
<Data Name=ServiceType>kernel mode driver</Data>
<Data Name=StartType>demand start</Data>
<Data Name=AccountName>[Empty]</Data>
</EventData>
</Event>
ElfRec#000413 (0x000377a0)	2026-01-14T21:40:30.4788724Z	size=456
<Event xmlns=http://schemas.microsoft.com/win/2004/08/events/event><System><Provider Name=Service Control Manager Guid={555908d1-a6d7-4695-8e1e-26931d2012f4} EventSourceName=Service Control Manager/>
<EventID Qualifiers=16384>7045</EventID>
<Version>0</Version>
<Level>4</Level>
<Task>0</Task>
<Opcode>0</Opcode>
<Keywords>0x8080000000000000</Keywords>
<TimeCreated SystemTime=2026-01-14T21:40:30.478872400Z/>
<EventRecordID>413</EventRecordID>
<Correlation ActivityID=(null) RelatedActivityID=(null)/>
<Execution ProcessID=780 ThreadID=892/>
<Channel>System</Channel>
<Computer>DESKTOP-5VCD46O</Computer>
<Security UserID=S-1-5-18/>
</System>
<EventData><Data Name=ServiceName>VMware SVGA Helper Service</Data>
<Data Name=ImagePath>"C:\Program Files\VMware\VMware Tools\vm3dservice.exe"</Data>
<Data Name=ServiceType>user mode service</Data>
<Data Name=StartType>auto start</Data>
<Data Name=AccountName>LocalSystem</Data>
</EventData>
</Event>
ElfRec#000414 (0x00037968)	2026-01-14T21:40:32.0496943Z	size=424
<Event xmlns=http://schemas.microsoft.com/win/2004/08/events/event><System><Provider Name=Service Control Manager Guid={555908d1-a6d7-4695-8e1e-26931d2012f4} EventSourceName=Service Control Manager/>
<EventID Qualifiers=16384>7045</EventID>
<Version>0</Version>
<Level>4</Level>
<Task>0</Task>
<Opcode>0</Opcode>
<Keywords>0x8080000000000000</Keywords>
<TimeCreated SystemTime=2026-01-14T21:40:32.049694300Z/>
<EventRecordID>414</EventRecordID>
<Correlation ActivityID=(null) RelatedActivityID=(null)/>
<Execution ProcessID=780 ThreadID=3600/>
<Channel>System</Channel>
<Computer>DESKTOP-5VCD46O</Computer>
<Security UserID=S-1-5-18/>
</System>
<EventData><Data Name=ServiceName>VMware Tools</Data>
<Data Name=ImagePath>"C:\Program Files\VMware\VMware Tools\vmtoolsd.exe"</Data>
<Data Name=ServiceType>user mode service</Data>
<Data Name=StartType>auto start</Data>
<Data Name=AccountName>LocalSystem</Data>
</EventData>
</Event>
ElfRec#000415 (0x00037b10)	2026-01-14T21:40:34.4455079Z	size=848
<Event xmlns=http://schemas.microsoft.com/win/2004/08/events/event><System><Provider Name=Display/>
<EventID Qualifiers=0>4107</EventID>
<Version>0</Version>
<Level>4</Level>
<Task>0</Task>
<Opcode>0</Opcode>
<Keywords>0x0080000000000000</Keywords>
<TimeCreated SystemTime=2026-01-14T21:40:34.445507900Z/>
<EventRecordID>415</EventRecordID>
<Correlation ActivityID=(null) RelatedActivityID=(null)/>
<Execution ProcessID=3216 ThreadID=0/>
<Channel>System</Channel>
<Computer>DESKTOP-5VCD46O</Computer>
<Security UserID=(null)/>
</System>
<EventData><Data>(null)</Data>
<Binary>(null)</Binary>
</EventData>
</Event>
ElfRec#000416 (0x00037e60)	2026-01-14T21:40:36.9557103Z	size=568
<Event xmlns=http://schemas.microsoft.com/win/2004/08/events/event><System><Provider Name=Application Popup Guid={47bfa2b7-bd54-4fac-b70b-29021084ca8f}/>
<EventID Qualifiers=(null)>26</EventID>
<Version>0</Version>
<Level>4</Level>
<Task>0</Task>
<Opcode>0</Opcode>
<Keywords>0x8000000000000000</Keywords>
<TimeCreated SystemTime=2026-01-14T21:40:36.955710300Z/>
<EventRecordID>416</EventRecordID>
<Correlation ActivityID=(null) RelatedActivityID=(null)/>
<Execution ProcessID=556 ThreadID=4312/>
<Channel>System</Channel>
<Computer>DESKTOP-5VCD46O</Computer>
<Security UserID=S-1-5-18/>
</System>
<EventData><Data Name=Caption>Windows - No Disk</Data>
<Data Name=Message>Exception Processing Message 0xc0000013 - Unexpected parameters</Data>
</EventData>
</Event>
ElfRec#000417 (0x00038098)	2026-01-14T21:40:38.6141240Z	size=1632
<Event xmlns=http://schemas.microsoft.com/win/2004/08/events/event><System><Provider Name=User32 Guid={b0aa8734-56f7-41cc-b2f4-de228e98b946} EventSourceName=User32/>
<EventID Qualifiers=32768>1074</EventID>
<Version>0</Version>
<Level>4</Level>
<Task>0</Task>
<Opcode>0</Opcode>
<Keywords>0x8080000000000000</Keywords>
<TimeCreated SystemTime=2026-01-14T21:40:38.614124000Z/>
<EventRecordID>417</EventRecordID>
<Correlation ActivityID=(null) RelatedActivityID=(null)/>
<Execution ProcessID=556 ThreadID=4312/>
<Channel>System</Channel>
<Computer>DESKTOP-5VCD46O</Computer>
<Security UserID=S-1-5-18/>
</System>
<EventData><Data Name=param1>msiexec.exe</Data>
<Data Name=param2>DESKTOP-5VCD46O</Data>
<Data Name=param3>No title for this reason could be found</Data>
<Data Name=param4>0x80030002</Data>
<Data Name=param5>restart</Data>
<Data Name=param6>The Windows Installer initiated a system restart to complete or continue the configuration of 'VMware Tools'.</Data>
<Data Name=param7>NT AUTHORITY\SYSTEM</Data>
</EventData>
</Event>
ElfRec#000418 (0x000386f8)	2026-01-14T21:40:39.3824930Z	size=312
<Event xmlns=http://schemas.microsoft.com/win/2004/08/events/event><System><Provider Name=Microsoft-Windows-DistributedCOM Guid={1B562E86-B7AA-4131-BADC-B6F3A001407E} EventSourceName=DCOM/>
<EventID Qualifiers=0>10010</EventID>
<Version>0</Version>
<Level>2</Level>
<Task>0</Task>
<Opcode>0</Opcode>
<Keywords>0x8080000000000000</Keywords>
<TimeCreated SystemTime=2026-01-14T21:40:39.382493000Z/>
<EventRecordID>418</EventRecordID>
<Correlation ActivityID={01ce4324-859e-0000-5e1b-cf019e85dc01} RelatedActivityID=(null)/>
<Execution ProcessID=320 ThreadID=1672/>
<Channel>System</Channel>
<Computer>DESKTOP-5VCD46O</Computer>
<Security UserID=S-1-5-21-3154672976-900801122-4255023966-1001/>
</System>
<EventData><Data Name=param1>{AB8902B4-09CA-4BB6-B78D-A8F59079A8D5}</Data>
</EventData>
</Event>
ElfRec#000419 (0x00038830)	2026-01-14T21:40:39.4101045Z	size=312
<Event xmlns=http://schemas.microsoft.com/win/2004/08/events/event><System><Provider Name=Microsoft-Windows-DistributedCOM Guid={1B562E86-B7AA-4131-BADC-B6F3A001407E} EventSourceName=DCOM/>
<EventID Qualifiers=0>10010</EventID>
<Version>0</Version>
<Level>2</Level>
<Task>0</Task>
<Opcode>0</Opcode>
<Keywords>0x8080000000000000</Keywords>
<TimeCreated SystemTime=2026-01-14T21:40:39.410104500Z/>
<EventRecordID>419</EventRecordID>
<Correlation ActivityID={01ce4324-859e-0001-631d-cf019e85dc01} RelatedActivityID=(null)/>
<Execution ProcessID=320 ThreadID=1672/>
<Channel>System</Channel>
<Computer>DESKTOP-5VCD46O</Computer>
<Security UserID=S-1-5-21-3154672976-900801122-4255023966-1001/>
</System>
<EventData><Data Name=param1>{AB8902B4-09CA-4BB6-B78D-A8F59079A8D5}</Data>
</EventData>
</Event>
ElfRec#000420 (0x00038968)	2026-01-14T21:40:39.4339499Z	size=312
<Event xmlns=http://schemas.microsoft.com/win/2004/08/events/event><System><Provider Name=Microsoft-Windows-DistributedCOM Guid={1B562E86-B7AA-4131-BADC-B6F3A001407E} EventSourceName=DCOM/>
<EventID Qualifiers=0>10010</EventID>
<Version>0</Version>
<Level>2</Level>
<Task>0</Task>
<Opcode>0</Opcode>
<Keywords>0x8080000000000000</Keywords>
<TimeCreated SystemTime=2026-01-14T21:40:39.433949900Z/>
<EventRecordID>420</EventRecordID>
<Correlation ActivityID={01ce4324-859e-0001-851d-cf019e85dc01} RelatedActivityID=(null)/>
<Execution ProcessID=320 ThreadID=1672/>
<Channel>System</Channel>
<Computer>DESKTOP-5VCD46O</Computer>
<Security UserID=S-1-5-21-3154672976-900801122-4255023966-1001/>
</System>
<EventData><Data Name=param1>{AB8902B4-09CA-4BB6-B78D-A8F59079A8D5}</Data>
</EventData>
</Event>
ElfRec#000421 (0x00038aa0)	2026-01-14T21:40:40.3415752Z	size=328
<Event xmlns=http://schemas.microsoft.com/win/2004/08/events/event><System><Provider Name=Microsoft-Windows-Winlogon Guid={dbe9b383-7cf3-4331-91cc-a3cb16a3b538}/>
<EventID Qualifiers=(null)>7002</EventID>
<Version>0</Version>
<Level>4</Level>
<Task>1102</Task>
<Opcode>0</Opcode>
<Keywords>0x2000200000000000</Keywords>
<TimeCreated SystemTime=2026-01-14T21:40:40.341575200Z/>
<EventRecordID>421</EventRecordID>
<Correlation ActivityID=(null) RelatedActivityID=(null)/>
<Execution ProcessID=708 ThreadID=4656/>
<Channel>System</Channel>
<Computer>DESKTOP-5VCD46O</Computer>
<Security UserID=S-1-5-18/>
</System>
<EventData><Data Name=TSId>1</Data>
<Data Name=UserSid>S-1-5-21-3154672976-900801122-4255023966-1001</Data>
</EventData>
</Event>
ElfRec#000422 (0x00038be8)	2026-01-14T21:40:42.0033889Z	size=760
<Event xmlns=http://schemas.microsoft.com/win/2004/08/events/event><System><Provider Name=EventLog/>
<EventID Qualifiers=32768>6006</EventID>
<Version>0</Version>
<Level>4</Level>
<Task>0</Task>
<Opcode>0</Opcode>
<Keywords>0x0080000000000000</Keywords>
<TimeCreated SystemTime=2026-01-14T21:40:42.003388900Z/>
<EventRecordID>422</EventRecordID>
<Correlation ActivityID=(null) RelatedActivityID=(null)/>
<Execution ProcessID=1900 ThreadID=1996/>
<Channel>System</Channel>
<Computer>DESKTOP-5VCD46O</Computer>
<Security UserID=(null)/>
</System>
<EventData><Data>(null)</Data>
<Binary>[Unknown Type 0x0e, size 8]</Binary>
</EventData>
</Event>
ElfRec#000423 (0x00038ee0)	2026-01-14T21:40:41.8863652Z	size=296
<Event xmlns=http://schemas.microsoft.com/win/2004/08/events/event><System><Provider Name=Microsoft-Windows-Dhcp-Client Guid={15a7a4f8-0072-4eab-abad-f98a4d666aed}/>
<EventID Qualifiers=(null)>50104</EventID>
<Version>0</Version>
<Level>4</Level>
<Task>4</Task>
<Opcode>129</Opcode>
<Keywords>0x2000000000000000</Keywords>
<TimeCreated SystemTime=2026-01-14T21:40:41.886365200Z/>
<EventRecordID>423</EventRecordID>
<Correlation ActivityID=(null) RelatedActivityID=(null)/>
<Execution ProcessID=2268 ThreadID=2272/>
<Channel>System</Channel>
<Computer>DESKTOP-5VCD46O</Computer>
<Security UserID=S-1-5-19/>
</System>
<EventData></EventData>
</Event>
ElfRec#000424 (0x00039008)	2026-01-14T21:40:41.8925019Z	size=296
<Event xmlns=http://schemas.microsoft.com/win/2004/08/events/event><System><Provider Name=Microsoft-Windows-Dhcp-Client Guid={15a7a4f8-0072-4eab-abad-f98a4d666aed}/>
<EventID Qualifiers=(null)>50105</EventID>
<Version>0</Version>
<Level>4</Level>
<Task>4</Task>
<Opcode>129</Opcode>
<Keywords>0x2000000000000000</Keywords>
<TimeCreated SystemTime=2026-01-14T21:40:41.892501900Z/>
<EventRecordID>424</EventRecordID>
<Correlation ActivityID=(null) RelatedActivityID=(null)/>
<Execution ProcessID=2268 ThreadID=2340/>
<Channel>System</Channel>
<Computer>DESKTOP-5VCD46O</Computer>
<Security UserID=S-1-5-19/>
</System>
<EventData></EventData>
</Event>
ElfRec#000425 (0x00039130)	2026-01-14T21:40:41.9022722Z	size=392
<Event xmlns=http://schemas.microsoft.com/win/2004/08/events/event><System><Provider Name=Microsoft-Windows-DHCPv6-Client Guid={6a1f2b00-6a90-4c38-95a5-5cab3b056778}/>
<EventID Qualifiers=(null)>51047</EventID>
<Version>0</Version>
<Level>4</Level>
<Task>4</Task>
<Opcode>63</Opcode>
<Keywords>0x2000000000000000</Keywords>
<TimeCreated SystemTime=2026-01-14T21:40:41.902272200Z/>
<EventRecordID>425</EventRecordID>
<Correlation ActivityID=(null) RelatedActivityID=(null)/>
<Execution ProcessID=2268 ThreadID=2396/>
<Channel>System</Channel>
<Computer>DESKTOP-5VCD46O</Computer>
<Security UserID=S-1-5-19/>
</System>
<EventData><Data Name=DwordVal>1</Data>
</EventData>
</Event>
ElfRec#000426 (0x000392b8)	2026-01-14T21:40:41.9022747Z	size=304
<Event xmlns=http://schemas.microsoft.com/win/2004/08/events/event><System><Provider Name=Microsoft-Windows-DHCPv6-Client Guid={6a1f2b00-6a90-4c38-95a5-5cab3b056778}/>
<EventID Qualifiers=(null)>51057</EventID>
<Version>0</Version>
<Level>4</Level>
<Task>4</Task>
<Opcode>104</Opcode>
<Keywords>0x2000000000000000</Keywords>
<TimeCreated SystemTime=2026-01-14T21:40:41.902274700Z/>
<EventRecordID>426</EventRecordID>
<Correlation ActivityID=(null) RelatedActivityID=(null)/>
<Execution ProcessID=2268 ThreadID=2396/>
<Channel>System</Channel>
<Computer>DESKTOP-5VCD46O</Computer>
<Security UserID=S-1-5-19/>
</System>
<EventData><Data Name=DwordVal>1</Data>
</EventData>
</Event>
ElfRec#000427 (0x000393e8)	2026-01-14T21:40:41.9049927Z	size=296
<Event xmlns=http://schemas.microsoft.com/win/2004/08/events/event><System><Provider Name=Microsoft-Windows-Dhcp-Client Guid={15a7a4f8-0072-4eab-abad-f98a4d666aed}/>
<EventID Qualifiers=(null)>50106</EventID>
<Version>0</Version>
<Level>4</Level>
<Task>4</Task>
<Opcode>129</Opcode>
<Keywords>0x2000000000000000</Keywords>
<TimeCreated SystemTime=2026-01-14T21:40:41.904992700Z/>
<EventRecordID>427</EventRecordID>
<Correlation ActivityID=(null) RelatedActivityID=(null)/>
<Execution ProcessID=2268 ThreadID=2340/>
<Channel>System</Channel>
<Computer>DESKTOP-5VCD46O</Computer>
<Security UserID=S-1-5-19/>
</System>
<EventData></EventData>
</Event>
ElfRec#000428 (0x00039510)	2026-01-14T21:40:41.9661043Z	size=304
<Event xmlns=http://schemas.microsoft.com/win/2004/08/events/event><System><Provider Name=Microsoft-Windows-Dhcp-Client Guid={15a7a4f8-0072-4eab-abad-f98a4d666aed}/>
<EventID Qualifiers=(null)>50037</EventID>
<Version>0</Version>
<Level>4</Level>
<Task>4</Task>
<Opcode>69</Opcode>
<Keywords>0x2000000000000000</Keywords>
<TimeCreated SystemTime=2026-01-14T21:40:41.966104300Z/>
<EventRecordID>428</EventRecordID>
<Correlation ActivityID=(null) RelatedActivityID=(null)/>
<Execution ProcessID=2268 ThreadID=2340/>
<Channel>System</Channel>
<Computer>DESKTOP-5VCD46O</Computer>
<Security UserID=S-1-5-19/>
</System>
<EventData><Data Name=DwordVal>1</Data>
</EventData>
</Event>
ElfRec#000429 (0x00039640)	2026-01-14T21:40:54.6406161Z	size=280
<Event xmlns=http://schemas.microsoft.com/win/2004/08/events/event><System><Provider Name=EventLog/>
<EventID Qualifiers=32768>6009</EventID>
<Version>0</Version>
<Level>4</Level>
<Task>0</Task>
<Opcode>0</Opcode>
<Keywords>0x0080000000000000</Keywords>
<TimeCreated SystemTime=2026-01-14T21:40:54.640616100Z/>
<EventRecordID>429</EventRecordID>
<Correlation ActivityID=(null) RelatedActivityID=(null)/>
<Execution ProcessID=1840 ThreadID=1932/>
<Channel>System</Channel>
<Computer>DESKTOP-5VCD46O</Computer>
<Security UserID=(null)/>
</System>
<EventData><Data>[Unknown Type 0x81, size 72]</Data>
<Binary>(null)</Binary>
</EventData>
</Event>
ElfRec#000430 (0x00039758)	2026-01-14T21:40:54.6413833Z	size=232
<Event xmlns=http://schemas.microsoft.com/win/2004/08/events/event><System><Provider Name=EventLog/>
<EventID Qualifiers=32768>6005</EventID>
<Version>0</Version>
<Level>4</Level>
<Task>0</Task>
<Opcode>0</Opcode>
<Keywords>0x0080000000000000</Keywords>
<TimeCreated SystemTime=2026-01-14T21:40:54.641383300Z/>
<EventRecordID>430</EventRecordID>
<Correlation ActivityID=(null) RelatedActivityID=(null)/>
<Execution ProcessID=1840 ThreadID=1932/>
<Channel>System</Channel>
<Computer>DESKTOP-5VCD46O</Computer>
<Security UserID=(null)/>
</System>
<EventData><Data>(null)</Data>
<Binary>[Unknown Type 0x0e, size 24]</Binary>
</EventData>
</Event>
ElfRec#000431 (0x00039840)	2026-01-14T21:40:54.6416850Z	size=600
<Event xmlns=http://schemas.microsoft.com/win/2004/08/events/event><System><Provider Name=EventLog/>
<EventID Qualifiers=32768>6013</EventID>
<Version>0</Version>
<Level>4</Level>
<Task>0</Task>
<Opcode>0</Opcode>
<Keywords>0x0080000000000000</Keywords>
<TimeCreated SystemTime=2026-01-14T21:40:54.641685000Z/>
<EventRecordID>431</EventRecordID>
<Correlation ActivityID=(null) RelatedActivityID=(null)/>
<Execution ProcessID=1840 ThreadID=1932/>
<Channel>System</Channel>
<Computer>DESKTOP-5VCD46O</Computer>
<Security UserID=(null)/>
</System>
<EventData><Data>[Unknown Type 0x81, size 70]</Data>
<Binary>[Unknown Type 0x0e, size 326]</Binary>
</EventData>
</Event>
ElfRec#000432 (0x00039a98)	2026-01-14T21:40:43.0733159Z	size=552
<Event xmlns=http://schemas.microsoft.com/win/2004/08/events/event><System><Provider Name=Microsoft-Windows-Kernel-Power Guid={331c3b3a-2005-44c2-ac5e-77220c37d6b4}/>
<EventID Qualifiers=(null)>109</EventID>
<Version>0</Version>
<Level>4</Level>
<Task>103</Task>
<Opcode>0</Opcode>
<Keywords>0x8000400000000404</Keywords>
<TimeCreated SystemTime=2026-01-14T21:40:43.073315900Z/>
<EventRecordID>432</EventRecordID>
<Correlation ActivityID=(null) RelatedActivityID=(null)/>
<Execution ProcessID=636 ThreadID=640/>
<Channel>System</Channel>
<Computer>DESKTOP-5VCD46O</Computer>
<Security UserID=S-1-5-18/>
</System>
<EventData><Data Name=ShutdownActionType>5</Data>
<Data Name=ShutdownEventCode>0</Data>
<Data Name=ShutdownReason>5</Data>
</EventData>
</Event>
ElfRec#000433 (0x00039cc0)	2026-01-14T21:40:43.4128843Z	size=512
<Event xmlns=http://schemas.microsoft.com/win/2004/08/events/event><System><Provider Name=Microsoft-Windows-Kernel-Power Guid={331c3b3a-2005-44c2-ac5e-77220c37d6b4}/>
<EventID Qualifiers=(null)>577</EventID>
<Version>0</Version>
<Level>4</Level>
<Task>280</Task>
<Opcode>0</Opcode>
<Keywords>0x8000000000000004</Keywords>
<TimeCreated SystemTime=2026-01-14T21:40:43.412884300Z/>
<EventRecordID>433</EventRecordID>
<Correlation ActivityID=(null) RelatedActivityID=(null)/>
<Execution ProcessID=4 ThreadID=2168/>
<Channel>System</Channel>
<Computer>DESKTOP-5VCD46O</Computer>
<Security UserID=(null)/>
</System>
<EventData><Data Name=AdaptiveTargetState>0</Data>
<Data Name=IsUnattended>[Unknown Type 0x0d, size 4]</Data>
<Data Name=Status>279</Data>
</EventData>
</Event>
ElfRec#000434 (0x00039ec0)	2026-01-14T21:40:43.4679848Z	size=384
<Event xmlns=http://schemas.microsoft.com/win/2004/08/events/event><System><Provider Name=Microsoft-Windows-Kernel-General Guid={a68ca8b7-004f-d7b6-a698-07e2de0f1f5d}/>
<EventID Qualifiers=(null)>13</EventID>
<Version>0</Version>
<Level>4</Level>
<Task>2</Task>
<Opcode>0</Opcode>
<Keywords>0x8000000000000080</Keywords>
<TimeCreated SystemTime=2026-01-14T21:40:43.467984800Z/>
<EventRecordID>434</EventRecordID>
<Correlation ActivityID=(null) RelatedActivityID=(null)/>
<Execution ProcessID=4 ThreadID=2168/>
<Channel>System</Channel>
<Computer>DESKTOP-5VCD46O</Computer>
<Security UserID=(null)/>
</System>
<EventData><Data Name=StopTime>2026-01-14T21:40:43.467984000Z</Data>
</EventData>
</Event>
ElfRec#000435 (0x0003a040)	2026-01-14T21:40:49.5981734Z	size=760
<Event xmlns=http://schemas.microsoft.com/win/2004/08/events/event><System><Provider Name=Microsoft-Windows-Kernel-General Guid={a68ca8b7-004f-d7b6-a698-07e2de0f1f5d}/>
<EventID Qualifiers=(null)>12</EventID>
<Version>0</Version>
<Level>4</Level>
<Task>1</Task>
<Opcode>0</Opcode>
<Keywords>0x8000000000000080</Keywords>
<TimeCreated SystemTime=2026-01-14T21:40:49.598173400Z/>
<EventRecordID>435</EventRecordID>
<Correlation ActivityID=(null) RelatedActivityID=(null)/>
<Execution ProcessID=4 ThreadID=8/>
<Channel>System</Channel>
<Computer>DESKTOP-5VCD46O</Computer>
<Security UserID=S-1-5-18/>
</System>
<EventData><Data Name=MajorVersion>10</Data>
<Data Name=MinorVersion>0</Data>
<Data Name=BuildVersion>26100</Data>
<Data Name=QfeVersion>4343</Data>
<Data Name=ServiceVersion>0</Data>
<Data Name=BootMode>0</Data>
<Data Name=StartTime>2026-01-14T21:40:49.418452600Z</Data>
</EventData>
</Event>
ElfRec#000436 (0x0003a338)	2026-01-14T21:40:49.5981737Z	size=840
<Event xmlns=http://schemas.microsoft.com/win/2004/08/events/event><System><Provider Name=Microsoft-Windows-Kernel-General Guid={a68ca8b7-004f-d7b6-a698-07e2de0f1f5d}/>
<EventID Qualifiers=(null)>25</EventID>
<Version>0</Version>
<Level>4</Level>
<Task>12</Task>
<Opcode>0</Opcode>
<Keywords>0x8000000000000010</Keywords>
<TimeCreated SystemTime=2026-01-14T21:40:49.598173700Z/>
<EventRecordID>436</EventRecordID>
<Correlation ActivityID=(null) RelatedActivityID=(null)/>
<Execution ProcessID=4 ThreadID=8/>
<Channel>System</Channel>
<Computer>DESKTOP-5VCD46O</Computer>
<Security UserID=S-1-5-18/>
</System>
<EventData><Data Name=SystemTime>2026-01-14T21:40:49.418452600Z</Data>
<Data Name=LoaderTime>2026-01-14T21:40:49.000000000Z</Data>
<Data Name=InternalBootFlags>2</Data>
<Data Name=HalRtcErrorCode>0</Data>
<Data Name=RealTimeIsUniversal>[Unknown Type 0x0d, size 4]</Data>
<Data Name=IsSoftBoot>[Unknown Type 0x0d, size 4]</Data>
<Data Name=Success>[Unknown Type 0x0d, size 4]</Data>
<Data Name=Phase>2</Data>
</EventData>
</Event>
ElfRec#000437 (0x0003a680)	2026-01-14T21:40:49.5982748Z	size=520
<Event xmlns=http://schemas.microsoft.com/win/2004/08/events/event><System><Provider Name=Microsoft-Windows-Kernel-Boot Guid={15ca44ff-4d7a-4baa-bba5-0998955e531e}/>
<EventID Qualifiers=(null)>153</EventID>
<Version>0</Version>
<Level>4</Level>
<Task>62</Task>
<Opcode>0</Opcode>
<Keywords>0x8000000000000000</Keywords>
<TimeCreated SystemTime=2026-01-14T21:40:49.598274800Z/>
<EventRecordID>437</EventRecordID>
<Correlation ActivityID=(null) RelatedActivityID=(null)/>
<Execution ProcessID=4 ThreadID=8/>
<Channel>System</Channel>
<Computer>DESKTOP-5VCD46O</Computer>
<Security UserID=S-1-5-18/>
</System>
<EventData><Data Name=Status>0</Data>
<Data Name=EnableDisableReason>0</Data>
<Data Name=VsmPolicy>0</Data>
</EventData>
</Event>
ElfRec#000438 (0x0003a888)	2026-01-14T21:40:49.5983113Z	size=592
<Event xmlns=http://schemas.microsoft.com/win/2004/08/events/event><System><Provider Name=Microsoft-Windows-Kernel-Boot Guid={15ca44ff-4d7a-4baa-bba5-0998955e531e}/>
<EventID Qualifiers=(null)>20</EventID>
<Version>1</Version>
<Level>4</Level>
<Task>31</Task>
<Opcode>0</Opcode>
<Keywords>0x8000000000000000</Keywords>
<TimeCreated SystemTime=2026-01-14T21:40:49.598311300Z/>
<EventRecordID>438</EventRecordID>
<Correlation ActivityID=(null) RelatedActivityID=(null)/>
<Execution ProcessID=4 ThreadID=8/>
<Channel>System</Channel>
<Computer>DESKTOP-5VCD46O</Computer>
<Security UserID=S-1-5-18/>
</System>
<EventData><Data Name=LastShutdownGood>[Unknown Type 0x0d, size 4]</Data>
<Data Name=LastBootGood>[Unknown Type 0x0d, size 4]</Data>
<Data Name=LastBootId>3</Data>
<Data Name=BootStatusPolicy>2</Data>
</EventData>
</Event>
ElfRec#000439 (0x0003aad8)	2026-01-14T21:40:49.5983124Z	size=448
<Event xmlns=http://schemas.microsoft.com/win/2004/08/events/event><System><Provider Name=Microsoft-Windows-Kernel-Boot Guid={15ca44ff-4d7a-4baa-bba5-0998955e531e}/>
<EventID Qualifiers=(null)>247</EventID>
<Version>0</Version>
<Level>4</Level>
<Task>99</Task>
<Opcode>12</Opcode>
<Keywords>0x8000000000000000</Keywords>
<TimeCreated SystemTime=2026-01-14T21:40:49.598312400Z/>
<EventRecordID>439</EventRecordID>
<Correlation ActivityID=(null) RelatedActivityID=(null)/>
<Execution ProcessID=4 ThreadID=8/>
<Channel>System</Channel>
<Computer>DESKTOP-5VCD46O</Computer>
<Security UserID=S-1-5-18/>
</System>
<EventData><Data Name=Status>3221225473</Data>
<Data Name=FailureReason>0</Data>
</EventData>
</Event>
ElfRec#000440 (0x0003ac98)	2026-01-14T21:40:49.5983343Z	size=520
<Event xmlns=http://schemas.microsoft.com/win/2004/08/events/event><System><Provider Name=Microsoft-Windows-Kernel-Boot Guid={15ca44ff-4d7a-4baa-bba5-0998955e531e}/>
<EventID Qualifiers=(null)>238</EventID>
<Version>1</Version>
<Level>4</Level>
<Task>101</Task>
<Opcode>0</Opcode>
<Keywords>0x8000000000000000</Keywords>
<TimeCreated SystemTime=2026-01-14T21:40:49.598334300Z/>
<EventRecordID>440</EventRecordID>
<Correlation ActivityID=(null) RelatedActivityID=(null)/>
<Execution ProcessID=4 ThreadID=8/>
<Channel>System</Channel>
<Computer>DESKTOP-5VCD46O</Computer>
<Security UserID=S-1-5-18/>
</System>
<EventData><Data Name=EfiTimeZoneBias>[Unknown Type 0x05, size 2]</Data>
<Data Name=EfiDaylightFlags>0</Data>
<Data Name=EfiTime>2026-01-14T13:40:49.000000000Z</Data>
</EventData>
</Event>
