ElfRec#000057 (0x00008120)	2026-01-14T21:32:59.3856769Z	size=384
<Event xmlns=http://schemas.microsoft.com/win/2004/08/events/event><System><Provider Name=Microsoft-Windows-HttpService Guid={dd5ef90a-6398-47a4-ad34-4dcecdef795f}/>
<EventID Qualifiers=(null)>112</EventID>
<Version>0</Version>
<Level>4</Level>
<Task>3</Task>
<Opcode>121</Opcode>
<Keywords>0x4000000000000001</Keywords>
<TimeCreated SystemTime=2026-01-14T21:32:59.385676900Z/>
<EventRecordID>57</EventRecordID>
<Correlation ActivityID=(null) RelatedActivityID=(null)/>
<Execution ProcessID=4 ThreadID=120/>
<Channel>System</Channel>
<Computer>WIN-S8AG37SE2O9</Computer>
<Security UserID=S-1-5-18/>
</System>
<EventData><Data Name=Url>http://+:47001/wsman/</Data>
<Data Name=ReserveStatus>0</Data>
<Data Name=ProcessId>4</Data>
<Data Name=ExecutablePath></Data>
<Data Name=UserSid>S-1-5-18</Data>
</EventData>
</Event>
ElfRec#000058 (0x000082a0)	2026-01-14T21:32:59.3856798Z	size=384
<Event xmlns=http://schemas.microsoft.com/win/2004/08/events/event><System><Provider Name=Microsoft-Windows-HttpService Guid={dd5ef90a-6398-47a4-ad34-4dcecdef795f}/>
<EventID Qualifiers=(null)>112</EventID>
<Version>0</Version>
<Level>4</Level>
<Task>3</Task>
<Opcode>121</Opcode>
<Keywords>0x4000000000000001</Keywords>
<TimeCreated SystemTime=2026-01-14T21:32:59.385679800Z/>
<EventRecordID>58</EventRecordID>
<Correlation ActivityID=(null) RelatedActivityID=(null)/>
<Execution ProcessID=4 ThreadID=120/>
<Channel>System</Channel>
<Computer>WIN-S8AG37SE2O9</Computer>
<Security UserID=S-1-5-18/>
</System>
<EventData><Data Name=Url>http://+:5985/wsman/</Data>
<Data Name=ReserveStatus>0</Data>
<Data Name=ProcessId>4</Data>
<Data Name=ExecutablePath></Data>
<Data Name=UserSid>S-1-5-18</Data>
</EventData>
</Event>
ElfRec#000059 (0x00008420)	2026-01-14T21:32:59.3856818Z	size=368
<Event xmlns=http://schemas.microsoft.com/win/2004/08/events/event><System><Provider Name=Microsoft-Windows-HttpService Guid={dd5ef90a-6398-47a4-ad34-4dcecdef795f}/>
<EventID Qualifiers=(null)>112</EventID>
<Version>0</Version>
<Level>4</Level>
<Task>3</Task>
<Opcode>121</Opcode>
<Keywords>0x4000000000000001</Keywords>
<TimeCreated SystemTime=2026-01-14T21:32:59.385681800Z/>
<EventRecordID>59</EventRecordID>
<Correlation ActivityID=(null) RelatedActivityID=(null)/>
<Execution ProcessID=4 ThreadID=120/>
<Channel>System</Channel>
<Computer>WIN-S8AG37SE2O9</Computer>
<Security UserID=S-1-5-18/>
</System>
<EventData><Data Name=Url>http://*:2869/</Data>
<Data Name=ReserveStatus>0</Data>
<Data Name=ProcessId>4</Data>
<Data Name=ExecutablePath></Data>
<Data Name=UserSid>S-1-5-18</Data>
</EventData>
</Event>
ElfRec#000060 (0x00008590)	2026-01-14T21:32:59.3856840Z	size=376
<Event xmlns=http://schemas.microsoft.com/win/2004/08/events/event><System><Provider Name=Microsoft-Windows-HttpService Guid={dd5ef90a-6398-47a4-ad34-4dcecdef795f}/>
<EventID Qualifiers=(null)>112</EventID>
<Version>0</Version>
<Level>4</Level>
<Task>3</Task>
<Opcode>121</Opcode>
<Keywords>0x4000000000000001</Keywords>
<TimeCreated SystemTime=2026-01-14T21:32:59.385684000Z/>
<EventRecordID>60</EventRecordID>
<Correlation ActivityID=(null) RelatedActivityID=(null)/>
<Execution ProcessID=4 ThreadID=120/>
<Channel>System</Channel>
<Computer>WIN-S8AG37SE2O9</Computer>
<Security UserID=S-1-5-18/>
</System>
<EventData><Data Name=Url>https://+:3392/rdp/</Data>
<Data Name=ReserveStatus>0</Data>
<Data Name=ProcessId>4</Data>
<Data Name=ExecutablePath></Data>
<Data Name=UserSid>S-1-5-18</Data>
</EventData>
</Event>
ElfRec#000061 (0x00008708)	2026-01-14T21:32:59.3856862Z	size=376
<Event xmlns=http://schemas.microsoft.com/win/2004/08/events/event><System><Provider Name=Microsoft-Windows-HttpService Guid={dd5ef90a-6398-47a4-ad34-4dcecdef795f}/>
<EventID Qualifiers=(null)>112</EventID>
<Version>0</Version>
<Level>4</Level>
<Task>3</Task>
<Opcode>121</Opcode>
<Keywords>0x4000000000000001</Keywords>
<TimeCreated SystemTime=2026-01-14T21:32:59.385686200Z/>
<EventRecordID>61</EventRecordID>
<Correlation ActivityID=(null) RelatedActivityID=(null)/>
<Execution ProcessID=4 ThreadID=120/>
<Channel>System</Channel>
<Computer>WIN-S8AG37SE2O9</Computer>
<Security UserID=S-1-5-18/>
</System>
<EventData><Data Name=Url>http://+:3387/rdp/</Data>
<Data Name=ReserveStatus>0</Data>
<Data Name=ProcessId>4</Data>
<Data Name=ExecutablePath></Data>
<Data Name=UserSid>S-1-5-18</Data>
</EventData>
</Event>
ElfRec#000062 (0x00008880)	2026-01-14T21:32:59.3856935Z	size=456
<Event xmlns=http://schemas.microsoft.com/win/2004/08/events/event><System><Provider Name=Microsoft-Windows-HttpService Guid={dd5ef90a-6398-47a4-ad34-4dcecdef795f}/>
<EventID Qualifiers=(null)>112</EventID>
<Version>0</Version>
<Level>4</Level>
<Task>3</Task>
<Opcode>121</Opcode>
<Keywords>0x4000000000000001</Keywords>
<TimeCreated SystemTime=2026-01-14T21:32:59.385693500Z/>
<EventRecordID>62</EventRecordID>
<Correlation ActivityID=(null) RelatedActivityID=(null)/>
<Execution ProcessID=4 ThreadID=120/>
<Channel>System</Channel>
<Computer>WIN-S8AG37SE2O9</Computer>
<Security UserID=S-1-5-18/>
</System>
<EventData><Data Name=Url>https://+:443/sra_{BA195980-CD49-458b-9E23-C84EE0ADCD75}/</Data>
<Data Name=ReserveStatus>0</Data>
<Data Name=ProcessId>4</Data>
<Data Name=ExecutablePath></Data>
<Data Name=UserSid>S-1-5-18</Data>
</EventData>
</Event>
ElfRec#000063 (0x00008a48)	2026-01-14T21:32:59.3856969Z	size=440
<Event xmlns=http://schemas.microsoft.com/win/2004/08/events/event><System><Provider Name=Microsoft-Windows-HttpService Guid={dd5ef90a-6398-47a4-ad34-4dcecdef795f}/>
<EventID Qualifiers=(null)>112</EventID>
<Version>0</Version>
<Level>4</Level>
<Task>3</Task>
<Opcode>121</Opcode>
<Keywords>0x4000000000000001</Keywords>
<TimeCreated SystemTime=2026-01-14T21:32:59.385696900Z/>
<EventRecordID>63</EventRecordID>
<Correlation ActivityID=(null) RelatedActivityID=(null)/>
<Execution ProcessID=4 ThreadID=120/>
<Channel>System</Channel>
<Computer>WIN-S8AG37SE2O9</Computer>
<Security UserID=S-1-5-18/>
</System>
<EventData><Data Name=Url>http://+:80/0131501b-d67f-491b-9a40-c4bf27bcb4d4/</Data>
<Data Name=ReserveStatus>0</Data>
<Data Name=ProcessId>4</Data>
<Data Name=ExecutablePath></Data>
<Data Name=UserSid>S-1-5-18</Data>
</EventData>
</Event>
ElfRec#000064 (0x00008c00)	2026-01-14T21:32:59.3857001Z	size=440
<Event xmlns=http://schemas.microsoft.com/win/2004/08/events/event><System><Provider Name=Microsoft-Windows-HttpService Guid={dd5ef90a-6398-47a4-ad34-4dcecdef795f}/>
<EventID Qualifiers=(null)>112</EventID>
<Version>0</Version>
<Level>4</Level>
<Task>3</Task>
<Opcode>121</Opcode>
<Keywords>0x4000000000000001</Keywords>
<TimeCreated SystemTime=2026-01-14T21:32:59.385700100Z/>
<EventRecordID>64</EventRecordID>
<Correlation ActivityID=(null) RelatedActivityID=(null)/>
<Execution ProcessID=4 ThreadID=120/>
<Channel>System</Channel>
<Computer>WIN-S8AG37SE2O9</Computer>
<Security UserID=S-1-5-18/>
</System>
<EventData><Data Name=Url>https://+:443/C574AC30-5794-4AEE-B1BB-6651C5315029/</Data>
<Data Name=ReserveStatus>0</Data>
<Data Name=ProcessId>4</Data>
<Data Name=ExecutablePath></Data>
<Data Name=UserSid>S-1-5-18</Data>
</EventData>
</Event>
ElfRec#000065 (0x00008db8)	2026-01-14T21:32:59.3857029Z	size=440
<Event xmlns=http://schemas.microsoft.com/win/2004/08/events/event><System><Provider Name=Microsoft-Windows-HttpService Guid={dd5ef90a-6398-47a4-ad34-4dcecdef795f}/>
<EventID Qualifiers=(null)>112</EventID>
<Version>0</Version>
<Level>4</Level>
<Task>3</Task>
<Opcode>121</Opcode>
<Keywords>0x4000000000000001</Keywords>
<TimeCreated SystemTime=2026-01-14T21:32:59.385702900Z/>
<EventRecordID>65</EventRecordID>
<Correlation ActivityID=(null) RelatedActivityID=(null)/>
<Execution ProcessID=4 ThreadID=120/>
<Channel>System</Channel>
<Computer>WIN-S8AG37SE2O9</Computer>
<Security UserID=S-1-5-18/>
</System>
<EventData><Data Name=Url>http://+:80/116B50EB-ECE2-41ac-8429-9F9E963361B7/</Data>
<Data Name=ReserveStatus>0</Data>
<Data Name=ProcessId>4</Data>
<Data Name=ExecutablePath></Data>
<Data Name=UserSid>S-1-5-18</Data>
</EventData>
</Event>
ElfRec#000066 (0x00008f70)	2026-01-14T21:32:59.3857055Z	size=384
<Event xmlns=http://schemas.microsoft.com/win/2004/08/events/event><System><Provider Name=Microsoft-Windows-HttpService Guid={dd5ef90a-6398-47a4-ad34-4dcecdef795f}/>
<EventID Qualifiers=(null)>112</EventID>
<Version>0</Version>
<Level>4</Level>
<Task>3</Task>
<Opcode>121</Opcode>
<Keywords>0x4000000000000001</Keywords>
<TimeCreated SystemTime=2026-01-14T21:32:59.385705500Z/>
<EventRecordID>66</EventRecordID>
<Correlation ActivityID=(null) RelatedActivityID=(null)/>
<Execution ProcessID=4 ThreadID=120/>
<Channel>System</Channel>
<Computer>WIN-S8AG37SE2O9</Computer>
<Security UserID=S-1-5-18/>
</System>
<EventData><Data Name=Url>http://+:10247/apps/</Data>
<Data Name=ReserveStatus>0</Data>
<Data Name=ProcessId>4</Data>
<Data Name=ExecutablePath></Data>
<Data Name=UserSid>S-1-5-18</Data>
</EventData>
</Event>
ElfRec#000067 (0x000090f0)	2026-01-14T21:32:59.3857169Z	size=392
<Event xmlns=http://schemas.microsoft.com/win/2004/08/events/event><System><Provider Name=Microsoft-Windows-HttpService Guid={dd5ef90a-6398-47a4-ad34-4dcecdef795f}/>
<EventID Qualifiers=(null)>112</EventID>
<Version>0</Version>
<Level>4</Level>
<Task>3</Task>
<Opcode>121</Opcode>
<Keywords>0x4000000000000001</Keywords>
<TimeCreated SystemTime=2026-01-14T21:32:59.385716900Z/>
<EventRecordID>67</EventRecordID>
<Correlation ActivityID=(null) RelatedActivityID=(null)/>
<Execution ProcessID=4 ThreadID=120/>
<Channel>System</Channel>
<Computer>WIN-S8AG37SE2O9</Computer>
<Security UserID=S-1-5-18/>
</System>
<EventData><Data Name=Url>https://+:10245/WMPNSSv4/</Data>
<Data Name=ReserveStatus>0</Data>
<Data Name=ProcessId>4</Data>
<Data Name=ExecutablePath></Data>
<Data Name=UserSid>S-1-5-18</Data>
</EventData>
</Event>
ElfRec#000068 (0x00009278)	2026-01-14T21:32:59.3857191Z	size=392
<Event xmlns=http://schemas.microsoft.com/win/2004/08/events/event><System><Provider Name=Microsoft-Windows-HttpService Guid={dd5ef90a-6398-47a4-ad34-4dcecdef795f}/>
<EventID Qualifiers=(null)>112</EventID>
<Version>0</Version>
<Level>4</Level>
<Task>3</Task>
<Opcode>121</Opcode>
<Keywords>0x4000000000000001</Keywords>
<TimeCreated SystemTime=2026-01-14T21:32:59.385719100Z/>
<EventRecordID>68</EventRecordID>
<Correlation ActivityID=(null) RelatedActivityID=(null)/>
<Execution ProcessID=4 ThreadID=120/>
<Channel>System</Channel>
<Computer>WIN-S8AG37SE2O9</Computer>
<Security UserID=S-1-5-18/>
</System>
<EventData><Data Name=Url>http://+:10243/WMPNSSv4/</Data>
<Data Name=ReserveStatus>0</Data>
<Data Name=ProcessId>4</Data>
<Data Name=ExecutablePath></Data>
<Data Name=UserSid>S-1-5-18</Data>
</EventData>
</Event>
ElfRec#000069 (0x00009400)	2026-01-14T21:32:59.3857215Z	size=392
<Event xmlns=http://schemas.microsoft.com/win/2004/08/events/event><System><Provider Name=Microsoft-Windows-HttpService Guid={dd5ef90a-6398-47a4-ad34-4dcecdef795f}/>
<EventID Qualifiers=(null)>112</EventID>
<Version>0</Version>
<Level>4</Level>
<Task>3</Task>
<Opcode>121</Opcode>
<Keywords>0x4000000000000001</Keywords>
<TimeCreated SystemTime=2026-01-14T21:32:59.385721500Z/>
<EventRecordID>69</EventRecordID>
<Correlation ActivityID=(null) RelatedActivityID=(null)/>
<Execution ProcessID=4 ThreadID=120/>
<Channel>System</Channel>
<Computer>WIN-S8AG37SE2O9</Computer>
<Security UserID=S-1-5-18/>
</System>
<EventData><Data Name=Url>http://+:10246/MDEServer/</Data>
<Data Name=ReserveStatus>0</Data>
<Data Name=ProcessId>4</Data>
<Data Name=ExecutablePath></Data>
<Data Name=UserSid>S-1-5-18</Data>
</EventData>
</Event>
ElfRec#000070 (0x00009588)	2026-01-14T21:33:12.1683052Z	size=776
<Event xmlns=http://schemas.microsoft.com/win/2004/08/events/event><System><Provider Name=Workstation/>
<EventID Qualifiers=0>3261</EventID>
<Version>0</Version>
<Level>4</Level>
<Task>0</Task>
<Opcode>0</Opcode>
<Keywords>0x0080000000000000</Keywords>
<TimeCreated SystemTime=2026-01-14T21:33:12.168305200Z/>
<EventRecordID>70</EventRecordID>
<Correlation ActivityID=(null) RelatedActivityID=(null)/>
<Execution ProcessID=3040 ThreadID=0/>
<Channel>System</Channel>
<Computer>WIN-S8AG37SE2O9</Computer>
<Security UserID=(null)/>
</System>
<EventData><Data>[Unknown Type 0x81, size 20]</Data>
<Binary>(null)</Binary>
</EventData>
</Event>
ElfRec#000071 (0x00009890)	2026-01-14T21:33:12.0731048Z	size=312
<Event xmlns=http://schemas.microsoft.com/win/2004/08/events/event><System><Provider Name=Service Control Manager Guid={555908d1-a6d7-4695-8e1e-26931d2012f4} EventSourceName=Service Control Manager/>
<EventID Qualifiers=49152>7026</EventID>
<Version>0</Version>
<Level>4</Level>
<Task>0</Task>
<Opcode>0</Opcode>
<Keywords>0x8080000000000000</Keywords>
<TimeCreated SystemTime=2026-01-14T21:33:12.073104800Z/>
<EventRecordID>71</EventRecordID>
<Correlation ActivityID=(null) RelatedActivityID=(null)/>
<Execution ProcessID=784 ThreadID=788/>
<Channel>System</Channel>
<Computer>WIN-S8AG37SE2O9</Computer>
<Security UserID=(null)/>
</System>
<EventData><Data Name=param1>
CSC
dam
uiomap</Data>
</EventData>
</Event>
ElfRec#000072 (0x000099c8)	2026-01-14T21:33:12.0743716Z	size=448
<Event xmlns=http://schemas.microsoft.com/win/2004/08/events/event><System><Provider Name=TPM Guid={1b6b0772-251b-4d42-917d-faca166bc059}/>
<EventID Qualifiers=(null)>18</EventID>
<Version>0</Version>
<Level>4</Level>
<Task>0</Task>
<Opcode>0</Opcode>
<Keywords>0x8000000000000000</Keywords>
<TimeCreated SystemTime=2026-01-14T21:33:12.074371600Z/>
<EventRecordID>72</EventRecordID>
<Correlation ActivityID=(null) RelatedActivityID=(null)/>
<Execution ProcessID=4 ThreadID=280/>
<Channel>System</Channel>
<Computer>WIN-S8AG37SE2O9</Computer>
<Security UserID=S-1-5-18/>
</System>
<EventData><Data Name=driverFile>[Unknown Type 0x14, size 4]</Data>
<Data Name=lineNumber>217</Data>
<Data Name=Data>0</Data>
</EventData>
</Event>
ElfRec#000073 (0x00009b88)	2026-01-14T21:33:12.2076872Z	size=728
<Event xmlns=http://schemas.microsoft.com/win/2004/08/events/event><System><Provider Name=Service Control Manager Guid={555908d1-a6d7-4695-8e1e-26931d2012f4} EventSourceName=Service Control Manager/>
<EventID Qualifiers=16384>7045</EventID>
<Version>0</Version>
<Level>4</Level>
<Task>0</Task>
<Opcode>0</Opcode>
<Keywords>0x8080000000000000</Keywords>
<TimeCreated SystemTime=2026-01-14T21:33:12.207687200Z/>
<EventRecordID>73</EventRecordID>
<Correlation ActivityID=(null) RelatedActivityID=(null)/>
<Execution ProcessID=784 ThreadID=4472/>
<Channel>System</Channel>
<Computer>WIN-S8AG37SE2O9</Computer>
<Security UserID=S-1-5-18/>
</System>
<EventData><Data Name=ServiceName>Microsoft Kernel Debug Network Miniport</Data>
<Data Name=ImagePath>\SystemRoot\System32\drivers\kdnic.sys</Data>
<Data Name=ServiceType>kernel mode driver</Data>
<Data Name=StartType>demand start</Data>
<Data Name=AccountName>[Empty]</Data>
</EventData>
</Event>
ElfRec#000074 (0x00009e60)	2026-01-14T21:33:12.2848207Z	size=408
<Event xmlns=http://schemas.microsoft.com/win/2004/08/events/event><System><Provider Name=Service Control Manager Guid={555908d1-a6d7-4695-8e1e-26931d2012f4} EventSourceName=Service Control Manager/>
<EventID Qualifiers=16384>7045</EventID>
<Version>0</Version>
<Level>4</Level>
<Task>0</Task>
<Opcode>0</Opcode>
<Keywords>0x8080000000000000</Keywords>
<TimeCreated SystemTime=2026-01-14T21:33:12.284820700Z/>
<EventRecordID>74</EventRecordID>
<Correlation ActivityID=(null) RelatedActivityID=(null)/>
<Execution ProcessID=784 ThreadID=4148/>
<Channel>System</Channel>
<Computer>WIN-S8AG37SE2O9</Computer>
<Security UserID=S-1-5-18/>
</System>
<EventData><Data Name=ServiceName>USB Video Device (WDM)</Data>
<Data Name=ImagePath>\SystemRoot\System32\Drivers\usbvideo.sys</Data>
<Data Name=ServiceType>kernel mode driver</Data>
<Data Name=StartType>demand start</Data>
<Data Name=AccountName>[Empty]</Data>
</EventData>
</Event>
ElfRec#000075 (0x00009ff8)	2026-01-14T21:33:12.5490442Z	size=440
<Event xmlns=http://schemas.microsoft.com/win/2004/08/events/event><System><Provider Name=Service Control Manager Guid={555908d1-a6d7-4695-8e1e-26931d2012f4} EventSourceName=Service Control Manager/>
<EventID Qualifiers=16384>7045</EventID>
<Version>0</Version>
<Level>4</Level>
<Task>0</Task>
<Opcode>0</Opcode>
<Keywords>0x8080000000000000</Keywords>
<TimeCreated SystemTime=2026-01-14T21:33:12.549044200Z/>
<EventRecordID>75</EventRecordID>
<Correlation ActivityID=(null) RelatedActivityID=(null)/>
<Execution ProcessID=784 ThreadID=4620/>
<Channel>System</Channel>
<Computer>WIN-S8AG37SE2O9</Computer>
<Security UserID=S-1-5-18/>
</System>
<EventData><Data Name=ServiceName>vmxnet3 NDIS 6 Ethernet Adapter Driver</Data>
<Data Name=ImagePath>\SystemRoot\System32\drivers\vmxnet3.sys</Data>
<Data Name=ServiceType>kernel mode driver</Data>
<Data Name=StartType>demand start</Data>
<Data Name=AccountName>[Empty]</Data>
</EventData>
</Event>
ElfRec#000076 (0x0000a1b0)	2026-01-14T21:33:13.8668116Z	size=648
<Event xmlns=http://schemas.microsoft.com/win/2004/08/events/event><System><Provider Name=Microsoft-Windows-Kernel-General Guid={a68ca8b7-004f-d7b6-a698-07e2de0f1f5d}/>
<EventID Qualifiers=(null)>16</EventID>
<Version>0</Version>
<Level>4</Level>
<Task>0</Task>
<Opcode>0</Opcode>
<Keywords>0x8000000000000000</Keywords>
<TimeCreated SystemTime=2026-01-14T21:33:13.866811600Z/>
<EventRecordID>76</EventRecordID>
<Correlation ActivityID=(null) RelatedActivityID=(null)/>
<Execution ProcessID=2652 ThreadID=800/>
<Channel>System</Channel>
<Computer>WIN-S8AG37SE2O9</Computer>
<Security UserID=S-1-5-18/>
</System>
<EventData><Data Name=HiveNameLength>162</Data>
<Data Name=HiveName>\??\C:\ProgramData\Microsoft\Windows\AppRepository\Packages\1527c705-839a-4832-9118-54d4Bd6a0c89_10.0.19640.1000_neutral_neutral_cw5n1h2txyewy\ActivationStore.dat</Data>
<Data Name=KeysUpdated>0</Data>
<Data Name=DirtyPages>0</Data>
</EventData>
</Event>
ElfRec#000077 (0x0000a438)	2026-01-14T21:33:14.0286684Z	size=640
<Event xmlns=http://schemas.microsoft.com/win/2004/08/events/event><System><Provider Name=Microsoft-Windows-Kernel-General Guid={a68ca8b7-004f-d7b6-a698-07e2de0f1f5d}/>
<EventID Qualifiers=(null)>16</EventID>
<Version>0</Version>
<Level>4</Level>
<Task>0</Task>
<Opcode>0</Opcode>
<Keywords>0x8000000000000000</Keywords>
<TimeCreated SystemTime=2026-01-14T21:33:14.028668400Z/>
<EventRecordID>77</EventRecordID>
<Correlation ActivityID=(null) RelatedActivityID=(null)/>
<Execution ProcessID=2652 ThreadID=800/>
<Channel>System</Channel>
<Computer>WIN-S8AG37SE2O9</Computer>
<Security UserID=S-1-5-18/>
</System>
<EventData><Data Name=HiveNameLength>159</Data>
<Data Name=HiveName>\??\C:\ProgramData\Microsoft\Windows\AppRepository\Packages\c5e2524a-ea46-4f67-841f-6a9465d9d515_10.0.26100.1_neutral_neutral_cw5n1h2txyewy\ActivationStore.dat</Data>
<Data Name=KeysUpdated>0</Data>
<Data Name=DirtyPages>0</Data>
</EventData>
</Event>
ElfRec#000078 (0x0000a6b8)	2026-01-14T21:33:14.1920773Z	size=648
<Event xmlns=http://schemas.microsoft.com/win/2004/08/events/event><System><Provider Name=Microsoft-Windows-Kernel-General Guid={a68ca8b7-004f-d7b6-a698-07e2de0f1f5d}/>
<EventID Qualifiers=(null)>16</EventID>
<Version>0</Version>
<Level>4</Level>
<Task>0</Task>
<Opcode>0</Opcode>
<Keywords>0x8000000000000000</Keywords>
<TimeCreated SystemTime=2026-01-14T21:33:14.192077300Z/>
<EventRecordID>78</EventRecordID>
<Correlation ActivityID=(null) RelatedActivityID=(null)/>
<Execution ProcessID=2652 ThreadID=800/>
<Channel>System</Channel>
<Computer>WIN-S8AG37SE2O9</Computer>
<Security UserID=S-1-5-18/>
</System>
<EventData><Data Name=HiveNameLength>162</Data>
<Data Name=HiveName>\??\C:\ProgramData\Microsoft\Windows\AppRepository\Packages\E2A4F912-2574-4A75-9BB0-0D023378592B_10.0.19640.1000_neutral_neutral_cw5n1h2txyewy\ActivationStore.dat</Data>
<Data Name=KeysUpdated>0</Data>
<Data Name=DirtyPages>0</Data>
</EventData>
</Event>
ElfRec#000079 (0x0000a940)	2026-01-14T21:33:14.2399140Z	size=608
<Event xmlns=http://schemas.microsoft.com/win/2004/08/events/event><System><Provider Name=Service Control Manager Guid={555908d1-a6d7-4695-8e1e-26931d2012f4} EventSourceName=Service Control Manager/>
<EventID Qualifiers=16384>7045</EventID>
<Version>0</Version>
<Level>4</Level>
<Task>0</Task>
<Opcode>0</Opcode>
<Keywords>0x8080000000000000</Keywords>
<TimeCreated SystemTime=2026-01-14T21:33:14.239914000Z/>
<EventRecordID>79</EventRecordID>
<Correlation ActivityID=(null) RelatedActivityID=(null)/>
<Execution ProcessID=784 ThreadID=4472/>
<Channel>System</Channel>
<Computer>WIN-S8AG37SE2O9</Computer>
<Security UserID=S-1-5-18/>
</System>
<EventData><Data Name=ServiceName>Microsoft Edge Elevation Service (MicrosoftEdgeElevationService)</Data>
<Data Name=ImagePath>"C:\Program Files (x86)\Microsoft\Edge\Application\137.0.3296.68\elevation_service.exe"</Data>
<Data Name=ServiceType>user mode service</Data>
<Data Name=StartType>demand start</Data>
<Data Name=AccountName>LocalSystem</Data>
</EventData>
</Event>
ElfRec#000080 (0x0000aba0)	2026-01-14T21:33:14.3381573Z	size=640
<Event xmlns=http://schemas.microsoft.com/win/2004/08/events/event><System><Provider Name=Microsoft-Windows-Kernel-General Guid={a68ca8b7-004f-d7b6-a698-07e2de0f1f5d}/>
<EventID Qualifiers=(null)>16</EventID>
<Version>0</Version>
<Level>4</Level>
<Task>0</Task>
<Opcode>0</Opcode>
<Keywords>0x8000000000000000</Keywords>
<TimeCreated SystemTime=2026-01-14T21:33:14.338157300Z/>
<EventRecordID>80</EventRecordID>
<Correlation ActivityID=(null) RelatedActivityID=(null)/>
<Execution ProcessID=2652 ThreadID=800/>
<Channel>System</Channel>
<Computer>WIN-S8AG37SE2O9</Computer>
<Security UserID=S-1-5-18/>
</System>
<EventData><Data Name=HiveNameLength>159</Data>
<Data Name=HiveName>\??\C:\ProgramData\Microsoft\Windows\AppRepository\Packages\F46D4000-FD22-4DB4-AC8E-4E1DDDE828FE_10.0.26100.1_neutral_neutral_cw5n1h2txyewy\ActivationStore.dat</Data>
<Data Name=KeysUpdated>0</Data>
<Data Name=DirtyPages>0</Data>
</EventData>
</Event>
ElfRec#000081 (0x0000ae20)	2026-01-14T21:33:14.5759279Z	size=632
<Event xmlns=http://schemas.microsoft.com/win/2004/08/events/event><System><Provider Name=Microsoft-Windows-Kernel-General Guid={a68ca8b7-004f-d7b6-a698-07e2de0f1f5d}/>
<EventID Qualifiers=(null)>16</EventID>
<Version>0</Version>
<Level>4</Level>
<Task>0</Task>
<Opcode>0</Opcode>
<Keywords>0x8000000000000000</Keywords>
<TimeCreated SystemTime=2026-01-14T21:33:14.575927900Z/>
<EventRecordID>81</EventRecordID>
<Correlation ActivityID=(null) RelatedActivityID=(null)/>
<Execution ProcessID=2652 ThreadID=800/>
<Channel>System</Channel>
<Computer>WIN-S8AG37SE2O9</Computer>
<Security UserID=S-1-5-18/>
</System>
<EventData><Data Name=HiveNameLength>154</Data>
<Data Name=HiveName>\??\C:\ProgramData\Microsoft\Windows\AppRepository\Packages\Microsoft.AAD.BrokerPlugin_1000.19580.1000.2_neutral_neutral_cw5n1h2txyewy\ActivationStore.dat</Data>
<Data Name=KeysUpdated>0</Data>
<Data Name=DirtyPages>0</Data>
</EventData>
</Event>
ElfRec#000082 (0x0000b098)	2026-01-14T21:33:14.7254522Z	size=608
<Event xmlns=http://schemas.microsoft.com/win/2004/08/events/event><System><Provider Name=Microsoft-Windows-Kernel-General Guid={a68ca8b7-004f-d7b6-a698-07e2de0f1f5d}/>
<EventID Qualifiers=(null)>16</EventID>
<Version>0</Version>
<Level>4</Level>
<Task>0</Task>
<Opcode>0</Opcode>
<Keywords>0x8000000000000000</Keywords>
<TimeCreated SystemTime=2026-01-14T21:33:14.725452200Z/>
<EventRecordID>82</EventRecordID>
<Correlation ActivityID=(null) RelatedActivityID=(null)/>
<Execution ProcessID=2652 ThreadID=800/>
<Channel>System</Channel>
<Computer>WIN-S8AG37SE2O9</Computer>
<Security UserID=S-1-5-18/>
</System>
<EventData><Data Name=HiveNameLength>141</Data>
<Data Name=HiveName>\??\C:\ProgramData\Microsoft\Windows\AppRepository\Packages\Microsoft.AccountsControl_10.0.26100.1_neutral__cw5n1h2txyewy\ActivationStore.dat</Data>
<Data Name=KeysUpdated>0</Data>
<Data Name=DirtyPages>0</Data>
</EventData>
</Event>
ElfRec#000083 (0x0000b2f8)	2026-01-14T21:33:14.8705239Z	size=608
<Event xmlns=http://schemas.microsoft.com/win/2004/08/events/event><System><Provider Name=Microsoft-Windows-Kernel-General Guid={a68ca8b7-004f-d7b6-a698-07e2de0f1f5d}/>
<EventID Qualifiers=(null)>16</EventID>
<Version>0</Version>
<Level>4</Level>
<Task>0</Task>
<Opcode>0</Opcode>
<Keywords>0x8000000000000000</Keywords>
<TimeCreated SystemTime=2026-01-14T21:33:14.870523900Z/>
<EventRecordID>83</EventRecordID>
<Correlation ActivityID=(null) RelatedActivityID=(null)/>
<Execution ProcessID=2652 ThreadID=800/>
<Channel>System</Channel>
<Computer>WIN-S8AG37SE2O9</Computer>
<Security UserID=S-1-5-18/>
</System>
<EventData><Data Name=HiveNameLength>142</Data>
<Data Name=HiveName>\??\C:\ProgramData\Microsoft\Windows\AppRepository\Packages\Microsoft.AsyncTextService_10.0.26100.1_neutral__8wekyb3d8bbwe\ActivationStore.dat</Data>
<Data Name=KeysUpdated>0</Data>
<Data Name=DirtyPages>0</Data>
</EventData>
</Event>
ElfRec#000084 (0x0000b558)	2026-01-14T21:33:14.9885193Z	size=608
<Event xmlns=http://schemas.microsoft.com/win/2004/08/events/event><System><Provider Name=Microsoft-Windows-Kernel-General Guid={a68ca8b7-004f-d7b6-a698-07e2de0f1f5d}/>
<EventID Qualifiers=(null)>16</EventID>
<Version>0</Version>
<Level>4</Level>
<Task>0</Task>
<Opcode>0</Opcode>
<Keywords>0x8000000000000000</Keywords>
<TimeCreated SystemTime=2026-01-14T21:33:14.988519300Z/>
<EventRecordID>84</EventRecordID>
<Correlation ActivityID=(null) RelatedActivityID=(null)/>
<Execution ProcessID=2652 ThreadID=800/>
<Channel>System</Channel>
<Computer>WIN-S8AG37SE2O9</Computer>
<Security UserID=S-1-5-18/>
</System>
<EventData><Data Name=HiveNameLength>142</Data>
<Data Name=HiveName>\??\C:\ProgramData\Microsoft\Windows\AppRepository\Packages\Microsoft.BioEnrollment_10.0.19587.1000_neutral__cw5n1h2txyewy\ActivationStore.dat</Data>
<Data Name=KeysUpdated>0</Data>
<Data Name=DirtyPages>0</Data>
</EventData>
</Event>
ElfRec#000085 (0x0000b7b8)	2026-01-14T21:33:15.1229316Z	size=608
<Event xmlns=http://schemas.microsoft.com/win/2004/08/events/event><System><Provider Name=Microsoft-Windows-Kernel-General Guid={a68ca8b7-004f-d7b6-a698-07e2de0f1f5d}/>
<EventID Qualifiers=(null)>16</EventID>
<Version>0</Version>
<Level>4</Level>
<Task>0</Task>
<Opcode>0</Opcode>
<Keywords>0x8000000000000000</Keywords>
<TimeCreated SystemTime=2026-01-14T21:33:15.122931600Z/>
<EventRecordID>85</EventRecordID>
<Correlation ActivityID=(null) RelatedActivityID=(null)/>
<Execution ProcessID=2652 ThreadID=800/>
<Channel>System</Channel>
<Computer>WIN-S8AG37SE2O9</Computer>
<Security UserID=S-1-5-18/>
</System>
<EventData><Data Name=HiveNameLength>143</Data>
<Data Name=HiveName>\??\C:\ProgramData\Microsoft\Windows\AppRepository\Packages\Microsoft.CredDialogHost_10.0.19595.1001_neutral__cw5n1h2txyewy\ActivationStore.dat</Data>
<Data Name=KeysUpdated>0</Data>
<Data Name=DirtyPages>0</Data>
</EventData>
</Event>
ElfRec#000086 (0x0000ba18)	2026-01-14T21:33:15.2408875Z	size=592
<Event xmlns=http://schemas.microsoft.com/win/2004/08/events/event><System><Provider Name=Microsoft-Windows-Kernel-General Guid={a68ca8b7-004f-d7b6-a698-07e2de0f1f5d}/>
<EventID Qualifiers=(null)>16</EventID>
<Version>0</Version>
<Level>4</Level>
<Task>0</Task>
<Opcode>0</Opcode>
<Keywords>0x8000000000000000</Keywords>
<TimeCreated SystemTime=2026-01-14T21:33:15.240887500Z/>
<EventRecordID>86</EventRecordID>
<Correlation ActivityID=(null) RelatedActivityID=(null)/>
<Execution ProcessID=2652 ThreadID=800/>
<Channel>System</Channel>
<Computer>WIN-S8AG37SE2O9</Computer>
<Security UserID=S-1-5-18/>
</System>
<EventData><Data Name=HiveNameLength>134</Data>
<Data Name=HiveName>\??\C:\ProgramData\Microsoft\Windows\AppRepository\Packages\Microsoft.ECApp_10.0.26100.4061_neutral__8wekyb3d8bbwe\ActivationStore.dat</Data>
<Data Name=KeysUpdated>0</Data>
<Data Name=DirtyPages>0</Data>
</EventData>
</Event>
ElfRec#000087 (0x0000bc68)	2026-01-14T21:33:15.3656081Z	size=600
<Event xmlns=http://schemas.microsoft.com/win/2004/08/events/event><System><Provider Name=Microsoft-Windows-Kernel-General Guid={a68ca8b7-004f-d7b6-a698-07e2de0f1f5d}/>
<EventID Qualifiers=(null)>16</EventID>
<Version>0</Version>
<Level>4</Level>
<Task>0</Task>
<Opcode>0</Opcode>
<Keywords>0x8000000000000000</Keywords>
<TimeCreated SystemTime=2026-01-14T21:33:15.365608100Z/>
<EventRecordID>87</EventRecordID>
<Correlation ActivityID=(null) RelatedActivityID=(null)/>
<Execution ProcessID=2652 ThreadID=800/>
<Channel>System</Channel>
<Computer>WIN-S8AG37SE2O9</Computer>
<Security UserID=S-1-5-18/>
</System>
<EventData><Data Name=HiveNameLength>136</Data>
<Data Name=HiveName>\??\C:\ProgramData\Microsoft\Windows\AppRepository\Packages\Microsoft.LockApp_10.0.26100.4202_neutral__cw5n1h2txyewy\ActivationStore.dat</Data>
<Data Name=KeysUpdated>0</Data>
<Data Name=DirtyPages>0</Data>
</EventData>
</Event>
ElfRec#000088 (0x0000bec0)	2026-01-14T21:33:15.5765961Z	size=600
<Event xmlns=http://schemas.microsoft.com/win/2004/08/events/event><System><Provider Name=Microsoft-Windows-Kernel-General Guid={a68ca8b7-004f-d7b6-a698-07e2de0f1f5d}/>
<EventID Qualifiers=(null)>16</EventID>
<Version>0</Version>
<Level>4</Level>
<Task>0</Task>
<Opcode>0</Opcode>
<Keywords>0x8000000000000000</Keywords>
<TimeCreated SystemTime=2026-01-14T21:33:15.576596100Z/>
<EventRecordID>88</EventRecordID>
<Correlation ActivityID=(null) RelatedActivityID=(null)/>
<Execution ProcessID=2652 ThreadID=800/>
<Channel>System</Channel>
<Computer>WIN-S8AG37SE2O9</Computer>
<Security UserID=S-1-5-18/>
</System>
<EventData><Data Name=HiveNameLength>137</Data>
<Data Name=HiveName>\??\C:\ProgramData\Microsoft\Windows\AppRepository\Packages\Microsoft.UI.Xaml.CBS_9.2311.10002.0_arm64__8wekyb3d8bbwe\ActivationStore.dat</Data>
<Data Name=KeysUpdated>0</Data>
<Data Name=DirtyPages>0</Data>
</EventData>
</Event>
ElfRec#000089 (0x0000c118)	2026-01-14T21:33:15.7010829Z	size=440
<Event xmlns=http://schemas.microsoft.com/win/2004/08/events/event><System><Provider Name=Microsoft-Windows-TPM-WMI Guid={7d5387b0-cbe0-11da-a94d-0800200c9a66}/>
<EventID Qualifiers=(null)>519</EventID>
<Version>0</Version>
<Level>4</Level>
<Task>0</Task>
<Opcode>0</Opcode>
<Keywords>0x8000000000000000</Keywords>
<TimeCreated SystemTime=2026-01-14T21:33:15.701082900Z/>
<EventRecordID>89</EventRecordID>
<Correlation ActivityID=(null) RelatedActivityID=(null)/>
<Execution ProcessID=4164 ThreadID=3860/>
<Channel>System</Channel>
<Computer>WIN-S8AG37SE2O9</Computer>
<Security UserID=S-1-5-18/>
</System>
<EventData><Data Name=ClearReason>SRK Pub not present or empty.</Data>
</EventData>
</Event>
ElfRec#000090 (0x0000c2d0)	2026-01-14T21:33:15.7106066Z	size=536
<Event xmlns=http://schemas.microsoft.com/win/2004/08/events/event><System><Provider Name=TPM Guid={1b6b0772-251b-4d42-917d-faca166bc059}/>
<EventID Qualifiers=(null)>17</EventID>
<Version>0</Version>
<Level>4</Level>
<Task>0</Task>
<Opcode>0</Opcode>
<Keywords>0x8000000000000000</Keywords>
<TimeCreated SystemTime=2026-01-14T21:33:15.710606600Z/>
<EventRecordID>90</EventRecordID>
<Correlation ActivityID=(null) RelatedActivityID=(null)/>
<Execution ProcessID=4 ThreadID=276/>
<Channel>System</Channel>
<Computer>WIN-S8AG37SE2O9</Computer>
<Security UserID=S-1-5-18/>
</System>
<EventData><Data Name=driverFile>[Unknown Type 0x14, size 4]</Data>
<Data Name=lineNumber>1497</Data>
<Data Name=TpmCommandOrdinal>298</Data>
<Data Name=TpmResponseCode>332</Data>
</EventData>
</Event>
ElfRec#000091 (0x0000c4e8)	2026-01-14T21:33:15.7144248Z	size=624
<Event xmlns=http://schemas.microsoft.com/win/2004/08/events/event><System><Provider Name=Microsoft-Windows-Kernel-General Guid={a68ca8b7-004f-d7b6-a698-07e2de0f1f5d}/>
<EventID Qualifiers=(null)>16</EventID>
<Version>0</Version>
<Level>4</Level>
<Task>0</Task>
<Opcode>0</Opcode>
<Keywords>0x8000000000000000</Keywords>
<TimeCreated SystemTime=2026-01-14T21:33:15.714424800Z/>
<EventRecordID>91</EventRecordID>
<Correlation ActivityID=(null) RelatedActivityID=(null)/>
<Execution ProcessID=2652 ThreadID=800/>
<Channel>System</Channel>
<Computer>WIN-S8AG37SE2O9</Computer>
<Security UserID=S-1-5-18/>
</System>
<EventData><Data Name=HiveNameLength>149</Data>
<Data Name=HiveName>\??\C:\ProgramData\Microsoft\Windows\AppRepository\Packages\Microsoft.Win32WebViewHost_10.0.26100.1_neutral_neutral_cw5n1h2txyewy\ActivationStore.dat</Data>
<Data Name=KeysUpdated>0</Data>
<Data Name=DirtyPages>0</Data>
</EventData>
</Event>
ElfRec#000092 (0x0000c758)	2026-01-14T21:33:15.7591677Z	size=288
<Event xmlns=http://schemas.microsoft.com/win/2004/08/events/event><System><Provider Name=Microsoft-Windows-TPM-WMI Guid={7d5387b0-cbe0-11da-a94d-0800200c9a66}/>
<EventID Qualifiers=(null)>1027</EventID>
<Version>0</Version>
<Level>4</Level>
<Task>0</Task>
<Opcode>0</Opcode>
<Keywords>0x8000000000000000</Keywords>
<TimeCreated SystemTime=2026-01-14T21:33:15.759167700Z/>
<EventRecordID>92</EventRecordID>
<Correlation ActivityID=(null) RelatedActivityID=(null)/>
<Execution ProcessID=4164 ThreadID=3860/>
<Channel>System</Channel>
<Computer>WIN-S8AG37SE2O9</Computer>
<Security UserID=S-1-5-18/>
</System>
<EventData></EventData>
</Event>
ElfRec#000093 (0x0000c878)	2026-01-14T21:33:15.8306412Z	size=640
<Event xmlns=http://schemas.microsoft.com/win/2004/08/events/event><System><Provider Name=Microsoft-Windows-Kernel-General Guid={a68ca8b7-004f-d7b6-a698-07e2de0f1f5d}/>
<EventID Qualifiers=(null)>16</EventID>
<Version>0</Version>
<Level>4</Level>
<Task>0</Task>
<Opcode>0</Opcode>
<Keywords>0x8000000000000000</Keywords>
<TimeCreated SystemTime=2026-01-14T21:33:15.830641200Z/>
<EventRecordID>93</EventRecordID>
<Correlation ActivityID=(null) RelatedActivityID=(null)/>
<Execution ProcessID=2652 ThreadID=800/>
<Channel>System</Channel>
<Computer>WIN-S8AG37SE2O9</Computer>
<Security UserID=S-1-5-18/>
</System>
<EventData><Data Name=HiveNameLength>159</Data>
<Data Name=HiveName>\??\C:\ProgramData\Microsoft\Windows\AppRepository\Packages\Microsoft.Windows.Apprep.ChxApp_1000.25128.1000.0_neutral_neutral_cw5n1h2txyewy\ActivationStore.dat</Data>
<Data Name=KeysUpdated>0</Data>
<Data Name=DirtyPages>0</Data>
</EventData>
</Event>
ElfRec#000094 (0x0000caf8)	2026-01-14T21:33:15.8755637Z	size=272
<Event xmlns=http://schemas.microsoft.com/win/2004/08/events/event><System><Provider Name=TPM Guid={1b6b0772-251b-4d42-917d-faca166bc059}/>
<EventID Qualifiers=(null)>17</EventID>
<Version>0</Version>
<Level>4</Level>
<Task>0</Task>
<Opcode>0</Opcode>
<Keywords>0x8000000000000000</Keywords>
<TimeCreated SystemTime=2026-01-14T21:33:15.875563700Z/>
<EventRecordID>94</EventRecordID>
<Correlation ActivityID=(null) RelatedActivityID=(null)/>
<Execution ProcessID=4 ThreadID=276/>
<Channel>System</Channel>
<Computer>WIN-S8AG37SE2O9</Computer>
<Security UserID=S-1-5-18/>
</System>
<EventData><Data Name=driverFile>[Unknown Type 0x14, size 4]</Data>
<Data Name=lineNumber>1497</Data>
<Data Name=TpmCommandOrdinal>371</Data>
<Data Name=TpmResponseCode>395</Data>
</EventData>
</Event>
ElfRec#000095 (0x0000cc08)	2026-01-14T21:33:15.9286873Z	size=272
<Event xmlns=http://schemas.microsoft.com/win/2004/08/events/event><System><Provider Name=TPM Guid={1b6b0772-251b-4d42-917d-faca166bc059}/>
<EventID Qualifiers=(null)>17</EventID>
<Version>0</Version>
<Level>4</Level>
<Task>0</Task>
<Opcode>0</Opcode>
<Keywords>0x8000000000000000</Keywords>
<TimeCreated SystemTime=2026-01-14T21:33:15.928687300Z/>
<EventRecordID>95</EventRecordID>
<Correlation ActivityID=(null) RelatedActivityID=(null)/>
<Execution ProcessID=4 ThreadID=276/>
<Channel>System</Channel>
<Computer>WIN-S8AG37SE2O9</Computer>
<Security UserID=S-1-5-18/>
</System>
<EventData><Data Name=driverFile>[Unknown Type 0x14, size 4]</Data>
<Data Name=lineNumber>1497</Data>
<Data Name=TpmCommandOrdinal>371</Data>
<Data Name=TpmResponseCode>395</Data>
</EventData>
</Event>
ElfRec#000096 (0x0000cd18)	2026-01-14T21:33:15.9505582Z	size=288
<Event xmlns=http://schemas.microsoft.com/win/2004/08/events/event><System><Provider Name=Microsoft-Windows-TPM-WMI Guid={7d5387b0-cbe0-11da-a94d-0800200c9a66}/>
<EventID Qualifiers=(null)>1282</EventID>
<Version>0</Version>
<Level>4</Level>
<Task>0</Task>
<Opcode>0</Opcode>
<Keywords>0x8000000000000000</Keywords>
<TimeCreated SystemTime=2026-01-14T21:33:15.950558200Z/>
<EventRecordID>96</EventRecordID>
<Correlation ActivityID=(null) RelatedActivityID=(null)/>
<Execution ProcessID=4164 ThreadID=3860/>
<Channel>System</Channel>
<Computer>WIN-S8AG37SE2O9</Computer>
<Security UserID=S-1-5-18/>
</System>
<EventData></EventData>
</Event>
ElfRec#000097 (0x0000ce38)	2026-01-14T21:33:15.9589747Z	size=656
<Event xmlns=http://schemas.microsoft.com/win/2004/08/events/event><System><Provider Name=Microsoft-Windows-Kernel-General Guid={a68ca8b7-004f-d7b6-a698-07e2de0f1f5d}/>
<EventID Qualifiers=(null)>16</EventID>
<Version>0</Version>
<Level>4</Level>
<Task>0</Task>
<Opcode>0</Opcode>
<Keywords>0x8000000000000000</Keywords>
<TimeCreated SystemTime=2026-01-14T21:33:15.958974700Z/>
<EventRecordID>97</EventRecordID>
<Correlation ActivityID=(null) RelatedActivityID=(null)/>
<Execution ProcessID=2652 ThreadID=800/>
<Channel>System</Channel>
<Computer>WIN-S8AG37SE2O9</Computer>
<Security UserID=S-1-5-18/>
</System>
<EventData><Data Name=HiveNameLength>167</Data>
<Data Name=HiveName>\??\C:\ProgramData\Microsoft\Windows\AppRepository\Packages\Microsoft.Windows.AssignedAccessLockApp_1000.25128.1000.0_neutral_neutral_cw5n1h2txyewy\ActivationStore.dat</Data>
<Data Name=KeysUpdated>0</Data>
<Data Name=DirtyPages>0</Data>
</EventData>
</Event>
ElfRec#000098 (0x0000d0c8)	2026-01-14T21:33:16.0703659Z	size=616
<Event xmlns=http://schemas.microsoft.com/win/2004/08/events/event><System><Provider Name=Microsoft-Windows-Kernel-General Guid={a68ca8b7-004f-d7b6-a698-07e2de0f1f5d}/>
<EventID Qualifiers=(null)>16</EventID>
<Version>0</Version>
<Level>4</Level>
<Task>0</Task>
<Opcode>0</Opcode>
<Keywords>0x8000000000000000</Keywords>
<TimeCreated SystemTime=2026-01-14T21:33:16.070365900Z/>
<EventRecordID>98</EventRecordID>
<Correlation ActivityID=(null) RelatedActivityID=(null)/>
<Execution ProcessID=2652 ThreadID=800/>
<Channel>System</Channel>
<Computer>WIN-S8AG37SE2O9</Computer>
<Security UserID=S-1-5-18/>
</System>
<EventData><Data Name=HiveNameLength>144</Data>
<Data Name=HiveName>\??\C:\ProgramData\Microsoft\Windows\AppRepository\Packages\Microsoft.Windows.AugLoop.CBS_1.1126.2131.0_arm64__8wekyb3d8bbwe\ActivationStore.dat</Data>
<Data Name=KeysUpdated>0</Data>
<Data Name=DirtyPages>0</Data>
</EventData>
</Event>
ElfRec#000099 (0x0000d330)	2026-01-14T21:33:16.2190118Z	size=624
<Event xmlns=http://schemas.microsoft.com/win/2004/08/events/event><System><Provider Name=Microsoft-Windows-Kernel-General Guid={a68ca8b7-004f-d7b6-a698-07e2de0f1f5d}/>
<EventID Qualifiers=(null)>16</EventID>
<Version>0</Version>
<Level>4</Level>
<Task>0</Task>
<Opcode>0</Opcode>
<Keywords>0x8000000000000000</Keywords>
<TimeCreated SystemTime=2026-01-14T21:33:16.219011800Z/>
<EventRecordID>99</EventRecordID>
<Correlation ActivityID=(null) RelatedActivityID=(null)/>
<Execution ProcessID=2652 ThreadID=800/>
<Channel>System</Channel>
<Computer>WIN-S8AG37SE2O9</Computer>
<Security UserID=S-1-5-18/>
</System>
<EventData><Data Name=HiveNameLength>150</Data>
<Data Name=HiveName>\??\C:\ProgramData\Microsoft\Windows\AppRepository\Packages\Microsoft.Windows.CapturePicker_10.0.19580.1000_neutral__cw5n1h2txyewy\ActivationStore.dat</Data>
<Data Name=KeysUpdated>0</Data>
<Data Name=DirtyPages>0</Data>
</EventData>
</Event>
ElfRec#000100 (0x0000d5a0)	2026-01-14T21:33:16.3958461Z	size=648
<Event xmlns=http://schemas.microsoft.com/win/2004/08/events/event><System><Provider Name=Microsoft-Windows-Kernel-General Guid={a68ca8b7-004f-d7b6-a698-07e2de0f1f5d}/>
<EventID Qualifiers=(null)>16</EventID>
<Version>0</Version>
<Level>4</Level>
<Task>0</Task>
<Opcode>0</Opcode>
<Keywords>0x8000000000000000</Keywords>
<TimeCreated SystemTime=2026-01-14T21:33:16.395846100Z/>
<EventRecordID>100</EventRecordID>
<Correlation ActivityID=(null) RelatedActivityID=(null)/>
<Execution ProcessID=2652 ThreadID=800/>
<Channel>System</Channel>
<Computer>WIN-S8AG37SE2O9</Computer>
<Security UserID=S-1-5-18/>
</System>
<EventData><Data Name=HiveNameLength>160</Data>
<Data Name=HiveName>\??\C:\ProgramData\Microsoft\Windows\AppRepository\Packages\Microsoft.Windows.CloudExperienceHost_10.0.26100.1_neutral_neutral_cw5n1h2txyewy\ActivationStore.dat</Data>
<Data Name=KeysUpdated>0</Data>
<Data Name=DirtyPages>0</Data>
</EventData>
</Event>
ElfRec#000101 (0x0000d828)	2026-01-14T21:33:16.5326231Z	size=648
<Event xmlns=http://schemas.microsoft.com/win/2004/08/events/event><System><Provider Name=Microsoft-Windows-Kernel-General Guid={a68ca8b7-004f-d7b6-a698-07e2de0f1f5d}/>
<EventID Qualifiers=(null)>16</EventID>
<Version>0</Version>
<Level>4</Level>
<Task>0</Task>
<Opcode>0</Opcode>
<Keywords>0x8000000000000000</Keywords>
<TimeCreated SystemTime=2026-01-14T21:33:16.532623100Z/>
<EventRecordID>101</EventRecordID>
<Correlation ActivityID=(null) RelatedActivityID=(null)/>
<Execution ProcessID=2652 ThreadID=800/>
<Channel>System</Channel>
<Computer>WIN-S8AG37SE2O9</Computer>
<Security UserID=S-1-5-18/>
</System>
<EventData><Data Name=HiveNameLength>163</Data>
<Data Name=HiveName>\??\C:\ProgramData\Microsoft\Windows\AppRepository\Packages\Microsoft.Windows.ContentDeliveryManager_10.0.26100.1_neutral_neutral_cw5n1h2txyewy\ActivationStore.dat</Data>
<Data Name=KeysUpdated>0</Data>
<Data Name=DirtyPages>0</Data>
</EventData>
</Event>
ElfRec#000102 (0x0000dab0)	2026-01-14T21:33:16.6783970Z	size=640
<Event xmlns=http://schemas.microsoft.com/win/2004/08/events/event><System><Provider Name=Microsoft-Windows-Kernel-General Guid={a68ca8b7-004f-d7b6-a698-07e2de0f1f5d}/>
<EventID Qualifiers=(null)>16</EventID>
<Version>0</Version>
<Level>4</Level>
<Task>0</Task>
<Opcode>0</Opcode>
<Keywords>0x8000000000000000</Keywords>
<TimeCreated SystemTime=2026-01-14T21:33:16.678397000Z/>
<EventRecordID>102</EventRecordID>
<Correlation ActivityID=(null) RelatedActivityID=(null)/>
<Execution ProcessID=2652 ThreadID=800/>
<Channel>System</Channel>
<Computer>WIN-S8AG37SE2O9</Computer>
<Security UserID=S-1-5-18/>
</System>
<EventData><Data Name=HiveNameLength>159</Data>
<Data Name=HiveName>\??\C:\ProgramData\Microsoft\Windows\AppRepository\Packages\Microsoft.Windows.NarratorQuickStart_10.0.26100.1_neutral_neutral_8wekyb3d8bbwe\ActivationStore.dat</Data>
<Data Name=KeysUpdated>0</Data>
<Data Name=DirtyPages>0</Data>
</EventData>
</Event>
ElfRec#000103 (0x0000dd30)	2026-01-14T21:33:16.7993780Z	size=648
<Event xmlns=http://schemas.microsoft.com/win/2004/08/events/event><System><Provider Name=Microsoft-Windows-Kernel-General Guid={a68ca8b7-004f-d7b6-a698-07e2de0f1f5d}/>
<EventID Qualifiers=(null)>16</EventID>
<Version>0</Version>
<Level>4</Level>
<Task>0</Task>
<Opcode>0</Opcode>
<Keywords>0x8000000000000000</Keywords>
<TimeCreated SystemTime=2026-01-14T21:33:16.799378000Z/>
<EventRecordID>103</EventRecordID>
<Correlation ActivityID=(null) RelatedActivityID=(null)/>
<Execution ProcessID=2652 ThreadID=800/>
<Channel>System</Channel>
<Computer>WIN-S8AG37SE2O9</Computer>
<Security UserID=S-1-5-18/>
</System>
<EventData><Data Name=HiveNameLength>161</Data>
<Data Name=HiveName>\??\C:\ProgramData\Microsoft\Windows\AppRepository\Packages\Microsoft.Windows.OOBENetworkCaptivePortal_10.0.26100.1000_neutral__cw5n1h2txyewy\ActivationStore.dat</Data>
<Data Name=KeysUpdated>0</Data>
<Data Name=DirtyPages>0</Data>
</EventData>
</Event>
ElfRec#000104 (0x0000dfb8)	2026-01-14T21:33:16.9033843Z	size=648
<Event xmlns=http://schemas.microsoft.com/win/2004/08/events/event><System><Provider Name=Microsoft-Windows-Kernel-General Guid={a68ca8b7-004f-d7b6-a698-07e2de0f1f5d}/>
<EventID Qualifiers=(null)>16</EventID>
<Version>0</Version>
<Level>4</Level>
<Task>0</Task>
<Opcode>0</Opcode>
<Keywords>0x8000000000000000</Keywords>
<TimeCreated SystemTime=2026-01-14T21:33:16.903384300Z/>
<EventRecordID>104</EventRecordID>
<Correlation ActivityID=(null) RelatedActivityID=(null)/>
<Execution ProcessID=2652 ThreadID=800/>
<Channel>System</Channel>
<Computer>WIN-S8AG37SE2O9</Computer>
<Security UserID=S-1-5-18/>
</System>
<EventData><Data Name=HiveNameLength>162</Data>
<Data Name=HiveName>\??\C:\ProgramData\Microsoft\Windows\AppRepository\Packages\Microsoft.Windows.OOBENetworkConnectionFlow_10.0.21302.1000_neutral__cw5n1h2txyewy\ActivationStore.dat</Data>
<Data Name=KeysUpdated>0</Data>
<Data Name=DirtyPages>0</Data>
</EventData>
</Event>
ElfRec#000105 (0x0000e240)	2026-01-14T21:33:17.0077976Z	size=648
<Event xmlns=http://schemas.microsoft.com/win/2004/08/events/event><System><Provider Name=Microsoft-Windows-Kernel-General Guid={a68ca8b7-004f-d7b6-a698-07e2de0f1f5d}/>
<EventID Qualifiers=(null)>16</EventID>
<Version>0</Version>
<Level>4</Level>
<Task>0</Task>
<Opcode>0</Opcode>
<Keywords>0x8000000000000000</Keywords>
<TimeCreated SystemTime=2026-01-14T21:33:17.007797600Z/>
<EventRecordID>105</EventRecordID>
<Correlation ActivityID=(null) RelatedActivityID=(null)/>
<Execution ProcessID=2652 ThreadID=800/>
<Channel>System</Channel>
<Computer>WIN-S8AG37SE2O9</Computer>
<Security UserID=S-1-5-18/>
</System>
<EventData><Data Name=HiveNameLength>162</Data>
<Data Name=HiveName>\??\C:\ProgramData\Microsoft\Windows\AppRepository\Packages\Microsoft.Windows.ParentalControls_1000.25128.1000.0_neutral_neutral_cw5n1h2txyewy\ActivationStore.dat</Data>
<Data Name=KeysUpdated>0</Data>
<Data Name=DirtyPages>0</Data>
</EventData>
</Event>
ElfRec#000106 (0x0000e4c8)	2026-01-14T21:33:17.1266926Z	size=648
<Event xmlns=http://schemas.microsoft.com/win/2004/08/events/event><System><Provider Name=Microsoft-Windows-Kernel-General Guid={a68ca8b7-004f-d7b6-a698-07e2de0f1f5d}/>
<EventID Qualifiers=(null)>16</EventID>
<Version>0</Version>
<Level>4</Level>
<Task>0</Task>
<Opcode>0</Opcode>
<Keywords>0x8000000000000000</Keywords>
<TimeCreated SystemTime=2026-01-14T21:33:17.126692600Z/>
<EventRecordID>106</EventRecordID>
<Correlation ActivityID=(null) RelatedActivityID=(null)/>
<Execution ProcessID=2652 ThreadID=800/>
<Channel>System</Channel>
<Computer>WIN-S8AG37SE2O9</Computer>
<Security UserID=S-1-5-18/>
</System>
<EventData><Data Name=HiveNameLength>161</Data>
<Data Name=HiveName>\??\C:\ProgramData\Microsoft\Windows\AppRepository\Packages\Microsoft.Windows.PeopleExperienceHost_10.0.26100.1_neutral_neutral_cw5n1h2txyewy\ActivationStore.dat</Data>
<Data Name=KeysUpdated>0</Data>
<Data Name=DirtyPages>0</Data>
</EventData>
</Event>
ElfRec#000107 (0x0000e750)	2026-01-14T21:33:17.2260272Z	size=656
<Event xmlns=http://schemas.microsoft.com/win/2004/08/events/event><System><Provider Name=Microsoft-Windows-Kernel-General Guid={a68ca8b7-004f-d7b6-a698-07e2de0f1f5d}/>
<EventID Qualifiers=(null)>16</EventID>
<Version>0</Version>
<Level>4</Level>
<Task>0</Task>
<Opcode>0</Opcode>
<Keywords>0x8000000000000000</Keywords>
<TimeCreated SystemTime=2026-01-14T21:33:17.226027200Z/>
<EventRecordID>107</EventRecordID>
<Correlation ActivityID=(null) RelatedActivityID=(null)/>
<Execution ProcessID=2652 ThreadID=800/>
<Channel>System</Channel>
<Computer>WIN-S8AG37SE2O9</Computer>
<Security UserID=S-1-5-18/>
</System>
<EventData><Data Name=HiveNameLength>164</Data>
<Data Name=HiveName>\??\C:\ProgramData\Microsoft\Windows\AppRepository\Packages\Microsoft.Windows.PinningConfirmationDialog_1000.25140.1001.0_neutral__cw5n1h2txyewy\ActivationStore.dat</Data>
<Data Name=KeysUpdated>0</Data>
<Data Name=DirtyPages>0</Data>
</EventData>
</Event>
ElfRec#000108 (0x0000e9e0)	2026-01-14T21:33:17.3305675Z	size=640
<Event xmlns=http://schemas.microsoft.com/win/2004/08/events/event><System><Provider Name=Microsoft-Windows-Kernel-General Guid={a68ca8b7-004f-d7b6-a698-07e2de0f1f5d}/>
<EventID Qualifiers=(null)>16</EventID>
<Version>0</Version>
<Level>4</Level>
<Task>0</Task>
<Opcode>0</Opcode>
<Keywords>0x8000000000000000</Keywords>
<TimeCreated SystemTime=2026-01-14T21:33:17.330567500Z/>
<EventRecordID>108</EventRecordID>
<Correlation ActivityID=(null) RelatedActivityID=(null)/>
<Execution ProcessID=2652 ThreadID=800/>
<Channel>System</Channel>
<Computer>WIN-S8AG37SE2O9</Computer>
<Security UserID=S-1-5-18/>
</System>
<EventData><Data Name=HiveNameLength>158</Data>
<Data Name=HiveName>\??\C:\ProgramData\Microsoft\Windows\AppRepository\Packages\Microsoft.Windows.PrintQueueActionCenter_1.0.2.0_neutral_neutral_cw5n1h2txyewy\ActivationStore.dat</Data>
<Data Name=KeysUpdated>0</Data>
<Data Name=DirtyPages>0</Data>
</EventData>
</Event>
ElfRec#000109 (0x0000ec60)	2026-01-14T21:33:17.4623157Z	size=656
<Event xmlns=http://schemas.microsoft.com/win/2004/08/events/event><System><Provider Name=Microsoft-Windows-Kernel-General Guid={a68ca8b7-004f-d7b6-a698-07e2de0f1f5d}/>
<EventID Qualifiers=(null)>16</EventID>
<Version>0</Version>
<Level>4</Level>
<Task>0</Task>
<Opcode>0</Opcode>
<Keywords>0x8000000000000000</Keywords>
<TimeCreated SystemTime=2026-01-14T21:33:17.462315700Z/>
<EventRecordID>109</EventRecordID>
<Correlation ActivityID=(null) RelatedActivityID=(null)/>
<Execution ProcessID=2652 ThreadID=800/>
<Channel>System</Channel>
<Computer>WIN-S8AG37SE2O9</Computer>
<Security UserID=S-1-5-18/>
</System>
<EventData><Data Name=HiveNameLength>164</Data>
<Data Name=HiveName>\??\C:\ProgramData\Microsoft\Windows\AppRepository\Packages\Microsoft.Windows.SecureAssessmentBrowser_10.0.26100.1_neutral_neutral_cw5n1h2txyewy\ActivationStore.dat</Data>
<Data Name=KeysUpdated>0</Data>
<Data Name=DirtyPages>0</Data>
</EventData>
</Event>
