ElfRec#000763 (0x00065000)	2026-01-14T04:59:53.0439315Z	size=392
<Event xmlns=http://schemas.microsoft.com/win/2004/08/events/event><System><Provider Name=Microsoft-Windows-DHCPv6-Client Guid={6a1f2b00-6a90-4c38-95a5-5cab3b056778}/>
<EventID Qualifiers=(null)>51047</EventID>
<Version>0</Version>
<Level>4</Level>
<Task>4</Task>
<Opcode>63</Opcode>
<Keywords>0x2000000000000000</Keywords>
<TimeCreated SystemTime=2026-01-14T04:59:53.043931500Z/>
<EventRecordID>763</EventRecordID>
<Correlation ActivityID=(null) RelatedActivityID=(null)/>
<Execution ProcessID=2144 ThreadID=2348/>
<Channel>System</Channel>
<Computer>DESKTOP-5VCD46O</Computer>
<Security UserID=S-1-5-19/>
</System>
<EventData><Data Name=DwordVal>1</Data>
</EventData>
</Event>
ElfRec#000764 (0x00065188)	2026-01-14T04:59:53.0439930Z	size=304
<Event xmlns=http://schemas.microsoft.com/win/2004/08/events/event><System><Provider Name=Microsoft-Windows-DHCPv6-Client Guid={6a1f2b00-6a90-4c38-95a5-5cab3b056778}/>
<EventID Qualifiers=(null)>51057</EventID>
<Version>0</Version>
<Level>4</Level>
<Task>4</Task>
<Opcode>104</Opcode>
<Keywords>0x2000000000000000</Keywords>
<TimeCreated SystemTime=2026-01-14T04:59:53.043993000Z/>
<EventRecordID>764</EventRecordID>
<Correlation ActivityID=(null) RelatedActivityID=(null)/>
<Execution ProcessID=2144 ThreadID=2348/>
<Channel>System</Channel>
<Computer>DESKTOP-5VCD46O</Computer>
<Security UserID=S-1-5-19/>
</System>
<EventData><Data Name=DwordVal>1</Data>
</EventData>
</Event>
ElfRec#000765 (0x000652b8)	2026-01-14T04:59:53.0497085Z	size=304
<Event xmlns=http://schemas.microsoft.com/win/2004/08/events/event><System><Provider Name=Microsoft-Windows-Dhcp-Client Guid={15a7a4f8-0072-4eab-abad-f98a4d666aed}/>
<EventID Qualifiers=(null)>50037</EventID>
<Version>0</Version>
<Level>4</Level>
<Task>4</Task>
<Opcode>69</Opcode>
<Keywords>0x2000000000000000</Keywords>
<TimeCreated SystemTime=2026-01-14T04:59:53.049708500Z/>
<EventRecordID>765</EventRecordID>
<Correlation ActivityID=(null) RelatedActivityID=(null)/>
<Execution ProcessID=2144 ThreadID=2288/>
<Channel>System</Channel>
<Computer>DESKTOP-5VCD46O</Computer>
<Security UserID=S-1-5-19/>
</System>
<EventData><Data Name=DwordVal>1</Data>
</EventData>
</Event>
ElfRec#000766 (0x000653e8)	2026-01-14T14:00:07.2535983Z	size=792
<Event xmlns=http://schemas.microsoft.com/win/2004/08/events/event><System><Provider Name=EventLog/>
<EventID Qualifiers=32768>6011</EventID>
<Version>0</Version>
<Level>4</Level>
<Task>0</Task>
<Opcode>0</Opcode>
<Keywords>0x0080000000000000</Keywords>
<TimeCreated SystemTime=2026-01-14T14:00:07.253598300Z/>
<EventRecordID>766</EventRecordID>
<Correlation ActivityID=(null) RelatedActivityID=(null)/>
<Execution ProcessID=1760 ThreadID=1872/>
<Channel>System</Channel>
<Computer>win11en121</Computer>
<Security UserID=(null)/>
</System>
<EventData><Data>[Unknown Type 0x81, size 54]</Data>
<Binary>(null)</Binary>
</EventData>
</Event>
ElfRec#000767 (0x00065700)	2026-01-14T14:00:07.2544055Z	size=280
<Event xmlns=http://schemas.microsoft.com/win/2004/08/events/event><System><Provider Name=EventLog/>
<EventID Qualifiers=32768>6009</EventID>
<Version>0</Version>
<Level>4</Level>
<Task>0</Task>
<Opcode>0</Opcode>
<Keywords>0x0080000000000000</Keywords>
<TimeCreated SystemTime=2026-01-14T14:00:07.254405500Z/>
<EventRecordID>767</EventRecordID>
<Correlation ActivityID=(null) RelatedActivityID=(null)/>
<Execution ProcessID=1760 ThreadID=1872/>
<Channel>System</Channel>
<Computer>win11en121</Computer>
<Security UserID=(null)/>
</System>
<EventData><Data>[Unknown Type 0x81, size 72]</Data>
<Binary>(null)</Binary>
</EventData>
</Event>
ElfRec#000768 (0x00065818)	2026-01-14T14:00:07.2544361Z	size=232
<Event xmlns=http://schemas.microsoft.com/win/2004/08/events/event><System><Provider Name=EventLog/>
<EventID Qualifiers=32768>6005</EventID>
<Version>0</Version>
<Level>4</Level>
<Task>0</Task>
<Opcode>0</Opcode>
<Keywords>0x0080000000000000</Keywords>
<TimeCreated SystemTime=2026-01-14T14:00:07.254436100Z/>
<EventRecordID>768</EventRecordID>
<Correlation ActivityID=(null) RelatedActivityID=(null)/>
<Execution ProcessID=1760 ThreadID=1872/>
<Channel>System</Channel>
<Computer>win11en121</Computer>
<Security UserID=(null)/>
</System>
<EventData><Data>(null)</Data>
<Binary>[Unknown Type 0x0e, size 24]</Binary>
</EventData>
</Event>
ElfRec#000769 (0x00065900)	2026-01-14T14:00:07.2547175Z	size=600
<Event xmlns=http://schemas.microsoft.com/win/2004/08/events/event><System><Provider Name=EventLog/>
<EventID Qualifiers=32768>6013</EventID>
<Version>0</Version>
<Level>4</Level>
<Task>0</Task>
<Opcode>0</Opcode>
<Keywords>0x0080000000000000</Keywords>
<TimeCreated SystemTime=2026-01-14T14:00:07.254717500Z/>
<EventRecordID>769</EventRecordID>
<Correlation ActivityID=(null) RelatedActivityID=(null)/>
<Execution ProcessID=1760 ThreadID=1872/>
<Channel>System</Channel>
<Computer>win11en121</Computer>
<Security UserID=(null)/>
</System>
<EventData><Data>[Unknown Type 0x81, size 76]</Data>
<Binary>[Unknown Type 0x0e, size 316]</Binary>
</EventData>
</Event>
ElfRec#000770 (0x00065b58)	2026-01-14T04:59:53.9913017Z	size=1064
<Event xmlns=http://schemas.microsoft.com/win/2004/08/events/event><System><Provider Name=Microsoft-Windows-Kernel-Power Guid={331c3b3a-2005-44c2-ac5e-77220c37d6b4}/>
<EventID Qualifiers=(null)>109</EventID>
<Version>0</Version>
<Level>4</Level>
<Task>103</Task>
<Opcode>0</Opcode>
<Keywords>0x8000400000000404</Keywords>
<TimeCreated SystemTime=2026-01-14T04:59:53.991301700Z/>
<EventRecordID>770</EventRecordID>
<Correlation ActivityID=(null) RelatedActivityID=(null)/>
<Execution ProcessID=632 ThreadID=636/>
<Channel>System</Channel>
<Computer>win11en121</Computer>
<Security UserID=S-1-5-18/>
</System>
<EventData><Data Name=ShutdownActionType>5</Data>
<Data Name=ShutdownEventCode>0</Data>
<Data Name=ShutdownReason>5</Data>
</EventData>
</Event>
ElfRec#000771 (0x00065f80)	2026-01-14T04:59:54.5924127Z	size=512
<Event xmlns=http://schemas.microsoft.com/win/2004/08/events/event><System><Provider Name=Microsoft-Windows-Kernel-Power Guid={331c3b3a-2005-44c2-ac5e-77220c37d6b4}/>
<EventID Qualifiers=(null)>577</EventID>
<Version>0</Version>
<Level>4</Level>
<Task>280</Task>
<Opcode>0</Opcode>
<Keywords>0x8000000000000004</Keywords>
<TimeCreated SystemTime=2026-01-14T04:59:54.592412700Z/>
<EventRecordID>771</EventRecordID>
<Correlation ActivityID=(null) RelatedActivityID=(null)/>
<Execution ProcessID=4 ThreadID=5684/>
<Channel>System</Channel>
<Computer>win11en121</Computer>
<Security UserID=(null)/>
</System>
<EventData><Data Name=AdaptiveTargetState>0</Data>
<Data Name=IsUnattended>[Unknown Type 0x0d, size 4]</Data>
<Data Name=Status>279</Data>
</EventData>
</Event>
ElfRec#000772 (0x00066180)	2026-01-14T04:59:54.6875438Z	size=384
<Event xmlns=http://schemas.microsoft.com/win/2004/08/events/event><System><Provider Name=Microsoft-Windows-Kernel-General Guid={a68ca8b7-004f-d7b6-a698-07e2de0f1f5d}/>
<EventID Qualifiers=(null)>13</EventID>
<Version>0</Version>
<Level>4</Level>
<Task>2</Task>
<Opcode>0</Opcode>
<Keywords>0x8000000000000080</Keywords>
<TimeCreated SystemTime=2026-01-14T04:59:54.687543800Z/>
<EventRecordID>772</EventRecordID>
<Correlation ActivityID=(null) RelatedActivityID=(null)/>
<Execution ProcessID=4 ThreadID=5684/>
<Channel>System</Channel>
<Computer>win11en121</Computer>
<Security UserID=(null)/>
</System>
<EventData><Data Name=StopTime>2026-01-14T04:59:54.687542700Z</Data>
</EventData>
</Event>
ElfRec#000773 (0x00066300)	2026-01-14T14:00:01.5959285Z	size=760
<Event xmlns=http://schemas.microsoft.com/win/2004/08/events/event><System><Provider Name=Microsoft-Windows-Kernel-General Guid={a68ca8b7-004f-d7b6-a698-07e2de0f1f5d}/>
<EventID Qualifiers=(null)>12</EventID>
<Version>0</Version>
<Level>4</Level>
<Task>1</Task>
<Opcode>0</Opcode>
<Keywords>0x8000000000000080</Keywords>
<TimeCreated SystemTime=2026-01-14T14:00:01.595928500Z/>
<EventRecordID>773</EventRecordID>
<Correlation ActivityID=(null) RelatedActivityID=(null)/>
<Execution ProcessID=4 ThreadID=8/>
<Channel>System</Channel>
<Computer>win11en121</Computer>
<Security UserID=S-1-5-18/>
</System>
<EventData><Data Name=MajorVersion>10</Data>
<Data Name=MinorVersion>0</Data>
<Data Name=BuildVersion>26100</Data>
<Data Name=QfeVersion>4343</Data>
<Data Name=ServiceVersion>0</Data>
<Data Name=BootMode>0</Data>
<Data Name=StartTime>2026-01-14T14:00:01.405814900Z</Data>
</EventData>
</Event>
ElfRec#000774 (0x000665f8)	2026-01-14T14:00:01.5959290Z	size=840
<Event xmlns=http://schemas.microsoft.com/win/2004/08/events/event><System><Provider Name=Microsoft-Windows-Kernel-General Guid={a68ca8b7-004f-d7b6-a698-07e2de0f1f5d}/>
<EventID Qualifiers=(null)>25</EventID>
<Version>0</Version>
<Level>4</Level>
<Task>12</Task>
<Opcode>0</Opcode>
<Keywords>0x8000000000000010</Keywords>
<TimeCreated SystemTime=2026-01-14T14:00:01.595929000Z/>
<EventRecordID>774</EventRecordID>
<Correlation ActivityID=(null) RelatedActivityID=(null)/>
<Execution ProcessID=4 ThreadID=8/>
<Channel>System</Channel>
<Computer>win11en121</Computer>
<Security UserID=S-1-5-18/>
</System>
<EventData><Data Name=SystemTime>2026-01-14T14:00:01.405814900Z</Data>
<Data Name=LoaderTime>2026-01-14T14:00:01.000000000Z</Data>
<Data Name=InternalBootFlags>2</Data>
<Data Name=HalRtcErrorCode>0</Data>
<Data Name=RealTimeIsUniversal>[Unknown Type 0x0d, size 4]</Data>
<Data Name=IsSoftBoot>[Unknown Type 0x0d, size 4]</Data>
<Data Name=Success>[Unknown Type 0x0d, size 4]</Data>
<Data Name=Phase>2</Data>
</EventData>
</Event>
ElfRec#000775 (0x00066940)	2026-01-14T14:00:01.5960537Z	size=520
<Event xmlns=http://schemas.microsoft.com/win/2004/08/events/event><System><Provider Name=Microsoft-Windows-Kernel-Boot Guid={15ca44ff-4d7a-4baa-bba5-0998955e531e}/>
<EventID Qualifiers=(null)>153</EventID>
<Version>0</Version>
<Level>4</Level>
<Task>62</Task>
<Opcode>0</Opcode>
<Keywords>0x8000000000000000</Keywords>
<TimeCreated SystemTime=2026-01-14T14:00:01.596053700Z/>
<EventRecordID>775</EventRecordID>
<Correlation ActivityID=(null) RelatedActivityID=(null)/>
<Execution ProcessID=4 ThreadID=8/>
<Channel>System</Channel>
<Computer>win11en121</Computer>
<Security UserID=S-1-5-18/>
</System>
<EventData><Data Name=Status>0</Data>
<Data Name=EnableDisableReason>0</Data>
<Data Name=VsmPolicy>0</Data>
</EventData>
</Event>
ElfRec#000776 (0x00066b48)	2026-01-14T14:00:01.5960884Z	size=592
<Event xmlns=http://schemas.microsoft.com/win/2004/08/events/event><System><Provider Name=Microsoft-Windows-Kernel-Boot Guid={15ca44ff-4d7a-4baa-bba5-0998955e531e}/>
<EventID Qualifiers=(null)>20</EventID>
<Version>1</Version>
<Level>4</Level>
<Task>31</Task>
<Opcode>0</Opcode>
<Keywords>0x8000000000000000</Keywords>
<TimeCreated SystemTime=2026-01-14T14:00:01.596088400Z/>
<EventRecordID>776</EventRecordID>
<Correlation ActivityID=(null) RelatedActivityID=(null)/>
<Execution ProcessID=4 ThreadID=8/>
<Channel>System</Channel>
<Computer>win11en121</Computer>
<Security UserID=S-1-5-18/>
</System>
<EventData><Data Name=LastShutdownGood>[Unknown Type 0x0d, size 4]</Data>
<Data Name=LastBootGood>[Unknown Type 0x0d, size 4]</Data>
<Data Name=LastBootId>5</Data>
<Data Name=BootStatusPolicy>2</Data>
</EventData>
</Event>
ElfRec#000777 (0x00066d98)	2026-01-14T14:00:01.5960894Z	size=448
<Event xmlns=http://schemas.microsoft.com/win/2004/08/events/event><System><Provider Name=Microsoft-Windows-Kernel-Boot Guid={15ca44ff-4d7a-4baa-bba5-0998955e531e}/>
<EventID Qualifiers=(null)>247</EventID>
<Version>0</Version>
<Level>4</Level>
<Task>99</Task>
<Opcode>12</Opcode>
<Keywords>0x8000000000000000</Keywords>
<TimeCreated SystemTime=2026-01-14T14:00:01.596089400Z/>
<EventRecordID>777</EventRecordID>
<Correlation ActivityID=(null) RelatedActivityID=(null)/>
<Execution ProcessID=4 ThreadID=8/>
<Channel>System</Channel>
<Computer>win11en121</Computer>
<Security UserID=S-1-5-18/>
</System>
<EventData><Data Name=Status>3221225473</Data>
<Data Name=FailureReason>0</Data>
</EventData>
</Event>
ElfRec#000778 (0x00066f58)	2026-01-14T14:00:01.5961091Z	size=520
<Event xmlns=http://schemas.microsoft.com/win/2004/08/events/event><System><Provider Name=Microsoft-Windows-Kernel-Boot Guid={15ca44ff-4d7a-4baa-bba5-0998955e531e}/>
<EventID Qualifiers=(null)>238</EventID>
<Version>1</Version>
<Level>4</Level>
<Task>101</Task>
<Opcode>0</Opcode>
<Keywords>0x8000000000000000</Keywords>
<TimeCreated SystemTime=2026-01-14T14:00:01.596109100Z/>
<EventRecordID>778</EventRecordID>
<Correlation ActivityID=(null) RelatedActivityID=(null)/>
<Execution ProcessID=4 ThreadID=8/>
<Channel>System</Channel>
<Computer>win11en121</Computer>
<Security UserID=S-1-5-18/>
</System>
<EventData><Data Name=EfiTimeZoneBias>[Unknown Type 0x05, size 2]</Data>
<Data Name=EfiDaylightFlags>0</Data>
<Data Name=EfiTime>2026-01-14T14:00:01.000000000Z</Data>
</EventData>
</Event>
ElfRec#000779 (0x00067160)	2026-01-14T14:00:01.5961095Z	size=400
<Event xmlns=http://schemas.microsoft.com/win/2004/08/events/event><System><Provider Name=Microsoft-Windows-Kernel-Boot Guid={15ca44ff-4d7a-4baa-bba5-0998955e531e}/>
<EventID Qualifiers=(null)>25</EventID>
<Version>0</Version>
<Level>4</Level>
<Task>32</Task>
<Opcode>0</Opcode>
<Keywords>0x8000000000000000</Keywords>
<TimeCreated SystemTime=2026-01-14T14:00:01.596109500Z/>
<EventRecordID>779</EventRecordID>
<Correlation ActivityID=(null) RelatedActivityID=(null)/>
<Execution ProcessID=4 ThreadID=8/>
<Channel>System</Channel>
<Computer>win11en121</Computer>
<Security UserID=S-1-5-18/>
</System>
<EventData><Data Name=BootMenuPolicy>1</Data>
</EventData>
</Event>
ElfRec#000780 (0x000672f0)	2026-01-14T14:00:01.5961096Z	size=488
<Event xmlns=http://schemas.microsoft.com/win/2004/08/events/event><System><Provider Name=Microsoft-Windows-Kernel-Boot Guid={15ca44ff-4d7a-4baa-bba5-0998955e531e}/>
<EventID Qualifiers=(null)>27</EventID>
<Version>1</Version>
<Level>4</Level>
<Task>33</Task>
<Opcode>0</Opcode>
<Keywords>0x8000000000000000</Keywords>
<TimeCreated SystemTime=2026-01-14T14:00:01.596109600Z/>
<EventRecordID>780</EventRecordID>
<Correlation ActivityID=(null) RelatedActivityID=(null)/>
<Execution ProcessID=4 ThreadID=8/>
<Channel>System</Channel>
<Computer>win11en121</Computer>
<Security UserID=S-1-5-18/>
</System>
<EventData><Data Name=BootType>0</Data>
<Data Name=LoadOptions> NOEXECUTE=OPTIN  FVEBOOT=2148048896  NOVGA</Data>
</EventData>
</Event>
ElfRec#000781 (0x000674d8)	2026-01-14T14:00:01.5961445Z	size=392
<Event xmlns=http://schemas.microsoft.com/win/2004/08/events/event><System><Provider Name=Microsoft-Windows-Kernel-Boot Guid={15ca44ff-4d7a-4baa-bba5-0998955e531e}/>
<EventID Qualifiers=(null)>18</EventID>
<Version>0</Version>
<Level>4</Level>
<Task>57</Task>
<Opcode>0</Opcode>
<Keywords>0x8000000000000000</Keywords>
<TimeCreated SystemTime=2026-01-14T14:00:01.596144500Z/>
<EventRecordID>781</EventRecordID>
<Correlation ActivityID=(null) RelatedActivityID=(null)/>
<Execution ProcessID=4 ThreadID=8/>
<Channel>System</Channel>
<Computer>win11en121</Computer>
<Security UserID=S-1-5-18/>
</System>
<EventData><Data Name=EntryCount>1</Data>
</EventData>
</Event>
ElfRec#000782 (0x00067660)	2026-01-14T14:00:01.5961557Z	size=424
<Event xmlns=http://schemas.microsoft.com/win/2004/08/events/event><System><Provider Name=Microsoft-Windows-Kernel-Boot Guid={15ca44ff-4d7a-4baa-bba5-0998955e531e}/>
<EventID Qualifiers=(null)>32</EventID>
<Version>0</Version>
<Level>4</Level>
<Task>58</Task>
<Opcode>0</Opcode>
<Keywords>0x8000000000000000</Keywords>
<TimeCreated SystemTime=2026-01-14T14:00:01.596155700Z/>
<EventRecordID>782</EventRecordID>
<Correlation ActivityID=(null) RelatedActivityID=(null)/>
<Execution ProcessID=4 ThreadID=8/>
<Channel>System</Channel>
<Computer>win11en121</Computer>
<Security UserID=S-1-5-18/>
</System>
<EventData><Data Name=BitlockerUserInputTime>0</Data>
</EventData>
</Event>
ElfRec#000783 (0x00067808)	2026-01-14T14:00:01.5977450Z	size=568
<Event xmlns=http://schemas.microsoft.com/win/2004/08/events/event><System><Provider Name=Microsoft-Windows-Kernel-General Guid={a68ca8b7-004f-d7b6-a698-07e2de0f1f5d}/>
<EventID Qualifiers=(null)>20</EventID>
<Version>0</Version>
<Level>4</Level>
<Task>6</Task>
<Opcode>0</Opcode>
<Keywords>0x8000000000000010</Keywords>
<TimeCreated SystemTime=2026-01-14T14:00:01.597745000Z/>
<EventRecordID>783</EventRecordID>
<Correlation ActivityID=(null) RelatedActivityID=(null)/>
<Execution ProcessID=4 ThreadID=8/>
<Channel>System</Channel>
<Computer>win11en121</Computer>
<Security UserID=S-1-5-18/>
</System>
<EventData><Data Name=UpdateReason>0</Data>
<Data Name=EnabledNew>[Unknown Type 0x0d, size 4]</Data>
<Data Name=CountNew>0</Data>
<Data Name=CountOld>0</Data>
</EventData>
</Event>
ElfRec#000784 (0x00067a40)	2026-01-14T14:00:01.6111480Z	size=280
<Event xmlns=http://schemas.microsoft.com/win/2004/08/events/event><System><Provider Name=Microsoft-Windows-HAL Guid={63d1e632-95cc-4443-9312-af927761d52a}/>
<EventID Qualifiers=(null)>16</EventID>
<Version>0</Version>
<Level>4</Level>
<Task>0</Task>
<Opcode>0</Opcode>
<Keywords>0x8000000000000000</Keywords>
<TimeCreated SystemTime=2026-01-14T14:00:01.611148000Z/>
<EventRecordID>784</EventRecordID>
<Correlation ActivityID=(null) RelatedActivityID=(null)/>
<Execution ProcessID=4 ThreadID=8/>
<Channel>System</Channel>
<Computer>win11en121</Computer>
<Security UserID=S-1-5-18/>
</System>
<EventData></EventData>
</Event>
ElfRec#000785 (0x00067b58)	2026-01-14T14:00:04.6400505Z	size=744
<Event xmlns=http://schemas.microsoft.com/win/2004/08/events/event><System><Provider Name=Microsoft-Windows-FilterManager Guid={f3c5e28e-63f6-49c7-a204-e48a1bc4b09d}/>
<EventID Qualifiers=(null)>6</EventID>
<Version>0</Version>
<Level>4</Level>
<Task>0</Task>
<Opcode>0</Opcode>
<Keywords>0x8000000000000000</Keywords>
<TimeCreated SystemTime=2026-01-14T14:00:04.640050500Z/>
<EventRecordID>785</EventRecordID>
<Correlation ActivityID=(null) RelatedActivityID=(null)/>
<Execution ProcessID=4 ThreadID=8/>
<Channel>System</Channel>
<Computer>win11en121</Computer>
<Security UserID=S-1-5-18/>
</System>
<EventData><Data Name=FinalStatus>[Unknown Type 0x14, size 4]</Data>
<Data Name=DeviceVersionMajor>10</Data>
<Data Name=DeviceVersionMinor>0</Data>
<Data Name=DeviceNameLength>8</Data>
<Data Name=DeviceName>FileInfo</Data>
<Data Name=DeviceTime>2010-08-01T15:38:45.000000000Z</Data>
</EventData>
</Event>
ElfRec#000786 (0x00067e40)	2026-01-14T14:00:04.6404934Z	size=352
<Event xmlns=http://schemas.microsoft.com/win/2004/08/events/event><System><Provider Name=Microsoft-Windows-FilterManager Guid={f3c5e28e-63f6-49c7-a204-e48a1bc4b09d}/>
<EventID Qualifiers=(null)>6</EventID>
<Version>0</Version>
<Level>4</Level>
<Task>0</Task>
<Opcode>0</Opcode>
<Keywords>0x8000000000000000</Keywords>
<TimeCreated SystemTime=2026-01-14T14:00:04.640493400Z/>
<EventRecordID>786</EventRecordID>
<Correlation ActivityID=(null) RelatedActivityID=(null)/>
<Execution ProcessID=4 ThreadID=8/>
<Channel>System</Channel>
<Computer>win11en121</Computer>
<Security UserID=S-1-5-18/>
</System>
<EventData><Data Name=FinalStatus>[Unknown Type 0x14, size 4]</Data>
<Data Name=DeviceVersionMajor>10</Data>
<Data Name=DeviceVersionMinor>0</Data>
<Data Name=DeviceNameLength>3</Data>
<Data Name=DeviceName>Wof</Data>
<Data Name=DeviceTime>2056-06-18T22:06:27.000000000Z</Data>
</EventData>
</Event>
ElfRec#000787 (0x00067fa0)	2026-01-14T14:00:04.6412321Z	size=360
<Event xmlns=http://schemas.microsoft.com/win/2004/08/events/event><System><Provider Name=Microsoft-Windows-FilterManager Guid={f3c5e28e-63f6-49c7-a204-e48a1bc4b09d}/>
<EventID Qualifiers=(null)>6</EventID>
<Version>0</Version>
<Level>4</Level>
<Task>0</Task>
<Opcode>0</Opcode>
<Keywords>0x8000000000000000</Keywords>
<TimeCreated SystemTime=2026-01-14T14:00:04.641232100Z/>
<EventRecordID>787</EventRecordID>
<Correlation ActivityID=(null) RelatedActivityID=(null)/>
<Execution ProcessID=4 ThreadID=8/>
<Channel>System</Channel>
<Computer>win11en121</Computer>
<Security UserID=S-1-5-18/>
</System>
<EventData><Data Name=FinalStatus>[Unknown Type 0x14, size 4]</Data>
<Data Name=DeviceVersionMajor>10</Data>
<Data Name=DeviceVersionMinor>0</Data>
<Data Name=DeviceNameLength>8</Data>
<Data Name=DeviceName>WdFilter</Data>
<Data Name=DeviceTime>2075-05-27T20:05:35.000000000Z</Data>
</EventData>
</Event>
ElfRec#000788 (0x00068108)	2026-01-14T14:00:04.7702063Z	size=560
<Event xmlns=http://schemas.microsoft.com/win/2004/08/events/event><System><Provider Name=Microsoft-Windows-Ntfs Guid={3ff37a1c-a68d-4d6e-8c9b-f79e8b16c482}/>
<EventID Qualifiers=(null)>98</EventID>
<Version>0</Version>
<Level>4</Level>
<Task>0</Task>
<Opcode>0</Opcode>
<Keywords>0x8000000000000002</Keywords>
<TimeCreated SystemTime=2026-01-14T14:00:04.770206300Z/>
<EventRecordID>788</EventRecordID>
<Correlation ActivityID=(null) RelatedActivityID=(null)/>
<Execution ProcessID=4 ThreadID=240/>
<Channel>System</Channel>
<Computer>win11en121</Computer>
<Security UserID=S-1-5-18/>
</System>
<EventData><Data Name=DriveName>C:</Data>
<Data Name=DeviceName>\Device\HarddiskVolume3</Data>
<Data Name=CorruptionActionState>0</Data>
</EventData>
</Event>
ElfRec#000789 (0x00068338)	2026-01-14T14:00:04.8203042Z	size=360
<Event xmlns=http://schemas.microsoft.com/win/2004/08/events/event><System><Provider Name=Microsoft-Windows-FilterManager Guid={f3c5e28e-63f6-49c7-a204-e48a1bc4b09d}/>
<EventID Qualifiers=(null)>6</EventID>
<Version>0</Version>
<Level>4</Level>
<Task>0</Task>
<Opcode>0</Opcode>
<Keywords>0x8000000000000000</Keywords>
<TimeCreated SystemTime=2026-01-14T14:00:04.820304200Z/>
<EventRecordID>789</EventRecordID>
<Correlation ActivityID=(null) RelatedActivityID=(null)/>
<Execution ProcessID=4 ThreadID=8/>
<Channel>System</Channel>
<Computer>win11en121</Computer>
<Security UserID=S-1-5-18/>
</System>
<EventData><Data Name=FinalStatus>[Unknown Type 0x14, size 4]</Data>
<Data Name=DeviceVersionMajor>10</Data>
<Data Name=DeviceVersionMinor>0</Data>
<Data Name=DeviceNameLength>9</Data>
<Data Name=DeviceName>FileCrypt</Data>
<Data Name=DeviceTime>2023-08-31T12:48:23.000000000Z</Data>
</EventData>
</Event>
ElfRec#000790 (0x000684a0)	2026-01-14T14:00:04.8964169Z	size=360
<Event xmlns=http://schemas.microsoft.com/win/2004/08/events/event><System><Provider Name=Microsoft-Windows-FilterManager Guid={f3c5e28e-63f6-49c7-a204-e48a1bc4b09d}/>
<EventID Qualifiers=(null)>6</EventID>
<Version>0</Version>
<Level>4</Level>
<Task>0</Task>
<Opcode>0</Opcode>
<Keywords>0x8000000000000000</Keywords>
<TimeCreated SystemTime=2026-01-14T14:00:04.896416900Z/>
<EventRecordID>790</EventRecordID>
<Correlation ActivityID=(null) RelatedActivityID=(null)/>
<Execution ProcessID=4 ThreadID=8/>
<Channel>System</Channel>
<Computer>win11en121</Computer>
<Security UserID=S-1-5-18/>
</System>
<EventData><Data Name=FinalStatus>[Unknown Type 0x14, size 4]</Data>
<Data Name=DeviceVersionMajor>10</Data>
<Data Name=DeviceVersionMinor>0</Data>
<Data Name=DeviceNameLength>9</Data>
<Data Name=DeviceName>npsvctrig</Data>
<Data Name=DeviceTime>2077-01-08T09:04:48.000000000Z</Data>
</EventData>
</Event>
ElfRec#000791 (0x00068608)	2026-01-14T14:00:04.9169885Z	size=432
<Event xmlns=http://schemas.microsoft.com/win/2004/08/events/event><System><Provider Name=Microsoft-Windows-Kernel-Power Guid={331c3b3a-2005-44c2-ac5e-77220c37d6b4}/>
<EventID Qualifiers=(null)>172</EventID>
<Version>0</Version>
<Level>4</Level>
<Task>203</Task>
<Opcode>0</Opcode>
<Keywords>0x8000000000000404</Keywords>
<TimeCreated SystemTime=2026-01-14T14:00:04.916988500Z/>
<EventRecordID>791</EventRecordID>
<Correlation ActivityID=(null) RelatedActivityID=(null)/>
<Execution ProcessID=4 ThreadID=320/>
<Channel>System</Channel>
<Computer>win11en121</Computer>
<Security UserID=S-1-5-18/>
</System>
<EventData><Data Name=State>2</Data>
<Data Name=Reason>6</Data>
</EventData>
</Event>
ElfRec#000792 (0x000687b8)	2026-01-14T14:00:04.9208449Z	size=400
<Event xmlns=http://schemas.microsoft.com/win/2004/08/events/event><System><Provider Name=Microsoft-Windows-Kernel-General Guid={a68ca8b7-004f-d7b6-a698-07e2de0f1f5d}/>
<EventID Qualifiers=(null)>16</EventID>
<Version>0</Version>
<Level>4</Level>
<Task>0</Task>
<Opcode>0</Opcode>
<Keywords>0x8000000000000000</Keywords>
<TimeCreated SystemTime=2026-01-14T14:00:04.920844900Z/>
<EventRecordID>792</EventRecordID>
<Correlation ActivityID=(null) RelatedActivityID=(null)/>
<Execution ProcessID=100 ThreadID=352/>
<Channel>System</Channel>
<Computer>win11en121</Computer>
<Security UserID=S-1-5-18/>
</System>
<EventData><Data Name=HiveNameLength>36</Data>
<Data Name=HiveName>\SystemRoot\System32\Config\SECURITY</Data>
<Data Name=KeysUpdated>103</Data>
<Data Name=DirtyPages>5</Data>
</EventData>
</Event>
ElfRec#000793 (0x00068948)	2026-01-14T14:00:04.9234744Z	size=384
<Event xmlns=http://schemas.microsoft.com/win/2004/08/events/event><System><Provider Name=Microsoft-Windows-Kernel-General Guid={a68ca8b7-004f-d7b6-a698-07e2de0f1f5d}/>
<EventID Qualifiers=(null)>16</EventID>
<Version>0</Version>
<Level>4</Level>
<Task>0</Task>
<Opcode>0</Opcode>
<Keywords>0x8000000000000000</Keywords>
<TimeCreated SystemTime=2026-01-14T14:00:04.923474400Z/>
<EventRecordID>793</EventRecordID>
<Correlation ActivityID=(null) RelatedActivityID=(null)/>
<Execution ProcessID=100 ThreadID=364/>
<Channel>System</Channel>
<Computer>win11en121</Computer>
<Security UserID=S-1-5-18/>
</System>
<EventData><Data Name=HiveNameLength>31</Data>
<Data Name=HiveName>\SystemRoot\System32\Config\SAM</Data>
<Data Name=KeysUpdated>84</Data>
<Data Name=DirtyPages>7</Data>
</EventData>
</Event>
ElfRec#000794 (0x00068ac8)	2026-01-14T14:00:04.9288988Z	size=392
<Event xmlns=http://schemas.microsoft.com/win/2004/08/events/event><System><Provider Name=Microsoft-Windows-Kernel-General Guid={a68ca8b7-004f-d7b6-a698-07e2de0f1f5d}/>
<EventID Qualifiers=(null)>16</EventID>
<Version>0</Version>
<Level>4</Level>
<Task>0</Task>
<Opcode>0</Opcode>
<Keywords>0x8000000000000000</Keywords>
<TimeCreated SystemTime=2026-01-14T14:00:04.928898800Z/>
<EventRecordID>794</EventRecordID>
<Correlation ActivityID=(null) RelatedActivityID=(null)/>
<Execution ProcessID=100 ThreadID=360/>
<Channel>System</Channel>
<Computer>win11en121</Computer>
<Security UserID=S-1-5-18/>
</System>
<EventData><Data Name=HiveNameLength>35</Data>
<Data Name=HiveName>\SystemRoot\System32\Config\DEFAULT</Data>
<Data Name=KeysUpdated>817</Data>
<Data Name=DirtyPages>85</Data>
</EventData>
</Event>
ElfRec#000795 (0x00068c50)	2026-01-14T14:00:05.0157064Z	size=1008
<Event xmlns=http://schemas.microsoft.com/win/2004/08/events/event><System><Provider Name=Microsoft-Windows-Kernel-Processor-Power Guid={0f67e49f-fe51-4e9f-b490-6f2948cc6027}/>
<EventID Qualifiers=(null)>55</EventID>
<Version>0</Version>
<Level>4</Level>
<Task>47</Task>
<Opcode>0</Opcode>
<Keywords>0x8000000000000000</Keywords>
<TimeCreated SystemTime=2026-01-14T14:00:05.015706400Z/>
<EventRecordID>795</EventRecordID>
<Correlation ActivityID=(null) RelatedActivityID=(null)/>
<Execution ProcessID=4 ThreadID=240/>
<Channel>System</Channel>
<Computer>win11en121</Computer>
<Security UserID=S-1-5-18/>
</System>
<EventData><Data Name=Group>0</Data>
<Data Name=Number>0</Data>
<Data Name=IdleStateCount>0</Data>
<Data Name=IdleImplementation>0</Data>
<Data Name=NominalFrequency>1997</Data>
<Data Name=MaximumPerformancePercent>100</Data>
<Data Name=MinimumPerformancePercent>100</Data>
<Data Name=MinimumThrottlePercent>100</Data>
<Data Name=PerformanceImplementation>0</Data>
</EventData>
</Event>
ElfRec#000796 (0x00069040)	2026-01-14T14:00:05.0158590Z	size=384
<Event xmlns=http://schemas.microsoft.com/win/2004/08/events/event><System><Provider Name=Microsoft-Windows-Kernel-Processor-Power Guid={0f67e49f-fe51-4e9f-b490-6f2948cc6027}/>
<EventID Qualifiers=(null)>55</EventID>
<Version>0</Version>
<Level>4</Level>
<Task>47</Task>
<Opcode>0</Opcode>
<Keywords>0x8000000000000000</Keywords>
<TimeCreated SystemTime=2026-01-14T14:00:05.015859000Z/>
<EventRecordID>796</EventRecordID>
<Correlation ActivityID=(null) RelatedActivityID=(null)/>
<Execution ProcessID=4 ThreadID=240/>
<Channel>System</Channel>
<Computer>win11en121</Computer>
<Security UserID=S-1-5-18/>
</System>
<EventData><Data Name=Group>0</Data>
<Data Name=Number>1</Data>
<Data Name=IdleStateCount>0</Data>
<Data Name=IdleImplementation>0</Data>
<Data Name=NominalFrequency>1997</Data>
<Data Name=MaximumPerformancePercent>100</Data>
<Data Name=MinimumPerformancePercent>100</Data>
<Data Name=MinimumThrottlePercent>100</Data>
<Data Name=PerformanceImplementation>0</Data>
</EventData>
</Event>
ElfRec#000797 (0x000691c0)	2026-01-14T14:00:05.2754472Z	size=416
<Event xmlns=http://schemas.microsoft.com/win/2004/08/events/event><System><Provider Name=Microsoft-Windows-Kernel-General Guid={a68ca8b7-004f-d7b6-a698-07e2de0f1f5d}/>
<EventID Qualifiers=(null)>16</EventID>
<Version>0</Version>
<Level>4</Level>
<Task>0</Task>
<Opcode>0</Opcode>
<Keywords>0x8000000000000000</Keywords>
<TimeCreated SystemTime=2026-01-14T14:00:05.275447200Z/>
<EventRecordID>797</EventRecordID>
<Correlation ActivityID=(null) RelatedActivityID=(null)/>
<Execution ProcessID=424 ThreadID=428/>
<Channel>System</Channel>
<Computer>win11en121</Computer>
<Security UserID=S-1-5-18/>
</System>
<EventData><Data Name=HiveNameLength>46</Data>
<Data Name=HiveName>\Device\HarddiskVolume1\EFI\Microsoft\Boot\BCD</Data>
<Data Name=KeysUpdated>120</Data>
<Data Name=DirtyPages>5</Data>
</EventData>
</Event>
ElfRec#000798 (0x00069360)	2026-01-14T14:00:05.2784312Z	size=416
<Event xmlns=http://schemas.microsoft.com/win/2004/08/events/event><System><Provider Name=Microsoft-Windows-Kernel-General Guid={a68ca8b7-004f-d7b6-a698-07e2de0f1f5d}/>
<EventID Qualifiers=(null)>16</EventID>
<Version>0</Version>
<Level>4</Level>
<Task>0</Task>
<Opcode>0</Opcode>
<Keywords>0x8000000000000000</Keywords>
<TimeCreated SystemTime=2026-01-14T14:00:05.278431200Z/>
<EventRecordID>798</EventRecordID>
<Correlation ActivityID=(null) RelatedActivityID=(null)/>
<Execution ProcessID=424 ThreadID=428/>
<Channel>System</Channel>
<Computer>win11en121</Computer>
<Security UserID=S-1-5-18/>
</System>
<EventData><Data Name=HiveNameLength>46</Data>
<Data Name=HiveName>\Device\HarddiskVolume1\EFI\Microsoft\Boot\BCD</Data>
<Data Name=KeysUpdated>120</Data>
<Data Name=DirtyPages>5</Data>
</EventData>
</Event>
ElfRec#000799 (0x00069500)	2026-01-14T14:00:05.2816796Z	size=440
<Event xmlns=http://schemas.microsoft.com/win/2004/08/events/event><System><Provider Name=Microsoft-Windows-Ntfs Guid={3ff37a1c-a68d-4d6e-8c9b-f79e8b16c482}/>
<EventID Qualifiers=(null)>98</EventID>
<Version>0</Version>
<Level>4</Level>
<Task>0</Task>
<Opcode>0</Opcode>
<Keywords>0x8000000000000002</Keywords>
<TimeCreated SystemTime=2026-01-14T14:00:05.281679600Z/>
<EventRecordID>799</EventRecordID>
<Correlation ActivityID=(null) RelatedActivityID=(null)/>
<Execution ProcessID=4 ThreadID=120/>
<Channel>System</Channel>
<Computer>win11en121</Computer>
<Security UserID=S-1-5-18/>
</System>
<EventData><Data Name=DriveName>\\?\Volume{365c43b0-41d4-4e45-a5af-6f0bcb71ae25}</Data>
<Data Name=DeviceName>\Device\HarddiskVolume4</Data>
<Data Name=CorruptionActionState>0</Data>
</EventData>
</Event>
ElfRec#000800 (0x000696b8)	2026-01-14T14:00:05.2846099Z	size=416
<Event xmlns=http://schemas.microsoft.com/win/2004/08/events/event><System><Provider Name=Microsoft-Windows-Kernel-General Guid={a68ca8b7-004f-d7b6-a698-07e2de0f1f5d}/>
<EventID Qualifiers=(null)>16</EventID>
<Version>0</Version>
<Level>4</Level>
<Task>0</Task>
<Opcode>0</Opcode>
<Keywords>0x8000000000000000</Keywords>
<TimeCreated SystemTime=2026-01-14T14:00:05.284609900Z/>
<EventRecordID>800</EventRecordID>
<Correlation ActivityID=(null) RelatedActivityID=(null)/>
<Execution ProcessID=424 ThreadID=428/>
<Channel>System</Channel>
<Computer>win11en121</Computer>
<Security UserID=S-1-5-18/>
</System>
<EventData><Data Name=HiveNameLength>46</Data>
<Data Name=HiveName>\Device\HarddiskVolume1\EFI\Microsoft\Boot\BCD</Data>
<Data Name=KeysUpdated>120</Data>
<Data Name=DirtyPages>5</Data>
</EventData>
</Event>
ElfRec#000801 (0x00069858)	2026-01-14T14:00:05.2859690Z	size=416
<Event xmlns=http://schemas.microsoft.com/win/2004/08/events/event><System><Provider Name=Microsoft-Windows-Kernel-General Guid={a68ca8b7-004f-d7b6-a698-07e2de0f1f5d}/>
<EventID Qualifiers=(null)>16</EventID>
<Version>0</Version>
<Level>4</Level>
<Task>0</Task>
<Opcode>0</Opcode>
<Keywords>0x8000000000000000</Keywords>
<TimeCreated SystemTime=2026-01-14T14:00:05.285969000Z/>
<EventRecordID>801</EventRecordID>
<Correlation ActivityID=(null) RelatedActivityID=(null)/>
<Execution ProcessID=424 ThreadID=428/>
<Channel>System</Channel>
<Computer>win11en121</Computer>
<Security UserID=S-1-5-18/>
</System>
<EventData><Data Name=HiveNameLength>46</Data>
<Data Name=HiveName>\Device\HarddiskVolume1\EFI\Microsoft\Boot\BCD</Data>
<Data Name=KeysUpdated>120</Data>
<Data Name=DirtyPages>5</Data>
</EventData>
</Event>
ElfRec#000802 (0x000699f8)	2026-01-14T14:00:05.3387318Z	size=400
<Event xmlns=http://schemas.microsoft.com/win/2004/08/events/event><System><Provider Name=Microsoft-Windows-Kernel-General Guid={a68ca8b7-004f-d7b6-a698-07e2de0f1f5d}/>
<EventID Qualifiers=(null)>16</EventID>
<Version>0</Version>
<Level>4</Level>
<Task>0</Task>
<Opcode>0</Opcode>
<Keywords>0x8000000000000000</Keywords>
<TimeCreated SystemTime=2026-01-14T14:00:05.338731800Z/>
<EventRecordID>802</EventRecordID>
<Correlation ActivityID=(null) RelatedActivityID=(null)/>
<Execution ProcessID=100 ThreadID=356/>
<Channel>System</Channel>
<Computer>win11en121</Computer>
<Security UserID=S-1-5-18/>
</System>
<EventData><Data Name=HiveNameLength>36</Data>
<Data Name=HiveName>\SystemRoot\System32\Config\SOFTWARE</Data>
<Data Name=KeysUpdated>260280</Data>
<Data Name=DirtyPages>17201</Data>
</EventData>
</Event>
ElfRec#000803 (0x00069b88)	2026-01-14T14:00:05.3492697Z	size=336
<Event xmlns=http://schemas.microsoft.com/win/2004/08/events/event><System><Provider Name=Microsoft-Windows-Kernel-General Guid={a68ca8b7-004f-d7b6-a698-07e2de0f1f5d}/>
<EventID Qualifiers=(null)>24</EventID>
<Version>0</Version>
<Level>4</Level>
<Task>11</Task>
<Opcode>0</Opcode>
<Keywords>0x8000000000000010</Keywords>
<TimeCreated SystemTime=2026-01-14T14:00:05.349269700Z/>
<EventRecordID>803</EventRecordID>
<Correlation ActivityID=(null) RelatedActivityID=(null)/>
<Execution ProcessID=100 ThreadID=524/>
<Channel>System</Channel>
<Computer>win11en121</Computer>
<Security UserID=S-1-5-18/>
</System>
<EventData><Data Name=ExitReason>0</Data>
<Data Name=CurrentBias>[Unknown Type 0x07, size 4]</Data>
<Data Name=CurrentTimeZoneID>0</Data>
<Data Name=TimeZoneInfoCacheUpdated>0</Data>
<Data Name=FirstRefresh>0</Data>
</EventData>
</Event>
ElfRec#000804 (0x00069cd8)	2026-01-14T14:00:05.3593163Z	size=416
<Event xmlns=http://schemas.microsoft.com/win/2004/08/events/event><System><Provider Name=Microsoft-Windows-Kernel-General Guid={a68ca8b7-004f-d7b6-a698-07e2de0f1f5d}/>
<EventID Qualifiers=(null)>16</EventID>
<Version>0</Version>
<Level>4</Level>
<Task>0</Task>
<Opcode>0</Opcode>
<Keywords>0x8000000000000000</Keywords>
<TimeCreated SystemTime=2026-01-14T14:00:05.359316300Z/>
<EventRecordID>804</EventRecordID>
<Correlation ActivityID=(null) RelatedActivityID=(null)/>
<Execution ProcessID=380 ThreadID=384/>
<Channel>System</Channel>
<Computer>win11en121</Computer>
<Security UserID=S-1-5-18/>
</System>
<EventData><Data Name=HiveNameLength>46</Data>
<Data Name=HiveName>\Device\HarddiskVolume1\EFI\Microsoft\Boot\BCD</Data>
<Data Name=KeysUpdated>120</Data>
<Data Name=DirtyPages>5</Data>
</EventData>
</Event>
ElfRec#000805 (0x00069e78)	2026-01-14T14:00:05.7423474Z	size=752
<Event xmlns=http://schemas.microsoft.com/win/2004/08/events/event><System><Provider Name=Microsoft-Windows-Wininit Guid={206f6dea-d3c5-4d10-bc72-989f03c8b84b}/>
<EventID Qualifiers=(null)>19</EventID>
<Version>0</Version>
<Level>4</Level>
<Task>0</Task>
<Opcode>0</Opcode>
<Keywords>0x4000000000000000</Keywords>
<TimeCreated SystemTime=2026-01-14T14:00:05.742347400Z/>
<EventRecordID>805</EventRecordID>
<Correlation ActivityID=(null) RelatedActivityID=(null)/>
<Execution ProcessID=632 ThreadID=636/>
<Channel>System</Channel>
<Computer>win11en121</Computer>
<Security UserID=S-1-5-18/>
</System>
<EventData><Data Name=HRESULT>[Unknown Type 0x07, size 4]</Data>
<Data Name=NewLatchTimerNeeded>[Unknown Type 0x0d, size 4]</Data>
<Data Name=NewLatchTimerWaitingSystemUpdateCompletion>[Unknown Type 0x0d, size 4]</Data>
<Data Name=PreviousLatchTimerExistsButDisabled>[Unknown Type 0x0d, size 4]</Data>
<Data Name=PolicyFileExists>[Unknown Type 0x0d, size 4]</Data>
</EventData>
</Event>
ElfRec#000806 (0x0006a168)	2026-01-14T14:00:05.8306213Z	size=504
<Event xmlns=http://schemas.microsoft.com/win/2004/08/events/event><System><Provider Name=Microsoft-Windows-Wininit Guid={206f6dea-d3c5-4d10-bc72-989f03c8b84b}/>
<EventID Qualifiers=(null)>14</EventID>
<Version>0</Version>
<Level>4</Level>
<Task>0</Task>
<Opcode>0</Opcode>
<Keywords>0x4000000000000000</Keywords>
<TimeCreated SystemTime=2026-01-14T14:00:05.830621300Z/>
<EventRecordID>806</EventRecordID>
<Correlation ActivityID=(null) RelatedActivityID=(null)/>
<Execution ProcessID=632 ThreadID=636/>
<Channel>System</Channel>
<Computer>win11en121</Computer>
<Security UserID=S-1-5-18/>
</System>
<EventData><Data Name=Config>0</Data>
<Data Name=IsTestConfig>0</Data>
<Data Name=IsAutoEnabled>0</Data>
</EventData>
</Event>
ElfRec#000807 (0x0006a360)	2026-01-14T14:00:05.8320732Z	size=376
<Event xmlns=http://schemas.microsoft.com/win/2004/08/events/event><System><Provider Name=Microsoft-Windows-Wininit Guid={206f6dea-d3c5-4d10-bc72-989f03c8b84b}/>
<EventID Qualifiers=(null)>12</EventID>
<Version>0</Version>
<Level>4</Level>
<Task>0</Task>
<Opcode>0</Opcode>
<Keywords>0x4000000000000000</Keywords>
<TimeCreated SystemTime=2026-01-14T14:00:05.832073200Z/>
<EventRecordID>807</EventRecordID>
<Correlation ActivityID=(null) RelatedActivityID=(null)/>
<Execution ProcessID=632 ThreadID=636/>
<Channel>System</Channel>
<Computer>win11en121</Computer>
<Security UserID=S-1-5-18/>
</System>
<EventData><Data Name=Level>4</Data>
</EventData>
</Event>
ElfRec#000808 (0x0006a4d8)	2026-01-14T14:00:05.8842048Z	size=608
<Event xmlns=http://schemas.microsoft.com/win/2004/08/events/event><System><Provider Name=LsaSrv Guid={199fe037-2b82-40a9-82ac-e1d46c792b99}/>
<EventID Qualifiers=(null)>6156</EventID>
<Version>0</Version>
<Level>4</Level>
<Task>0</Task>
<Opcode>0</Opcode>
<Keywords>0x8000000000000000</Keywords>
<TimeCreated SystemTime=2026-01-14T14:00:05.884204800Z/>
<EventRecordID>808</EventRecordID>
<Correlation ActivityID=(null) RelatedActivityID=(null)/>
<Execution ProcessID=788 ThreadID=792/>
<Channel>System</Channel>
<Computer>win11en121</Computer>
<Security UserID=S-1-5-18/>
</System>
<EventData><Data Name=HardwareChecks>0</Data>
<Data Name=ADDomainJoin>0</Data>
<Data Name=AADDomainJoin>0</Data>
<Data Name=IsLicensed>0</Data>
<Data Name=DomainController>0</Data>
</EventData>
</Event>
ElfRec#000809 (0x0006a738)	2026-01-14T14:00:06.0454912Z	size=560
<Event xmlns=http://schemas.microsoft.com/win/2004/08/events/event><System><Provider Name=Microsoft-Windows-Directory-Services-SAM Guid={0d4fdc09-8c27-494a-bda0-505e4fd8adae}/>
<EventID Qualifiers=(null)>16962</EventID>
<Version>0</Version>
<Level>4</Level>
<Task>0</Task>
<Opcode>0</Opcode>
<Keywords>0x8000000000000000</Keywords>
<TimeCreated SystemTime=2026-01-14T14:00:06.045491200Z/>
<EventRecordID>809</EventRecordID>
<Correlation ActivityID={138e5066-855e-0001-7c51-8e135e85dc01} RelatedActivityID=(null)/>
<Execution ProcessID=788 ThreadID=792/>
<Channel>System</Channel>
<Computer>win11en121</Computer>
<Security UserID=S-1-5-18/>
</System>
<EventData Name=SAMMSG_RESTRICT_REMOTE_SAM_DEFAULT_SD><Data Name=Default SD String:>O:SYG:SYD:(A;;RC;;;BA)</Data>
</EventData>
</Event>
ElfRec#000810 (0x0006a968)	2026-01-14T14:00:06.0543875Z	size=712
<Event xmlns=http://schemas.microsoft.com/win/2004/08/events/event><System><Provider Name=Microsoft-Windows-Directory-Services-SAM Guid={0d4fdc09-8c27-494a-bda0-505e4fd8adae}/>
<EventID Qualifiers=(null)>16977</EventID>
<Version>0</Version>
<Level>4</Level>
<Task>0</Task>
<Opcode>0</Opcode>
<Keywords>0x8000000000000000</Keywords>
<TimeCreated SystemTime=2026-01-14T14:00:06.054387500Z/>
<EventRecordID>810</EventRecordID>
<Correlation ActivityID={138e5066-855e-0001-7c51-8e135e85dc01} RelatedActivityID=(null)/>
<Execution ProcessID=788 ThreadID=792/>
<Channel>System</Channel>
<Computer>win11en121</Computer>
<Security UserID=S-1-5-18/>
</System>
<EventData Name=SAMMSG_MINPWDLEN_SETTINGS_IN_EFFECT><Data Name=MinimumPasswordLength>[Unknown Type 0x07, size 4]</Data>
<Data Name=RelaxMinimumPasswordLengthLimits>[Unknown Type 0x07, size 4]</Data>
<Data Name=MinimumPasswordLengthAudit>[Unknown Type 0x07, size 4]</Data>
</EventData>
</Event>
ElfRec#000811 (0x0006ac30)	2026-01-14T14:00:06.0543920Z	size=448
<Event xmlns=http://schemas.microsoft.com/win/2004/08/events/event><System><Provider Name=Microsoft-Windows-Directory-Services-SAM Guid={0d4fdc09-8c27-494a-bda0-505e4fd8adae}/>
<EventID Qualifiers=(null)>16983</EventID>
<Version>0</Version>
<Level>4</Level>
<Task>0</Task>
<Opcode>0</Opcode>
<Keywords>0x8000000000000000</Keywords>
<TimeCreated SystemTime=2026-01-14T14:00:06.054392000Z/>
<EventRecordID>811</EventRecordID>
<Correlation ActivityID={138e5066-855e-0001-7c51-8e135e85dc01} RelatedActivityID=(null)/>
<Execution ProcessID=788 ThreadID=792/>
<Channel>System</Channel>
<Computer>win11en121</Computer>
<Security UserID=S-1-5-18/>
</System>
<EventData Name=SAMMSG_AUDIT_LEGACY_PWD_RPC_METHODS_OFF></EventData>
</Event>
ElfRec#000812 (0x0006adf0)	2026-01-14T14:00:06.2263830Z	size=440
<Event xmlns=http://schemas.microsoft.com/win/2004/08/events/event><System><Provider Name=Microsoft-Windows-Kernel-General Guid={a68ca8b7-004f-d7b6-a698-07e2de0f1f5d}/>
<EventID Qualifiers=(null)>16</EventID>
<Version>0</Version>
<Level>4</Level>
<Task>0</Task>
<Opcode>0</Opcode>
<Keywords>0x8000000000000000</Keywords>
<TimeCreated SystemTime=2026-01-14T14:00:06.226383000Z/>
<EventRecordID>812</EventRecordID>
<Correlation ActivityID=(null) RelatedActivityID=(null)/>
<Execution ProcessID=768 ThreadID=772/>
<Channel>System</Channel>
<Computer>win11en121</Computer>
<Security UserID=S-1-5-18/>
</System>
<EventData><Data Name=HiveNameLength>56</Data>
<Data Name=HiveName>\??\C:\WINDOWS\ServiceProfiles\NetworkService\NTUSER.DAT</Data>
<Data Name=KeysUpdated>624</Data>
<Data Name=DirtyPages>33</Data>
</EventData>
</Event>
ElfRec#000813 (0x0006afa8)	2026-01-14T14:00:06.5815414Z	size=384
<Event xmlns=http://schemas.microsoft.com/win/2004/08/events/event><System><Provider Name=Microsoft-Windows-Kernel-General Guid={a68ca8b7-004f-d7b6-a698-07e2de0f1f5d}/>
<EventID Qualifiers=(null)>16</EventID>
<Version>0</Version>
<Level>4</Level>
<Task>0</Task>
<Opcode>0</Opcode>
<Keywords>0x8000000000000000</Keywords>
<TimeCreated SystemTime=2026-01-14T14:00:06.581541400Z/>
<EventRecordID>813</EventRecordID>
<Correlation ActivityID=(null) RelatedActivityID=(null)/>
<Execution ProcessID=908 ThreadID=480/>
<Channel>System</Channel>
<Computer>win11en121</Computer>
<Security UserID=S-1-5-18/>
</System>
<EventData><Data Name=HiveNameLength>31</Data>
<Data Name=HiveName>\SystemRoot\System32\Config\BBI</Data>
<Data Name=KeysUpdated>227</Data>
<Data Name=DirtyPages>47</Data>
</EventData>
</Event>
ElfRec#000814 (0x0006b128)	2026-01-14T14:00:06.6209117Z	size=432
<Event xmlns=http://schemas.microsoft.com/win/2004/08/events/event><System><Provider Name=Microsoft-Windows-Kernel-General Guid={a68ca8b7-004f-d7b6-a698-07e2de0f1f5d}/>
<EventID Qualifiers=(null)>16</EventID>
<Version>0</Version>
<Level>4</Level>
<Task>0</Task>
<Opcode>0</Opcode>
<Keywords>0x8000000000000000</Keywords>
<TimeCreated SystemTime=2026-01-14T14:00:06.620911700Z/>
<EventRecordID>814</EventRecordID>
<Correlation ActivityID=(null) RelatedActivityID=(null)/>
<Execution ProcessID=768 ThreadID=896/>
<Channel>System</Channel>
<Computer>win11en121</Computer>
<Security UserID=S-1-5-18/>
</System>
<EventData><Data Name=HiveNameLength>54</Data>
<Data Name=HiveName>\??\C:\WINDOWS\ServiceProfiles\LocalService\NTUSER.DAT</Data>
<Data Name=KeysUpdated>631</Data>
<Data Name=DirtyPages>37</Data>
</EventData>
</Event>
ElfRec#000815 (0x0006b2d8)	2026-01-14T14:00:06.7775352Z	size=368
<Event xmlns=http://schemas.microsoft.com/win/2004/08/events/event><System><Provider Name=Microsoft-Windows-FilterManager Guid={f3c5e28e-63f6-49c7-a204-e48a1bc4b09d}/>
<EventID Qualifiers=(null)>6</EventID>
<Version>0</Version>
<Level>4</Level>
<Task>0</Task>
<Opcode>0</Opcode>
<Keywords>0x8000000000000000</Keywords>
<TimeCreated SystemTime=2026-01-14T14:00:06.777535200Z/>
<EventRecordID>815</EventRecordID>
<Correlation ActivityID=(null) RelatedActivityID=(null)/>
<Execution ProcessID=4 ThreadID=52/>
<Channel>System</Channel>
<Computer>win11en121</Computer>
<Security UserID=S-1-5-18/>
</System>
<EventData><Data Name=FinalStatus>[Unknown Type 0x14, size 4]</Data>
<Data Name=DeviceVersionMajor>10</Data>
<Data Name=DeviceVersionMinor>0</Data>
<Data Name=DeviceNameLength>13</Data>
<Data Name=DeviceName>applockerfltr</Data>
<Data Name=DeviceTime>2099-03-27T09:58:36.000000000Z</Data>
</EventData>
</Event>
ElfRec#000816 (0x0006b448)	2026-01-14T14:00:06.9129436Z	size=352
<Event xmlns=http://schemas.microsoft.com/win/2004/08/events/event><System><Provider Name=Microsoft-Windows-FilterManager Guid={f3c5e28e-63f6-49c7-a204-e48a1bc4b09d}/>
<EventID Qualifiers=(null)>6</EventID>
<Version>0</Version>
<Level>4</Level>
<Task>0</Task>
<Opcode>0</Opcode>
<Keywords>0x8000000000000000</Keywords>
<TimeCreated SystemTime=2026-01-14T14:00:06.912943600Z/>
<EventRecordID>816</EventRecordID>
<Correlation ActivityID=(null) RelatedActivityID=(null)/>
<Execution ProcessID=4 ThreadID=340/>
<Channel>System</Channel>
<Computer>win11en121</Computer>
<Security UserID=S-1-5-18/>
</System>
<EventData><Data Name=FinalStatus>[Unknown Type 0x14, size 4]</Data>
<Data Name=DeviceVersionMajor>10</Data>
<Data Name=DeviceVersionMinor>0</Data>
<Data Name=DeviceNameLength>3</Data>
<Data Name=DeviceName>bfs</Data>
<Data Name=DeviceTime>2032-09-07T18:30:06.000000000Z</Data>
</EventData>
</Event>
ElfRec#000817 (0x0006b5a8)	2026-01-14T14:00:06.9359382Z	size=352
<Event xmlns=http://schemas.microsoft.com/win/2004/08/events/event><System><Provider Name=Microsoft-Windows-FilterManager Guid={f3c5e28e-63f6-49c7-a204-e48a1bc4b09d}/>
<EventID Qualifiers=(null)>6</EventID>
<Version>0</Version>
<Level>4</Level>
<Task>0</Task>
<Opcode>0</Opcode>
<Keywords>0x8000000000000000</Keywords>
<TimeCreated SystemTime=2026-01-14T14:00:06.935938200Z/>
<EventRecordID>817</EventRecordID>
<Correlation ActivityID=(null) RelatedActivityID=(null)/>
<Execution ProcessID=4 ThreadID=308/>
<Channel>System</Channel>
<Computer>win11en121</Computer>
<Security UserID=S-1-5-18/>
</System>
<EventData><Data Name=FinalStatus>[Unknown Type 0x14, size 4]</Data>
<Data Name=DeviceVersionMajor>10</Data>
<Data Name=DeviceVersionMinor>0</Data>
<Data Name=DeviceNameLength>5</Data>
<Data Name=DeviceName>wcifs</Data>
<Data Name=DeviceTime>1987-06-19T02:41:31.000000000Z</Data>
</EventData>
</Event>
ElfRec#000818 (0x0006b708)	2026-01-14T14:00:06.9402035Z	size=352
<Event xmlns=http://schemas.microsoft.com/win/2004/08/events/event><System><Provider Name=Microsoft-Windows-FilterManager Guid={f3c5e28e-63f6-49c7-a204-e48a1bc4b09d}/>
<EventID Qualifiers=(null)>6</EventID>
<Version>0</Version>
<Level>4</Level>
<Task>0</Task>
<Opcode>0</Opcode>
<Keywords>0x8000000000000000</Keywords>
<TimeCreated SystemTime=2026-01-14T14:00:06.940203500Z/>
<EventRecordID>818</EventRecordID>
<Correlation ActivityID=(null) RelatedActivityID=(null)/>
<Execution ProcessID=4 ThreadID=52/>
<Channel>System</Channel>
<Computer>win11en121</Computer>
<Security UserID=S-1-5-18/>
</System>
<EventData><Data Name=FinalStatus>[Unknown Type 0x14, size 4]</Data>
<Data Name=DeviceVersionMajor>10</Data>
<Data Name=DeviceVersionMinor>0</Data>
<Data Name=DeviceNameLength>5</Data>
<Data Name=DeviceName>luafv</Data>
<Data Name=DeviceTime>2061-12-30T12:54:01.000000000Z</Data>
</EventData>
</Event>
ElfRec#000819 (0x0006b868)	2026-01-14T14:00:06.9697839Z	size=360
<Event xmlns=http://schemas.microsoft.com/win/2004/08/events/event><System><Provider Name=Microsoft-Windows-FilterManager Guid={f3c5e28e-63f6-49c7-a204-e48a1bc4b09d}/>
<EventID Qualifiers=(null)>6</EventID>
<Version>0</Version>
<Level>4</Level>
<Task>0</Task>
<Opcode>0</Opcode>
<Keywords>0x8000000000000000</Keywords>
<TimeCreated SystemTime=2026-01-14T14:00:06.969783900Z/>
<EventRecordID>819</EventRecordID>
<Correlation ActivityID=(null) RelatedActivityID=(null)/>
<Execution ProcessID=4 ThreadID=340/>
<Channel>System</Channel>
<Computer>win11en121</Computer>
<Security UserID=S-1-5-18/>
</System>
<EventData><Data Name=FinalStatus>[Unknown Type 0x14, size 4]</Data>
<Data Name=DeviceVersionMajor>10</Data>
<Data Name=DeviceVersionMinor>0</Data>
<Data Name=DeviceNameLength>7</Data>
<Data Name=DeviceName>UnionFS</Data>
<Data Name=DeviceTime>2097-08-18T22:17:40.000000000Z</Data>
</EventData>
</Event>
