ElfRec#000820 (0x0006b9d0)	2026-01-14T14:00:06.9706429Z	size=352
<Event xmlns=http://schemas.microsoft.com/win/2004/08/events/event><System><Provider Name=Microsoft-Windows-FilterManager Guid={f3c5e28e-63f6-49c7-a204-e48a1bc4b09d}/>
<EventID Qualifiers=(null)>6</EventID>
<Version>0</Version>
<Level>4</Level>
<Task>0</Task>
<Opcode>0</Opcode>
<Keywords>0x8000000000000000</Keywords>
<TimeCreated SystemTime=2026-01-14T14:00:06.970642900Z/>
<EventRecordID>820</EventRecordID>
<Correlation ActivityID=(null) RelatedActivityID=(null)/>
<Execution ProcessID=4 ThreadID=308/>
<Channel>System</Channel>
<Computer>win11en121</Computer>
<Security UserID=S-1-5-18/>
</System>
<EventData><Data Name=FinalStatus>[Unknown Type 0x14, size 4]</Data>
<Data Name=DeviceVersionMajor>10</Data>
<Data Name=DeviceVersionMinor>0</Data>
<Data Name=DeviceNameLength>6</Data>
<Data Name=DeviceName>CldFlt</Data>
<Data Name=DeviceTime>2001-11-07T07:46:40.000000000Z</Data>
</EventData>
</Event>
ElfRec#000821 (0x0006bb30)	2026-01-14T14:00:06.9706460Z	size=352
<Event xmlns=http://schemas.microsoft.com/win/2004/08/events/event><System><Provider Name=Microsoft-Windows-FilterManager Guid={f3c5e28e-63f6-49c7-a204-e48a1bc4b09d}/>
<EventID Qualifiers=(null)>1</EventID>
<Version>0</Version>
<Level>4</Level>
<Task>0</Task>
<Opcode>0</Opcode>
<Keywords>0x8000000000000000</Keywords>
<TimeCreated SystemTime=2026-01-14T14:00:06.970646000Z/>
<EventRecordID>821</EventRecordID>
<Correlation ActivityID=(null) RelatedActivityID=(null)/>
<Execution ProcessID=4 ThreadID=308/>
<Channel>System</Channel>
<Computer>win11en121</Computer>
<Security UserID=S-1-5-18/>
</System>
<EventData><Data Name=FinalStatus>[Unknown Type 0x14, size 4]</Data>
<Data Name=DeviceVersionMajor>10</Data>
<Data Name=DeviceVersionMinor>0</Data>
<Data Name=DeviceNameLength>6</Data>
<Data Name=DeviceName>CldFlt</Data>
<Data Name=DeviceTime>2001-11-07T07:46:40.000000000Z</Data>
</EventData>
</Event>
ElfRec#000822 (0x0006bc90)	2026-01-14T14:00:06.9706787Z	size=352
<Event xmlns=http://schemas.microsoft.com/win/2004/08/events/event><System><Provider Name=Microsoft-Windows-FilterManager Guid={f3c5e28e-63f6-49c7-a204-e48a1bc4b09d}/>
<EventID Qualifiers=(null)>6</EventID>
<Version>0</Version>
<Level>4</Level>
<Task>0</Task>
<Opcode>0</Opcode>
<Keywords>0x8000000000000000</Keywords>
<TimeCreated SystemTime=2026-01-14T14:00:06.970678700Z/>
<EventRecordID>822</EventRecordID>
<Correlation ActivityID=(null) RelatedActivityID=(null)/>
<Execution ProcessID=4 ThreadID=308/>
<Channel>System</Channel>
<Computer>win11en121</Computer>
<Security UserID=S-1-5-18/>
</System>
<EventData><Data Name=FinalStatus>[Unknown Type 0x14, size 4]</Data>
<Data Name=DeviceVersionMajor>10</Data>
<Data Name=DeviceVersionMinor>0</Data>
<Data Name=DeviceNameLength>6</Data>
<Data Name=DeviceName>CldFlt</Data>
<Data Name=DeviceTime>2001-11-07T07:46:40.000000000Z</Data>
</EventData>
</Event>
ElfRec#000823 (0x0006bdf0)	2026-01-14T14:00:06.9829713Z	size=360
<Event xmlns=http://schemas.microsoft.com/win/2004/08/events/event><System><Provider Name=Microsoft-Windows-FilterManager Guid={f3c5e28e-63f6-49c7-a204-e48a1bc4b09d}/>
<EventID Qualifiers=(null)>6</EventID>
<Version>0</Version>
<Level>4</Level>
<Task>0</Task>
<Opcode>0</Opcode>
<Keywords>0x8000000000000000</Keywords>
<TimeCreated SystemTime=2026-01-14T14:00:06.982971300Z/>
<EventRecordID>823</EventRecordID>
<Correlation ActivityID=(null) RelatedActivityID=(null)/>
<Execution ProcessID=4 ThreadID=308/>
<Channel>System</Channel>
<Computer>win11en121</Computer>
<Security UserID=S-1-5-18/>
</System>
<EventData><Data Name=FinalStatus>[Unknown Type 0x14, size 4]</Data>
<Data Name=DeviceVersionMajor>10</Data>
<Data Name=DeviceVersionMinor>0</Data>
<Data Name=DeviceNameLength>10</Data>
<Data Name=DeviceName>storqosflt</Data>
<Data Name=DeviceTime>2073-10-13T13:50:58.000000000Z</Data>
</EventData>
</Event>
ElfRec#000824 (0x0006bf58)	2026-01-14T14:00:06.9929073Z	size=352
<Event xmlns=http://schemas.microsoft.com/win/2004/08/events/event><System><Provider Name=Microsoft-Windows-FilterManager Guid={f3c5e28e-63f6-49c7-a204-e48a1bc4b09d}/>
<EventID Qualifiers=(null)>6</EventID>
<Version>0</Version>
<Level>4</Level>
<Task>0</Task>
<Opcode>0</Opcode>
<Keywords>0x8000000000000000</Keywords>
<TimeCreated SystemTime=2026-01-14T14:00:06.992907300Z/>
<EventRecordID>824</EventRecordID>
<Correlation ActivityID=(null) RelatedActivityID=(null)/>
<Execution ProcessID=4 ThreadID=120/>
<Channel>System</Channel>
<Computer>win11en121</Computer>
<Security UserID=S-1-5-18/>
</System>
<EventData><Data Name=FinalStatus>[Unknown Type 0x14, size 4]</Data>
<Data Name=DeviceVersionMajor>10</Data>
<Data Name=DeviceVersionMinor>0</Data>
<Data Name=DeviceNameLength>4</Data>
<Data Name=DeviceName>UCPD</Data>
<Data Name=DeviceTime>2025-03-12T03:29:26.000000000Z</Data>
</EventData>
</Event>
ElfRec#000825 (0x0006c0b8)	2026-01-14T14:00:06.9995111Z	size=360
<Event xmlns=http://schemas.microsoft.com/win/2004/08/events/event><System><Provider Name=Microsoft-Windows-FilterManager Guid={f3c5e28e-63f6-49c7-a204-e48a1bc4b09d}/>
<EventID Qualifiers=(null)>6</EventID>
<Version>0</Version>
<Level>4</Level>
<Task>0</Task>
<Opcode>0</Opcode>
<Keywords>0x8000000000000000</Keywords>
<TimeCreated SystemTime=2026-01-14T14:00:06.999511100Z/>
<EventRecordID>825</EventRecordID>
<Correlation ActivityID=(null) RelatedActivityID=(null)/>
<Execution ProcessID=4 ThreadID=120/>
<Channel>System</Channel>
<Computer>win11en121</Computer>
<Security UserID=S-1-5-18/>
</System>
<EventData><Data Name=FinalStatus>[Unknown Type 0x14, size 4]</Data>
<Data Name=DeviceVersionMajor>10</Data>
<Data Name=DeviceVersionMinor>0</Data>
<Data Name=DeviceNameLength>7</Data>
<Data Name=DeviceName>bindflt</Data>
<Data Name=DeviceTime>2076-01-21T08:31:23.000000000Z</Data>
</EventData>
</Event>
ElfRec#000826 (0x0006c220)	2026-01-14T14:00:07.4504675Z	size=296
<Event xmlns=http://schemas.microsoft.com/win/2004/08/events/event><System><Provider Name=Microsoft-Windows-Dhcp-Client Guid={15a7a4f8-0072-4eab-abad-f98a4d666aed}/>
<EventID Qualifiers=(null)>50036</EventID>
<Version>0</Version>
<Level>4</Level>
<Task>4</Task>
<Opcode>68</Opcode>
<Keywords>0x2000000000000000</Keywords>
<TimeCreated SystemTime=2026-01-14T14:00:07.450467500Z/>
<EventRecordID>826</EventRecordID>
<Correlation ActivityID=(null) RelatedActivityID=(null)/>
<Execution ProcessID=2164 ThreadID=2236/>
<Channel>System</Channel>
<Computer>win11en121</Computer>
<Security UserID=S-1-5-19/>
</System>
<EventData></EventData>
</Event>
ElfRec#000827 (0x0006c348)	2026-01-14T14:00:07.4505379Z	size=296
<Event xmlns=http://schemas.microsoft.com/win/2004/08/events/event><System><Provider Name=Microsoft-Windows-Dhcp-Client Guid={15a7a4f8-0072-4eab-abad-f98a4d666aed}/>
<EventID Qualifiers=(null)>50103</EventID>
<Version>0</Version>
<Level>4</Level>
<Task>4</Task>
<Opcode>129</Opcode>
<Keywords>0x2000000000000000</Keywords>
<TimeCreated SystemTime=2026-01-14T14:00:07.450537900Z/>
<EventRecordID>827</EventRecordID>
<Correlation ActivityID=(null) RelatedActivityID=(null)/>
<Execution ProcessID=2164 ThreadID=2236/>
<Channel>System</Channel>
<Computer>win11en121</Computer>
<Security UserID=S-1-5-19/>
</System>
<EventData></EventData>
</Event>
ElfRec#000828 (0x0006c470)	2026-01-14T14:00:07.4506884Z	size=296
<Event xmlns=http://schemas.microsoft.com/win/2004/08/events/event><System><Provider Name=Microsoft-Windows-Dhcp-Client Guid={15a7a4f8-0072-4eab-abad-f98a4d666aed}/>
<EventID Qualifiers=(null)>50036</EventID>
<Version>0</Version>
<Level>4</Level>
<Task>4</Task>
<Opcode>68</Opcode>
<Keywords>0x2000000000000000</Keywords>
<TimeCreated SystemTime=2026-01-14T14:00:07.450688400Z/>
<EventRecordID>828</EventRecordID>
<Correlation ActivityID=(null) RelatedActivityID=(null)/>
<Execution ProcessID=2164 ThreadID=2236/>
<Channel>System</Channel>
<Computer>win11en121</Computer>
<Security UserID=S-1-5-19/>
</System>
<EventData></EventData>
</Event>
ElfRec#000829 (0x0006c598)	2026-01-14T14:00:07.5065398Z	size=296
<Event xmlns=http://schemas.microsoft.com/win/2004/08/events/event><System><Provider Name=Microsoft-Windows-DHCPv6-Client Guid={6a1f2b00-6a90-4c38-95a5-5cab3b056778}/>
<EventID Qualifiers=(null)>51046</EventID>
<Version>0</Version>
<Level>4</Level>
<Task>4</Task>
<Opcode>62</Opcode>
<Keywords>0x2000000000000000</Keywords>
<TimeCreated SystemTime=2026-01-14T14:00:07.506539800Z/>
<EventRecordID>829</EventRecordID>
<Correlation ActivityID=(null) RelatedActivityID=(null)/>
<Execution ProcessID=2164 ThreadID=2304/>
<Channel>System</Channel>
<Computer>win11en121</Computer>
<Security UserID=S-1-5-19/>
</System>
<EventData></EventData>
</Event>
ElfRec#000830 (0x0006c6c0)	2026-01-14T14:00:08.3043886Z	size=656
<Event xmlns=http://schemas.microsoft.com/win/2004/08/events/event><System><Provider Name=Microsoft-Windows-HttpService Guid={dd5ef90a-6398-47a4-ad34-4dcecdef795f}/>
<EventID Qualifiers=(null)>112</EventID>
<Version>0</Version>
<Level>4</Level>
<Task>3</Task>
<Opcode>121</Opcode>
<Keywords>0x4000000000000001</Keywords>
<TimeCreated SystemTime=2026-01-14T14:00:08.304388600Z/>
<EventRecordID>830</EventRecordID>
<Correlation ActivityID=(null) RelatedActivityID=(null)/>
<Execution ProcessID=4 ThreadID=124/>
<Channel>System</Channel>
<Computer>win11en121</Computer>
<Security UserID=S-1-5-18/>
</System>
<EventData><Data Name=Url>http://*:5357/</Data>
<Data Name=ReserveStatus>0</Data>
<Data Name=ProcessId>4</Data>
<Data Name=ExecutablePath></Data>
<Data Name=UserSid>S-1-5-18</Data>
</EventData>
</Event>
ElfRec#000831 (0x0006c950)	2026-01-14T14:00:08.3043932Z	size=416
<Event xmlns=http://schemas.microsoft.com/win/2004/08/events/event><System><Provider Name=Microsoft-Windows-HttpService Guid={dd5ef90a-6398-47a4-ad34-4dcecdef795f}/>
<EventID Qualifiers=(null)>112</EventID>
<Version>0</Version>
<Level>4</Level>
<Task>3</Task>
<Opcode>121</Opcode>
<Keywords>0x4000000000000001</Keywords>
<TimeCreated SystemTime=2026-01-14T14:00:08.304393200Z/>
<EventRecordID>831</EventRecordID>
<Correlation ActivityID=(null) RelatedActivityID=(null)/>
<Execution ProcessID=4 ThreadID=124/>
<Channel>System</Channel>
<Computer>win11en121</Computer>
<Security UserID=S-1-5-18/>
</System>
<EventData><Data Name=Url>http://+:80/Temporary_Listen_Addresses/</Data>
<Data Name=ReserveStatus>0</Data>
<Data Name=ProcessId>4</Data>
<Data Name=ExecutablePath></Data>
<Data Name=UserSid>S-1-5-18</Data>
</EventData>
</Event>
ElfRec#000832 (0x0006caf0)	2026-01-14T14:00:08.3043965Z	size=368
<Event xmlns=http://schemas.microsoft.com/win/2004/08/events/event><System><Provider Name=Microsoft-Windows-HttpService Guid={dd5ef90a-6398-47a4-ad34-4dcecdef795f}/>
<EventID Qualifiers=(null)>112</EventID>
<Version>0</Version>
<Level>4</Level>
<Task>3</Task>
<Opcode>121</Opcode>
<Keywords>0x4000000000000001</Keywords>
<TimeCreated SystemTime=2026-01-14T14:00:08.304396500Z/>
<EventRecordID>832</EventRecordID>
<Correlation ActivityID=(null) RelatedActivityID=(null)/>
<Execution ProcessID=4 ThreadID=124/>
<Channel>System</Channel>
<Computer>win11en121</Computer>
<Security UserID=S-1-5-18/>
</System>
<EventData><Data Name=Url>https://*:5358/</Data>
<Data Name=ReserveStatus>0</Data>
<Data Name=ProcessId>4</Data>
<Data Name=ExecutablePath></Data>
<Data Name=UserSid>S-1-5-18</Data>
</EventData>
</Event>
ElfRec#000833 (0x0006cc60)	2026-01-14T14:00:08.3043997Z	size=384
<Event xmlns=http://schemas.microsoft.com/win/2004/08/events/event><System><Provider Name=Microsoft-Windows-HttpService Guid={dd5ef90a-6398-47a4-ad34-4dcecdef795f}/>
<EventID Qualifiers=(null)>112</EventID>
<Version>0</Version>
<Level>4</Level>
<Task>3</Task>
<Opcode>121</Opcode>
<Keywords>0x4000000000000001</Keywords>
<TimeCreated SystemTime=2026-01-14T14:00:08.304399700Z/>
<EventRecordID>833</EventRecordID>
<Correlation ActivityID=(null) RelatedActivityID=(null)/>
<Execution ProcessID=4 ThreadID=124/>
<Channel>System</Channel>
<Computer>win11en121</Computer>
<Security UserID=S-1-5-18/>
</System>
<EventData><Data Name=Url>https://+:5986/wsman/</Data>
<Data Name=ReserveStatus>0</Data>
<Data Name=ProcessId>4</Data>
<Data Name=ExecutablePath></Data>
<Data Name=UserSid>S-1-5-18</Data>
</EventData>
</Event>
ElfRec#000834 (0x0006cde0)	2026-01-14T14:00:08.3044036Z	size=384
<Event xmlns=http://schemas.microsoft.com/win/2004/08/events/event><System><Provider Name=Microsoft-Windows-HttpService Guid={dd5ef90a-6398-47a4-ad34-4dcecdef795f}/>
<EventID Qualifiers=(null)>112</EventID>
<Version>0</Version>
<Level>4</Level>
<Task>3</Task>
<Opcode>121</Opcode>
<Keywords>0x4000000000000001</Keywords>
<TimeCreated SystemTime=2026-01-14T14:00:08.304403600Z/>
<EventRecordID>834</EventRecordID>
<Correlation ActivityID=(null) RelatedActivityID=(null)/>
<Execution ProcessID=4 ThreadID=124/>
<Channel>System</Channel>
<Computer>win11en121</Computer>
<Security UserID=S-1-5-18/>
</System>
<EventData><Data Name=Url>http://+:47001/wsman/</Data>
<Data Name=ReserveStatus>0</Data>
<Data Name=ProcessId>4</Data>
<Data Name=ExecutablePath></Data>
<Data Name=UserSid>S-1-5-18</Data>
</EventData>
</Event>
ElfRec#000835 (0x0006cf60)	2026-01-14T14:00:08.3044059Z	size=384
<Event xmlns=http://schemas.microsoft.com/win/2004/08/events/event><System><Provider Name=Microsoft-Windows-HttpService Guid={dd5ef90a-6398-47a4-ad34-4dcecdef795f}/>
<EventID Qualifiers=(null)>112</EventID>
<Version>0</Version>
<Level>4</Level>
<Task>3</Task>
<Opcode>121</Opcode>
<Keywords>0x4000000000000001</Keywords>
<TimeCreated SystemTime=2026-01-14T14:00:08.304405900Z/>
<EventRecordID>835</EventRecordID>
<Correlation ActivityID=(null) RelatedActivityID=(null)/>
<Execution ProcessID=4 ThreadID=124/>
<Channel>System</Channel>
<Computer>win11en121</Computer>
<Security UserID=S-1-5-18/>
</System>
<EventData><Data Name=Url>http://+:5985/wsman/</Data>
<Data Name=ReserveStatus>0</Data>
<Data Name=ProcessId>4</Data>
<Data Name=ExecutablePath></Data>
<Data Name=UserSid>S-1-5-18</Data>
</EventData>
</Event>
ElfRec#000836 (0x0006d0e0)	2026-01-14T14:00:08.3044080Z	size=368
<Event xmlns=http://schemas.microsoft.com/win/2004/08/events/event><System><Provider Name=Microsoft-Windows-HttpService Guid={dd5ef90a-6398-47a4-ad34-4dcecdef795f}/>
<EventID Qualifiers=(null)>112</EventID>
<Version>0</Version>
<Level>4</Level>
<Task>3</Task>
<Opcode>121</Opcode>
<Keywords>0x4000000000000001</Keywords>
<TimeCreated SystemTime=2026-01-14T14:00:08.304408000Z/>
<EventRecordID>836</EventRecordID>
<Correlation ActivityID=(null) RelatedActivityID=(null)/>
<Execution ProcessID=4 ThreadID=124/>
<Channel>System</Channel>
<Computer>win11en121</Computer>
<Security UserID=S-1-5-18/>
</System>
<EventData><Data Name=Url>http://*:2869/</Data>
<Data Name=ReserveStatus>0</Data>
<Data Name=ProcessId>4</Data>
<Data Name=ExecutablePath></Data>
<Data Name=UserSid>S-1-5-18</Data>
</EventData>
</Event>
ElfRec#000837 (0x0006d250)	2026-01-14T14:00:08.3044101Z	size=376
<Event xmlns=http://schemas.microsoft.com/win/2004/08/events/event><System><Provider Name=Microsoft-Windows-HttpService Guid={dd5ef90a-6398-47a4-ad34-4dcecdef795f}/>
<EventID Qualifiers=(null)>112</EventID>
<Version>0</Version>
<Level>4</Level>
<Task>3</Task>
<Opcode>121</Opcode>
<Keywords>0x4000000000000001</Keywords>
<TimeCreated SystemTime=2026-01-14T14:00:08.304410100Z/>
<EventRecordID>837</EventRecordID>
<Correlation ActivityID=(null) RelatedActivityID=(null)/>
<Execution ProcessID=4 ThreadID=124/>
<Channel>System</Channel>
<Computer>win11en121</Computer>
<Security UserID=S-1-5-18/>
</System>
<EventData><Data Name=Url>https://+:3392/rdp/</Data>
<Data Name=ReserveStatus>0</Data>
<Data Name=ProcessId>4</Data>
<Data Name=ExecutablePath></Data>
<Data Name=UserSid>S-1-5-18</Data>
</EventData>
</Event>
ElfRec#000838 (0x0006d3c8)	2026-01-14T14:00:08.3044122Z	size=376
<Event xmlns=http://schemas.microsoft.com/win/2004/08/events/event><System><Provider Name=Microsoft-Windows-HttpService Guid={dd5ef90a-6398-47a4-ad34-4dcecdef795f}/>
<EventID Qualifiers=(null)>112</EventID>
<Version>0</Version>
<Level>4</Level>
<Task>3</Task>
<Opcode>121</Opcode>
<Keywords>0x4000000000000001</Keywords>
<TimeCreated SystemTime=2026-01-14T14:00:08.304412200Z/>
<EventRecordID>838</EventRecordID>
<Correlation ActivityID=(null) RelatedActivityID=(null)/>
<Execution ProcessID=4 ThreadID=124/>
<Channel>System</Channel>
<Computer>win11en121</Computer>
<Security UserID=S-1-5-18/>
</System>
<EventData><Data Name=Url>http://+:3387/rdp/</Data>
<Data Name=ReserveStatus>0</Data>
<Data Name=ProcessId>4</Data>
<Data Name=ExecutablePath></Data>
<Data Name=UserSid>S-1-5-18</Data>
</EventData>
</Event>
ElfRec#000839 (0x0006d540)	2026-01-14T14:00:08.3044186Z	size=456
<Event xmlns=http://schemas.microsoft.com/win/2004/08/events/event><System><Provider Name=Microsoft-Windows-HttpService Guid={dd5ef90a-6398-47a4-ad34-4dcecdef795f}/>
<EventID Qualifiers=(null)>112</EventID>
<Version>0</Version>
<Level>4</Level>
<Task>3</Task>
<Opcode>121</Opcode>
<Keywords>0x4000000000000001</Keywords>
<TimeCreated SystemTime=2026-01-14T14:00:08.304418600Z/>
<EventRecordID>839</EventRecordID>
<Correlation ActivityID=(null) RelatedActivityID=(null)/>
<Execution ProcessID=4 ThreadID=124/>
<Channel>System</Channel>
<Computer>win11en121</Computer>
<Security UserID=S-1-5-18/>
</System>
<EventData><Data Name=Url>https://+:443/sra_{BA195980-CD49-458b-9E23-C84EE0ADCD75}/</Data>
<Data Name=ReserveStatus>0</Data>
<Data Name=ProcessId>4</Data>
<Data Name=ExecutablePath></Data>
<Data Name=UserSid>S-1-5-18</Data>
</EventData>
</Event>
ElfRec#000840 (0x0006d708)	2026-01-14T14:00:08.3044219Z	size=440
<Event xmlns=http://schemas.microsoft.com/win/2004/08/events/event><System><Provider Name=Microsoft-Windows-HttpService Guid={dd5ef90a-6398-47a4-ad34-4dcecdef795f}/>
<EventID Qualifiers=(null)>112</EventID>
<Version>0</Version>
<Level>4</Level>
<Task>3</Task>
<Opcode>121</Opcode>
<Keywords>0x4000000000000001</Keywords>
<TimeCreated SystemTime=2026-01-14T14:00:08.304421900Z/>
<EventRecordID>840</EventRecordID>
<Correlation ActivityID=(null) RelatedActivityID=(null)/>
<Execution ProcessID=4 ThreadID=124/>
<Channel>System</Channel>
<Computer>win11en121</Computer>
<Security UserID=S-1-5-18/>
</System>
<EventData><Data Name=Url>http://+:80/0131501b-d67f-491b-9a40-c4bf27bcb4d4/</Data>
<Data Name=ReserveStatus>0</Data>
<Data Name=ProcessId>4</Data>
<Data Name=ExecutablePath></Data>
<Data Name=UserSid>S-1-5-18</Data>
</EventData>
</Event>
ElfRec#000841 (0x0006d8c0)	2026-01-14T14:00:08.3044251Z	size=440
<Event xmlns=http://schemas.microsoft.com/win/2004/08/events/event><System><Provider Name=Microsoft-Windows-HttpService Guid={dd5ef90a-6398-47a4-ad34-4dcecdef795f}/>
<EventID Qualifiers=(null)>112</EventID>
<Version>0</Version>
<Level>4</Level>
<Task>3</Task>
<Opcode>121</Opcode>
<Keywords>0x4000000000000001</Keywords>
<TimeCreated SystemTime=2026-01-14T14:00:08.304425100Z/>
<EventRecordID>841</EventRecordID>
<Correlation ActivityID=(null) RelatedActivityID=(null)/>
<Execution ProcessID=4 ThreadID=124/>
<Channel>System</Channel>
<Computer>win11en121</Computer>
<Security UserID=S-1-5-18/>
</System>
<EventData><Data Name=Url>https://+:443/C574AC30-5794-4AEE-B1BB-6651C5315029/</Data>
<Data Name=ReserveStatus>0</Data>
<Data Name=ProcessId>4</Data>
<Data Name=ExecutablePath></Data>
<Data Name=UserSid>S-1-5-18</Data>
</EventData>
</Event>
ElfRec#000842 (0x0006da78)	2026-01-14T14:00:08.3044279Z	size=440
<Event xmlns=http://schemas.microsoft.com/win/2004/08/events/event><System><Provider Name=Microsoft-Windows-HttpService Guid={dd5ef90a-6398-47a4-ad34-4dcecdef795f}/>
<EventID Qualifiers=(null)>112</EventID>
<Version>0</Version>
<Level>4</Level>
<Task>3</Task>
<Opcode>121</Opcode>
<Keywords>0x4000000000000001</Keywords>
<TimeCreated SystemTime=2026-01-14T14:00:08.304427900Z/>
<EventRecordID>842</EventRecordID>
<Correlation ActivityID=(null) RelatedActivityID=(null)/>
<Execution ProcessID=4 ThreadID=124/>
<Channel>System</Channel>
<Computer>win11en121</Computer>
<Security UserID=S-1-5-18/>
</System>
<EventData><Data Name=Url>http://+:80/116B50EB-ECE2-41ac-8429-9F9E963361B7/</Data>
<Data Name=ReserveStatus>0</Data>
<Data Name=ProcessId>4</Data>
<Data Name=ExecutablePath></Data>
<Data Name=UserSid>S-1-5-18</Data>
</EventData>
</Event>
ElfRec#000843 (0x0006dc30)	2026-01-14T14:00:08.3044303Z	size=384
<Event xmlns=http://schemas.microsoft.com/win/2004/08/events/event><System><Provider Name=Microsoft-Windows-HttpService Guid={dd5ef90a-6398-47a4-ad34-4dcecdef795f}/>
<EventID Qualifiers=(null)>112</EventID>
<Version>0</Version>
<Level>4</Level>
<Task>3</Task>
<Opcode>121</Opcode>
<Keywords>0x4000000000000001</Keywords>
<TimeCreated SystemTime=2026-01-14T14:00:08.304430300Z/>
<EventRecordID>843</EventRecordID>
<Correlation ActivityID=(null) RelatedActivityID=(null)/>
<Execution ProcessID=4 ThreadID=124/>
<Channel>System</Channel>
<Computer>win11en121</Computer>
<Security UserID=S-1-5-18/>
</System>
<EventData><Data Name=Url>http://+:10247/apps/</Data>
<Data Name=ReserveStatus>0</Data>
<Data Name=ProcessId>4</Data>
<Data Name=ExecutablePath></Data>
<Data Name=UserSid>S-1-5-18</Data>
</EventData>
</Event>
ElfRec#000844 (0x0006ddb0)	2026-01-14T14:00:08.3044381Z	size=392
<Event xmlns=http://schemas.microsoft.com/win/2004/08/events/event><System><Provider Name=Microsoft-Windows-HttpService Guid={dd5ef90a-6398-47a4-ad34-4dcecdef795f}/>
<EventID Qualifiers=(null)>112</EventID>
<Version>0</Version>
<Level>4</Level>
<Task>3</Task>
<Opcode>121</Opcode>
<Keywords>0x4000000000000001</Keywords>
<TimeCreated SystemTime=2026-01-14T14:00:08.304438100Z/>
<EventRecordID>844</EventRecordID>
<Correlation ActivityID=(null) RelatedActivityID=(null)/>
<Execution ProcessID=4 ThreadID=124/>
<Channel>System</Channel>
<Computer>win11en121</Computer>
<Security UserID=S-1-5-18/>
</System>
<EventData><Data Name=Url>https://+:10245/WMPNSSv4/</Data>
<Data Name=ReserveStatus>0</Data>
<Data Name=ProcessId>4</Data>
<Data Name=ExecutablePath></Data>
<Data Name=UserSid>S-1-5-18</Data>
</EventData>
</Event>
ElfRec#000845 (0x0006df38)	2026-01-14T14:00:08.3044405Z	size=392
<Event xmlns=http://schemas.microsoft.com/win/2004/08/events/event><System><Provider Name=Microsoft-Windows-HttpService Guid={dd5ef90a-6398-47a4-ad34-4dcecdef795f}/>
<EventID Qualifiers=(null)>112</EventID>
<Version>0</Version>
<Level>4</Level>
<Task>3</Task>
<Opcode>121</Opcode>
<Keywords>0x4000000000000001</Keywords>
<TimeCreated SystemTime=2026-01-14T14:00:08.304440500Z/>
<EventRecordID>845</EventRecordID>
<Correlation ActivityID=(null) RelatedActivityID=(null)/>
<Execution ProcessID=4 ThreadID=124/>
<Channel>System</Channel>
<Computer>win11en121</Computer>
<Security UserID=S-1-5-18/>
</System>
<EventData><Data Name=Url>http://+:10243/WMPNSSv4/</Data>
<Data Name=ReserveStatus>0</Data>
<Data Name=ProcessId>4</Data>
<Data Name=ExecutablePath></Data>
<Data Name=UserSid>S-1-5-18</Data>
</EventData>
</Event>
ElfRec#000846 (0x0006e0c0)	2026-01-14T14:00:08.3044431Z	size=392
<Event xmlns=http://schemas.microsoft.com/win/2004/08/events/event><System><Provider Name=Microsoft-Windows-HttpService Guid={dd5ef90a-6398-47a4-ad34-4dcecdef795f}/>
<EventID Qualifiers=(null)>112</EventID>
<Version>0</Version>
<Level>4</Level>
<Task>3</Task>
<Opcode>121</Opcode>
<Keywords>0x4000000000000001</Keywords>
<TimeCreated SystemTime=2026-01-14T14:00:08.304443100Z/>
<EventRecordID>846</EventRecordID>
<Correlation ActivityID=(null) RelatedActivityID=(null)/>
<Execution ProcessID=4 ThreadID=124/>
<Channel>System</Channel>
<Computer>win11en121</Computer>
<Security UserID=S-1-5-18/>
</System>
<EventData><Data Name=Url>http://+:10246/MDEServer/</Data>
<Data Name=ReserveStatus>0</Data>
<Data Name=ProcessId>4</Data>
<Data Name=ExecutablePath></Data>
<Data Name=UserSid>S-1-5-18</Data>
</EventData>
</Event>
ElfRec#000847 (0x0006e248)	2026-01-14T14:00:09.3944296Z	size=1008
<Event xmlns=http://schemas.microsoft.com/win/2004/08/events/event><System><Provider Name=Service Control Manager Guid={555908d1-a6d7-4695-8e1e-26931d2012f4} EventSourceName=Service Control Manager/>
<EventID Qualifiers=49152>7026</EventID>
<Version>0</Version>
<Level>4</Level>
<Task>0</Task>
<Opcode>0</Opcode>
<Keywords>0x8080000000000000</Keywords>
<TimeCreated SystemTime=2026-01-14T14:00:09.394429600Z/>
<EventRecordID>847</EventRecordID>
<Correlation ActivityID=(null) RelatedActivityID=(null)/>
<Execution ProcessID=768 ThreadID=772/>
<Channel>System</Channel>
<Computer>win11en121</Computer>
<Security UserID=(null)/>
</System>
<EventData><Data Name=param1>
dam
uiomap</Data>
</EventData>
</Event>
ElfRec#000848 (0x0006e638)	2026-01-14T14:00:11.4519846Z	size=2280
<Event xmlns=http://schemas.microsoft.com/win/2004/08/events/event><System><Provider Name=Microsoft-Windows-TPM-WMI Guid={7d5387b0-cbe0-11da-a94d-0800200c9a66}/>
<EventID Qualifiers=(null)>1041</EventID>
<Version>0</Version>
<Level>4</Level>
<Task>0</Task>
<Opcode>0</Opcode>
<Keywords>0x8000000000000000</Keywords>
<TimeCreated SystemTime=2026-01-14T14:00:11.451984600Z/>
<EventRecordID>848</EventRecordID>
<Correlation ActivityID=(null) RelatedActivityID=(null)/>
<Execution ProcessID=1828 ThreadID=4120/>
<Channel>System</Channel>
<Computer>win11en121</Computer>
<Security UserID=S-1-5-18/>
</System>
<EventData><Data Name=Json>{"Version":1,"HealthStatus":"Possibly attestable","Required":[{"Field":"TpmPresent","Value":true,"DesiredValue":true},{"Field":"TpmMeetsMinimumVersion","Value":true,"DesiredValue":true},{"Field":"TpmIsResponsive","Value":true,"DesiredValue":true},{"Field":"EkCertIsAvailable","Value":true,"DesiredValue":true},{"Field":"TcgLogFound","Value":true,"DesiredValue":true}],"Expected":[{"Field":"PcrsMatchTcgLog","Value":false,"DesiredValue":true,"DiagnosticInfo":{"SoftwarePcrReplayHresult":0,"HardwarePcrReplayHresult":0,"BitMaskOfPcrMismatches":1}}],"Informational":[{"Field":"SecureBootEnabled","ValueFromComputer":false,"ValueFromTcgLog":false,"DesiredValue":true,"TcgValueIsVerifiable":true},{"Field":"VirtualSecureMemory","ValueFromComputer":false,"ValueFromTcgLog":false,"DesiredValue":true,"TcgValueIsVerifiable":true},{"Field":"SecureCorePCCompliant","ValueFromComputer":false,"ValueFromTcgLog":false,"DesiredValue":true,"TcgValueIsVerifiable":true}]}</Data>
</EventData>
</Event>
ElfRec#000849 (0x0006ef20)	2026-01-14T14:00:11.4520478Z	size=480
<Event xmlns=http://schemas.microsoft.com/win/2004/08/events/event><System><Provider Name=Microsoft-Windows-TPM-WMI Guid={7d5387b0-cbe0-11da-a94d-0800200c9a66}/>
<EventID Qualifiers=(null)>1039</EventID>
<Version>0</Version>
<Level>4</Level>
<Task>0</Task>
<Opcode>0</Opcode>
<Keywords>0x8000000000000000</Keywords>
<TimeCreated SystemTime=2026-01-14T14:00:11.452047800Z/>
<EventRecordID>849</EventRecordID>
<Correlation ActivityID=(null) RelatedActivityID=(null)/>
<Execution ProcessID=1828 ThreadID=4120/>
<Channel>System</Channel>
<Computer>win11en121</Computer>
<Security UserID=S-1-5-18/>
</System>
<EventData><Data Name=Path>C:\WINDOWS\Logs\MeasuredBoot\0000000006-0000000000.json</Data>
</EventData>
</Event>
ElfRec#000850 (0x0006f100)	2026-01-14T14:00:12.7014738Z	size=448
<Event xmlns=http://schemas.microsoft.com/win/2004/08/events/event><System><Provider Name=TPM Guid={1b6b0772-251b-4d42-917d-faca166bc059}/>
<EventID Qualifiers=(null)>18</EventID>
<Version>0</Version>
<Level>4</Level>
<Task>0</Task>
<Opcode>0</Opcode>
<Keywords>0x8000000000000000</Keywords>
<TimeCreated SystemTime=2026-01-14T14:00:12.701473800Z/>
<EventRecordID>850</EventRecordID>
<Correlation ActivityID=(null) RelatedActivityID=(null)/>
<Execution ProcessID=4 ThreadID=252/>
<Channel>System</Channel>
<Computer>win11en121</Computer>
<Security UserID=S-1-5-18/>
</System>
<EventData><Data Name=driverFile>[Unknown Type 0x14, size 4]</Data>
<Data Name=lineNumber>217</Data>
<Data Name=Data>0</Data>
</EventData>
</Event>
ElfRec#000851 (0x0006f2c0)	2026-01-14T14:00:12.9535818Z	size=288
<Event xmlns=http://schemas.microsoft.com/win/2004/08/events/event><System><Provider Name=Microsoft-Windows-TPM-WMI Guid={7d5387b0-cbe0-11da-a94d-0800200c9a66}/>
<EventID Qualifiers=(null)>1282</EventID>
<Version>0</Version>
<Level>4</Level>
<Task>0</Task>
<Opcode>0</Opcode>
<Keywords>0x8000000000000000</Keywords>
<TimeCreated SystemTime=2026-01-14T14:00:12.953581800Z/>
<EventRecordID>851</EventRecordID>
<Correlation ActivityID=(null) RelatedActivityID=(null)/>
<Execution ProcessID=1828 ThreadID=4340/>
<Channel>System</Channel>
<Computer>win11en121</Computer>
<Security UserID=S-1-5-18/>
</System>
<EventData></EventData>
</Event>
ElfRec#000852 (0x0006f3e0)	2026-01-14T14:00:13.6711828Z	size=288
<Event xmlns=http://schemas.microsoft.com/win/2004/08/events/event><System><Provider Name=Microsoft-Windows-TPM-WMI Guid={7d5387b0-cbe0-11da-a94d-0800200c9a66}/>
<EventID Qualifiers=(null)>1025</EventID>
<Version>0</Version>
<Level>4</Level>
<Task>0</Task>
<Opcode>0</Opcode>
<Keywords>0x8000000000000000</Keywords>
<TimeCreated SystemTime=2026-01-14T14:00:13.671182800Z/>
<EventRecordID>852</EventRecordID>
<Correlation ActivityID=(null) RelatedActivityID=(null)/>
<Execution ProcessID=1828 ThreadID=4340/>
<Channel>System</Channel>
<Computer>win11en121</Computer>
<Security UserID=S-1-5-18/>
</System>
<EventData></EventData>
</Event>
ElfRec#000853 (0x0006f500)	2026-01-14T14:00:22.4165852Z	size=456
<Event xmlns=http://schemas.microsoft.com/win/2004/08/events/event><System><Provider Name=Microsoft-Windows-Kernel-General Guid={a68ca8b7-004f-d7b6-a698-07e2de0f1f5d}/>
<EventID Qualifiers=(null)>16</EventID>
<Version>0</Version>
<Level>4</Level>
<Task>0</Task>
<Opcode>0</Opcode>
<Keywords>0x8000000000000000</Keywords>
<TimeCreated SystemTime=2026-01-14T14:00:22.416585200Z/>
<EventRecordID>853</EventRecordID>
<Correlation ActivityID=(null) RelatedActivityID=(null)/>
<Execution ProcessID=1364 ThreadID=1496/>
<Channel>System</Channel>
<Computer>win11en121</Computer>
<Security UserID=S-1-5-18/>
</System>
<EventData><Data Name=HiveNameLength>65</Data>
<Data Name=HiveName>\??\C:\Users\endoaki\AppData\Local\Microsoft\Windows\UsrClass.dat</Data>
<Data Name=KeysUpdated>4340</Data>
<Data Name=DirtyPages>397</Data>
</EventData>
</Event>
ElfRec#000854 (0x0006f6c8)	2026-01-14T14:00:30.9745223Z	size=352
<Event xmlns=http://schemas.microsoft.com/win/2004/08/events/event><System><Provider Name=Service Control Manager Guid={555908d1-a6d7-4695-8e1e-26931d2012f4} EventSourceName=Service Control Manager/>
<EventID Qualifiers=16384>7040</EventID>
<Version>0</Version>
<Level>4</Level>
<Task>0</Task>
<Opcode>0</Opcode>
<Keywords>0x8080000000000000</Keywords>
<TimeCreated SystemTime=2026-01-14T14:00:30.974522300Z/>
<EventRecordID>854</EventRecordID>
<Correlation ActivityID=(null) RelatedActivityID=(null)/>
<Execution ProcessID=768 ThreadID=868/>
<Channel>System</Channel>
<Computer>win11en121</Computer>
<Security UserID=S-1-5-18/>
</System>
<EventData><Data Name=param1>Background Intelligent Transfer Service</Data>
<Data Name=param2>demand start</Data>
<Data Name=param3>auto start</Data>
<Data Name=param4>BITS</Data>
</EventData>
</Event>
ElfRec#000855 (0x0006f828)	2026-01-14T14:02:05.3874032Z	size=1744
<Event xmlns=http://schemas.microsoft.com/win/2004/08/events/event><System><Provider Name=Microsoft-Windows-DistributedCOM Guid={1B562E86-B7AA-4131-BADC-B6F3A001407E} EventSourceName=DCOM/>
<EventID Qualifiers=0>10016</EventID>
<Version>0</Version>
<Level>3</Level>
<Task>0</Task>
<Opcode>0</Opcode>
<Keywords>0x8080000000000000</Keywords>
<TimeCreated SystemTime=2026-01-14T14:02:05.387403200Z/>
<EventRecordID>855</EventRecordID>
<Correlation ActivityID=(null) RelatedActivityID=(null)/>
<Execution ProcessID=428 ThreadID=1720/>
<Channel>System</Channel>
<Computer>win11en121</Computer>
<Security UserID=S-1-5-18/>
</System>
<EventData><Data Name=param1>application-specific</Data>
<Data Name=param2>Local</Data>
<Data Name=param3>Launch</Data>
<Data Name=param4>Windows.SecurityCenter.WscDataProtection</Data>
<Data Name=param5>Unavailable</Data>
<Data Name=param6>NT AUTHORITY</Data>
<Data Name=param7>SYSTEM</Data>
<Data Name=param8>S-1-5-18</Data>
<Data Name=param9>LocalHost (Using LRPC)</Data>
<Data Name=param10>Unavailable</Data>
<Data Name=param11>Unavailable</Data>
</EventData>
</Event>
