ElfRec#000710 (0x0005daa0)	2026-01-14T04:52:16.7378198Z	size=448
<Event xmlns=http://schemas.microsoft.com/win/2004/08/events/event><System><Provider Name=Microsoft-Windows-WindowsUpdateClient Guid={945a8954-c147-4acd-923f-40c45405a658}/>
<EventID Qualifiers=(null)>19</EventID>
<Version>1</Version>
<Level>4</Level>
<Task>1</Task>
<Opcode>13</Opcode>
<Keywords>0x8000000000000018</Keywords>
<TimeCreated SystemTime=2026-01-14T04:52:16.737819800Z/>
<EventRecordID>710</EventRecordID>
<Correlation ActivityID={16f85277-859f-0001-90ee-fd169f85dc01} RelatedActivityID=(null)/>
<Execution ProcessID=6504 ThreadID=7740/>
<Channel>System</Channel>
<Computer>DESKTOP-5VCD46O</Computer>
<Security UserID=S-1-5-18/>
</System>
<EventData><Data Name=updateTitle>9NKRJ3SJ9SDG-Microsoft.WindowsAppRuntime.1.8</Data>
<Data Name=updateGuid>{de78e017-ef4f-4aa9-92db-40f837c4fcde}</Data>
<Data Name=updateRevisionNumber>1</Data>
<Data Name=serviceGuid>{855e8a7c-ecb4-4ca3-b045-1dfa50104289}</Data>
</EventData>
</Event>
ElfRec#000711 (0x0005dc60)	2026-01-14T04:52:16.8103692Z	size=400
<Event xmlns=http://schemas.microsoft.com/win/2004/08/events/event><System><Provider Name=Microsoft-Windows-WindowsUpdateClient Guid={945a8954-c147-4acd-923f-40c45405a658}/>
<EventID Qualifiers=(null)>43</EventID>
<Version>1</Version>
<Level>4</Level>
<Task>1</Task>
<Opcode>13</Opcode>
<Keywords>0x8000000000002008</Keywords>
<TimeCreated SystemTime=2026-01-14T04:52:16.810369200Z/>
<EventRecordID>711</EventRecordID>
<Correlation ActivityID={16f85277-859f-0001-90ee-fd169f85dc01} RelatedActivityID=(null)/>
<Execution ProcessID=6504 ThreadID=7740/>
<Channel>System</Channel>
<Computer>DESKTOP-5VCD46O</Computer>
<Security UserID=S-1-5-18/>
</System>
<EventData><Data Name=updateTitle>9PCFS5B6T72H-Microsoft.Paint</Data>
<Data Name=updateGuid>{bb49c64f-d987-4618-8bf9-1ad7963a1061}</Data>
<Data Name=updateRevisionNumber>1</Data>
</EventData>
</Event>
ElfRec#000712 (0x0005ddf0)	2026-01-14T04:52:16.8611981Z	size=448
<Event xmlns=http://schemas.microsoft.com/win/2004/08/events/event><System><Provider Name=Microsoft-Windows-WindowsUpdateClient Guid={945a8954-c147-4acd-923f-40c45405a658}/>
<EventID Qualifiers=(null)>19</EventID>
<Version>1</Version>
<Level>4</Level>
<Task>1</Task>
<Opcode>13</Opcode>
<Keywords>0x8000000000000018</Keywords>
<TimeCreated SystemTime=2026-01-14T04:52:16.861198100Z/>
<EventRecordID>712</EventRecordID>
<Correlation ActivityID={16f85277-859f-0001-b5ef-fd169f85dc01} RelatedActivityID=(null)/>
<Execution ProcessID=6504 ThreadID=1692/>
<Channel>System</Channel>
<Computer>DESKTOP-5VCD46O</Computer>
<Security UserID=S-1-5-18/>
</System>
<EventData><Data Name=updateTitle>9P2VP41KK7LF-Microsoft.WindowsAppRuntime.1.6</Data>
<Data Name=updateGuid>{ad8b81e0-a360-4504-85c1-51615bc3c4f0}</Data>
<Data Name=updateRevisionNumber>1</Data>
<Data Name=serviceGuid>{855e8a7c-ecb4-4ca3-b045-1dfa50104289}</Data>
</EventData>
</Event>
ElfRec#000713 (0x0005dfb0)	2026-01-14T04:52:16.9495569Z	size=440
<Event xmlns=http://schemas.microsoft.com/win/2004/08/events/event><System><Provider Name=Microsoft-Windows-WindowsUpdateClient Guid={945a8954-c147-4acd-923f-40c45405a658}/>
<EventID Qualifiers=(null)>43</EventID>
<Version>1</Version>
<Level>4</Level>
<Task>1</Task>
<Opcode>13</Opcode>
<Keywords>0x8000000000002008</Keywords>
<TimeCreated SystemTime=2026-01-14T04:52:16.949556900Z/>
<EventRecordID>713</EventRecordID>
<Correlation ActivityID={16f85277-859f-0001-b5ef-fd169f85dc01} RelatedActivityID=(null)/>
<Execution ProcessID=6504 ThreadID=1692/>
<Channel>System</Channel>
<Computer>DESKTOP-5VCD46O</Computer>
<Security UserID=S-1-5-18/>
</System>
<EventData><Data Name=updateTitle>9MSSGKG348SP-MicrosoftWindows.Client.WebExperience</Data>
<Data Name=updateGuid>{51860427-f7cc-4f99-a1a0-c194add0ef98}</Data>
<Data Name=updateRevisionNumber>1</Data>
</EventData>
</Event>
ElfRec#000714 (0x0005e168)	2026-01-14T04:52:17.0192214Z	size=528
<Event xmlns=http://schemas.microsoft.com/win/2004/08/events/event><System><Provider Name=Microsoft-Windows-Kernel-General Guid={a68ca8b7-004f-d7b6-a698-07e2de0f1f5d}/>
<EventID Qualifiers=(null)>16</EventID>
<Version>0</Version>
<Level>4</Level>
<Task>0</Task>
<Opcode>0</Opcode>
<Keywords>0x8000000000000000</Keywords>
<TimeCreated SystemTime=2026-01-14T04:52:17.019221400Z/>
<EventRecordID>714</EventRecordID>
<Correlation ActivityID=(null) RelatedActivityID=(null)/>
<Execution ProcessID=3492 ThreadID=5800/>
<Channel>System</Channel>
<Computer>DESKTOP-5VCD46O</Computer>
<Security UserID=S-1-5-21-3154672976-900801122-4255023966-1001/>
</System>
<EventData><Data Name=HiveNameLength>95</Data>
<Data Name=HiveName>\??\C:\Users\endoaki\AppData\Local\Packages\Microsoft.Paint_8wekyb3d8bbwe\Settings\settings.dat</Data>
<Data Name=KeysUpdated>3</Data>
<Data Name=DirtyPages>1</Data>
</EventData>
</Event>
ElfRec#000715 (0x0005e378)	2026-01-14T04:52:17.1653084Z	size=472
<Event xmlns=http://schemas.microsoft.com/win/2004/08/events/event><System><Provider Name=Microsoft-Windows-WindowsUpdateClient Guid={945a8954-c147-4acd-923f-40c45405a658}/>
<EventID Qualifiers=(null)>20</EventID>
<Version>1</Version>
<Level>2</Level>
<Task>1</Task>
<Opcode>13</Opcode>
<Keywords>0x8000000000000028</Keywords>
<TimeCreated SystemTime=2026-01-14T04:52:17.165308400Z/>
<EventRecordID>715</EventRecordID>
<Correlation ActivityID={16f85277-859f-0000-b5f7-fd169f85dc01} RelatedActivityID=(null)/>
<Execution ProcessID=6504 ThreadID=1692/>
<Channel>System</Channel>
<Computer>DESKTOP-5VCD46O</Computer>
<Security UserID=S-1-5-18/>
</System>
<EventData><Data Name=errorCode>[Unknown Type 0x14, size 4]</Data>
<Data Name=updateTitle>9MSSGKG348SP-MicrosoftWindows.Client.WebExperience</Data>
<Data Name=updateGuid>{51860427-f7cc-4f99-a1a0-c194add0ef98}</Data>
<Data Name=updateRevisionNumber>1</Data>
<Data Name=serviceGuid>{855e8a7c-ecb4-4ca3-b045-1dfa50104289}</Data>
</EventData>
</Event>
ElfRec#000716 (0x0005e550)	2026-01-14T04:52:17.5904673Z	size=416
<Event xmlns=http://schemas.microsoft.com/win/2004/08/events/event><System><Provider Name=Microsoft-Windows-WindowsUpdateClient Guid={945a8954-c147-4acd-923f-40c45405a658}/>
<EventID Qualifiers=(null)>19</EventID>
<Version>1</Version>
<Level>4</Level>
<Task>1</Task>
<Opcode>13</Opcode>
<Keywords>0x8000000000000018</Keywords>
<TimeCreated SystemTime=2026-01-14T04:52:17.590467300Z/>
<EventRecordID>716</EventRecordID>
<Correlation ActivityID={16f85277-859f-0000-ecf5-fd169f85dc01} RelatedActivityID=(null)/>
<Execution ProcessID=6504 ThreadID=7740/>
<Channel>System</Channel>
<Computer>DESKTOP-5VCD46O</Computer>
<Security UserID=S-1-5-18/>
</System>
<EventData><Data Name=updateTitle>9PCFS5B6T72H-Microsoft.Paint</Data>
<Data Name=updateGuid>{bb49c64f-d987-4618-8bf9-1ad7963a1061}</Data>
<Data Name=updateRevisionNumber>1</Data>
<Data Name=serviceGuid>{855e8a7c-ecb4-4ca3-b045-1dfa50104289}</Data>
</EventData>
</Event>
ElfRec#000717 (0x0005e6f0)	2026-01-14T04:52:18.3533369Z	size=416
<Event xmlns=http://schemas.microsoft.com/win/2004/08/events/event><System><Provider Name=Microsoft-Windows-WindowsUpdateClient Guid={945a8954-c147-4acd-923f-40c45405a658}/>
<EventID Qualifiers=(null)>44</EventID>
<Version>1</Version>
<Level>4</Level>
<Task>1</Task>
<Opcode>12</Opcode>
<Keywords>0x8000000000002004</Keywords>
<TimeCreated SystemTime=2026-01-14T04:52:18.353336900Z/>
<EventRecordID>717</EventRecordID>
<Correlation ActivityID=(null) RelatedActivityID=(null)/>
<Execution ProcessID=6504 ThreadID=9480/>
<Channel>System</Channel>
<Computer>DESKTOP-5VCD46O</Computer>
<Security UserID=S-1-5-18/>
</System>
<EventData><Data Name=updateTitle>9MSMLRH6LZF3-Microsoft.WindowsNotepad</Data>
<Data Name=updateGuid>{f03a1454-d6df-43c9-acdd-2c9d190034c8}</Data>
<Data Name=updateRevisionNumber>1</Data>
</EventData>
</Event>
ElfRec#000718 (0x0005e890)	2026-01-14T04:52:18.3533393Z	size=432
<Event xmlns=http://schemas.microsoft.com/win/2004/08/events/event><System><Provider Name=Microsoft-Windows-WindowsUpdateClient Guid={945a8954-c147-4acd-923f-40c45405a658}/>
<EventID Qualifiers=(null)>44</EventID>
<Version>1</Version>
<Level>4</Level>
<Task>1</Task>
<Opcode>12</Opcode>
<Keywords>0x8000000000002004</Keywords>
<TimeCreated SystemTime=2026-01-14T04:52:18.353339300Z/>
<EventRecordID>718</EventRecordID>
<Correlation ActivityID=(null) RelatedActivityID=(null)/>
<Execution ProcessID=6504 ThreadID=9480/>
<Channel>System</Channel>
<Computer>DESKTOP-5VCD46O</Computer>
<Security UserID=S-1-5-18/>
</System>
<EventData><Data Name=updateTitle>9N7V66BG7XT8-Microsoft.WindowsAppRuntime.1.7</Data>
<Data Name=updateGuid>{795f38c2-c095-4b4e-a068-431808327e82}</Data>
<Data Name=updateRevisionNumber>1</Data>
</EventData>
</Event>
ElfRec#000719 (0x0005ea40)	2026-01-14T04:52:18.3533416Z	size=416
<Event xmlns=http://schemas.microsoft.com/win/2004/08/events/event><System><Provider Name=Microsoft-Windows-WindowsUpdateClient Guid={945a8954-c147-4acd-923f-40c45405a658}/>
<EventID Qualifiers=(null)>44</EventID>
<Version>1</Version>
<Level>4</Level>
<Task>1</Task>
<Opcode>12</Opcode>
<Keywords>0x8000000000002004</Keywords>
<TimeCreated SystemTime=2026-01-14T04:52:18.353341600Z/>
<EventRecordID>719</EventRecordID>
<Correlation ActivityID=(null) RelatedActivityID=(null)/>
<Execution ProcessID=6504 ThreadID=9480/>
<Channel>System</Channel>
<Computer>DESKTOP-5VCD46O</Computer>
<Security UserID=S-1-5-18/>
</System>
<EventData><Data Name=updateTitle>9MSMLRH6LZF3-Microsoft.WindowsNotepad</Data>
<Data Name=updateGuid>{f03a1454-d6df-43c9-acdd-2c9d190034c8}</Data>
<Data Name=updateRevisionNumber>1</Data>
</EventData>
</Event>
ElfRec#000720 (0x0005ebe0)	2026-01-14T04:52:18.3533965Z	size=432
<Event xmlns=http://schemas.microsoft.com/win/2004/08/events/event><System><Provider Name=Microsoft-Windows-WindowsUpdateClient Guid={945a8954-c147-4acd-923f-40c45405a658}/>
<EventID Qualifiers=(null)>43</EventID>
<Version>1</Version>
<Level>4</Level>
<Task>1</Task>
<Opcode>13</Opcode>
<Keywords>0x8000000000002008</Keywords>
<TimeCreated SystemTime=2026-01-14T04:52:18.353396500Z/>
<EventRecordID>720</EventRecordID>
<Correlation ActivityID=(null) RelatedActivityID=(null)/>
<Execution ProcessID=6504 ThreadID=9480/>
<Channel>System</Channel>
<Computer>DESKTOP-5VCD46O</Computer>
<Security UserID=S-1-5-18/>
</System>
<EventData><Data Name=updateTitle>9NH2SW16MQ7F-Microsoft.WindowsAppRuntime.1.5</Data>
<Data Name=updateGuid>{9e7b6034-6a40-4f49-ba32-0d77661c32a5}</Data>
<Data Name=updateRevisionNumber>1</Data>
</EventData>
</Event>
ElfRec#000721 (0x0005ed90)	2026-01-14T04:52:18.8324270Z	size=448
<Event xmlns=http://schemas.microsoft.com/win/2004/08/events/event><System><Provider Name=Microsoft-Windows-WindowsUpdateClient Guid={945a8954-c147-4acd-923f-40c45405a658}/>
<EventID Qualifiers=(null)>19</EventID>
<Version>1</Version>
<Level>4</Level>
<Task>1</Task>
<Opcode>13</Opcode>
<Keywords>0x8000000000000018</Keywords>
<TimeCreated SystemTime=2026-01-14T04:52:18.832427000Z/>
<EventRecordID>721</EventRecordID>
<Correlation ActivityID={16f85277-859f-0000-2803-fe169f85dc01} RelatedActivityID=(null)/>
<Execution ProcessID=6504 ThreadID=9480/>
<Channel>System</Channel>
<Computer>DESKTOP-5VCD46O</Computer>
<Security UserID=S-1-5-18/>
</System>
<EventData><Data Name=updateTitle>9NH2SW16MQ7F-Microsoft.WindowsAppRuntime.1.5</Data>
<Data Name=updateGuid>{9e7b6034-6a40-4f49-ba32-0d77661c32a5}</Data>
<Data Name=updateRevisionNumber>1</Data>
<Data Name=serviceGuid>{855e8a7c-ecb4-4ca3-b045-1dfa50104289}</Data>
</EventData>
</Event>
ElfRec#000722 (0x0005ef50)	2026-01-14T04:52:18.8621005Z	size=416
<Event xmlns=http://schemas.microsoft.com/win/2004/08/events/event><System><Provider Name=Microsoft-Windows-WindowsUpdateClient Guid={945a8954-c147-4acd-923f-40c45405a658}/>
<EventID Qualifiers=(null)>43</EventID>
<Version>1</Version>
<Level>4</Level>
<Task>1</Task>
<Opcode>13</Opcode>
<Keywords>0x8000000000002008</Keywords>
<TimeCreated SystemTime=2026-01-14T04:52:18.862100500Z/>
<EventRecordID>722</EventRecordID>
<Correlation ActivityID={16f85277-859f-0000-2803-fe169f85dc01} RelatedActivityID=(null)/>
<Execution ProcessID=6504 ThreadID=9480/>
<Channel>System</Channel>
<Computer>DESKTOP-5VCD46O</Computer>
<Security UserID=S-1-5-18/>
</System>
<EventData><Data Name=updateTitle>9MZ95KL8MR0L-Microsoft.ScreenSketch</Data>
<Data Name=updateGuid>{048d4430-6317-47eb-8d9c-04dc3a63273e}</Data>
<Data Name=updateRevisionNumber>1</Data>
</EventData>
</Event>
ElfRec#000723 (0x0005f0f0)	2026-01-14T04:52:18.9707676Z	size=544
<Event xmlns=http://schemas.microsoft.com/win/2004/08/events/event><System><Provider Name=Microsoft-Windows-Kernel-General Guid={a68ca8b7-004f-d7b6-a698-07e2de0f1f5d}/>
<EventID Qualifiers=(null)>16</EventID>
<Version>0</Version>
<Level>4</Level>
<Task>0</Task>
<Opcode>0</Opcode>
<Keywords>0x8000000000000000</Keywords>
<TimeCreated SystemTime=2026-01-14T04:52:18.970767600Z/>
<EventRecordID>723</EventRecordID>
<Correlation ActivityID=(null) RelatedActivityID=(null)/>
<Execution ProcessID=3492 ThreadID=5800/>
<Channel>System</Channel>
<Computer>DESKTOP-5VCD46O</Computer>
<Security UserID=S-1-5-21-3154672976-900801122-4255023966-1001/>
</System>
<EventData><Data Name=HiveNameLength>102</Data>
<Data Name=HiveName>\??\C:\Users\endoaki\AppData\Local\Packages\Microsoft.ScreenSketch_8wekyb3d8bbwe\Settings\settings.dat</Data>
<Data Name=KeysUpdated>3</Data>
<Data Name=DirtyPages>1</Data>
</EventData>
</Event>
ElfRec#000724 (0x0005f310)	2026-01-14T04:52:19.2658470Z	size=432
<Event xmlns=http://schemas.microsoft.com/win/2004/08/events/event><System><Provider Name=Microsoft-Windows-WindowsUpdateClient Guid={945a8954-c147-4acd-923f-40c45405a658}/>
<EventID Qualifiers=(null)>19</EventID>
<Version>1</Version>
<Level>4</Level>
<Task>1</Task>
<Opcode>13</Opcode>
<Keywords>0x8000000000000018</Keywords>
<TimeCreated SystemTime=2026-01-14T04:52:19.265847000Z/>
<EventRecordID>724</EventRecordID>
<Correlation ActivityID={16f85277-859f-0000-5804-fe169f85dc01} RelatedActivityID=(null)/>
<Execution ProcessID=6504 ThreadID=9480/>
<Channel>System</Channel>
<Computer>DESKTOP-5VCD46O</Computer>
<Security UserID=S-1-5-18/>
</System>
<EventData><Data Name=updateTitle>9MZ95KL8MR0L-Microsoft.ScreenSketch</Data>
<Data Name=updateGuid>{048d4430-6317-47eb-8d9c-04dc3a63273e}</Data>
<Data Name=updateRevisionNumber>1</Data>
<Data Name=serviceGuid>{855e8a7c-ecb4-4ca3-b045-1dfa50104289}</Data>
</EventData>
</Event>
ElfRec#000725 (0x0005f4c0)	2026-01-14T04:52:26.9696631Z	size=600
<Event xmlns=http://schemas.microsoft.com/win/2004/08/events/event><System><Provider Name=Microsoft-Windows-Kernel-General Guid={a68ca8b7-004f-d7b6-a698-07e2de0f1f5d}/>
<EventID Qualifiers=(null)>16</EventID>
<Version>0</Version>
<Level>4</Level>
<Task>0</Task>
<Opcode>0</Opcode>
<Keywords>0x8000000000000000</Keywords>
<TimeCreated SystemTime=2026-01-14T04:52:26.969663100Z/>
<EventRecordID>725</EventRecordID>
<Correlation ActivityID=(null) RelatedActivityID=(null)/>
<Execution ProcessID=3492 ThreadID=5800/>
<Channel>System</Channel>
<Computer>DESKTOP-5VCD46O</Computer>
<Security UserID=S-1-5-18/>
</System>
<EventData><Data Name=HiveNameLength>138</Data>
<Data Name=HiveName>\??\C:\ProgramData\Microsoft\Windows\AppRepository\Packages\Microsoft.WindowsNotepad_11.2510.14.0_arm64__8wekyb3d8bbwe\ActivationStore.dat</Data>
<Data Name=KeysUpdated>0</Data>
<Data Name=DirtyPages>0</Data>
</EventData>
</Event>
ElfRec#000726 (0x0005f718)	2026-01-14T04:52:31.3279188Z	size=624
<Event xmlns=http://schemas.microsoft.com/win/2004/08/events/event><System><Provider Name=Microsoft-Windows-Kernel-General Guid={a68ca8b7-004f-d7b6-a698-07e2de0f1f5d}/>
<EventID Qualifiers=(null)>16</EventID>
<Version>0</Version>
<Level>4</Level>
<Task>0</Task>
<Opcode>0</Opcode>
<Keywords>0x8000000000000000</Keywords>
<TimeCreated SystemTime=2026-01-14T04:52:31.327918800Z/>
<EventRecordID>726</EventRecordID>
<Correlation ActivityID=(null) RelatedActivityID=(null)/>
<Execution ProcessID=3492 ThreadID=5800/>
<Channel>System</Channel>
<Computer>DESKTOP-5VCD46O</Computer>
<Security UserID=S-1-5-18/>
</System>
<EventData><Data Name=HiveNameLength>148</Data>
<Data Name=HiveName>\??\C:\ProgramData\Microsoft\Windows\AppRepository\Packages\Microsoft.WindowsAppRuntime.1.7_7000.676.1651.0_arm64__8wekyb3d8bbwe\ActivationStore.dat</Data>
<Data Name=KeysUpdated>0</Data>
<Data Name=DirtyPages>0</Data>
</EventData>
</Event>
ElfRec#000727 (0x0005f988)	2026-01-14T04:52:35.4274802Z	size=616
<Event xmlns=http://schemas.microsoft.com/win/2004/08/events/event><System><Provider Name=Microsoft-Windows-Kernel-General Guid={a68ca8b7-004f-d7b6-a698-07e2de0f1f5d}/>
<EventID Qualifiers=(null)>16</EventID>
<Version>0</Version>
<Level>4</Level>
<Task>0</Task>
<Opcode>0</Opcode>
<Keywords>0x8000000000000000</Keywords>
<TimeCreated SystemTime=2026-01-14T04:52:35.427480200Z/>
<EventRecordID>727</EventRecordID>
<Correlation ActivityID=(null) RelatedActivityID=(null)/>
<Execution ProcessID=3492 ThreadID=5800/>
<Channel>System</Channel>
<Computer>DESKTOP-5VCD46O</Computer>
<Security UserID=S-1-5-18/>
</System>
<EventData><Data Name=HiveNameLength>146</Data>
<Data Name=HiveName>\??\C:\ProgramData\Microsoft\Windows\AppRepository\Packages\Microsoft.WindowsAppRuntime.1.7_7000.676.1651.0_x86__8wekyb3d8bbwe\ActivationStore.dat</Data>
<Data Name=KeysUpdated>0</Data>
<Data Name=DirtyPages>0</Data>
</EventData>
</Event>
ElfRec#000728 (0x0005fbf0)	2026-01-14T04:52:39.7634916Z	size=616
<Event xmlns=http://schemas.microsoft.com/win/2004/08/events/event><System><Provider Name=Microsoft-Windows-Kernel-General Guid={a68ca8b7-004f-d7b6-a698-07e2de0f1f5d}/>
<EventID Qualifiers=(null)>16</EventID>
<Version>0</Version>
<Level>4</Level>
<Task>0</Task>
<Opcode>0</Opcode>
<Keywords>0x8000000000000000</Keywords>
<TimeCreated SystemTime=2026-01-14T04:52:39.763491600Z/>
<EventRecordID>728</EventRecordID>
<Correlation ActivityID=(null) RelatedActivityID=(null)/>
<Execution ProcessID=3492 ThreadID=5800/>
<Channel>System</Channel>
<Computer>DESKTOP-5VCD46O</Computer>
<Security UserID=S-1-5-18/>
</System>
<EventData><Data Name=HiveNameLength>146</Data>
<Data Name=HiveName>\??\C:\ProgramData\Microsoft\Windows\AppRepository\Packages\Microsoft.WindowsAppRuntime.1.7_7000.676.1651.0_x64__8wekyb3d8bbwe\ActivationStore.dat</Data>
<Data Name=KeysUpdated>0</Data>
<Data Name=DirtyPages>0</Data>
</EventData>
</Event>
ElfRec#000729 (0x0005fe58)	2026-01-14T04:52:40.9345636Z	size=432
<Event xmlns=http://schemas.microsoft.com/win/2004/08/events/event><System><Provider Name=Microsoft-Windows-WindowsUpdateClient Guid={945a8954-c147-4acd-923f-40c45405a658}/>
<EventID Qualifiers=(null)>43</EventID>
<Version>1</Version>
<Level>4</Level>
<Task>1</Task>
<Opcode>13</Opcode>
<Keywords>0x8000000000002008</Keywords>
<TimeCreated SystemTime=2026-01-14T04:52:40.934563600Z/>
<EventRecordID>729</EventRecordID>
<Correlation ActivityID=(null) RelatedActivityID=(null)/>
<Execution ProcessID=6504 ThreadID=10236/>
<Channel>System</Channel>
<Computer>DESKTOP-5VCD46O</Computer>
<Security UserID=S-1-5-18/>
</System>
<EventData><Data Name=updateTitle>9N7V66BG7XT8-Microsoft.WindowsAppRuntime.1.7</Data>
<Data Name=updateGuid>{795f38c2-c095-4b4e-a068-431808327e82}</Data>
<Data Name=updateRevisionNumber>1</Data>
</EventData>
</Event>
ElfRec#000730 (0x00060008)	2026-01-14T04:52:41.3508185Z	size=448
<Event xmlns=http://schemas.microsoft.com/win/2004/08/events/event><System><Provider Name=Microsoft-Windows-WindowsUpdateClient Guid={945a8954-c147-4acd-923f-40c45405a658}/>
<EventID Qualifiers=(null)>19</EventID>
<Version>1</Version>
<Level>4</Level>
<Task>1</Task>
<Opcode>13</Opcode>
<Keywords>0x8000000000000018</Keywords>
<TimeCreated SystemTime=2026-01-14T04:52:41.350818500Z/>
<EventRecordID>730</EventRecordID>
<Correlation ActivityID={16f85277-859f-0000-3df3-00179f85dc01} RelatedActivityID=(null)/>
<Execution ProcessID=6504 ThreadID=10236/>
<Channel>System</Channel>
<Computer>DESKTOP-5VCD46O</Computer>
<Security UserID=S-1-5-18/>
</System>
<EventData><Data Name=updateTitle>9N7V66BG7XT8-Microsoft.WindowsAppRuntime.1.7</Data>
<Data Name=updateGuid>{795f38c2-c095-4b4e-a068-431808327e82}</Data>
<Data Name=updateRevisionNumber>1</Data>
<Data Name=serviceGuid>{855e8a7c-ecb4-4ca3-b045-1dfa50104289}</Data>
</EventData>
</Event>
ElfRec#000731 (0x000601c8)	2026-01-14T04:52:41.3836505Z	size=416
<Event xmlns=http://schemas.microsoft.com/win/2004/08/events/event><System><Provider Name=Microsoft-Windows-WindowsUpdateClient Guid={945a8954-c147-4acd-923f-40c45405a658}/>
<EventID Qualifiers=(null)>43</EventID>
<Version>1</Version>
<Level>4</Level>
<Task>1</Task>
<Opcode>13</Opcode>
<Keywords>0x8000000000002008</Keywords>
<TimeCreated SystemTime=2026-01-14T04:52:41.383650500Z/>
<EventRecordID>731</EventRecordID>
<Correlation ActivityID={16f85277-859f-0000-3df3-00179f85dc01} RelatedActivityID=(null)/>
<Execution ProcessID=6504 ThreadID=10236/>
<Channel>System</Channel>
<Computer>DESKTOP-5VCD46O</Computer>
<Security UserID=S-1-5-18/>
</System>
<EventData><Data Name=updateTitle>9MSMLRH6LZF3-Microsoft.WindowsNotepad</Data>
<Data Name=updateGuid>{f03a1454-d6df-43c9-acdd-2c9d190034c8}</Data>
<Data Name=updateRevisionNumber>1</Data>
</EventData>
</Event>
ElfRec#000732 (0x00060368)	2026-01-14T04:52:41.5427495Z	size=448
<Event xmlns=http://schemas.microsoft.com/win/2004/08/events/event><System><Provider Name=Microsoft-Windows-WindowsUpdateClient Guid={945a8954-c147-4acd-923f-40c45405a658}/>
<EventID Qualifiers=(null)>20</EventID>
<Version>1</Version>
<Level>2</Level>
<Task>1</Task>
<Opcode>13</Opcode>
<Keywords>0x8000000000000028</Keywords>
<TimeCreated SystemTime=2026-01-14T04:52:41.542749500Z/>
<EventRecordID>732</EventRecordID>
<Correlation ActivityID={16f85277-859f-0001-abf5-05179f85dc01} RelatedActivityID=(null)/>
<Execution ProcessID=6504 ThreadID=10236/>
<Channel>System</Channel>
<Computer>DESKTOP-5VCD46O</Computer>
<Security UserID=S-1-5-18/>
</System>
<EventData><Data Name=errorCode>[Unknown Type 0x14, size 4]</Data>
<Data Name=updateTitle>9MSMLRH6LZF3-Microsoft.WindowsNotepad</Data>
<Data Name=updateGuid>{f03a1454-d6df-43c9-acdd-2c9d190034c8}</Data>
<Data Name=updateRevisionNumber>1</Data>
<Data Name=serviceGuid>{855e8a7c-ecb4-4ca3-b045-1dfa50104289}</Data>
</EventData>
</Event>
ElfRec#000733 (0x00060528)	2026-01-14T04:55:37.5836624Z	size=392
<Event xmlns=http://schemas.microsoft.com/win/2004/08/events/event><System><Provider Name=Microsoft-Windows-Kernel-General Guid={a68ca8b7-004f-d7b6-a698-07e2de0f1f5d}/>
<EventID Qualifiers=(null)>16</EventID>
<Version>0</Version>
<Level>4</Level>
<Task>0</Task>
<Opcode>0</Opcode>
<Keywords>0x8000000000000000</Keywords>
<TimeCreated SystemTime=2026-01-14T04:55:37.583662400Z/>
<EventRecordID>733</EventRecordID>
<Correlation ActivityID=(null) RelatedActivityID=(null)/>
<Execution ProcessID=4 ThreadID=304/>
<Channel>System</Channel>
<Computer>DESKTOP-5VCD46O</Computer>
<Security UserID=S-1-5-18/>
</System>
<EventData><Data Name=HiveNameLength>35</Data>
<Data Name=HiveName>\SystemRoot\System32\config\DRIVERS</Data>
<Data Name=KeysUpdated>996</Data>
<Data Name=DirtyPages>107</Data>
</EventData>
</Event>
ElfRec#000734 (0x000606b0)	2026-01-14T04:55:54.6574778Z	size=584
<Event xmlns=http://schemas.microsoft.com/win/2004/08/events/event><System><Provider Name=Microsoft-Windows-WindowsUpdateClient Guid={945a8954-c147-4acd-923f-40c45405a658}/>
<EventID Qualifiers=(null)>44</EventID>
<Version>1</Version>
<Level>4</Level>
<Task>1</Task>
<Opcode>12</Opcode>
<Keywords>0x8000000000002004</Keywords>
<TimeCreated SystemTime=2026-01-14T04:55:54.657477800Z/>
<EventRecordID>734</EventRecordID>
<Correlation ActivityID=(null) RelatedActivityID=(null)/>
<Execution ProcessID=6504 ThreadID=6348/>
<Channel>System</Channel>
<Computer>DESKTOP-5VCD46O</Computer>
<Security UserID=S-1-5-18/>
</System>
<EventData><Data Name=updateTitle>Security Intelligence Update for Microsoft Defender Antivirus - KB2267602 (Version 1.443.663.0) - Current Channel (Broad)</Data>
<Data Name=updateGuid>{c15e3e07-37aa-4c4a-978b-9d68fac06e6d}</Data>
<Data Name=updateRevisionNumber>200</Data>
</EventData>
</Event>
ElfRec#000735 (0x000608f8)	2026-01-14T04:55:54.6574802Z	size=560
<Event xmlns=http://schemas.microsoft.com/win/2004/08/events/event><System><Provider Name=Microsoft-Windows-WindowsUpdateClient Guid={945a8954-c147-4acd-923f-40c45405a658}/>
<EventID Qualifiers=(null)>44</EventID>
<Version>1</Version>
<Level>4</Level>
<Task>1</Task>
<Opcode>12</Opcode>
<Keywords>0x8000000000002004</Keywords>
<TimeCreated SystemTime=2026-01-14T04:55:54.657480200Z/>
<EventRecordID>735</EventRecordID>
<Correlation ActivityID=(null) RelatedActivityID=(null)/>
<Execution ProcessID=6504 ThreadID=6348/>
<Channel>System</Channel>
<Computer>DESKTOP-5VCD46O</Computer>
<Security UserID=S-1-5-18/>
</System>
<EventData><Data Name=updateTitle>2025-10 Cumulative Update for .NET Framework 3.5 and 4.8.1 for Windows 11, version 24H2 for arm64 (KB5066131)</Data>
<Data Name=updateGuid>{8f166116-10d0-4b1c-a580-8e52c2866aa6}</Data>
<Data Name=updateRevisionNumber>1</Data>
</EventData>
</Event>
ElfRec#000736 (0x00060b28)	2026-01-14T04:55:54.6583001Z	size=488
<Event xmlns=http://schemas.microsoft.com/win/2004/08/events/event><System><Provider Name=Microsoft-Windows-WindowsUpdateClient Guid={945a8954-c147-4acd-923f-40c45405a658}/>
<EventID Qualifiers=(null)>44</EventID>
<Version>1</Version>
<Level>4</Level>
<Task>1</Task>
<Opcode>12</Opcode>
<Keywords>0x8000000000002004</Keywords>
<TimeCreated SystemTime=2026-01-14T04:55:54.658300100Z/>
<EventRecordID>736</EventRecordID>
<Correlation ActivityID=(null) RelatedActivityID=(null)/>
<Execution ProcessID=6504 ThreadID=6348/>
<Channel>System</Channel>
<Computer>DESKTOP-5VCD46O</Computer>
<Security UserID=S-1-5-18/>
</System>
<EventData><Data Name=updateTitle>Update for Windows Security platform - KB5007651 (Version 10.0.29429.1000)</Data>
<Data Name=updateGuid>{a32ca1d0-ddd4-486b-b708-d941db4f1061}</Data>
<Data Name=updateRevisionNumber>205</Data>
</EventData>
</Event>
ElfRec#000737 (0x00060d10)	2026-01-14T04:55:54.6583023Z	size=440
<Event xmlns=http://schemas.microsoft.com/win/2004/08/events/event><System><Provider Name=Microsoft-Windows-WindowsUpdateClient Guid={945a8954-c147-4acd-923f-40c45405a658}/>
<EventID Qualifiers=(null)>44</EventID>
<Version>1</Version>
<Level>4</Level>
<Task>1</Task>
<Opcode>12</Opcode>
<Keywords>0x8000000000002004</Keywords>
<TimeCreated SystemTime=2026-01-14T04:55:54.658302300Z/>
<EventRecordID>737</EventRecordID>
<Correlation ActivityID=(null) RelatedActivityID=(null)/>
<Execution ProcessID=6504 ThreadID=6348/>
<Channel>System</Channel>
<Computer>DESKTOP-5VCD46O</Computer>
<Security UserID=S-1-5-18/>
</System>
<EventData><Data Name=updateTitle>2026-01 Security Update (KB5074109) (26100.7623)</Data>
<Data Name=updateGuid>{8b022ffb-5803-418c-8a47-1ff1cd715c0c}</Data>
<Data Name=updateRevisionNumber>1</Data>
</EventData>
</Event>
ElfChnk#00006 (0x00061000)	record_num=738-855	record_id=738-855	last_offset=0xe828	free_offset=0xeef8
ElfRec#000738 (0x00061200)	2026-01-14T04:56:03.0575456Z	size=2024
<Event xmlns=http://schemas.microsoft.com/win/2004/08/events/event><System><Provider Name=Service Control Manager Guid={555908d1-a6d7-4695-8e1e-26931d2012f4} EventSourceName=Service Control Manager/>
<EventID Qualifiers=16384>7040</EventID>
<Version>0</Version>
<Level>4</Level>
<Task>0</Task>
<Opcode>0</Opcode>
<Keywords>0x8080000000000000</Keywords>
<TimeCreated SystemTime=2026-01-14T04:56:03.057545600Z/>
<EventRecordID>738</EventRecordID>
<Correlation ActivityID=(null) RelatedActivityID=(null)/>
<Execution ProcessID=776 ThreadID=10680/>
<Channel>System</Channel>
<Computer>DESKTOP-5VCD46O</Computer>
<Security UserID=S-1-5-18/>
</System>
<EventData><Data Name=param1>Windows Modules Installer</Data>
<Data Name=param2>demand start</Data>
<Data Name=param3>auto start</Data>
<Data Name=param4>TrustedInstaller</Data>
</EventData>
</Event>
ElfRec#000739 (0x000619e8)	2026-01-14T04:56:23.1484833Z	size=344
<Event xmlns=http://schemas.microsoft.com/win/2004/08/events/event><System><Provider Name=Service Control Manager Guid={555908d1-a6d7-4695-8e1e-26931d2012f4} EventSourceName=Service Control Manager/>
<EventID Qualifiers=16384>7040</EventID>
<Version>0</Version>
<Level>4</Level>
<Task>0</Task>
<Opcode>0</Opcode>
<Keywords>0x8080000000000000</Keywords>
<TimeCreated SystemTime=2026-01-14T04:56:23.148483300Z/>
<EventRecordID>739</EventRecordID>
<Correlation ActivityID=(null) RelatedActivityID=(null)/>
<Execution ProcessID=776 ThreadID=10680/>
<Channel>System</Channel>
<Computer>DESKTOP-5VCD46O</Computer>
<Security UserID=S-1-5-18/>
</System>
<EventData><Data Name=param1>Windows Modules Installer</Data>
<Data Name=param2>auto start</Data>
<Data Name=param3>demand start</Data>
<Data Name=param4>TrustedInstaller</Data>
</EventData>
</Event>
ElfRec#000740 (0x00061b40)	2026-01-14T04:56:23.3952846Z	size=344
<Event xmlns=http://schemas.microsoft.com/win/2004/08/events/event><System><Provider Name=Service Control Manager Guid={555908d1-a6d7-4695-8e1e-26931d2012f4} EventSourceName=Service Control Manager/>
<EventID Qualifiers=16384>7040</EventID>
<Version>0</Version>
<Level>4</Level>
<Task>0</Task>
<Opcode>0</Opcode>
<Keywords>0x8080000000000000</Keywords>
<TimeCreated SystemTime=2026-01-14T04:56:23.395284600Z/>
<EventRecordID>740</EventRecordID>
<Correlation ActivityID=(null) RelatedActivityID=(null)/>
<Execution ProcessID=776 ThreadID=10680/>
<Channel>System</Channel>
<Computer>DESKTOP-5VCD46O</Computer>
<Security UserID=S-1-5-18/>
</System>
<EventData><Data Name=param1>Windows Modules Installer</Data>
<Data Name=param2>demand start</Data>
<Data Name=param3>auto start</Data>
<Data Name=param4>TrustedInstaller</Data>
</EventData>
</Event>
ElfRec#000741 (0x00061c98)	2026-01-14T04:56:33.7945350Z	size=344
<Event xmlns=http://schemas.microsoft.com/win/2004/08/events/event><System><Provider Name=Service Control Manager Guid={555908d1-a6d7-4695-8e1e-26931d2012f4} EventSourceName=Service Control Manager/>
<EventID Qualifiers=16384>7040</EventID>
<Version>0</Version>
<Level>4</Level>
<Task>0</Task>
<Opcode>0</Opcode>
<Keywords>0x8080000000000000</Keywords>
<TimeCreated SystemTime=2026-01-14T04:56:33.794535000Z/>
<EventRecordID>741</EventRecordID>
<Correlation ActivityID=(null) RelatedActivityID=(null)/>
<Execution ProcessID=776 ThreadID=6392/>
<Channel>System</Channel>
<Computer>DESKTOP-5VCD46O</Computer>
<Security UserID=S-1-5-18/>
</System>
<EventData><Data Name=param1>Windows Modules Installer</Data>
<Data Name=param2>auto start</Data>
<Data Name=param3>demand start</Data>
<Data Name=param4>TrustedInstaller</Data>
</EventData>
</Event>
ElfRec#000742 (0x00061df0)	2026-01-14T04:57:53.5501173Z	size=344
<Event xmlns=http://schemas.microsoft.com/win/2004/08/events/event><System><Provider Name=Service Control Manager Guid={555908d1-a6d7-4695-8e1e-26931d2012f4} EventSourceName=Service Control Manager/>
<EventID Qualifiers=16384>7040</EventID>
<Version>0</Version>
<Level>4</Level>
<Task>0</Task>
<Opcode>0</Opcode>
<Keywords>0x8080000000000000</Keywords>
<TimeCreated SystemTime=2026-01-14T04:57:53.550117300Z/>
<EventRecordID>742</EventRecordID>
<Correlation ActivityID=(null) RelatedActivityID=(null)/>
<Execution ProcessID=776 ThreadID=10680/>
<Channel>System</Channel>
<Computer>DESKTOP-5VCD46O</Computer>
<Security UserID=S-1-5-18/>
</System>
<EventData><Data Name=param1>Windows Modules Installer</Data>
<Data Name=param2>demand start</Data>
<Data Name=param3>auto start</Data>
<Data Name=param4>TrustedInstaller</Data>
</EventData>
</Event>
ElfRec#000743 (0x00061f48)	2026-01-14T04:57:56.5685998Z	size=344
<Event xmlns=http://schemas.microsoft.com/win/2004/08/events/event><System><Provider Name=Service Control Manager Guid={555908d1-a6d7-4695-8e1e-26931d2012f4} EventSourceName=Service Control Manager/>
<EventID Qualifiers=16384>7040</EventID>
<Version>0</Version>
<Level>4</Level>
<Task>0</Task>
<Opcode>0</Opcode>
<Keywords>0x8080000000000000</Keywords>
<TimeCreated SystemTime=2026-01-14T04:57:56.568599800Z/>
<EventRecordID>743</EventRecordID>
<Correlation ActivityID=(null) RelatedActivityID=(null)/>
<Execution ProcessID=776 ThreadID=10680/>
<Channel>System</Channel>
<Computer>DESKTOP-5VCD46O</Computer>
<Security UserID=S-1-5-18/>
</System>
<EventData><Data Name=param1>Windows Modules Installer</Data>
<Data Name=param2>auto start</Data>
<Data Name=param3>demand start</Data>
<Data Name=param4>TrustedInstaller</Data>
</EventData>
</Event>
ElfRec#000744 (0x000620a0)	2026-01-14T04:57:58.9555676Z	size=1328
<Event xmlns=http://schemas.microsoft.com/win/2004/08/events/event><System><Provider Name=Microsoft-Windows-WindowsUpdateClient Guid={945a8954-c147-4acd-923f-40c45405a658}/>
<EventID Qualifiers=(null)>43</EventID>
<Version>1</Version>
<Level>4</Level>
<Task>1</Task>
<Opcode>13</Opcode>
<Keywords>0x8000000000002008</Keywords>
<TimeCreated SystemTime=2026-01-14T04:57:58.955567600Z/>
<EventRecordID>744</EventRecordID>
<Correlation ActivityID=(null) RelatedActivityID=(null)/>
<Execution ProcessID=6504 ThreadID=11096/>
<Channel>System</Channel>
<Computer>DESKTOP-5VCD46O</Computer>
<Security UserID=S-1-5-18/>
</System>
<EventData><Data Name=updateTitle>Security Intelligence Update for Microsoft Defender Antivirus - KB2267602 (Version 1.443.663.0) - Current Channel (Broad)</Data>
<Data Name=updateGuid>{c15e3e07-37aa-4c4a-978b-9d68fac06e6d}</Data>
<Data Name=updateRevisionNumber>200</Data>
</EventData>
</Event>
ElfRec#000745 (0x000625d0)	2026-01-14T04:58:10.5401773Z	size=640
<Event xmlns=http://schemas.microsoft.com/win/2004/08/events/event><System><Provider Name=Microsoft-Windows-Kernel-General Guid={a68ca8b7-004f-d7b6-a698-07e2de0f1f5d}/>
<EventID Qualifiers=(null)>16</EventID>
<Version>0</Version>
<Level>4</Level>
<Task>0</Task>
<Opcode>0</Opcode>
<Keywords>0x8000000000000000</Keywords>
<TimeCreated SystemTime=2026-01-14T04:58:10.540177300Z/>
<EventRecordID>745</EventRecordID>
<Correlation ActivityID=(null) RelatedActivityID=(null)/>
<Execution ProcessID=3016 ThreadID=4516/>
<Channel>System</Channel>
<Computer>DESKTOP-5VCD46O</Computer>
<Security UserID=S-1-5-18/>
</System>
<EventData><Data Name=HiveNameLength>35</Data>
<Data Name=HiveName>\??\C:\WINDOWS\system32\Config\Elam</Data>
<Data Name=KeysUpdated>2</Data>
<Data Name=DirtyPages>1</Data>
</EventData>
</Event>
ElfRec#000746 (0x00062850)	2026-01-14T04:58:12.4136221Z	size=872
<Event xmlns=http://schemas.microsoft.com/win/2004/08/events/event><System><Provider Name=Microsoft-Windows-WindowsUpdateClient Guid={945a8954-c147-4acd-923f-40c45405a658}/>
<EventID Qualifiers=(null)>19</EventID>
<Version>1</Version>
<Level>4</Level>
<Task>1</Task>
<Opcode>13</Opcode>
<Keywords>0x8000000000000018</Keywords>
<TimeCreated SystemTime=2026-01-14T04:58:12.413622100Z/>
<EventRecordID>746</EventRecordID>
<Correlation ActivityID=(null) RelatedActivityID=(null)/>
<Execution ProcessID=6504 ThreadID=11096/>
<Channel>System</Channel>
<Computer>DESKTOP-5VCD46O</Computer>
<Security UserID=S-1-5-18/>
</System>
<EventData><Data Name=updateTitle>Security Intelligence Update for Microsoft Defender Antivirus - KB2267602 (Version 1.443.663.0) - Current Channel (Broad)</Data>
<Data Name=updateGuid>{c15e3e07-37aa-4c4a-978b-9d68fac06e6d}</Data>
<Data Name=updateRevisionNumber>200</Data>
<Data Name=serviceGuid>{9482f4b4-e343-43b6-b170-9a65bc822c77}</Data>
</EventData>
</Event>
ElfRec#000747 (0x00062bb8)	2026-01-14T04:58:12.4673490Z	size=1520
<Event xmlns=http://schemas.microsoft.com/win/2004/08/events/event><System><Provider Name=User32 Guid={b0aa8734-56f7-41cc-b2f4-de228e98b946} EventSourceName=User32/>
<EventID Qualifiers=32768>1074</EventID>
<Version>0</Version>
<Level>4</Level>
<Task>0</Task>
<Opcode>0</Opcode>
<Keywords>0x8080000000000000</Keywords>
<TimeCreated SystemTime=2026-01-14T04:58:12.467349000Z/>
<EventRecordID>747</EventRecordID>
<Correlation ActivityID=(null) RelatedActivityID=(null)/>
<Execution ProcessID=556 ThreadID=2456/>
<Channel>System</Channel>
<Computer>DESKTOP-5VCD46O</Computer>
<Security UserID=S-1-5-21-3154672976-900801122-4255023966-1001/>
</System>
<EventData><Data Name=param1>C:\WINDOWS\system32\shutdown.exe (DESKTOP-5VCD46O)</Data>
<Data Name=param2>DESKTOP-5VCD46O</Data>
<Data Name=param3>No title for this reason could be found</Data>
<Data Name=param4>0x800000ff</Data>
<Data Name=param5>restart</Data>
<Data Name=param6>[Empty]</Data>
<Data Name=param7>DESKTOP-5VCD46O\endoaki</Data>
</EventData>
</Event>
ElfRec#000748 (0x000631a8)	2026-01-14T04:58:42.4852859Z	size=432
<Event xmlns=http://schemas.microsoft.com/win/2004/08/events/event><System><Provider Name=User32 Guid={b0aa8734-56f7-41cc-b2f4-de228e98b946} EventSourceName=User32/>
<EventID Qualifiers=32768>1073</EventID>
<Version>0</Version>
<Level>3</Level>
<Task>0</Task>
<Opcode>0</Opcode>
<Keywords>0x8080000000000000</Keywords>
<TimeCreated SystemTime=2026-01-14T04:58:42.485285900Z/>
<EventRecordID>748</EventRecordID>
<Correlation ActivityID=(null) RelatedActivityID=(null)/>
<Execution ProcessID=640 ThreadID=656/>
<Channel>System</Channel>
<Computer>DESKTOP-5VCD46O</Computer>
<Security UserID=S-1-5-21-3154672976-900801122-4255023966-1001/>
</System>
<EventData><Data Name=param1>DESKTOP-5VCD46O</Data>
<Data Name=param2>DESKTOP-5VCD46O\endoaki</Data>
</EventData>
</Event>
ElfRec#000749 (0x00063358)	2026-01-14T04:58:44.3499174Z	size=448
<Event xmlns=http://schemas.microsoft.com/win/2004/08/events/event><System><Provider Name=Microsoft-Windows-Winlogon Guid={dbe9b383-7cf3-4331-91cc-a3cb16a3b538}/>
<EventID Qualifiers=(null)>7002</EventID>
<Version>0</Version>
<Level>4</Level>
<Task>1102</Task>
<Opcode>0</Opcode>
<Keywords>0x2000200000000000</Keywords>
<TimeCreated SystemTime=2026-01-14T04:58:44.349917400Z/>
<EventRecordID>749</EventRecordID>
<Correlation ActivityID=(null) RelatedActivityID=(null)/>
<Execution ProcessID=704 ThreadID=3992/>
<Channel>System</Channel>
<Computer>DESKTOP-5VCD46O</Computer>
<Security UserID=S-1-5-18/>
</System>
<EventData><Data Name=TSId>1</Data>
<Data Name=UserSid>S-1-5-21-3154672976-900801122-4255023966-1001</Data>
</EventData>
</Event>
ElfRec#000750 (0x00063518)	2026-01-14T04:59:00.2462486Z	size=392
<Event xmlns=http://schemas.microsoft.com/win/2004/08/events/event><System><Provider Name=Service Control Manager Guid={555908d1-a6d7-4695-8e1e-26931d2012f4} EventSourceName=Service Control Manager/>
<EventID Qualifiers=49152>7043</EventID>
<Version>0</Version>
<Level>2</Level>
<Task>0</Task>
<Opcode>0</Opcode>
<Keywords>0x8080000000000000</Keywords>
<TimeCreated SystemTime=2026-01-14T04:59:00.246248600Z/>
<EventRecordID>750</EventRecordID>
<Correlation ActivityID={16f85277-859f-0000-6faa-04179f85dc01} RelatedActivityID=(null)/>
<Execution ProcessID=776 ThreadID=3736/>
<Channel>System</Channel>
<Computer>DESKTOP-5VCD46O</Computer>
<Security UserID=(null)/>
</System>
<EventData><Data Name=param1>Windows Update</Data>
<Binary>[Unknown Type 0x0e, size 18]</Binary>
</EventData>
</Event>
ElfRec#000751 (0x000636a0)	2026-01-14T04:59:31.8508396Z	size=352
<Event xmlns=http://schemas.microsoft.com/win/2004/08/events/event><System><Provider Name=Service Control Manager Guid={555908d1-a6d7-4695-8e1e-26931d2012f4} EventSourceName=Service Control Manager/>
<EventID Qualifiers=16384>7040</EventID>
<Version>0</Version>
<Level>4</Level>
<Task>0</Task>
<Opcode>0</Opcode>
<Keywords>0x8080000000000000</Keywords>
<TimeCreated SystemTime=2026-01-14T04:59:31.850839600Z/>
<EventRecordID>751</EventRecordID>
<Correlation ActivityID=(null) RelatedActivityID=(null)/>
<Execution ProcessID=776 ThreadID=10680/>
<Channel>System</Channel>
<Computer>DESKTOP-5VCD46O</Computer>
<Security UserID=S-1-5-18/>
</System>
<EventData><Data Name=param1>Background Intelligent Transfer Service</Data>
<Data Name=param2>auto start</Data>
<Data Name=param3>demand start</Data>
<Data Name=param4>BITS</Data>
</EventData>
</Event>
ElfRec#000752 (0x00063800)	2026-01-14T04:59:46.6042706Z	size=1048
<Event xmlns=http://schemas.microsoft.com/win/2004/08/events/event><System><Provider Name=Microsoft-Windows-DistributedCOM Guid={1B562E86-B7AA-4131-BADC-B6F3A001407E} EventSourceName=DCOM/>
<EventID Qualifiers=0>10005</EventID>
<Version>0</Version>
<Level>2</Level>
<Task>0</Task>
<Opcode>0</Opcode>
<Keywords>0x8080000000000000</Keywords>
<TimeCreated SystemTime=2026-01-14T04:59:46.604270600Z/>
<EventRecordID>752</EventRecordID>
<Correlation ActivityID={16f85277-859f-0001-b7ef-0d179f85dc01} RelatedActivityID=(null)/>
<Execution ProcessID=904 ThreadID=476/>
<Channel>System</Channel>
<Computer>DESKTOP-5VCD46O</Computer>
<Security UserID=S-1-5-18/>
</System>
<EventData><Data Name=param1>1115</Data>
<Data Name=param2>wuauserv</Data>
<Data Name=param3>Unavailable</Data>
<Data Name=param4>{E60687F7-01A1-40AA-86AC-DB1CBF673334}</Data>
</EventData>
</Event>
ElfRec#000753 (0x00063c18)	2026-01-14T04:59:47.7656592Z	size=304
<Event xmlns=http://schemas.microsoft.com/win/2004/08/events/event><System><Provider Name=Service Control Manager Guid={555908d1-a6d7-4695-8e1e-26931d2012f4} EventSourceName=Service Control Manager/>
<EventID Qualifiers=49152>7043</EventID>
<Version>0</Version>
<Level>2</Level>
<Task>0</Task>
<Opcode>0</Opcode>
<Keywords>0x8080000000000000</Keywords>
<TimeCreated SystemTime=2026-01-14T04:59:47.765659200Z/>
<EventRecordID>753</EventRecordID>
<Correlation ActivityID={16f85277-859f-0000-6faa-04179f85dc01} RelatedActivityID=(null)/>
<Execution ProcessID=776 ThreadID=3736/>
<Channel>System</Channel>
<Computer>DESKTOP-5VCD46O</Computer>
<Security UserID=(null)/>
</System>
<EventData><Data Name=param1>Windows Modules Installer</Data>
<Binary>[Unknown Type 0x0e, size 34]</Binary>
</EventData>
</Event>
ElfRec#000754 (0x00063d48)	2026-01-14T04:59:47.9813536Z	size=584
<Event xmlns=http://schemas.microsoft.com/win/2004/08/events/event><System><Provider Name=Service Control Manager Guid={555908d1-a6d7-4695-8e1e-26931d2012f4} EventSourceName=Service Control Manager/>
<EventID Qualifiers=49152>7031</EventID>
<Version>0</Version>
<Level>2</Level>
<Task>0</Task>
<Opcode>0</Opcode>
<Keywords>0x8080000000000000</Keywords>
<TimeCreated SystemTime=2026-01-14T04:59:47.981353600Z/>
<EventRecordID>754</EventRecordID>
<Correlation ActivityID=(null) RelatedActivityID=(null)/>
<Execution ProcessID=776 ThreadID=3736/>
<Channel>System</Channel>
<Computer>DESKTOP-5VCD46O</Computer>
<Security UserID=(null)/>
</System>
<EventData><Data Name=param1>OpenSSH SSH Server</Data>
<Data Name=param2>1</Data>
<Data Name=param3>0</Data>
<Data Name=param4>1</Data>
<Data Name=param5>Restart the service</Data>
<Binary>[Unknown Type 0x0e, size 10]</Binary>
</EventData>
</Event>
ElfRec#000755 (0x00063f90)	2026-01-14T04:59:53.0672926Z	size=832
<Event xmlns=http://schemas.microsoft.com/win/2004/08/events/event><System><Provider Name=EventLog/>
<EventID Qualifiers=32768>6006</EventID>
<Version>0</Version>
<Level>4</Level>
<Task>0</Task>
<Opcode>0</Opcode>
<Keywords>0x0080000000000000</Keywords>
<TimeCreated SystemTime=2026-01-14T04:59:53.067292600Z/>
<EventRecordID>755</EventRecordID>
<Correlation ActivityID=(null) RelatedActivityID=(null)/>
<Execution ProcessID=1440 ThreadID=1908/>
<Channel>System</Channel>
<Computer>DESKTOP-5VCD46O</Computer>
<Security UserID=(null)/>
</System>
<EventData><Data>(null)</Data>
<Binary>[Unknown Type 0x0e, size 8]</Binary>
</EventData>
</Event>
ElfRec#000756 (0x000642d0)	2026-01-14T04:59:52.9756786Z	size=312
<Event xmlns=http://schemas.microsoft.com/win/2004/08/events/event><System><Provider Name=Service Control Manager Guid={555908d1-a6d7-4695-8e1e-26931d2012f4} EventSourceName=Service Control Manager/>
<EventID Qualifiers=49152>7031</EventID>
<Version>0</Version>
<Level>2</Level>
<Task>0</Task>
<Opcode>0</Opcode>
<Keywords>0x8080000000000000</Keywords>
<TimeCreated SystemTime=2026-01-14T04:59:52.975678600Z/>
<EventRecordID>756</EventRecordID>
<Correlation ActivityID=(null) RelatedActivityID=(null)/>
<Execution ProcessID=776 ThreadID=3736/>
<Channel>System</Channel>
<Computer>DESKTOP-5VCD46O</Computer>
<Security UserID=(null)/>
</System>
<EventData><Data Name=param1>OpenSSH SSH Server</Data>
<Data Name=param2>2</Data>
<Data Name=param3>0</Data>
<Data Name=param4>1</Data>
<Data Name=param5>Restart the service</Data>
<Binary>[Unknown Type 0x0e, size 10]</Binary>
</EventData>
</Event>
ElfRec#000757 (0x00064408)	2026-01-14T04:59:53.0108189Z	size=408
<Event xmlns=http://schemas.microsoft.com/win/2004/08/events/event><System><Provider Name=Service Control Manager Guid={555908d1-a6d7-4695-8e1e-26931d2012f4} EventSourceName=Service Control Manager/>
<EventID Qualifiers=49152>7000</EventID>
<Version>0</Version>
<Level>2</Level>
<Task>0</Task>
<Opcode>0</Opcode>
<Keywords>0x8080000000000000</Keywords>
<TimeCreated SystemTime=2026-01-14T04:59:53.010818900Z/>
<EventRecordID>757</EventRecordID>
<Correlation ActivityID=(null) RelatedActivityID=(null)/>
<Execution ProcessID=776 ThreadID=3736/>
<Channel>System</Channel>
<Computer>DESKTOP-5VCD46O</Computer>
<Security UserID=(null)/>
</System>
<EventData><Data Name=param1>OpenSSH SSH Server</Data>
<Data Name=param2>%%1053</Data>
<Binary>[Unknown Type 0x0e, size 10]</Binary>
</EventData>
</Event>
ElfRec#000758 (0x000645a0)	2026-01-14T04:59:53.0188395Z	size=672
<Event xmlns=http://schemas.microsoft.com/win/2004/08/events/event><System><Provider Name=Microsoft-Windows-Kernel-General Guid={a68ca8b7-004f-d7b6-a698-07e2de0f1f5d}/>
<EventID Qualifiers=(null)>24</EventID>
<Version>0</Version>
<Level>4</Level>
<Task>11</Task>
<Opcode>0</Opcode>
<Keywords>0x8000000000000010</Keywords>
<TimeCreated SystemTime=2026-01-14T04:59:53.018839500Z/>
<EventRecordID>758</EventRecordID>
<Correlation ActivityID=(null) RelatedActivityID=(null)/>
<Execution ProcessID=5380 ThreadID=5420/>
<Channel>System</Channel>
<Computer>DESKTOP-5VCD46O</Computer>
<Security UserID=S-1-5-19/>
</System>
<EventData><Data Name=ExitReason>0</Data>
<Data Name=CurrentBias>[Unknown Type 0x07, size 4]</Data>
<Data Name=CurrentTimeZoneID>0</Data>
<Data Name=TimeZoneInfoCacheUpdated>0</Data>
<Data Name=FirstRefresh>0</Data>
</EventData>
</Event>
ElfRec#000759 (0x00064840)	2026-01-14T04:59:53.0188444Z	size=1056
<Event xmlns=http://schemas.microsoft.com/win/2004/08/events/event><System><Provider Name=Microsoft-Windows-Kernel-General Guid={a68ca8b7-004f-d7b6-a698-07e2de0f1f5d}/>
<EventID Qualifiers=(null)>1</EventID>
<Version>4</Version>
<Level>4</Level>
<Task>5</Task>
<Opcode>0</Opcode>
<Keywords>0x8000000000000010</Keywords>
<TimeCreated SystemTime=2026-01-14T04:59:53.018844400Z/>
<EventRecordID>759</EventRecordID>
<Correlation ActivityID=(null) RelatedActivityID=(null)/>
<Execution ProcessID=5380 ThreadID=5420/>
<Channel>System</Channel>
<Computer>DESKTOP-5VCD46O</Computer>
<Security UserID=S-1-5-19/>
</System>
<EventData><Data Name=NewTime>2026-01-14T04:59:53.018699100Z</Data>
<Data Name=OldTime>2026-01-14T04:59:53.018598500Z</Data>
<Data Name=TimeDeltaInMs>[Unknown Type 0x09, size 8]</Data>
<Data Name=Reason>1</Data>
<Data Name=ProcessName>\Device\HarddiskVolume3\Windows\System32\svchost.exe</Data>
<Data Name=ProcessID>5380</Data>
<Data Name=CmosTime>2026-01-14T04:59:53.018699100Z</Data>
<Data Name=TimeZoneBias>[Unknown Type 0x07, size 4]</Data>
<Data Name=RealTimeIsUniversal>[Unknown Type 0x0d, size 4]</Data>
<Data Name=SystemInCmosMode>[Unknown Type 0x0d, size 4]</Data>
</EventData>
</Event>
ElfRec#000760 (0x00064c60)	2026-01-14T04:59:53.0278266Z	size=336
<Event xmlns=http://schemas.microsoft.com/win/2004/08/events/event><System><Provider Name=Microsoft-Windows-Dhcp-Client Guid={15a7a4f8-0072-4eab-abad-f98a4d666aed}/>
<EventID Qualifiers=(null)>50104</EventID>
<Version>0</Version>
<Level>4</Level>
<Task>4</Task>
<Opcode>129</Opcode>
<Keywords>0x2000000000000000</Keywords>
<TimeCreated SystemTime=2026-01-14T04:59:53.027826600Z/>
<EventRecordID>760</EventRecordID>
<Correlation ActivityID=(null) RelatedActivityID=(null)/>
<Execution ProcessID=2144 ThreadID=2148/>
<Channel>System</Channel>
<Computer>DESKTOP-5VCD46O</Computer>
<Security UserID=S-1-5-19/>
</System>
<EventData></EventData>
</Event>
ElfRec#000761 (0x00064db0)	2026-01-14T04:59:53.0315879Z	size=296
<Event xmlns=http://schemas.microsoft.com/win/2004/08/events/event><System><Provider Name=Microsoft-Windows-Dhcp-Client Guid={15a7a4f8-0072-4eab-abad-f98a4d666aed}/>
<EventID Qualifiers=(null)>50105</EventID>
<Version>0</Version>
<Level>4</Level>
<Task>4</Task>
<Opcode>129</Opcode>
<Keywords>0x2000000000000000</Keywords>
<TimeCreated SystemTime=2026-01-14T04:59:53.031587900Z/>
<EventRecordID>761</EventRecordID>
<Correlation ActivityID=(null) RelatedActivityID=(null)/>
<Execution ProcessID=2144 ThreadID=2288/>
<Channel>System</Channel>
<Computer>DESKTOP-5VCD46O</Computer>
<Security UserID=S-1-5-19/>
</System>
<EventData></EventData>
</Event>
ElfRec#000762 (0x00064ed8)	2026-01-14T04:59:53.0387635Z	size=296
<Event xmlns=http://schemas.microsoft.com/win/2004/08/events/event><System><Provider Name=Microsoft-Windows-Dhcp-Client Guid={15a7a4f8-0072-4eab-abad-f98a4d666aed}/>
<EventID Qualifiers=(null)>50106</EventID>
<Version>0</Version>
<Level>4</Level>
<Task>4</Task>
<Opcode>129</Opcode>
<Keywords>0x2000000000000000</Keywords>
<TimeCreated SystemTime=2026-01-14T04:59:53.038763500Z/>
<EventRecordID>762</EventRecordID>
<Correlation ActivityID=(null) RelatedActivityID=(null)/>
<Execution ProcessID=2144 ThreadID=2288/>
<Channel>System</Channel>
<Computer>DESKTOP-5VCD46O</Computer>
<Security UserID=S-1-5-19/>
</System>
<EventData></EventData>
</Event>
