ElfRec#000497 (0x00041200)	2026-01-14T21:40:59.2603323Z	size=3528
<Event xmlns=http://schemas.microsoft.com/win/2004/08/events/event><System><Provider Name=Microsoft-Windows-TPM-WMI Guid={7d5387b0-cbe0-11da-a94d-0800200c9a66}/>
<EventID Qualifiers=(null)>1041</EventID>
<Version>0</Version>
<Level>4</Level>
<Task>0</Task>
<Opcode>0</Opcode>
<Keywords>0x8000000000000000</Keywords>
<TimeCreated SystemTime=2026-01-14T21:40:59.260332300Z/>
<EventRecordID>497</EventRecordID>
<Correlation ActivityID=(null) RelatedActivityID=(null)/>
<Execution ProcessID=1832 ThreadID=4188/>
<Channel>System</Channel>
<Computer>DESKTOP-5VCD46O</Computer>
<Security UserID=S-1-5-18/>
</System>
<EventData><Data Name=Json>{"Version":1,"HealthStatus":"Possibly attestable","Required":[{"Field":"TpmPresent","Value":true,"DesiredValue":true},{"Field":"TpmMeetsMinimumVersion","Value":true,"DesiredValue":true},{"Field":"TpmIsResponsive","Value":true,"DesiredValue":true},{"Field":"EkCertIsAvailable","Value":true,"DesiredValue":true},{"Field":"TcgLogFound","Value":true,"DesiredValue":true}],"Expected":[{"Field":"PcrsMatchTcgLog","Value":false,"DesiredValue":true,"DiagnosticInfo":{"SoftwarePcrReplayHresult":0,"HardwarePcrReplayHresult":0,"BitMaskOfPcrMismatches":1}}],"Informational":[{"Field":"SecureBootEnabled","ValueFromComputer":false,"ValueFromTcgLog":false,"DesiredValue":true,"TcgValueIsVerifiable":true},{"Field":"VirtualSecureMemory","ValueFromComputer":false,"ValueFromTcgLog":false,"DesiredValue":true,"TcgValueIsVerifiable":true},{"Field":"SecureCorePCCompliant","ValueFromComputer":false,"ValueFromTcgLog":false,"DesiredValue":true,"TcgValueIsVerifiable":true}]}</Data>
</EventData>
</Event>
ElfRec#000498 (0x00041fc8)	2026-01-14T21:40:59.2604064Z	size=480
<Event xmlns=http://schemas.microsoft.com/win/2004/08/events/event><System><Provider Name=Microsoft-Windows-TPM-WMI Guid={7d5387b0-cbe0-11da-a94d-0800200c9a66}/>
<EventID Qualifiers=(null)>1039</EventID>
<Version>0</Version>
<Level>4</Level>
<Task>0</Task>
<Opcode>0</Opcode>
<Keywords>0x8000000000000000</Keywords>
<TimeCreated SystemTime=2026-01-14T21:40:59.260406400Z/>
<EventRecordID>498</EventRecordID>
<Correlation ActivityID=(null) RelatedActivityID=(null)/>
<Execution ProcessID=1832 ThreadID=4188/>
<Channel>System</Channel>
<Computer>DESKTOP-5VCD46O</Computer>
<Security UserID=S-1-5-18/>
</System>
<EventData><Data Name=Path>C:\WINDOWS\Logs\MeasuredBoot\0000000004-0000000000.json</Data>
</EventData>
</Event>
ElfRec#000499 (0x000421a8)	2026-01-14T21:40:59.3794448Z	size=1056
<Event xmlns=http://schemas.microsoft.com/win/2004/08/events/event><System><Provider Name=Service Control Manager Guid={555908d1-a6d7-4695-8e1e-26931d2012f4} EventSourceName=Service Control Manager/>
<EventID Qualifiers=49152>7026</EventID>
<Version>0</Version>
<Level>4</Level>
<Task>0</Task>
<Opcode>0</Opcode>
<Keywords>0x8080000000000000</Keywords>
<TimeCreated SystemTime=2026-01-14T21:40:59.379444800Z/>
<EventRecordID>499</EventRecordID>
<Correlation ActivityID=(null) RelatedActivityID=(null)/>
<Execution ProcessID=780 ThreadID=784/>
<Channel>System</Channel>
<Computer>DESKTOP-5VCD46O</Computer>
<Security UserID=(null)/>
</System>
<EventData><Data Name=param1>
dam
uiomap</Data>
</EventData>
</Event>
ElfRec#000500 (0x000425c8)	2026-01-14T21:40:59.7615826Z	size=592
<Event xmlns=http://schemas.microsoft.com/win/2004/08/events/event><System><Provider Name=Microsoft-Windows-Time-Service Guid={06edcfeb-0fd0-4e53-acca-a6f8bbf81bcb}/>
<EventID Qualifiers=(null)>37</EventID>
<Version>0</Version>
<Level>4</Level>
<Task>0</Task>
<Opcode>0</Opcode>
<Keywords>0x8000000000000000</Keywords>
<TimeCreated SystemTime=2026-01-14T21:40:59.761582600Z/>
<EventRecordID>500</EventRecordID>
<Correlation ActivityID=(null) RelatedActivityID=(null)/>
<Execution ProcessID=4484 ThreadID=4520/>
<Channel>System</Channel>
<Computer>DESKTOP-5VCD46O</Computer>
<Security UserID=S-1-5-19/>
</System>
<EventData Name=TMP_EVENT_TIME_SOURCE_REACHABLE><Data Name=TimeSource>time.windows.com,0x9 (ntp.m|0x9|0.0.0.0:123->20.43.94.199:123)</Data>
</EventData>
</Event>
ElfRec#000501 (0x00042818)	2026-01-14T21:41:00.6773163Z	size=448
<Event xmlns=http://schemas.microsoft.com/win/2004/08/events/event><System><Provider Name=TPM Guid={1b6b0772-251b-4d42-917d-faca166bc059}/>
<EventID Qualifiers=(null)>18</EventID>
<Version>0</Version>
<Level>4</Level>
<Task>0</Task>
<Opcode>0</Opcode>
<Keywords>0x8000000000000000</Keywords>
<TimeCreated SystemTime=2026-01-14T21:41:00.677316300Z/>
<EventRecordID>501</EventRecordID>
<Correlation ActivityID=(null) RelatedActivityID=(null)/>
<Execution ProcessID=4 ThreadID=256/>
<Channel>System</Channel>
<Computer>DESKTOP-5VCD46O</Computer>
<Security UserID=S-1-5-18/>
</System>
<EventData><Data Name=driverFile>[Unknown Type 0x14, size 4]</Data>
<Data Name=lineNumber>217</Data>
<Data Name=Data>0</Data>
</EventData>
</Event>
ElfRec#000502 (0x000429d8)	2026-01-14T21:41:00.8169127Z	size=328
<Event xmlns=http://schemas.microsoft.com/win/2004/08/events/event><System><Provider Name=Microsoft-Windows-TPM-WMI Guid={7d5387b0-cbe0-11da-a94d-0800200c9a66}/>
<EventID Qualifiers=(null)>1282</EventID>
<Version>0</Version>
<Level>4</Level>
<Task>0</Task>
<Opcode>0</Opcode>
<Keywords>0x8000000000000000</Keywords>
<TimeCreated SystemTime=2026-01-14T21:41:00.816912700Z/>
<EventRecordID>502</EventRecordID>
<Correlation ActivityID=(null) RelatedActivityID=(null)/>
<Execution ProcessID=1832 ThreadID=4572/>
<Channel>System</Channel>
<Computer>DESKTOP-5VCD46O</Computer>
<Security UserID=S-1-5-18/>
</System>
<EventData></EventData>
</Event>
ElfRec#000503 (0x00042b20)	2026-01-14T21:41:01.2902633Z	size=424
<Event xmlns=http://schemas.microsoft.com/win/2004/08/events/event><System><Provider Name=Microsoft-Windows-Time-Service Guid={06edcfeb-0fd0-4e53-acca-a6f8bbf81bcb}/>
<EventID Qualifiers=(null)>37</EventID>
<Version>0</Version>
<Level>4</Level>
<Task>0</Task>
<Opcode>0</Opcode>
<Keywords>0x8000000000000000</Keywords>
<TimeCreated SystemTime=2026-01-14T21:41:01.290263300Z/>
<EventRecordID>503</EventRecordID>
<Correlation ActivityID=(null) RelatedActivityID=(null)/>
<Execution ProcessID=4484 ThreadID=4508/>
<Channel>System</Channel>
<Computer>DESKTOP-5VCD46O</Computer>
<Security UserID=S-1-5-19/>
</System>
<EventData Name=TMP_EVENT_TIME_SOURCE_REACHABLE><Data Name=TimeSource>time.windows.com,0x9 (ntp.m|0x9|0.0.0.0:123->20.43.94.199:123)</Data>
</EventData>
</Event>
ElfRec#000504 (0x00042cc8)	2026-01-14T21:41:01.3357291Z	size=288
<Event xmlns=http://schemas.microsoft.com/win/2004/08/events/event><System><Provider Name=Microsoft-Windows-TPM-WMI Guid={7d5387b0-cbe0-11da-a94d-0800200c9a66}/>
<EventID Qualifiers=(null)>1025</EventID>
<Version>0</Version>
<Level>4</Level>
<Task>0</Task>
<Opcode>0</Opcode>
<Keywords>0x8000000000000000</Keywords>
<TimeCreated SystemTime=2026-01-14T21:41:01.335729100Z/>
<EventRecordID>504</EventRecordID>
<Correlation ActivityID=(null) RelatedActivityID=(null)/>
<Execution ProcessID=1832 ThreadID=4572/>
<Channel>System</Channel>
<Computer>DESKTOP-5VCD46O</Computer>
<Security UserID=S-1-5-18/>
</System>
<EventData></EventData>
</Event>
ElfRec#000505 (0x00042de8)	2026-01-14T21:41:03.4719449Z	size=688
<Event xmlns=http://schemas.microsoft.com/win/2004/08/events/event><System><Provider Name=Microsoft-Windows-DNS-Client Guid={1c95126e-7eea-49a9-a3fe-a378b03ddb4d}/>
<EventID Qualifiers=(null)>1014</EventID>
<Version>1</Version>
<Level>3</Level>
<Task>1014</Task>
<Opcode>0</Opcode>
<Keywords>0x4000000010000000</Keywords>
<TimeCreated SystemTime=2026-01-14T21:41:03.471944900Z/>
<EventRecordID>505</EventRecordID>
<Correlation ActivityID=(null) RelatedActivityID=(null)/>
<Execution ProcessID=1400 ThreadID=4092/>
<Channel>System</Channel>
<Computer>DESKTOP-5VCD46O</Computer>
<Security UserID=S-1-5-20/>
</System>
<EventData><Data Name=QueryName>wpad</Data>
<Data Name=AddressLength>128</Data>
<Data Name=Address>[Unknown Type 0x0e, size 128]</Data>
<Data Name=ClientPID>2436</Data>
</EventData>
</Event>
ElfRec#000506 (0x00043098)	2026-01-14T21:41:05.1518747Z	size=448
<Event xmlns=http://schemas.microsoft.com/win/2004/08/events/event><System><Provider Name=Microsoft-Windows-Winlogon Guid={dbe9b383-7cf3-4331-91cc-a3cb16a3b538}/>
<EventID Qualifiers=(null)>7001</EventID>
<Version>0</Version>
<Level>4</Level>
<Task>1101</Task>
<Opcode>0</Opcode>
<Keywords>0x2000200000000000</Keywords>
<TimeCreated SystemTime=2026-01-14T21:41:05.151874700Z/>
<EventRecordID>506</EventRecordID>
<Correlation ActivityID=(null) RelatedActivityID=(null)/>
<Execution ProcessID=696 ThreadID=776/>
<Channel>System</Channel>
<Computer>DESKTOP-5VCD46O</Computer>
<Security UserID=S-1-5-18/>
</System>
<EventData><Data Name=TSId>1</Data>
<Data Name=UserSid>S-1-5-21-3154672976-900801122-4255023966-1001</Data>
</EventData>
</Event>
ElfRec#000507 (0x00043258)	2026-01-14T21:41:13.8687102Z	size=784
<Event xmlns=http://schemas.microsoft.com/win/2004/08/events/event><System><Provider Name=Microsoft-Windows-Kernel-General Guid={a68ca8b7-004f-d7b6-a698-07e2de0f1f5d}/>
<EventID Qualifiers=(null)>16</EventID>
<Version>0</Version>
<Level>4</Level>
<Task>0</Task>
<Opcode>0</Opcode>
<Keywords>0x8000000000000000</Keywords>
<TimeCreated SystemTime=2026-01-14T21:41:13.868710200Z/>
<EventRecordID>507</EventRecordID>
<Correlation ActivityID=(null) RelatedActivityID=(null)/>
<Execution ProcessID=8124 ThreadID=8156/>
<Channel>System</Channel>
<Computer>DESKTOP-5VCD46O</Computer>
<Security UserID=S-1-5-18/>
</System>
<EventData><Data Name=HiveNameLength>107</Data>
<Data Name=HiveName>\??\C:\Users\endoaki\AppData\Local\Packages\Microsoft.XboxGamingOverlay_8wekyb3d8bbwe\Settings\settings.dat</Data>
<Data Name=KeysUpdated>3</Data>
<Data Name=DirtyPages>1</Data>
</EventData>
</Event>
ElfRec#000508 (0x00043568)	2026-01-14T21:41:15.9553608Z	size=768
<Event xmlns=http://schemas.microsoft.com/win/2004/08/events/event><System><Provider Name=Microsoft-Windows-Time-Service Guid={06edcfeb-0fd0-4e53-acca-a6f8bbf81bcb}/>
<EventID Qualifiers=(null)>34</EventID>
<Version>0</Version>
<Level>2</Level>
<Task>0</Task>
<Opcode>0</Opcode>
<Keywords>0x8000000000000000</Keywords>
<TimeCreated SystemTime=2026-01-14T21:41:15.955360800Z/>
<EventRecordID>508</EventRecordID>
<Correlation ActivityID=(null) RelatedActivityID=(null)/>
<Execution ProcessID=4484 ThreadID=4500/>
<Channel>System</Channel>
<Computer>DESKTOP-5VCD46O</Computer>
<Security UserID=S-1-5-19/>
</System>
<EventData Name=TMP_EVENT_TIME_CHANGE_TOO_BIG><Data Name=SystemTimeChangeSeconds>[Unknown Type 0x09, size 8]</Data>
<Data Name=MaxSystemTimeChangeSeconds>54000</Data>
<Data Name=TimeSource>time.windows.com,0x9 (ntp.m|0x9|0.0.0.0:123->20.43.94.199:123)</Data>
</EventData>
</Event>
ElfRec#000509 (0x00043868)	2026-01-14T21:41:22.2368826Z	size=536
<Event xmlns=http://schemas.microsoft.com/win/2004/08/events/event><System><Provider Name=TPM Guid={1b6b0772-251b-4d42-917d-faca166bc059}/>
<EventID Qualifiers=(null)>17</EventID>
<Version>0</Version>
<Level>4</Level>
<Task>0</Task>
<Opcode>0</Opcode>
<Keywords>0x8000000000000000</Keywords>
<TimeCreated SystemTime=2026-01-14T21:41:22.236882600Z/>
<EventRecordID>509</EventRecordID>
<Correlation ActivityID=(null) RelatedActivityID=(null)/>
<Execution ProcessID=4 ThreadID=252/>
<Channel>System</Channel>
<Computer>DESKTOP-5VCD46O</Computer>
<Security UserID=S-1-5-18/>
</System>
<EventData><Data Name=driverFile>[Unknown Type 0x14, size 4]</Data>
<Data Name=lineNumber>1497</Data>
<Data Name=TpmCommandOrdinal>371</Data>
<Data Name=TpmResponseCode>395</Data>
</EventData>
</Event>
ElfRec#000510 (0x00043a80)	2026-01-14T21:41:25.2547453Z	size=648
<Event xmlns=http://schemas.microsoft.com/win/2004/08/events/event><System><Provider Name=Microsoft-Windows-WindowsUpdateClient Guid={945a8954-c147-4acd-923f-40c45405a658}/>
<EventID Qualifiers=(null)>44</EventID>
<Version>1</Version>
<Level>4</Level>
<Task>1</Task>
<Opcode>12</Opcode>
<Keywords>0x8000000000002004</Keywords>
<TimeCreated SystemTime=2026-01-14T21:41:25.254745300Z/>
<EventRecordID>510</EventRecordID>
<Correlation ActivityID=(null) RelatedActivityID=(null)/>
<Execution ProcessID=2392 ThreadID=7632/>
<Channel>System</Channel>
<Computer>DESKTOP-5VCD46O</Computer>
<Security UserID=S-1-5-18/>
</System>
<EventData><Data Name=updateTitle>9NBLGGH4RV3K-Microsoft.VCLibs.140.00.UWPDesktop</Data>
<Data Name=updateGuid>{fcdd3b59-f41c-4595-b36b-245bacb749e8}</Data>
<Data Name=updateRevisionNumber>1</Data>
</EventData>
</Event>
ElfRec#000511 (0x00043d08)	2026-01-14T21:41:25.2547476Z	size=432
<Event xmlns=http://schemas.microsoft.com/win/2004/08/events/event><System><Provider Name=Microsoft-Windows-WindowsUpdateClient Guid={945a8954-c147-4acd-923f-40c45405a658}/>
<EventID Qualifiers=(null)>44</EventID>
<Version>1</Version>
<Level>4</Level>
<Task>1</Task>
<Opcode>12</Opcode>
<Keywords>0x8000000000002004</Keywords>
<TimeCreated SystemTime=2026-01-14T21:41:25.254747600Z/>
<EventRecordID>511</EventRecordID>
<Correlation ActivityID=(null) RelatedActivityID=(null)/>
<Execution ProcessID=2392 ThreadID=7632/>
<Channel>System</Channel>
<Computer>DESKTOP-5VCD46O</Computer>
<Security UserID=S-1-5-18/>
</System>
<EventData><Data Name=updateTitle>9N3RK8ZV2ZR8-Microsoft.WidgetsPlatformRuntime</Data>
<Data Name=updateGuid>{4727b7e7-d482-4114-b431-57735f3b247b}</Data>
<Data Name=updateRevisionNumber>1</Data>
</EventData>
</Event>
ElfRec#000512 (0x00043eb8)	2026-01-14T21:41:25.2547499Z	size=416
<Event xmlns=http://schemas.microsoft.com/win/2004/08/events/event><System><Provider Name=Microsoft-Windows-WindowsUpdateClient Guid={945a8954-c147-4acd-923f-40c45405a658}/>
<EventID Qualifiers=(null)>44</EventID>
<Version>1</Version>
<Level>4</Level>
<Task>1</Task>
<Opcode>12</Opcode>
<Keywords>0x8000000000002004</Keywords>
<TimeCreated SystemTime=2026-01-14T21:41:25.254749900Z/>
<EventRecordID>512</EventRecordID>
<Correlation ActivityID=(null) RelatedActivityID=(null)/>
<Execution ProcessID=2392 ThreadID=7632/>
<Channel>System</Channel>
<Computer>DESKTOP-5VCD46O</Computer>
<Security UserID=S-1-5-18/>
</System>
<EventData><Data Name=updateTitle>9NBLGGH3FRZM-Microsoft.VCLibs.140.00</Data>
<Data Name=updateGuid>{7c4b0956-b3f1-40ac-a633-668abc5d6af2}</Data>
<Data Name=updateRevisionNumber>1</Data>
</EventData>
</Event>
ElfRec#000513 (0x00044058)	2026-01-14T21:41:25.2547523Z	size=432
<Event xmlns=http://schemas.microsoft.com/win/2004/08/events/event><System><Provider Name=Microsoft-Windows-WindowsUpdateClient Guid={945a8954-c147-4acd-923f-40c45405a658}/>
<EventID Qualifiers=(null)>44</EventID>
<Version>1</Version>
<Level>4</Level>
<Task>1</Task>
<Opcode>12</Opcode>
<Keywords>0x8000000000002004</Keywords>
<TimeCreated SystemTime=2026-01-14T21:41:25.254752300Z/>
<EventRecordID>513</EventRecordID>
<Correlation ActivityID=(null) RelatedActivityID=(null)/>
<Execution ProcessID=2392 ThreadID=7632/>
<Channel>System</Channel>
<Computer>DESKTOP-5VCD46O</Computer>
<Security UserID=S-1-5-18/>
</System>
<EventData><Data Name=updateTitle>9N3RK8ZV2ZR8-Microsoft.WidgetsPlatformRuntime</Data>
<Data Name=updateGuid>{4727b7e7-d482-4114-b431-57735f3b247b}</Data>
<Data Name=updateRevisionNumber>1</Data>
</EventData>
</Event>
ElfRec#000514 (0x00044208)	2026-01-14T21:41:30.2360666Z	size=432
<Event xmlns=http://schemas.microsoft.com/win/2004/08/events/event><System><Provider Name=Microsoft-Windows-WindowsUpdateClient Guid={945a8954-c147-4acd-923f-40c45405a658}/>
<EventID Qualifiers=(null)>44</EventID>
<Version>1</Version>
<Level>4</Level>
<Task>1</Task>
<Opcode>12</Opcode>
<Keywords>0x8000000000002004</Keywords>
<TimeCreated SystemTime=2026-01-14T21:41:30.236066600Z/>
<EventRecordID>514</EventRecordID>
<Correlation ActivityID=(null) RelatedActivityID=(null)/>
<Execution ProcessID=2392 ThreadID=7632/>
<Channel>System</Channel>
<Computer>DESKTOP-5VCD46O</Computer>
<Security UserID=S-1-5-18/>
</System>
<EventData><Data Name=updateTitle>9N3RK8ZV2ZR8-Microsoft.WidgetsPlatformRuntime</Data>
<Data Name=updateGuid>{4727b7e7-d482-4114-b431-57735f3b247b}</Data>
<Data Name=updateRevisionNumber>1</Data>
</EventData>
</Event>
ElfRec#000515 (0x000443b8)	2026-01-14T21:41:32.0280010Z	size=272
<Event xmlns=http://schemas.microsoft.com/win/2004/08/events/event><System><Provider Name=TPM Guid={1b6b0772-251b-4d42-917d-faca166bc059}/>
<EventID Qualifiers=(null)>17</EventID>
<Version>0</Version>
<Level>4</Level>
<Task>0</Task>
<Opcode>0</Opcode>
<Keywords>0x8000000000000000</Keywords>
<TimeCreated SystemTime=2026-01-14T21:41:32.028001000Z/>
<EventRecordID>515</EventRecordID>
<Correlation ActivityID=(null) RelatedActivityID=(null)/>
<Execution ProcessID=4 ThreadID=252/>
<Channel>System</Channel>
<Computer>DESKTOP-5VCD46O</Computer>
<Security UserID=S-1-5-18/>
</System>
<EventData><Data Name=driverFile>[Unknown Type 0x14, size 4]</Data>
<Data Name=lineNumber>1497</Data>
<Data Name=TpmCommandOrdinal>371</Data>
<Data Name=TpmResponseCode>395</Data>
</EventData>
</Event>
ElfRec#000516 (0x000444c8)	2026-01-14T21:41:32.0368718Z	size=272
<Event xmlns=http://schemas.microsoft.com/win/2004/08/events/event><System><Provider Name=TPM Guid={1b6b0772-251b-4d42-917d-faca166bc059}/>
<EventID Qualifiers=(null)>17</EventID>
<Version>0</Version>
<Level>4</Level>
<Task>0</Task>
<Opcode>0</Opcode>
<Keywords>0x8000000000000000</Keywords>
<TimeCreated SystemTime=2026-01-14T21:41:32.036871800Z/>
<EventRecordID>516</EventRecordID>
<Correlation ActivityID=(null) RelatedActivityID=(null)/>
<Execution ProcessID=4 ThreadID=252/>
<Channel>System</Channel>
<Computer>DESKTOP-5VCD46O</Computer>
<Security UserID=S-1-5-18/>
</System>
<EventData><Data Name=driverFile>[Unknown Type 0x14, size 4]</Data>
<Data Name=lineNumber>1497</Data>
<Data Name=TpmCommandOrdinal>371</Data>
<Data Name=TpmResponseCode>395</Data>
</EventData>
</Event>
ElfRec#000517 (0x000445d8)	2026-01-14T21:41:32.0393599Z	size=272
<Event xmlns=http://schemas.microsoft.com/win/2004/08/events/event><System><Provider Name=TPM Guid={1b6b0772-251b-4d42-917d-faca166bc059}/>
<EventID Qualifiers=(null)>17</EventID>
<Version>0</Version>
<Level>4</Level>
<Task>0</Task>
<Opcode>0</Opcode>
<Keywords>0x8000000000000000</Keywords>
<TimeCreated SystemTime=2026-01-14T21:41:32.039359900Z/>
<EventRecordID>517</EventRecordID>
<Correlation ActivityID=(null) RelatedActivityID=(null)/>
<Execution ProcessID=4 ThreadID=252/>
<Channel>System</Channel>
<Computer>DESKTOP-5VCD46O</Computer>
<Security UserID=S-1-5-18/>
</System>
<EventData><Data Name=driverFile>[Unknown Type 0x14, size 4]</Data>
<Data Name=lineNumber>1497</Data>
<Data Name=TpmCommandOrdinal>371</Data>
<Data Name=TpmResponseCode>395</Data>
</EventData>
</Event>
ElfRec#000518 (0x000446e8)	2026-01-14T21:42:08.6479299Z	size=416
<Event xmlns=http://schemas.microsoft.com/win/2004/08/events/event><System><Provider Name=Microsoft-Windows-WindowsUpdateClient Guid={945a8954-c147-4acd-923f-40c45405a658}/>
<EventID Qualifiers=(null)>43</EventID>
<Version>1</Version>
<Level>4</Level>
<Task>1</Task>
<Opcode>13</Opcode>
<Keywords>0x8000000000002008</Keywords>
<TimeCreated SystemTime=2026-01-14T21:42:08.647929900Z/>
<EventRecordID>518</EventRecordID>
<Correlation ActivityID=(null) RelatedActivityID=(null)/>
<Execution ProcessID=2392 ThreadID=11036/>
<Channel>System</Channel>
<Computer>DESKTOP-5VCD46O</Computer>
<Security UserID=S-1-5-18/>
</System>
<EventData><Data Name=updateTitle>9NBLGGH3FRZM-Microsoft.VCLibs.140.00</Data>
<Data Name=updateGuid>{7c4b0956-b3f1-40ac-a633-668abc5d6af2}</Data>
<Data Name=updateRevisionNumber>1</Data>
</EventData>
</Event>
ElfRec#000519 (0x00044888)	2026-01-14T21:42:08.7951550Z	size=704
<Event xmlns=http://schemas.microsoft.com/win/2004/08/events/event><System><Provider Name=Microsoft-Windows-WindowsUpdateClient Guid={945a8954-c147-4acd-923f-40c45405a658}/>
<EventID Qualifiers=(null)>19</EventID>
<Version>1</Version>
<Level>4</Level>
<Task>1</Task>
<Opcode>13</Opcode>
<Keywords>0x8000000000000018</Keywords>
<TimeCreated SystemTime=2026-01-14T21:42:08.795155000Z/>
<EventRecordID>519</EventRecordID>
<Correlation ActivityID={730d13f2-859e-0001-9b9b-0e739e85dc01} RelatedActivityID=(null)/>
<Execution ProcessID=2392 ThreadID=11036/>
<Channel>System</Channel>
<Computer>DESKTOP-5VCD46O</Computer>
<Security UserID=S-1-5-18/>
</System>
<EventData><Data Name=updateTitle>9NBLGGH3FRZM-Microsoft.VCLibs.140.00</Data>
<Data Name=updateGuid>{7c4b0956-b3f1-40ac-a633-668abc5d6af2}</Data>
<Data Name=updateRevisionNumber>1</Data>
<Data Name=serviceGuid>{855e8a7c-ecb4-4ca3-b045-1dfa50104289}</Data>
</EventData>
</Event>
ElfRec#000520 (0x00044b48)	2026-01-14T21:42:08.8222061Z	size=440
<Event xmlns=http://schemas.microsoft.com/win/2004/08/events/event><System><Provider Name=Microsoft-Windows-WindowsUpdateClient Guid={945a8954-c147-4acd-923f-40c45405a658}/>
<EventID Qualifiers=(null)>43</EventID>
<Version>1</Version>
<Level>4</Level>
<Task>1</Task>
<Opcode>13</Opcode>
<Keywords>0x8000000000002008</Keywords>
<TimeCreated SystemTime=2026-01-14T21:42:08.822206100Z/>
<EventRecordID>520</EventRecordID>
<Correlation ActivityID={730d13f2-859e-0001-9b9b-0e739e85dc01} RelatedActivityID=(null)/>
<Execution ProcessID=2392 ThreadID=11036/>
<Channel>System</Channel>
<Computer>DESKTOP-5VCD46O</Computer>
<Security UserID=S-1-5-18/>
</System>
<EventData><Data Name=updateTitle>9NBLGGH4RV3K-Microsoft.VCLibs.140.00.UWPDesktop</Data>
<Data Name=updateGuid>{fcdd3b59-f41c-4595-b36b-245bacb749e8}</Data>
<Data Name=updateRevisionNumber>1</Data>
</EventData>
</Event>
ElfRec#000521 (0x00044d00)	2026-01-14T21:42:08.9587391Z	size=456
<Event xmlns=http://schemas.microsoft.com/win/2004/08/events/event><System><Provider Name=Microsoft-Windows-WindowsUpdateClient Guid={945a8954-c147-4acd-923f-40c45405a658}/>
<EventID Qualifiers=(null)>19</EventID>
<Version>1</Version>
<Level>4</Level>
<Task>1</Task>
<Opcode>13</Opcode>
<Keywords>0x8000000000000018</Keywords>
<TimeCreated SystemTime=2026-01-14T21:42:08.958739100Z/>
<EventRecordID>521</EventRecordID>
<Correlation ActivityID={730d13f2-859e-0001-7e9c-0e739e85dc01} RelatedActivityID=(null)/>
<Execution ProcessID=2392 ThreadID=11036/>
<Channel>System</Channel>
<Computer>DESKTOP-5VCD46O</Computer>
<Security UserID=S-1-5-18/>
</System>
<EventData><Data Name=updateTitle>9NBLGGH4RV3K-Microsoft.VCLibs.140.00.UWPDesktop</Data>
<Data Name=updateGuid>{fcdd3b59-f41c-4595-b36b-245bacb749e8}</Data>
<Data Name=updateRevisionNumber>1</Data>
<Data Name=serviceGuid>{855e8a7c-ecb4-4ca3-b045-1dfa50104289}</Data>
</EventData>
</Event>
ElfRec#000522 (0x00044ec8)	2026-01-14T21:42:08.9832549Z	size=432
<Event xmlns=http://schemas.microsoft.com/win/2004/08/events/event><System><Provider Name=Microsoft-Windows-WindowsUpdateClient Guid={945a8954-c147-4acd-923f-40c45405a658}/>
<EventID Qualifiers=(null)>43</EventID>
<Version>1</Version>
<Level>4</Level>
<Task>1</Task>
<Opcode>13</Opcode>
<Keywords>0x8000000000002008</Keywords>
<TimeCreated SystemTime=2026-01-14T21:42:08.983254900Z/>
<EventRecordID>522</EventRecordID>
<Correlation ActivityID={730d13f2-859e-0001-7e9c-0e739e85dc01} RelatedActivityID=(null)/>
<Execution ProcessID=2392 ThreadID=11036/>
<Channel>System</Channel>
<Computer>DESKTOP-5VCD46O</Computer>
<Security UserID=S-1-5-18/>
</System>
<EventData><Data Name=updateTitle>9N3RK8ZV2ZR8-Microsoft.WidgetsPlatformRuntime</Data>
<Data Name=updateGuid>{4727b7e7-d482-4114-b431-57735f3b247b}</Data>
<Data Name=updateRevisionNumber>1</Data>
</EventData>
</Event>
ElfRec#000523 (0x00045078)	2026-01-14T21:42:09.2165635Z	size=456
<Event xmlns=http://schemas.microsoft.com/win/2004/08/events/event><System><Provider Name=Microsoft-Windows-WindowsUpdateClient Guid={945a8954-c147-4acd-923f-40c45405a658}/>
<EventID Qualifiers=(null)>19</EventID>
<Version>1</Version>
<Level>4</Level>
<Task>1</Task>
<Opcode>13</Opcode>
<Keywords>0x8000000000000018</Keywords>
<TimeCreated SystemTime=2026-01-14T21:42:09.216563500Z/>
<EventRecordID>523</EventRecordID>
<Correlation ActivityID={730d13f2-859e-0000-3ce8-0e739e85dc01} RelatedActivityID=(null)/>
<Execution ProcessID=2392 ThreadID=11036/>
<Channel>System</Channel>
<Computer>DESKTOP-5VCD46O</Computer>
<Security UserID=S-1-5-18/>
</System>
<EventData><Data Name=updateTitle>9N3RK8ZV2ZR8-Microsoft.WidgetsPlatformRuntime</Data>
<Data Name=updateGuid>{4727b7e7-d482-4114-b431-57735f3b247b}</Data>
<Data Name=updateRevisionNumber>1</Data>
<Data Name=serviceGuid>{855e8a7c-ecb4-4ca3-b045-1dfa50104289}</Data>
</EventData>
</Event>
ElfRec#000524 (0x00045240)	2026-01-14T21:45:24.6064819Z	size=760
<Event xmlns=http://schemas.microsoft.com/win/2004/08/events/event><System><Provider Name=Microsoft-Windows-Kernel-General Guid={a68ca8b7-004f-d7b6-a698-07e2de0f1f5d}/>
<EventID Qualifiers=(null)>12</EventID>
<Version>0</Version>
<Level>4</Level>
<Task>1</Task>
<Opcode>0</Opcode>
<Keywords>0x8000000000000080</Keywords>
<TimeCreated SystemTime=2026-01-14T21:45:24.606481900Z/>
<EventRecordID>524</EventRecordID>
<Correlation ActivityID=(null) RelatedActivityID=(null)/>
<Execution ProcessID=4 ThreadID=8/>
<Channel>System</Channel>
<Computer>DESKTOP-5VCD46O</Computer>
<Security UserID=S-1-5-18/>
</System>
<EventData><Data Name=MajorVersion>10</Data>
<Data Name=MinorVersion>0</Data>
<Data Name=BuildVersion>26100</Data>
<Data Name=QfeVersion>4343</Data>
<Data Name=ServiceVersion>0</Data>
<Data Name=BootMode>0</Data>
<Data Name=StartTime>2026-01-14T21:45:24.422362900Z</Data>
</EventData>
</Event>
ElfRec#000525 (0x00045538)	2026-01-14T21:45:24.6064824Z	size=840
<Event xmlns=http://schemas.microsoft.com/win/2004/08/events/event><System><Provider Name=Microsoft-Windows-Kernel-General Guid={a68ca8b7-004f-d7b6-a698-07e2de0f1f5d}/>
<EventID Qualifiers=(null)>25</EventID>
<Version>0</Version>
<Level>4</Level>
<Task>12</Task>
<Opcode>0</Opcode>
<Keywords>0x8000000000000010</Keywords>
<TimeCreated SystemTime=2026-01-14T21:45:24.606482400Z/>
<EventRecordID>525</EventRecordID>
<Correlation ActivityID=(null) RelatedActivityID=(null)/>
<Execution ProcessID=4 ThreadID=8/>
<Channel>System</Channel>
<Computer>DESKTOP-5VCD46O</Computer>
<Security UserID=S-1-5-18/>
</System>
<EventData><Data Name=SystemTime>2026-01-14T21:45:24.422362900Z</Data>
<Data Name=LoaderTime>2026-01-14T21:45:24.000000000Z</Data>
<Data Name=InternalBootFlags>2</Data>
<Data Name=HalRtcErrorCode>0</Data>
<Data Name=RealTimeIsUniversal>[Unknown Type 0x0d, size 4]</Data>
<Data Name=IsSoftBoot>[Unknown Type 0x0d, size 4]</Data>
<Data Name=Success>[Unknown Type 0x0d, size 4]</Data>
<Data Name=Phase>2</Data>
</EventData>
</Event>
ElfRec#000526 (0x00045880)	2026-01-14T21:45:24.6065777Z	size=520
<Event xmlns=http://schemas.microsoft.com/win/2004/08/events/event><System><Provider Name=Microsoft-Windows-Kernel-Boot Guid={15ca44ff-4d7a-4baa-bba5-0998955e531e}/>
<EventID Qualifiers=(null)>153</EventID>
<Version>0</Version>
<Level>4</Level>
<Task>62</Task>
<Opcode>0</Opcode>
<Keywords>0x8000000000000000</Keywords>
<TimeCreated SystemTime=2026-01-14T21:45:24.606577700Z/>
<EventRecordID>526</EventRecordID>
<Correlation ActivityID=(null) RelatedActivityID=(null)/>
<Execution ProcessID=4 ThreadID=8/>
<Channel>System</Channel>
<Computer>DESKTOP-5VCD46O</Computer>
<Security UserID=S-1-5-18/>
</System>
<EventData><Data Name=Status>0</Data>
<Data Name=EnableDisableReason>0</Data>
<Data Name=VsmPolicy>0</Data>
</EventData>
</Event>
ElfRec#000527 (0x00045a88)	2026-01-14T21:45:24.6065941Z	size=568
<Event xmlns=http://schemas.microsoft.com/win/2004/08/events/event><System><Provider Name=Microsoft-Windows-Kernel-Boot Guid={15ca44ff-4d7a-4baa-bba5-0998955e531e}/>
<EventID Qualifiers=(null)>29</EventID>
<Version>1</Version>
<Level>2</Level>
<Task>0</Task>
<Opcode>0</Opcode>
<Keywords>0x8000080000000000</Keywords>
<TimeCreated SystemTime=2026-01-14T21:45:24.606594100Z/>
<EventRecordID>527</EventRecordID>
<Correlation ActivityID=(null) RelatedActivityID=(null)/>
<Execution ProcessID=4 ThreadID=8/>
<Channel>System</Channel>
<Computer>DESKTOP-5VCD46O</Computer>
<Security UserID=S-1-5-18/>
</System>
<EventData><Data Name=FailureStatus>3221225684</Data>
<Data Name=FailureMsg>A fatal error occurred processing the restoration data.
</Data>
</EventData>
</Event>
ElfRec#000528 (0x00045cc0)	2026-01-14T21:45:24.6065943Z	size=392
<Event xmlns=http://schemas.microsoft.com/win/2004/08/events/event><System><Provider Name=Microsoft-Windows-Kernel-Boot Guid={15ca44ff-4d7a-4baa-bba5-0998955e531e}/>
<EventID Qualifiers=(null)>18</EventID>
<Version>0</Version>
<Level>4</Level>
<Task>57</Task>
<Opcode>0</Opcode>
<Keywords>0x8000000000000000</Keywords>
<TimeCreated SystemTime=2026-01-14T21:45:24.606594300Z/>
<EventRecordID>528</EventRecordID>
<Correlation ActivityID=(null) RelatedActivityID=(null)/>
<Execution ProcessID=4 ThreadID=8/>
<Channel>System</Channel>
<Computer>DESKTOP-5VCD46O</Computer>
<Security UserID=S-1-5-18/>
</System>
<EventData><Data Name=EntryCount>1</Data>
</EventData>
</Event>
ElfRec#000529 (0x00045e48)	2026-01-14T21:45:24.6066009Z	size=424
<Event xmlns=http://schemas.microsoft.com/win/2004/08/events/event><System><Provider Name=Microsoft-Windows-Kernel-Boot Guid={15ca44ff-4d7a-4baa-bba5-0998955e531e}/>
<EventID Qualifiers=(null)>32</EventID>
<Version>0</Version>
<Level>4</Level>
<Task>58</Task>
<Opcode>0</Opcode>
<Keywords>0x8000000000000000</Keywords>
<TimeCreated SystemTime=2026-01-14T21:45:24.606600900Z/>
<EventRecordID>529</EventRecordID>
<Correlation ActivityID=(null) RelatedActivityID=(null)/>
<Execution ProcessID=4 ThreadID=8/>
<Channel>System</Channel>
<Computer>DESKTOP-5VCD46O</Computer>
<Security UserID=S-1-5-18/>
</System>
<EventData><Data Name=BitlockerUserInputTime>0</Data>
</EventData>
</Event>
ElfRec#000530 (0x00045ff0)	2026-01-14T21:45:24.6068865Z	size=592
<Event xmlns=http://schemas.microsoft.com/win/2004/08/events/event><System><Provider Name=Microsoft-Windows-Kernel-Boot Guid={15ca44ff-4d7a-4baa-bba5-0998955e531e}/>
<EventID Qualifiers=(null)>20</EventID>
<Version>1</Version>
<Level>4</Level>
<Task>31</Task>
<Opcode>0</Opcode>
<Keywords>0x8000000000000000</Keywords>
<TimeCreated SystemTime=2026-01-14T21:45:24.606886500Z/>
<EventRecordID>530</EventRecordID>
<Correlation ActivityID=(null) RelatedActivityID=(null)/>
<Execution ProcessID=4 ThreadID=8/>
<Channel>System</Channel>
<Computer>DESKTOP-5VCD46O</Computer>
<Security UserID=S-1-5-18/>
</System>
<EventData><Data Name=LastShutdownGood>[Unknown Type 0x0d, size 4]</Data>
<Data Name=LastBootGood>[Unknown Type 0x0d, size 4]</Data>
<Data Name=LastBootId>4</Data>
<Data Name=BootStatusPolicy>2</Data>
</EventData>
</Event>
ElfRec#000531 (0x00046240)	2026-01-14T21:45:24.6068876Z	size=448
<Event xmlns=http://schemas.microsoft.com/win/2004/08/events/event><System><Provider Name=Microsoft-Windows-Kernel-Boot Guid={15ca44ff-4d7a-4baa-bba5-0998955e531e}/>
<EventID Qualifiers=(null)>247</EventID>
<Version>0</Version>
<Level>4</Level>
<Task>99</Task>
<Opcode>12</Opcode>
<Keywords>0x8000000000000000</Keywords>
<TimeCreated SystemTime=2026-01-14T21:45:24.606887600Z/>
<EventRecordID>531</EventRecordID>
<Correlation ActivityID=(null) RelatedActivityID=(null)/>
<Execution ProcessID=4 ThreadID=8/>
<Channel>System</Channel>
<Computer>DESKTOP-5VCD46O</Computer>
<Security UserID=S-1-5-18/>
</System>
<EventData><Data Name=Status>3221225473</Data>
<Data Name=FailureReason>0</Data>
</EventData>
</Event>
ElfRec#000532 (0x00046400)	2026-01-14T21:45:24.6069177Z	size=520
<Event xmlns=http://schemas.microsoft.com/win/2004/08/events/event><System><Provider Name=Microsoft-Windows-Kernel-Boot Guid={15ca44ff-4d7a-4baa-bba5-0998955e531e}/>
<EventID Qualifiers=(null)>238</EventID>
<Version>1</Version>
<Level>4</Level>
<Task>101</Task>
<Opcode>0</Opcode>
<Keywords>0x8000000000000000</Keywords>
<TimeCreated SystemTime=2026-01-14T21:45:24.606917700Z/>
<EventRecordID>532</EventRecordID>
<Correlation ActivityID=(null) RelatedActivityID=(null)/>
<Execution ProcessID=4 ThreadID=8/>
<Channel>System</Channel>
<Computer>DESKTOP-5VCD46O</Computer>
<Security UserID=S-1-5-18/>
</System>
<EventData><Data Name=EfiTimeZoneBias>[Unknown Type 0x05, size 2]</Data>
<Data Name=EfiDaylightFlags>0</Data>
<Data Name=EfiTime>2026-01-14T13:45:24.000000000Z</Data>
</EventData>
</Event>
ElfRec#000533 (0x00046608)	2026-01-14T21:45:24.6069181Z	size=400
<Event xmlns=http://schemas.microsoft.com/win/2004/08/events/event><System><Provider Name=Microsoft-Windows-Kernel-Boot Guid={15ca44ff-4d7a-4baa-bba5-0998955e531e}/>
<EventID Qualifiers=(null)>25</EventID>
<Version>0</Version>
<Level>4</Level>
<Task>32</Task>
<Opcode>0</Opcode>
<Keywords>0x8000000000000000</Keywords>
<TimeCreated SystemTime=2026-01-14T21:45:24.606918100Z/>
<EventRecordID>533</EventRecordID>
<Correlation ActivityID=(null) RelatedActivityID=(null)/>
<Execution ProcessID=4 ThreadID=8/>
<Channel>System</Channel>
<Computer>DESKTOP-5VCD46O</Computer>
<Security UserID=S-1-5-18/>
</System>
<EventData><Data Name=BootMenuPolicy>1</Data>
</EventData>
</Event>
ElfRec#000534 (0x00046798)	2026-01-14T21:45:24.6069183Z	size=488
<Event xmlns=http://schemas.microsoft.com/win/2004/08/events/event><System><Provider Name=Microsoft-Windows-Kernel-Boot Guid={15ca44ff-4d7a-4baa-bba5-0998955e531e}/>
<EventID Qualifiers=(null)>27</EventID>
<Version>1</Version>
<Level>4</Level>
<Task>33</Task>
<Opcode>0</Opcode>
<Keywords>0x8000000000000000</Keywords>
<TimeCreated SystemTime=2026-01-14T21:45:24.606918300Z/>
<EventRecordID>534</EventRecordID>
<Correlation ActivityID=(null) RelatedActivityID=(null)/>
<Execution ProcessID=4 ThreadID=8/>
<Channel>System</Channel>
<Computer>DESKTOP-5VCD46O</Computer>
<Security UserID=S-1-5-18/>
</System>
<EventData><Data Name=BootType>0</Data>
<Data Name=LoadOptions> NOEXECUTE=OPTIN  FVEBOOT=2148048896  NOVGA</Data>
</EventData>
</Event>
ElfRec#000535 (0x00046980)	2026-01-14T21:45:24.6069447Z	size=304
<Event xmlns=http://schemas.microsoft.com/win/2004/08/events/event><System><Provider Name=Microsoft-Windows-Kernel-Boot Guid={15ca44ff-4d7a-4baa-bba5-0998955e531e}/>
<EventID Qualifiers=(null)>18</EventID>
<Version>0</Version>
<Level>4</Level>
<Task>57</Task>
<Opcode>0</Opcode>
<Keywords>0x8000000000000000</Keywords>
<TimeCreated SystemTime=2026-01-14T21:45:24.606944700Z/>
<EventRecordID>535</EventRecordID>
<Correlation ActivityID=(null) RelatedActivityID=(null)/>
<Execution ProcessID=4 ThreadID=8/>
<Channel>System</Channel>
<Computer>DESKTOP-5VCD46O</Computer>
<Security UserID=S-1-5-18/>
</System>
<EventData><Data Name=EntryCount>1</Data>
</EventData>
</Event>
ElfRec#000536 (0x00046ab0)	2026-01-14T21:45:24.6069533Z	size=304
<Event xmlns=http://schemas.microsoft.com/win/2004/08/events/event><System><Provider Name=Microsoft-Windows-Kernel-Boot Guid={15ca44ff-4d7a-4baa-bba5-0998955e531e}/>
<EventID Qualifiers=(null)>32</EventID>
<Version>0</Version>
<Level>4</Level>
<Task>58</Task>
<Opcode>0</Opcode>
<Keywords>0x8000000000000000</Keywords>
<TimeCreated SystemTime=2026-01-14T21:45:24.606953300Z/>
<EventRecordID>536</EventRecordID>
<Correlation ActivityID=(null) RelatedActivityID=(null)/>
<Execution ProcessID=4 ThreadID=8/>
<Channel>System</Channel>
<Computer>DESKTOP-5VCD46O</Computer>
<Security UserID=S-1-5-18/>
</System>
<EventData><Data Name=BitlockerUserInputTime>0</Data>
</EventData>
</Event>
ElfRec#000537 (0x00046be0)	2026-01-14T21:45:24.6085361Z	size=568
<Event xmlns=http://schemas.microsoft.com/win/2004/08/events/event><System><Provider Name=Microsoft-Windows-Kernel-General Guid={a68ca8b7-004f-d7b6-a698-07e2de0f1f5d}/>
<EventID Qualifiers=(null)>20</EventID>
<Version>0</Version>
<Level>4</Level>
<Task>6</Task>
<Opcode>0</Opcode>
<Keywords>0x8000000000000010</Keywords>
<TimeCreated SystemTime=2026-01-14T21:45:24.608536100Z/>
<EventRecordID>537</EventRecordID>
<Correlation ActivityID=(null) RelatedActivityID=(null)/>
<Execution ProcessID=4 ThreadID=8/>
<Channel>System</Channel>
<Computer>DESKTOP-5VCD46O</Computer>
<Security UserID=S-1-5-18/>
</System>
<EventData><Data Name=UpdateReason>0</Data>
<Data Name=EnabledNew>[Unknown Type 0x0d, size 4]</Data>
<Data Name=CountNew>0</Data>
<Data Name=CountOld>0</Data>
</EventData>
</Event>
ElfRec#000538 (0x00046e18)	2026-01-14T21:45:24.6225988Z	size=280
<Event xmlns=http://schemas.microsoft.com/win/2004/08/events/event><System><Provider Name=Microsoft-Windows-HAL Guid={63d1e632-95cc-4443-9312-af927761d52a}/>
<EventID Qualifiers=(null)>16</EventID>
<Version>0</Version>
<Level>4</Level>
<Task>0</Task>
<Opcode>0</Opcode>
<Keywords>0x8000000000000000</Keywords>
<TimeCreated SystemTime=2026-01-14T21:45:24.622598800Z/>
<EventRecordID>538</EventRecordID>
<Correlation ActivityID=(null) RelatedActivityID=(null)/>
<Execution ProcessID=4 ThreadID=8/>
<Channel>System</Channel>
<Computer>DESKTOP-5VCD46O</Computer>
<Security UserID=S-1-5-18/>
</System>
<EventData></EventData>
</Event>
ElfRec#000539 (0x00046f30)	2026-01-14T21:45:30.3545943Z	size=976
<Event xmlns=http://schemas.microsoft.com/win/2004/08/events/event><System><Provider Name=EventLog/>
<EventID Qualifiers=32768>6008</EventID>
<Version>0</Version>
<Level>2</Level>
<Task>0</Task>
<Opcode>0</Opcode>
<Keywords>0x0080000000000000</Keywords>
<TimeCreated SystemTime=2026-01-14T21:45:30.354594300Z/>
<EventRecordID>539</EventRecordID>
<Correlation ActivityID=(null) RelatedActivityID=(null)/>
<Execution ProcessID=1440 ThreadID=1500/>
<Channel>System</Channel>
<Computer>DESKTOP-5VCD46O</Computer>
<Security UserID=(null)/>
</System>
<EventData><Data>[Unknown Type 0x81, size 60]</Data>
<Binary>[Unknown Type 0x0e, size 64]</Binary>
</EventData>
</Event>
ElfRec#000540 (0x00047300)	2026-01-14T21:45:30.3729457Z	size=280
<Event xmlns=http://schemas.microsoft.com/win/2004/08/events/event><System><Provider Name=EventLog/>
<EventID Qualifiers=32768>6009</EventID>
<Version>0</Version>
<Level>4</Level>
<Task>0</Task>
<Opcode>0</Opcode>
<Keywords>0x0080000000000000</Keywords>
<TimeCreated SystemTime=2026-01-14T21:45:30.372945700Z/>
<EventRecordID>540</EventRecordID>
<Correlation ActivityID=(null) RelatedActivityID=(null)/>
<Execution ProcessID=1440 ThreadID=1500/>
<Channel>System</Channel>
<Computer>DESKTOP-5VCD46O</Computer>
<Security UserID=(null)/>
</System>
<EventData><Data>[Unknown Type 0x81, size 72]</Data>
<Binary>(null)</Binary>
</EventData>
</Event>
ElfRec#000541 (0x00047418)	2026-01-14T21:45:30.3730675Z	size=232
<Event xmlns=http://schemas.microsoft.com/win/2004/08/events/event><System><Provider Name=EventLog/>
<EventID Qualifiers=32768>6005</EventID>
<Version>0</Version>
<Level>4</Level>
<Task>0</Task>
<Opcode>0</Opcode>
<Keywords>0x0080000000000000</Keywords>
<TimeCreated SystemTime=2026-01-14T21:45:30.373067500Z/>
<EventRecordID>541</EventRecordID>
<Correlation ActivityID=(null) RelatedActivityID=(null)/>
<Execution ProcessID=1440 ThreadID=1500/>
<Channel>System</Channel>
<Computer>DESKTOP-5VCD46O</Computer>
<Security UserID=(null)/>
</System>
<EventData><Data>(null)</Data>
<Binary>[Unknown Type 0x0e, size 24]</Binary>
</EventData>
</Event>
ElfRec#000542 (0x00047500)	2026-01-14T21:45:30.3750967Z	size=600
<Event xmlns=http://schemas.microsoft.com/win/2004/08/events/event><System><Provider Name=EventLog/>
<EventID Qualifiers=32768>6013</EventID>
<Version>0</Version>
<Level>4</Level>
<Task>0</Task>
<Opcode>0</Opcode>
<Keywords>0x0080000000000000</Keywords>
<TimeCreated SystemTime=2026-01-14T21:45:30.375096700Z/>
<EventRecordID>542</EventRecordID>
<Correlation ActivityID=(null) RelatedActivityID=(null)/>
<Execution ProcessID=1440 ThreadID=1500/>
<Channel>System</Channel>
<Computer>DESKTOP-5VCD46O</Computer>
<Security UserID=(null)/>
</System>
<EventData><Data>[Unknown Type 0x81, size 70]</Data>
<Binary>[Unknown Type 0x0e, size 326]</Binary>
</EventData>
</Event>
ElfRec#000543 (0x00047758)	2026-01-14T21:45:27.6063503Z	size=744
<Event xmlns=http://schemas.microsoft.com/win/2004/08/events/event><System><Provider Name=Microsoft-Windows-FilterManager Guid={f3c5e28e-63f6-49c7-a204-e48a1bc4b09d}/>
<EventID Qualifiers=(null)>6</EventID>
<Version>0</Version>
<Level>4</Level>
<Task>0</Task>
<Opcode>0</Opcode>
<Keywords>0x8000000000000000</Keywords>
<TimeCreated SystemTime=2026-01-14T21:45:27.606350300Z/>
<EventRecordID>543</EventRecordID>
<Correlation ActivityID=(null) RelatedActivityID=(null)/>
<Execution ProcessID=4 ThreadID=8/>
<Channel>System</Channel>
<Computer>DESKTOP-5VCD46O</Computer>
<Security UserID=S-1-5-18/>
</System>
<EventData><Data Name=FinalStatus>[Unknown Type 0x14, size 4]</Data>
<Data Name=DeviceVersionMajor>10</Data>
<Data Name=DeviceVersionMinor>0</Data>
<Data Name=DeviceNameLength>8</Data>
<Data Name=DeviceName>FileInfo</Data>
<Data Name=DeviceTime>2010-08-01T07:38:45.000000000Z</Data>
</EventData>
</Event>
ElfRec#000544 (0x00047a40)	2026-01-14T21:45:27.6066754Z	size=352
<Event xmlns=http://schemas.microsoft.com/win/2004/08/events/event><System><Provider Name=Microsoft-Windows-FilterManager Guid={f3c5e28e-63f6-49c7-a204-e48a1bc4b09d}/>
<EventID Qualifiers=(null)>6</EventID>
<Version>0</Version>
<Level>4</Level>
<Task>0</Task>
<Opcode>0</Opcode>
<Keywords>0x8000000000000000</Keywords>
<TimeCreated SystemTime=2026-01-14T21:45:27.606675400Z/>
<EventRecordID>544</EventRecordID>
<Correlation ActivityID=(null) RelatedActivityID=(null)/>
<Execution ProcessID=4 ThreadID=8/>
<Channel>System</Channel>
<Computer>DESKTOP-5VCD46O</Computer>
<Security UserID=S-1-5-18/>
</System>
<EventData><Data Name=FinalStatus>[Unknown Type 0x14, size 4]</Data>
<Data Name=DeviceVersionMajor>10</Data>
<Data Name=DeviceVersionMinor>0</Data>
<Data Name=DeviceNameLength>3</Data>
<Data Name=DeviceName>Wof</Data>
<Data Name=DeviceTime>2056-06-18T14:06:27.000000000Z</Data>
</EventData>
</Event>
ElfRec#000545 (0x00047ba0)	2026-01-14T21:45:27.6071817Z	size=360
<Event xmlns=http://schemas.microsoft.com/win/2004/08/events/event><System><Provider Name=Microsoft-Windows-FilterManager Guid={f3c5e28e-63f6-49c7-a204-e48a1bc4b09d}/>
<EventID Qualifiers=(null)>6</EventID>
<Version>0</Version>
<Level>4</Level>
<Task>0</Task>
<Opcode>0</Opcode>
<Keywords>0x8000000000000000</Keywords>
<TimeCreated SystemTime=2026-01-14T21:45:27.607181700Z/>
<EventRecordID>545</EventRecordID>
<Correlation ActivityID=(null) RelatedActivityID=(null)/>
<Execution ProcessID=4 ThreadID=8/>
<Channel>System</Channel>
<Computer>DESKTOP-5VCD46O</Computer>
<Security UserID=S-1-5-18/>
</System>
<EventData><Data Name=FinalStatus>[Unknown Type 0x14, size 4]</Data>
<Data Name=DeviceVersionMajor>10</Data>
<Data Name=DeviceVersionMinor>0</Data>
<Data Name=DeviceNameLength>8</Data>
<Data Name=DeviceName>WdFilter</Data>
<Data Name=DeviceTime>2075-05-27T12:05:35.000000000Z</Data>
</EventData>
</Event>
ElfRec#000546 (0x00047d08)	2026-01-14T21:45:27.8132262Z	size=560
<Event xmlns=http://schemas.microsoft.com/win/2004/08/events/event><System><Provider Name=Microsoft-Windows-Ntfs Guid={3ff37a1c-a68d-4d6e-8c9b-f79e8b16c482}/>
<EventID Qualifiers=(null)>98</EventID>
<Version>0</Version>
<Level>4</Level>
<Task>0</Task>
<Opcode>0</Opcode>
<Keywords>0x8000000000000002</Keywords>
<TimeCreated SystemTime=2026-01-14T21:45:27.813226200Z/>
<EventRecordID>546</EventRecordID>
<Correlation ActivityID=(null) RelatedActivityID=(null)/>
<Execution ProcessID=4 ThreadID=304/>
<Channel>System</Channel>
<Computer>DESKTOP-5VCD46O</Computer>
<Security UserID=S-1-5-18/>
</System>
<EventData><Data Name=DriveName>C:</Data>
<Data Name=DeviceName>\Device\HarddiskVolume3</Data>
<Data Name=CorruptionActionState>0</Data>
</EventData>
</Event>
ElfRec#000547 (0x00047f38)	2026-01-14T21:45:27.8607809Z	size=360
<Event xmlns=http://schemas.microsoft.com/win/2004/08/events/event><System><Provider Name=Microsoft-Windows-FilterManager Guid={f3c5e28e-63f6-49c7-a204-e48a1bc4b09d}/>
<EventID Qualifiers=(null)>6</EventID>
<Version>0</Version>
<Level>4</Level>
<Task>0</Task>
<Opcode>0</Opcode>
<Keywords>0x8000000000000000</Keywords>
<TimeCreated SystemTime=2026-01-14T21:45:27.860780900Z/>
<EventRecordID>547</EventRecordID>
<Correlation ActivityID=(null) RelatedActivityID=(null)/>
<Execution ProcessID=4 ThreadID=8/>
<Channel>System</Channel>
<Computer>DESKTOP-5VCD46O</Computer>
<Security UserID=S-1-5-18/>
</System>
<EventData><Data Name=FinalStatus>[Unknown Type 0x14, size 4]</Data>
<Data Name=DeviceVersionMajor>10</Data>
<Data Name=DeviceVersionMinor>0</Data>
<Data Name=DeviceNameLength>9</Data>
<Data Name=DeviceName>FileCrypt</Data>
<Data Name=DeviceTime>2023-08-31T04:48:23.000000000Z</Data>
</EventData>
</Event>
ElfRec#000548 (0x000480a0)	2026-01-14T21:45:27.9528942Z	size=360
<Event xmlns=http://schemas.microsoft.com/win/2004/08/events/event><System><Provider Name=Microsoft-Windows-FilterManager Guid={f3c5e28e-63f6-49c7-a204-e48a1bc4b09d}/>
<EventID Qualifiers=(null)>6</EventID>
<Version>0</Version>
<Level>4</Level>
<Task>0</Task>
<Opcode>0</Opcode>
<Keywords>0x8000000000000000</Keywords>
<TimeCreated SystemTime=2026-01-14T21:45:27.952894200Z/>
<EventRecordID>548</EventRecordID>
<Correlation ActivityID=(null) RelatedActivityID=(null)/>
<Execution ProcessID=4 ThreadID=8/>
<Channel>System</Channel>
<Computer>DESKTOP-5VCD46O</Computer>
<Security UserID=S-1-5-18/>
</System>
<EventData><Data Name=FinalStatus>[Unknown Type 0x14, size 4]</Data>
<Data Name=DeviceVersionMajor>10</Data>
<Data Name=DeviceVersionMinor>0</Data>
<Data Name=DeviceNameLength>9</Data>
<Data Name=DeviceName>npsvctrig</Data>
<Data Name=DeviceTime>2077-01-08T01:04:48.000000000Z</Data>
</EventData>
</Event>
ElfRec#000549 (0x00048208)	2026-01-14T21:45:27.9723112Z	size=1936
<Event xmlns=http://schemas.microsoft.com/win/2004/08/events/event><System><Provider Name=Microsoft-Windows-Kernel-Power Guid={331c3b3a-2005-44c2-ac5e-77220c37d6b4}/>
<EventID Qualifiers=(null)>41</EventID>
<Version>10</Version>
<Level>1</Level>
<Task>63</Task>
<Opcode>0</Opcode>
<Keywords>0x8000400000000002</Keywords>
<TimeCreated SystemTime=2026-01-14T21:45:27.972311200Z/>
<EventRecordID>549</EventRecordID>
<Correlation ActivityID=(null) RelatedActivityID=(null)/>
<Execution ProcessID=4 ThreadID=8/>
<Channel>System</Channel>
<Computer>DESKTOP-5VCD46O</Computer>
<Security UserID=S-1-5-18/>
</System>
<EventData><Data Name=BugcheckCode>0</Data>
<Data Name=BugcheckParameter1>0x0000000000000000</Data>
<Data Name=BugcheckParameter2>0x0000000000000000</Data>
<Data Name=BugcheckParameter3>0x0000000000000000</Data>
<Data Name=BugcheckParameter4>0x0000000000000000</Data>
<Data Name=SleepInProgress>6</Data>
<Data Name=PowerButtonTimestamp>0</Data>
<Data Name=BootAppStatus>3221225684</Data>
<Data Name=Checkpoint>16</Data>
<Data Name=ConnectedStandbyInProgress>[Unknown Type 0x0d, size 4]</Data>
<Data Name=SystemSleepTransitionsToOn>1</Data>
<Data Name=CsEntryScenarioInstanceId>0</Data>
<Data Name=BugcheckInfoFromEFI>[Unknown Type 0x0d, size 4]</Data>
<Data Name=CheckpointStatus>0</Data>
<Data Name=CsEntryScenarioInstanceIdV2>0</Data>
<Data Name=LongPowerButtonPressDetected>[Unknown Type 0x0d, size 4]</Data>
<Data Name=LidReliability>[Unknown Type 0x0d, size 4]</Data>
<Data Name=InputSuppressionState>0</Data>
<Data Name=PowerButtonSuppressionState>0</Data>
<Data Name=LidState>3</Data>
<Data Name=WHEABootErrorCount>0</Data>
</EventData>
</Event>
ElfRec#000550 (0x00048998)	2026-01-14T21:45:27.9754083Z	size=432
<Event xmlns=http://schemas.microsoft.com/win/2004/08/events/event><System><Provider Name=Microsoft-Windows-Kernel-Power Guid={331c3b3a-2005-44c2-ac5e-77220c37d6b4}/>
<EventID Qualifiers=(null)>172</EventID>
<Version>0</Version>
<Level>4</Level>
<Task>203</Task>
<Opcode>0</Opcode>
<Keywords>0x8000000000000404</Keywords>
<TimeCreated SystemTime=2026-01-14T21:45:27.975408300Z/>
<EventRecordID>550</EventRecordID>
<Correlation ActivityID=(null) RelatedActivityID=(null)/>
<Execution ProcessID=4 ThreadID=348/>
<Channel>System</Channel>
<Computer>DESKTOP-5VCD46O</Computer>
<Security UserID=S-1-5-18/>
</System>
<EventData><Data Name=State>2</Data>
<Data Name=Reason>6</Data>
</EventData>
</Event>
ElfRec#000551 (0x00048b48)	2026-01-14T21:45:28.0330016Z	size=1008
<Event xmlns=http://schemas.microsoft.com/win/2004/08/events/event><System><Provider Name=Microsoft-Windows-Kernel-Processor-Power Guid={0f67e49f-fe51-4e9f-b490-6f2948cc6027}/>
<EventID Qualifiers=(null)>55</EventID>
<Version>0</Version>
<Level>4</Level>
<Task>47</Task>
<Opcode>0</Opcode>
<Keywords>0x8000000000000000</Keywords>
<TimeCreated SystemTime=2026-01-14T21:45:28.033001600Z/>
<EventRecordID>551</EventRecordID>
<Correlation ActivityID=(null) RelatedActivityID=(null)/>
<Execution ProcessID=4 ThreadID=304/>
<Channel>System</Channel>
<Computer>DESKTOP-5VCD46O</Computer>
<Security UserID=S-1-5-18/>
</System>
<EventData><Data Name=Group>0</Data>
<Data Name=Number>0</Data>
<Data Name=IdleStateCount>0</Data>
<Data Name=IdleImplementation>0</Data>
<Data Name=NominalFrequency>2000</Data>
<Data Name=MaximumPerformancePercent>100</Data>
<Data Name=MinimumPerformancePercent>100</Data>
<Data Name=MinimumThrottlePercent>100</Data>
<Data Name=PerformanceImplementation>0</Data>
</EventData>
</Event>
ElfRec#000552 (0x00048f38)	2026-01-14T21:45:28.0347326Z	size=384
<Event xmlns=http://schemas.microsoft.com/win/2004/08/events/event><System><Provider Name=Microsoft-Windows-Kernel-Processor-Power Guid={0f67e49f-fe51-4e9f-b490-6f2948cc6027}/>
<EventID Qualifiers=(null)>55</EventID>
<Version>0</Version>
<Level>4</Level>
<Task>47</Task>
<Opcode>0</Opcode>
<Keywords>0x8000000000000000</Keywords>
<TimeCreated SystemTime=2026-01-14T21:45:28.034732600Z/>
<EventRecordID>552</EventRecordID>
<Correlation ActivityID=(null) RelatedActivityID=(null)/>
<Execution ProcessID=4 ThreadID=304/>
<Channel>System</Channel>
<Computer>DESKTOP-5VCD46O</Computer>
<Security UserID=S-1-5-18/>
</System>
<EventData><Data Name=Group>0</Data>
<Data Name=Number>1</Data>
<Data Name=IdleStateCount>0</Data>
<Data Name=IdleImplementation>0</Data>
<Data Name=NominalFrequency>2000</Data>
<Data Name=MaximumPerformancePercent>100</Data>
<Data Name=MinimumPerformancePercent>100</Data>
<Data Name=MinimumThrottlePercent>100</Data>
<Data Name=PerformanceImplementation>0</Data>
</EventData>
</Event>
