ElfRec#000110 (0x0000eef0)	2026-01-14T21:33:17.5968309Z	size=648
<Event xmlns=http://schemas.microsoft.com/win/2004/08/events/event><System><Provider Name=Microsoft-Windows-Kernel-General Guid={a68ca8b7-004f-d7b6-a698-07e2de0f1f5d}/>
<EventID Qualifiers=(null)>16</EventID>
<Version>0</Version>
<Level>4</Level>
<Task>0</Task>
<Opcode>0</Opcode>
<Keywords>0x8000000000000000</Keywords>
<TimeCreated SystemTime=2026-01-14T21:33:17.596830900Z/>
<EventRecordID>110</EventRecordID>
<Correlation ActivityID=(null) RelatedActivityID=(null)/>
<Execution ProcessID=2652 ThreadID=800/>
<Channel>System</Channel>
<Computer>WIN-S8AG37SE2O9</Computer>
<Security UserID=S-1-5-18/>
</System>
<EventData><Data Name=HiveNameLength>163</Data>
<Data Name=HiveName>\??\C:\ProgramData\Microsoft\Windows\AppRepository\Packages\Microsoft.Windows.ShellExperienceHost_10.0.26100.3624_neutral_neutral_cw5n1h2txyewy\ActivationStore.dat</Data>
<Data Name=KeysUpdated>0</Data>
<Data Name=DirtyPages>0</Data>
</EventData>
</Event>
ElfRec#000111 (0x0000f178)	2026-01-14T21:33:17.7408368Z	size=656
<Event xmlns=http://schemas.microsoft.com/win/2004/08/events/event><System><Provider Name=Microsoft-Windows-Kernel-General Guid={a68ca8b7-004f-d7b6-a698-07e2de0f1f5d}/>
<EventID Qualifiers=(null)>16</EventID>
<Version>0</Version>
<Level>4</Level>
<Task>0</Task>
<Opcode>0</Opcode>
<Keywords>0x8000000000000000</Keywords>
<TimeCreated SystemTime=2026-01-14T21:33:17.740836800Z/>
<EventRecordID>111</EventRecordID>
<Correlation ActivityID=(null) RelatedActivityID=(null)/>
<Execution ProcessID=2652 ThreadID=800/>
<Channel>System</Channel>
<Computer>WIN-S8AG37SE2O9</Computer>
<Security UserID=S-1-5-18/>
</System>
<EventData><Data Name=HiveNameLength>167</Data>
<Data Name=HiveName>\??\C:\ProgramData\Microsoft\Windows\AppRepository\Packages\Microsoft.Windows.StartMenuExperienceHost_10.0.26100.4202_neutral_neutral_cw5n1h2txyewy\ActivationStore.dat</Data>
<Data Name=KeysUpdated>0</Data>
<Data Name=DirtyPages>0</Data>
</EventData>
</Event>
ElfRec#000112 (0x0000f408)	2026-01-14T21:33:17.8488870Z	size=640
<Event xmlns=http://schemas.microsoft.com/win/2004/08/events/event><System><Provider Name=Microsoft-Windows-Kernel-General Guid={a68ca8b7-004f-d7b6-a698-07e2de0f1f5d}/>
<EventID Qualifiers=(null)>16</EventID>
<Version>0</Version>
<Level>4</Level>
<Task>0</Task>
<Opcode>0</Opcode>
<Keywords>0x8000000000000000</Keywords>
<TimeCreated SystemTime=2026-01-14T21:33:17.848887000Z/>
<EventRecordID>112</EventRecordID>
<Correlation ActivityID=(null) RelatedActivityID=(null)/>
<Execution ProcessID=2652 ThreadID=800/>
<Channel>System</Channel>
<Computer>WIN-S8AG37SE2O9</Computer>
<Security UserID=S-1-5-18/>
</System>
<EventData><Data Name=HiveNameLength>156</Data>
<Data Name=HiveName>\??\C:\ProgramData\Microsoft\Windows\AppRepository\Packages\Microsoft.Windows.XGpuEjectDialog_10.0.26100.1_neutral_neutral_cw5n1h2txyewy\ActivationStore.dat</Data>
<Data Name=KeysUpdated>0</Data>
<Data Name=DirtyPages>0</Data>
</EventData>
</Event>
ElfRec#000113 (0x0000f688)	2026-01-14T21:33:17.9802915Z	size=632
<Event xmlns=http://schemas.microsoft.com/win/2004/08/events/event><System><Provider Name=Microsoft-Windows-Kernel-General Guid={a68ca8b7-004f-d7b6-a698-07e2de0f1f5d}/>
<EventID Qualifiers=(null)>16</EventID>
<Version>0</Version>
<Level>4</Level>
<Task>0</Task>
<Opcode>0</Opcode>
<Keywords>0x8000000000000000</Keywords>
<TimeCreated SystemTime=2026-01-14T21:33:17.980291500Z/>
<EventRecordID>113</EventRecordID>
<Correlation ActivityID=(null) RelatedActivityID=(null)/>
<Execution ProcessID=2652 ThreadID=800/>
<Channel>System</Channel>
<Computer>WIN-S8AG37SE2O9</Computer>
<Security UserID=S-1-5-18/>
</System>
<EventData><Data Name=HiveNameLength>154</Data>
<Data Name=HiveName>\??\C:\ProgramData\Microsoft\Windows\AppRepository\Packages\Microsoft.WindowsAppRuntime.CBS.1.6_6000.498.2125.100_arm64__8wekyb3d8bbwe\ActivationStore.dat</Data>
<Data Name=KeysUpdated>0</Data>
<Data Name=DirtyPages>0</Data>
</EventData>
</Event>
ElfRec#000114 (0x0000f900)	2026-01-14T21:33:18.1413544Z	size=624
<Event xmlns=http://schemas.microsoft.com/win/2004/08/events/event><System><Provider Name=Microsoft-Windows-Kernel-General Guid={a68ca8b7-004f-d7b6-a698-07e2de0f1f5d}/>
<EventID Qualifiers=(null)>16</EventID>
<Version>0</Version>
<Level>4</Level>
<Task>0</Task>
<Opcode>0</Opcode>
<Keywords>0x8000000000000000</Keywords>
<TimeCreated SystemTime=2026-01-14T21:33:18.141354400Z/>
<EventRecordID>114</EventRecordID>
<Correlation ActivityID=(null) RelatedActivityID=(null)/>
<Execution ProcessID=2652 ThreadID=800/>
<Channel>System</Channel>
<Computer>WIN-S8AG37SE2O9</Computer>
<Security UserID=S-1-5-18/>
</System>
<EventData><Data Name=HiveNameLength>150</Data>
<Data Name=HiveName>\??\C:\ProgramData\Microsoft\Windows\AppRepository\Packages\Microsoft.WindowsAppRuntime.CBS_5001.373.1736.100_arm64__8wekyb3d8bbwe\ActivationStore.dat</Data>
<Data Name=KeysUpdated>0</Data>
<Data Name=DirtyPages>0</Data>
</EventData>
</Event>
ElfRec#000115 (0x0000fb70)	2026-01-14T21:33:18.2802884Z	size=640
<Event xmlns=http://schemas.microsoft.com/win/2004/08/events/event><System><Provider Name=Microsoft-Windows-Kernel-General Guid={a68ca8b7-004f-d7b6-a698-07e2de0f1f5d}/>
<EventID Qualifiers=(null)>16</EventID>
<Version>0</Version>
<Level>4</Level>
<Task>0</Task>
<Opcode>0</Opcode>
<Keywords>0x8000000000000000</Keywords>
<TimeCreated SystemTime=2026-01-14T21:33:18.280288400Z/>
<EventRecordID>115</EventRecordID>
<Correlation ActivityID=(null) RelatedActivityID=(null)/>
<Execution ProcessID=2652 ThreadID=800/>
<Channel>System</Channel>
<Computer>WIN-S8AG37SE2O9</Computer>
<Security UserID=S-1-5-18/>
</System>
<EventData><Data Name=HiveNameLength>156</Data>
<Data Name=HiveName>\??\C:\ProgramData\Microsoft\Windows\AppRepository\Packages\Microsoft.XboxGameCallableUI_1000.25128.1000.0_neutral_neutral_cw5n1h2txyewy\ActivationStore.dat</Data>
<Data Name=KeysUpdated>0</Data>
<Data Name=DirtyPages>0</Data>
</EventData>
</Event>
ElfRec#000116 (0x0000fdf0)	2026-01-14T21:33:18.3957183Z	size=624
<Event xmlns=http://schemas.microsoft.com/win/2004/08/events/event><System><Provider Name=Microsoft-Windows-Kernel-General Guid={a68ca8b7-004f-d7b6-a698-07e2de0f1f5d}/>
<EventID Qualifiers=(null)>16</EventID>
<Version>0</Version>
<Level>4</Level>
<Task>0</Task>
<Opcode>0</Opcode>
<Keywords>0x8000000000000000</Keywords>
<TimeCreated SystemTime=2026-01-14T21:33:18.395718300Z/>
<EventRecordID>116</EventRecordID>
<Correlation ActivityID=(null) RelatedActivityID=(null)/>
<Execution ProcessID=2652 ThreadID=800/>
<Channel>System</Channel>
<Computer>WIN-S8AG37SE2O9</Computer>
<Security UserID=S-1-5-18/>
</System>
<EventData><Data Name=HiveNameLength>151</Data>
<Data Name=HiveName>\??\C:\ProgramData\Microsoft\Windows\AppRepository\Packages\MicrosoftWindows.54792954.Filons_1000.26100.4343.0_arm64__cw5n1h2txyewy\ActivationStore.dat</Data>
<Data Name=KeysUpdated>0</Data>
<Data Name=DirtyPages>0</Data>
</EventData>
</Event>
ElfRec#000117 (0x00010060)	2026-01-14T21:33:18.5186194Z	size=624
<Event xmlns=http://schemas.microsoft.com/win/2004/08/events/event><System><Provider Name=Microsoft-Windows-Kernel-General Guid={a68ca8b7-004f-d7b6-a698-07e2de0f1f5d}/>
<EventID Qualifiers=(null)>16</EventID>
<Version>0</Version>
<Level>4</Level>
<Task>0</Task>
<Opcode>0</Opcode>
<Keywords>0x8000000000000000</Keywords>
<TimeCreated SystemTime=2026-01-14T21:33:18.518619400Z/>
<EventRecordID>117</EventRecordID>
<Correlation ActivityID=(null) RelatedActivityID=(null)/>
<Execution ProcessID=2652 ThreadID=800/>
<Channel>System</Channel>
<Computer>WIN-S8AG37SE2O9</Computer>
<Security UserID=S-1-5-18/>
</System>
<EventData><Data Name=HiveNameLength>151</Data>
<Data Name=HiveName>\??\C:\ProgramData\Microsoft\Windows\AppRepository\Packages\MicrosoftWindows.56978801.Voiess_1000.26100.4343.0_arm64__cw5n1h2txyewy\ActivationStore.dat</Data>
<Data Name=KeysUpdated>0</Data>
<Data Name=DirtyPages>0</Data>
</EventData>
</Event>
ElfRec#000118 (0x000102d0)	2026-01-14T21:33:18.6393466Z	size=624
<Event xmlns=http://schemas.microsoft.com/win/2004/08/events/event><System><Provider Name=Microsoft-Windows-Kernel-General Guid={a68ca8b7-004f-d7b6-a698-07e2de0f1f5d}/>
<EventID Qualifiers=(null)>16</EventID>
<Version>0</Version>
<Level>4</Level>
<Task>0</Task>
<Opcode>0</Opcode>
<Keywords>0x8000000000000000</Keywords>
<TimeCreated SystemTime=2026-01-14T21:33:18.639346600Z/>
<EventRecordID>118</EventRecordID>
<Correlation ActivityID=(null) RelatedActivityID=(null)/>
<Execution ProcessID=2652 ThreadID=800/>
<Channel>System</Channel>
<Computer>WIN-S8AG37SE2O9</Computer>
<Security UserID=S-1-5-18/>
</System>
<EventData><Data Name=HiveNameLength>151</Data>
<Data Name=HiveName>\??\C:\ProgramData\Microsoft\Windows\AppRepository\Packages\MicrosoftWindows.57058570.Speion_1000.26100.4343.0_arm64__cw5n1h2txyewy\ActivationStore.dat</Data>
<Data Name=KeysUpdated>0</Data>
<Data Name=DirtyPages>0</Data>
</EventData>
</Event>
ElfRec#000119 (0x00010540)	2026-01-14T21:33:18.7588430Z	size=624
<Event xmlns=http://schemas.microsoft.com/win/2004/08/events/event><System><Provider Name=Microsoft-Windows-Kernel-General Guid={a68ca8b7-004f-d7b6-a698-07e2de0f1f5d}/>
<EventID Qualifiers=(null)>16</EventID>
<Version>0</Version>
<Level>4</Level>
<Task>0</Task>
<Opcode>0</Opcode>
<Keywords>0x8000000000000000</Keywords>
<TimeCreated SystemTime=2026-01-14T21:33:18.758843000Z/>
<EventRecordID>119</EventRecordID>
<Correlation ActivityID=(null) RelatedActivityID=(null)/>
<Execution ProcessID=2652 ThreadID=800/>
<Channel>System</Channel>
<Computer>WIN-S8AG37SE2O9</Computer>
<Security UserID=S-1-5-18/>
</System>
<EventData><Data Name=HiveNameLength>151</Data>
<Data Name=HiveName>\??\C:\ProgramData\Microsoft\Windows\AppRepository\Packages\MicrosoftWindows.57074914.Livtop_1000.26100.4343.0_arm64__cw5n1h2txyewy\ActivationStore.dat</Data>
<Data Name=KeysUpdated>0</Data>
<Data Name=DirtyPages>0</Data>
</EventData>
</Event>
ElfRec#000120 (0x000107b0)	2026-01-14T21:33:19.1678080Z	size=616
<Event xmlns=http://schemas.microsoft.com/win/2004/08/events/event><System><Provider Name=Microsoft-Windows-Kernel-General Guid={a68ca8b7-004f-d7b6-a698-07e2de0f1f5d}/>
<EventID Qualifiers=(null)>16</EventID>
<Version>0</Version>
<Level>4</Level>
<Task>0</Task>
<Opcode>0</Opcode>
<Keywords>0x8000000000000000</Keywords>
<TimeCreated SystemTime=2026-01-14T21:33:19.167808000Z/>
<EventRecordID>120</EventRecordID>
<Correlation ActivityID=(null) RelatedActivityID=(null)/>
<Execution ProcessID=2652 ThreadID=800/>
<Channel>System</Channel>
<Computer>WIN-S8AG37SE2O9</Computer>
<Security UserID=S-1-5-18/>
</System>
<EventData><Data Name=HiveNameLength>145</Data>
<Data Name=HiveName>\??\C:\ProgramData\Microsoft\Windows\AppRepository\Packages\MicrosoftWindows.Client.CBS_1000.26100.107.0_arm64__cw5n1h2txyewy\ActivationStore.dat</Data>
<Data Name=KeysUpdated>0</Data>
<Data Name=DirtyPages>0</Data>
</EventData>
</Event>
ElfRec#000121 (0x00010a18)	2026-01-14T21:33:19.5080008Z	size=624
<Event xmlns=http://schemas.microsoft.com/win/2004/08/events/event><System><Provider Name=Microsoft-Windows-Kernel-General Guid={a68ca8b7-004f-d7b6-a698-07e2de0f1f5d}/>
<EventID Qualifiers=(null)>16</EventID>
<Version>0</Version>
<Level>4</Level>
<Task>0</Task>
<Opcode>0</Opcode>
<Keywords>0x8000000000000000</Keywords>
<TimeCreated SystemTime=2026-01-14T21:33:19.508000800Z/>
<EventRecordID>121</EventRecordID>
<Correlation ActivityID=(null) RelatedActivityID=(null)/>
<Execution ProcessID=2652 ThreadID=800/>
<Channel>System</Channel>
<Computer>WIN-S8AG37SE2O9</Computer>
<Security UserID=S-1-5-18/>
</System>
<EventData><Data Name=HiveNameLength>149</Data>
<Data Name=HiveName>\??\C:\ProgramData\Microsoft\Windows\AppRepository\Packages\MicrosoftWindows.Client.CoreAI_1000.26100.4343.0_arm64__cw5n1h2txyewy\ActivationStore.dat</Data>
<Data Name=KeysUpdated>0</Data>
<Data Name=DirtyPages>0</Data>
</EventData>
</Event>
ElfRec#000122 (0x00010c88)	2026-01-14T21:33:19.7306114Z	size=616
<Event xmlns=http://schemas.microsoft.com/win/2004/08/events/event><System><Provider Name=Microsoft-Windows-Kernel-General Guid={a68ca8b7-004f-d7b6-a698-07e2de0f1f5d}/>
<EventID Qualifiers=(null)>16</EventID>
<Version>0</Version>
<Level>4</Level>
<Task>0</Task>
<Opcode>0</Opcode>
<Keywords>0x8000000000000000</Keywords>
<TimeCreated SystemTime=2026-01-14T21:33:19.730611400Z/>
<EventRecordID>122</EventRecordID>
<Correlation ActivityID=(null) RelatedActivityID=(null)/>
<Execution ProcessID=2652 ThreadID=800/>
<Channel>System</Channel>
<Computer>WIN-S8AG37SE2O9</Computer>
<Security UserID=S-1-5-18/>
</System>
<EventData><Data Name=HiveNameLength>145</Data>
<Data Name=HiveName>\??\C:\ProgramData\Microsoft\Windows\AppRepository\Packages\MicrosoftWindows.Client.Core_1000.26100.46.0_arm64__cw5n1h2txyewy\ActivationStore.dat</Data>
<Data Name=KeysUpdated>0</Data>
<Data Name=DirtyPages>0</Data>
</EventData>
</Event>
ElfChnk#00001 (0x00011000)	record_num=123-243	record_id=123-243	last_offset=0xfe08	free_offset=0xffc0
ElfRec#000123 (0x00011200)	2026-01-14T21:33:19.9477144Z	size=2112
<Event xmlns=http://schemas.microsoft.com/win/2004/08/events/event><System><Provider Name=Microsoft-Windows-Kernel-General Guid={a68ca8b7-004f-d7b6-a698-07e2de0f1f5d}/>
<EventID Qualifiers=(null)>16</EventID>
<Version>0</Version>
<Level>4</Level>
<Task>0</Task>
<Opcode>0</Opcode>
<Keywords>0x8000000000000000</Keywords>
<TimeCreated SystemTime=2026-01-14T21:33:19.947714400Z/>
<EventRecordID>123</EventRecordID>
<Correlation ActivityID=(null) RelatedActivityID=(null)/>
<Execution ProcessID=2652 ThreadID=800/>
<Channel>System</Channel>
<Computer>WIN-S8AG37SE2O9</Computer>
<Security UserID=S-1-5-18/>
</System>
<EventData><Data Name=HiveNameLength>147</Data>
<Data Name=HiveName>\??\C:\ProgramData\Microsoft\Windows\AppRepository\Packages\MicrosoftWindows.Client.FileExp_1000.26100.3.0_arm64__cw5n1h2txyewy\ActivationStore.dat</Data>
<Data Name=KeysUpdated>0</Data>
<Data Name=DirtyPages>0</Data>
</EventData>
</Event>
ElfRec#000124 (0x00011a40)	2026-01-14T21:33:20.1069678Z	size=616
<Event xmlns=http://schemas.microsoft.com/win/2004/08/events/event><System><Provider Name=Microsoft-Windows-Kernel-General Guid={a68ca8b7-004f-d7b6-a698-07e2de0f1f5d}/>
<EventID Qualifiers=(null)>16</EventID>
<Version>0</Version>
<Level>4</Level>
<Task>0</Task>
<Opcode>0</Opcode>
<Keywords>0x8000000000000000</Keywords>
<TimeCreated SystemTime=2026-01-14T21:33:20.106967800Z/>
<EventRecordID>124</EventRecordID>
<Correlation ActivityID=(null) RelatedActivityID=(null)/>
<Execution ProcessID=2652 ThreadID=800/>
<Channel>System</Channel>
<Computer>WIN-S8AG37SE2O9</Computer>
<Security UserID=S-1-5-18/>
</System>
<EventData><Data Name=HiveNameLength>144</Data>
<Data Name=HiveName>\??\C:\ProgramData\Microsoft\Windows\AppRepository\Packages\MicrosoftWindows.Client.OOBE_1000.26100.7.0_arm64__cw5n1h2txyewy\ActivationStore.dat</Data>
<Data Name=KeysUpdated>0</Data>
<Data Name=DirtyPages>0</Data>
</EventData>
</Event>
ElfRec#000125 (0x00011ca8)	2026-01-14T21:33:20.2395529Z	size=616
<Event xmlns=http://schemas.microsoft.com/win/2004/08/events/event><System><Provider Name=Microsoft-Windows-Kernel-General Guid={a68ca8b7-004f-d7b6-a698-07e2de0f1f5d}/>
<EventID Qualifiers=(null)>16</EventID>
<Version>0</Version>
<Level>4</Level>
<Task>0</Task>
<Opcode>0</Opcode>
<Keywords>0x8000000000000000</Keywords>
<TimeCreated SystemTime=2026-01-14T21:33:20.239552900Z/>
<EventRecordID>125</EventRecordID>
<Correlation ActivityID=(null) RelatedActivityID=(null)/>
<Execution ProcessID=2652 ThreadID=800/>
<Channel>System</Channel>
<Computer>WIN-S8AG37SE2O9</Computer>
<Security UserID=S-1-5-18/>
</System>
<EventData><Data Name=HiveNameLength>146</Data>
<Data Name=HiveName>\??\C:\ProgramData\Microsoft\Windows\AppRepository\Packages\MicrosoftWindows.Client.Photon_1000.26100.8.0_arm64__cw5n1h2txyewy\ActivationStore.dat</Data>
<Data Name=KeysUpdated>0</Data>
<Data Name=DirtyPages>0</Data>
</EventData>
</Event>
ElfRec#000126 (0x00011f10)	2026-01-14T21:33:20.2984085Z	size=688
<Event xmlns=http://schemas.microsoft.com/win/2004/08/events/event><System><Provider Name=Microsoft-Windows-DNS-Client Guid={1c95126e-7eea-49a9-a3fe-a378b03ddb4d}/>
<EventID Qualifiers=(null)>1014</EventID>
<Version>1</Version>
<Level>3</Level>
<Task>1014</Task>
<Opcode>0</Opcode>
<Keywords>0x4000000010000000</Keywords>
<TimeCreated SystemTime=2026-01-14T21:33:20.298408500Z/>
<EventRecordID>126</EventRecordID>
<Correlation ActivityID=(null) RelatedActivityID=(null)/>
<Execution ProcessID=2628 ThreadID=2844/>
<Channel>System</Channel>
<Computer>WIN-S8AG37SE2O9</Computer>
<Security UserID=S-1-5-20/>
</System>
<EventData><Data Name=QueryName>wpad</Data>
<Data Name=AddressLength>128</Data>
<Data Name=Address>[Unknown Type 0x0e, size 128]</Data>
<Data Name=ClientPID>2764</Data>
</EventData>
</Event>
ElfRec#000127 (0x000121c0)	2026-01-14T21:33:20.4566958Z	size=616
<Event xmlns=http://schemas.microsoft.com/win/2004/08/events/event><System><Provider Name=Microsoft-Windows-Kernel-General Guid={a68ca8b7-004f-d7b6-a698-07e2de0f1f5d}/>
<EventID Qualifiers=(null)>16</EventID>
<Version>0</Version>
<Level>4</Level>
<Task>0</Task>
<Opcode>0</Opcode>
<Keywords>0x8000000000000000</Keywords>
<TimeCreated SystemTime=2026-01-14T21:33:20.456695800Z/>
<EventRecordID>127</EventRecordID>
<Correlation ActivityID=(null) RelatedActivityID=(null)/>
<Execution ProcessID=2652 ThreadID=800/>
<Channel>System</Channel>
<Computer>WIN-S8AG37SE2O9</Computer>
<Security UserID=S-1-5-18/>
</System>
<EventData><Data Name=HiveNameLength>144</Data>
<Data Name=HiveName>\??\C:\ProgramData\Microsoft\Windows\AppRepository\Packages\Windows.CBSPreview_10.0.19580.1000_neutral_neutral_cw5n1h2txyewy\ActivationStore.dat</Data>
<Data Name=KeysUpdated>0</Data>
<Data Name=DirtyPages>0</Data>
</EventData>
</Event>
ElfRec#000128 (0x00012428)	2026-01-14T21:33:20.5972793Z	size=624
<Event xmlns=http://schemas.microsoft.com/win/2004/08/events/event><System><Provider Name=Microsoft-Windows-Kernel-General Guid={a68ca8b7-004f-d7b6-a698-07e2de0f1f5d}/>
<EventID Qualifiers=(null)>16</EventID>
<Version>0</Version>
<Level>4</Level>
<Task>0</Task>
<Opcode>0</Opcode>
<Keywords>0x8000000000000000</Keywords>
<TimeCreated SystemTime=2026-01-14T21:33:20.597279300Z/>
<EventRecordID>128</EventRecordID>
<Correlation ActivityID=(null) RelatedActivityID=(null)/>
<Execution ProcessID=2652 ThreadID=800/>
<Channel>System</Channel>
<Computer>WIN-S8AG37SE2O9</Computer>
<Security UserID=S-1-5-18/>
</System>
<EventData><Data Name=HiveNameLength>151</Data>
<Data Name=HiveName>\??\C:\ProgramData\Microsoft\Windows\AppRepository\Packages\windows.immersivecontrolpanel_10.0.8.1000_neutral_neutral_cw5n1h2txyewy\ActivationStore.dat</Data>
<Data Name=KeysUpdated>0</Data>
<Data Name=DirtyPages>0</Data>
</EventData>
</Event>
ElfRec#000129 (0x00012698)	2026-01-14T21:33:20.6862243Z	size=600
<Event xmlns=http://schemas.microsoft.com/win/2004/08/events/event><System><Provider Name=Microsoft-Windows-Kernel-General Guid={a68ca8b7-004f-d7b6-a698-07e2de0f1f5d}/>
<EventID Qualifiers=(null)>16</EventID>
<Version>0</Version>
<Level>4</Level>
<Task>0</Task>
<Opcode>0</Opcode>
<Keywords>0x8000000000000000</Keywords>
<TimeCreated SystemTime=2026-01-14T21:33:20.686224300Z/>
<EventRecordID>129</EventRecordID>
<Correlation ActivityID=(null) RelatedActivityID=(null)/>
<Execution ProcessID=2652 ThreadID=5008/>
<Channel>System</Channel>
<Computer>WIN-S8AG37SE2O9</Computer>
<Security UserID=S-1-5-18/>
</System>
<EventData><Data Name=HiveNameLength>137</Data>
<Data Name=HiveName>\??\C:\ProgramData\Microsoft\Windows\AppRepository\Packages\Microsoft.Edge.GameAssist_1.0.3336.0_arm64__8wekyb3d8bbwe\ActivationStore.dat</Data>
<Data Name=KeysUpdated>0</Data>
<Data Name=DirtyPages>0</Data>
</EventData>
</Event>
ElfRec#000130 (0x000128f0)	2026-01-14T21:33:20.7814220Z	size=600
<Event xmlns=http://schemas.microsoft.com/win/2004/08/events/event><System><Provider Name=Microsoft-Windows-Kernel-General Guid={a68ca8b7-004f-d7b6-a698-07e2de0f1f5d}/>
<EventID Qualifiers=(null)>16</EventID>
<Version>0</Version>
<Level>4</Level>
<Task>0</Task>
<Opcode>0</Opcode>
<Keywords>0x8000000000000000</Keywords>
<TimeCreated SystemTime=2026-01-14T21:33:20.781422000Z/>
<EventRecordID>130</EventRecordID>
<Correlation ActivityID=(null) RelatedActivityID=(null)/>
<Execution ProcessID=2652 ThreadID=800/>
<Channel>System</Channel>
<Computer>WIN-S8AG37SE2O9</Computer>
<Security UserID=S-1-5-18/>
</System>
<EventData><Data Name=HiveNameLength>137</Data>
<Data Name=HiveName>\??\C:\ProgramData\Microsoft\Windows\AppRepository\Packages\Windows.PrintDialog_6.2.3.0_neutral_neutral_cw5n1h2txyewy\ActivationStore.dat</Data>
<Data Name=KeysUpdated>0</Data>
<Data Name=DirtyPages>0</Data>
</EventData>
</Event>
ElfRec#000131 (0x00012b48)	2026-01-14T21:33:20.9885326Z	size=328
<Event xmlns=http://schemas.microsoft.com/win/2004/08/events/event><System><Provider Name=Microsoft-Windows-TPM-WMI Guid={7d5387b0-cbe0-11da-a94d-0800200c9a66}/>
<EventID Qualifiers=(null)>1025</EventID>
<Version>0</Version>
<Level>4</Level>
<Task>0</Task>
<Opcode>0</Opcode>
<Keywords>0x8000000000000000</Keywords>
<TimeCreated SystemTime=2026-01-14T21:33:20.988532600Z/>
<EventRecordID>131</EventRecordID>
<Correlation ActivityID=(null) RelatedActivityID=(null)/>
<Execution ProcessID=4164 ThreadID=3860/>
<Channel>System</Channel>
<Computer>WIN-S8AG37SE2O9</Computer>
<Security UserID=S-1-5-18/>
</System>
<EventData></EventData>
</Event>
ElfRec#000132 (0x00012c90)	2026-01-14T21:33:24.6743272Z	size=624
<Event xmlns=http://schemas.microsoft.com/win/2004/08/events/event><System><Provider Name=Microsoft-Windows-Kernel-General Guid={a68ca8b7-004f-d7b6-a698-07e2de0f1f5d}/>
<EventID Qualifiers=(null)>16</EventID>
<Version>0</Version>
<Level>4</Level>
<Task>0</Task>
<Opcode>0</Opcode>
<Keywords>0x8000000000000000</Keywords>
<TimeCreated SystemTime=2026-01-14T21:33:24.674327200Z/>
<EventRecordID>132</EventRecordID>
<Correlation ActivityID=(null) RelatedActivityID=(null)/>
<Execution ProcessID=2652 ThreadID=800/>
<Channel>System</Channel>
<Computer>WIN-S8AG37SE2O9</Computer>
<Security UserID=S-1-5-18/>
</System>
<EventData><Data Name=HiveNameLength>148</Data>
<Data Name=HiveName>\??\C:\ProgramData\Microsoft\Windows\AppRepository\Packages\Microsoft.WindowsAppRuntime.1.5_5001.311.2039.0_arm64__8wekyb3d8bbwe\ActivationStore.dat</Data>
<Data Name=KeysUpdated>0</Data>
<Data Name=DirtyPages>0</Data>
</EventData>
</Event>
ElfRec#000133 (0x00012f00)	2026-01-14T21:33:25.4103738Z	size=592
<Event xmlns=http://schemas.microsoft.com/win/2004/08/events/event><System><Provider Name=Microsoft-Windows-Time-Service Guid={06edcfeb-0fd0-4e53-acca-a6f8bbf81bcb}/>
<EventID Qualifiers=(null)>37</EventID>
<Version>0</Version>
<Level>4</Level>
<Task>0</Task>
<Opcode>0</Opcode>
<Keywords>0x8000000000000000</Keywords>
<TimeCreated SystemTime=2026-01-14T21:33:25.410373800Z/>
<EventRecordID>133</EventRecordID>
<Correlation ActivityID=(null) RelatedActivityID=(null)/>
<Execution ProcessID=4260 ThreadID=4812/>
<Channel>System</Channel>
<Computer>WIN-S8AG37SE2O9</Computer>
<Security UserID=S-1-5-19/>
</System>
<EventData Name=TMP_EVENT_TIME_SOURCE_REACHABLE><Data Name=TimeSource>time.windows.com,0x9 (ntp.m|0x9|0.0.0.0:123->20.43.94.199:123)</Data>
</EventData>
</Event>
ElfRec#000134 (0x00013150)	2026-01-14T21:33:25.5375424Z	size=600
<Event xmlns=http://schemas.microsoft.com/win/2004/08/events/event><System><Provider Name=Microsoft-Windows-Kernel-General Guid={a68ca8b7-004f-d7b6-a698-07e2de0f1f5d}/>
<EventID Qualifiers=(null)>16</EventID>
<Version>0</Version>
<Level>4</Level>
<Task>0</Task>
<Opcode>0</Opcode>
<Keywords>0x8000000000000000</Keywords>
<TimeCreated SystemTime=2026-01-14T21:33:25.537542400Z/>
<EventRecordID>134</EventRecordID>
<Correlation ActivityID=(null) RelatedActivityID=(null)/>
<Execution ProcessID=2652 ThreadID=800/>
<Channel>System</Channel>
<Computer>WIN-S8AG37SE2O9</Computer>
<Security UserID=S-1-5-18/>
</System>
<EventData><Data Name=HiveNameLength>137</Data>
<Data Name=HiveName>\??\C:\ProgramData\Microsoft\Windows\AppRepository\Packages\Microsoft.UI.Xaml.2.8_8.2310.30001.0_arm64__8wekyb3d8bbwe\ActivationStore.dat</Data>
<Data Name=KeysUpdated>0</Data>
<Data Name=DirtyPages>0</Data>
</EventData>
</Event>
ElfRec#000135 (0x000133a8)	2026-01-14T21:33:26.5126404Z	size=592
<Event xmlns=http://schemas.microsoft.com/win/2004/08/events/event><System><Provider Name=Microsoft-Windows-Kernel-General Guid={a68ca8b7-004f-d7b6-a698-07e2de0f1f5d}/>
<EventID Qualifiers=(null)>16</EventID>
<Version>0</Version>
<Level>4</Level>
<Task>0</Task>
<Opcode>0</Opcode>
<Keywords>0x8000000000000000</Keywords>
<TimeCreated SystemTime=2026-01-14T21:33:26.512640400Z/>
<EventRecordID>135</EventRecordID>
<Correlation ActivityID=(null) RelatedActivityID=(null)/>
<Execution ProcessID=2652 ThreadID=800/>
<Channel>System</Channel>
<Computer>WIN-S8AG37SE2O9</Computer>
<Security UserID=S-1-5-18/>
</System>
<EventData><Data Name=HiveNameLength>134</Data>
<Data Name=HiveName>\??\C:\ProgramData\Microsoft\Windows\AppRepository\Packages\Clipchamp.Clipchamp_3.1.11920.0_neutral__yxz26nhyzhsrt\ActivationStore.dat</Data>
<Data Name=KeysUpdated>0</Data>
<Data Name=DirtyPages>0</Data>
</EventData>
</Event>
ElfRec#000136 (0x000135f8)	2026-01-14T21:33:26.9478206Z	size=424
<Event xmlns=http://schemas.microsoft.com/win/2004/08/events/event><System><Provider Name=Microsoft-Windows-Time-Service Guid={06edcfeb-0fd0-4e53-acca-a6f8bbf81bcb}/>
<EventID Qualifiers=(null)>37</EventID>
<Version>0</Version>
<Level>4</Level>
<Task>0</Task>
<Opcode>0</Opcode>
<Keywords>0x8000000000000000</Keywords>
<TimeCreated SystemTime=2026-01-14T21:33:26.947820600Z/>
<EventRecordID>136</EventRecordID>
<Correlation ActivityID=(null) RelatedActivityID=(null)/>
<Execution ProcessID=4260 ThreadID=3572/>
<Channel>System</Channel>
<Computer>WIN-S8AG37SE2O9</Computer>
<Security UserID=S-1-5-19/>
</System>
<EventData Name=TMP_EVENT_TIME_SOURCE_REACHABLE><Data Name=TimeSource>time.windows.com,0x9 (ntp.m|0x9|0.0.0.0:123->20.43.94.199:123)</Data>
</EventData>
</Event>
ElfRec#000137 (0x000137a0)	2026-01-14T21:33:27.9982257Z	size=576
<Event xmlns=http://schemas.microsoft.com/win/2004/08/events/event><System><Provider Name=Microsoft-Windows-Kernel-General Guid={a68ca8b7-004f-d7b6-a698-07e2de0f1f5d}/>
<EventID Qualifiers=(null)>16</EventID>
<Version>0</Version>
<Level>4</Level>
<Task>0</Task>
<Opcode>0</Opcode>
<Keywords>0x8000000000000000</Keywords>
<TimeCreated SystemTime=2026-01-14T21:33:27.998225700Z/>
<EventRecordID>137</EventRecordID>
<Correlation ActivityID=(null) RelatedActivityID=(null)/>
<Execution ProcessID=2652 ThreadID=800/>
<Channel>System</Channel>
<Computer>WIN-S8AG37SE2O9</Computer>
<Security UserID=S-1-5-18/>
</System>
<EventData><Data Name=HiveNameLength>127</Data>
<Data Name=HiveName>\??\C:\ProgramData\Microsoft\Windows\AppRepository\Packages\Microsoft.BingNews_1.0.2.0_arm64__8wekyb3d8bbwe\ActivationStore.dat</Data>
<Data Name=KeysUpdated>0</Data>
<Data Name=DirtyPages>0</Data>
</EventData>
</Event>
ElfRec#000138 (0x000139e0)	2026-01-14T21:33:28.2899936Z	size=584
<Event xmlns=http://schemas.microsoft.com/win/2004/08/events/event><System><Provider Name=Microsoft-Windows-Kernel-General Guid={a68ca8b7-004f-d7b6-a698-07e2de0f1f5d}/>
<EventID Qualifiers=(null)>16</EventID>
<Version>0</Version>
<Level>4</Level>
<Task>0</Task>
<Opcode>0</Opcode>
<Keywords>0x8000000000000000</Keywords>
<TimeCreated SystemTime=2026-01-14T21:33:28.289993600Z/>
<EventRecordID>138</EventRecordID>
<Correlation ActivityID=(null) RelatedActivityID=(null)/>
<Execution ProcessID=2652 ThreadID=800/>
<Channel>System</Channel>
<Computer>WIN-S8AG37SE2O9</Computer>
<Security UserID=S-1-5-18/>
</System>
<EventData><Data Name=HiveNameLength>130</Data>
<Data Name=HiveName>\??\C:\ProgramData\Microsoft\Windows\AppRepository\Packages\Microsoft.BingSearch_1.1.33.0_arm64__8wekyb3d8bbwe\ActivationStore.dat</Data>
<Data Name=KeysUpdated>0</Data>
<Data Name=DirtyPages>0</Data>
</EventData>
</Event>
ElfRec#000139 (0x00013c28)	2026-01-14T21:33:28.8190581Z	size=584
<Event xmlns=http://schemas.microsoft.com/win/2004/08/events/event><System><Provider Name=Microsoft-Windows-Kernel-General Guid={a68ca8b7-004f-d7b6-a698-07e2de0f1f5d}/>
<EventID Qualifiers=(null)>16</EventID>
<Version>0</Version>
<Level>4</Level>
<Task>0</Task>
<Opcode>0</Opcode>
<Keywords>0x8000000000000000</Keywords>
<TimeCreated SystemTime=2026-01-14T21:33:28.819058100Z/>
<EventRecordID>139</EventRecordID>
<Correlation ActivityID=(null) RelatedActivityID=(null)/>
<Execution ProcessID=2652 ThreadID=800/>
<Channel>System</Channel>
<Computer>WIN-S8AG37SE2O9</Computer>
<Security UserID=S-1-5-18/>
</System>
<EventData><Data Name=HiveNameLength>131</Data>
<Data Name=HiveName>\??\C:\ProgramData\Microsoft\Windows\AppRepository\Packages\Microsoft.BingWeather_3.2.10.0_arm64__8wekyb3d8bbwe\ActivationStore.dat</Data>
<Data Name=KeysUpdated>0</Data>
<Data Name=DirtyPages>0</Data>
</EventData>
</Event>
ElfRec#000140 (0x00013e70)	2026-01-14T21:33:29.3347829Z	size=608
<Event xmlns=http://schemas.microsoft.com/win/2004/08/events/event><System><Provider Name=Microsoft-Windows-Kernel-General Guid={a68ca8b7-004f-d7b6-a698-07e2de0f1f5d}/>
<EventID Qualifiers=(null)>16</EventID>
<Version>0</Version>
<Level>4</Level>
<Task>0</Task>
<Opcode>0</Opcode>
<Keywords>0x8000000000000000</Keywords>
<TimeCreated SystemTime=2026-01-14T21:33:29.334782900Z/>
<EventRecordID>140</EventRecordID>
<Correlation ActivityID=(null) RelatedActivityID=(null)/>
<Execution ProcessID=2652 ThreadID=800/>
<Channel>System</Channel>
<Computer>WIN-S8AG37SE2O9</Computer>
<Security UserID=S-1-5-18/>
</System>
<EventData><Data Name=HiveNameLength>143</Data>
<Data Name=HiveName>\??\C:\ProgramData\Microsoft\Windows\AppRepository\Packages\Microsoft.DesktopAppInstaller_1.24.25199.0_arm64__8wekyb3d8bbwe\ActivationStore.dat</Data>
<Data Name=KeysUpdated>0</Data>
<Data Name=DirtyPages>0</Data>
</EventData>
</Event>
ElfRec#000141 (0x000140d0)	2026-01-14T21:33:29.9368435Z	size=592
<Event xmlns=http://schemas.microsoft.com/win/2004/08/events/event><System><Provider Name=Microsoft-Windows-Kernel-General Guid={a68ca8b7-004f-d7b6-a698-07e2de0f1f5d}/>
<EventID Qualifiers=(null)>16</EventID>
<Version>0</Version>
<Level>4</Level>
<Task>0</Task>
<Opcode>0</Opcode>
<Keywords>0x8000000000000000</Keywords>
<TimeCreated SystemTime=2026-01-14T21:33:29.936843500Z/>
<EventRecordID>141</EventRecordID>
<Correlation ActivityID=(null) RelatedActivityID=(null)/>
<Execution ProcessID=2652 ThreadID=800/>
<Channel>System</Channel>
<Computer>WIN-S8AG37SE2O9</Computer>
<Security UserID=S-1-5-18/>
</System>
<EventData><Data Name=HiveNameLength>134</Data>
<Data Name=HiveName>\??\C:\ProgramData\Microsoft\Windows\AppRepository\Packages\Microsoft.GetHelp_10.2407.22193.0_arm64__8wekyb3d8bbwe\ActivationStore.dat</Data>
<Data Name=KeysUpdated>0</Data>
<Data Name=DirtyPages>0</Data>
</EventData>
</Event>
ElfRec#000142 (0x00014320)	2026-01-14T21:33:31.2678966Z	size=616
<Event xmlns=http://schemas.microsoft.com/win/2004/08/events/event><System><Provider Name=Microsoft-Windows-Kernel-General Guid={a68ca8b7-004f-d7b6-a698-07e2de0f1f5d}/>
<EventID Qualifiers=(null)>16</EventID>
<Version>0</Version>
<Level>4</Level>
<Task>0</Task>
<Opcode>0</Opcode>
<Keywords>0x8000000000000000</Keywords>
<TimeCreated SystemTime=2026-01-14T21:33:31.267896600Z/>
<EventRecordID>142</EventRecordID>
<Correlation ActivityID=(null) RelatedActivityID=(null)/>
<Execution ProcessID=2652 ThreadID=800/>
<Channel>System</Channel>
<Computer>WIN-S8AG37SE2O9</Computer>
<Security UserID=S-1-5-18/>
</System>
<EventData><Data Name=HiveNameLength>144</Data>
<Data Name=HiveName>\??\C:\ProgramData\Microsoft\Windows\AppRepository\Packages\Microsoft.MicrosoftOfficeHub_18.2409.1301.0_arm64__8wekyb3d8bbwe\ActivationStore.dat</Data>
<Data Name=KeysUpdated>0</Data>
<Data Name=DirtyPages>0</Data>
</EventData>
</Event>
ElfRec#000143 (0x00014588)	2026-01-14T21:33:32.0421106Z	size=624
<Event xmlns=http://schemas.microsoft.com/win/2004/08/events/event><System><Provider Name=Microsoft-Windows-Kernel-General Guid={a68ca8b7-004f-d7b6-a698-07e2de0f1f5d}/>
<EventID Qualifiers=(null)>16</EventID>
<Version>0</Version>
<Level>4</Level>
<Task>0</Task>
<Opcode>0</Opcode>
<Keywords>0x8000000000000000</Keywords>
<TimeCreated SystemTime=2026-01-14T21:33:32.042110600Z/>
<EventRecordID>143</EventRecordID>
<Correlation ActivityID=(null) RelatedActivityID=(null)/>
<Execution ProcessID=2652 ThreadID=800/>
<Channel>System</Channel>
<Computer>WIN-S8AG37SE2O9</Computer>
<Security UserID=S-1-5-18/>
</System>
<EventData><Data Name=HiveNameLength>151</Data>
<Data Name=HiveName>\??\C:\ProgramData\Microsoft\Windows\AppRepository\Packages\Microsoft.MicrosoftSolitaireCollection_4.22.3190.0_arm64__8wekyb3d8bbwe\ActivationStore.dat</Data>
<Data Name=KeysUpdated>0</Data>
<Data Name=DirtyPages>0</Data>
</EventData>
</Event>
ElfRec#000144 (0x000147f8)	2026-01-14T21:33:32.4979731Z	size=608
<Event xmlns=http://schemas.microsoft.com/win/2004/08/events/event><System><Provider Name=Microsoft-Windows-Kernel-General Guid={a68ca8b7-004f-d7b6-a698-07e2de0f1f5d}/>
<EventID Qualifiers=(null)>16</EventID>
<Version>0</Version>
<Level>4</Level>
<Task>0</Task>
<Opcode>0</Opcode>
<Keywords>0x8000000000000000</Keywords>
<TimeCreated SystemTime=2026-01-14T21:33:32.497973100Z/>
<EventRecordID>144</EventRecordID>
<Correlation ActivityID=(null) RelatedActivityID=(null)/>
<Execution ProcessID=2652 ThreadID=800/>
<Channel>System</Channel>
<Computer>WIN-S8AG37SE2O9</Computer>
<Security UserID=S-1-5-18/>
</System>
<EventData><Data Name=HiveNameLength>142</Data>
<Data Name=HiveName>\??\C:\ProgramData\Microsoft\Windows\AppRepository\Packages\Microsoft.MicrosoftStickyNotes_4.0.6105.0_arm64__8wekyb3d8bbwe\ActivationStore.dat</Data>
<Data Name=KeysUpdated>0</Data>
<Data Name=DirtyPages>0</Data>
</EventData>
</Event>
ElfRec#000145 (0x00014a58)	2026-01-14T21:33:33.9461564Z	size=584
<Event xmlns=http://schemas.microsoft.com/win/2004/08/events/event><System><Provider Name=Microsoft-Windows-Kernel-General Guid={a68ca8b7-004f-d7b6-a698-07e2de0f1f5d}/>
<EventID Qualifiers=(null)>16</EventID>
<Version>0</Version>
<Level>4</Level>
<Task>0</Task>
<Opcode>0</Opcode>
<Keywords>0x8000000000000000</Keywords>
<TimeCreated SystemTime=2026-01-14T21:33:33.946156400Z/>
<EventRecordID>145</EventRecordID>
<Correlation ActivityID=(null) RelatedActivityID=(null)/>
<Execution ProcessID=2652 ThreadID=800/>
<Channel>System</Channel>
<Computer>WIN-S8AG37SE2O9</Computer>
<Security UserID=S-1-5-18/>
</System>
<EventData><Data Name=HiveNameLength>130</Data>
<Data Name=HiveName>\??\C:\ProgramData\Microsoft\Windows\AppRepository\Packages\Microsoft.Paint_11.2412.295.0_arm64__8wekyb3d8bbwe\ActivationStore.dat</Data>
<Data Name=KeysUpdated>0</Data>
<Data Name=DirtyPages>0</Data>
</EventData>
</Event>
ElfRec#000146 (0x00014ca0)	2026-01-14T21:33:34.7615705Z	size=600
<Event xmlns=http://schemas.microsoft.com/win/2004/08/events/event><System><Provider Name=Microsoft-Windows-Kernel-General Guid={a68ca8b7-004f-d7b6-a698-07e2de0f1f5d}/>
<EventID Qualifiers=(null)>16</EventID>
<Version>0</Version>
<Level>4</Level>
<Task>0</Task>
<Opcode>0</Opcode>
<Keywords>0x8000000000000000</Keywords>
<TimeCreated SystemTime=2026-01-14T21:33:34.761570500Z/>
<EventRecordID>146</EventRecordID>
<Correlation ActivityID=(null) RelatedActivityID=(null)/>
<Execution ProcessID=2652 ThreadID=800/>
<Channel>System</Channel>
<Computer>WIN-S8AG37SE2O9</Computer>
<Security UserID=S-1-5-18/>
</System>
<EventData><Data Name=HiveNameLength>136</Data>
<Data Name=HiveName>\??\C:\ProgramData\Microsoft\Windows\AppRepository\Packages\Microsoft.ScreenSketch_11.2307.59.0_arm64__8wekyb3d8bbwe\ActivationStore.dat</Data>
<Data Name=KeysUpdated>0</Data>
<Data Name=DirtyPages>0</Data>
</EventData>
</Event>
ElfRec#000147 (0x00014ef8)	2026-01-14T21:33:35.1637713Z	size=608
<Event xmlns=http://schemas.microsoft.com/win/2004/08/events/event><System><Provider Name=Microsoft-Windows-Kernel-General Guid={a68ca8b7-004f-d7b6-a698-07e2de0f1f5d}/>
<EventID Qualifiers=(null)>16</EventID>
<Version>0</Version>
<Level>4</Level>
<Task>0</Task>
<Opcode>0</Opcode>
<Keywords>0x8000000000000000</Keywords>
<TimeCreated SystemTime=2026-01-14T21:33:35.163771300Z/>
<EventRecordID>147</EventRecordID>
<Correlation ActivityID=(null) RelatedActivityID=(null)/>
<Execution ProcessID=2652 ThreadID=800/>
<Channel>System</Channel>
<Computer>WIN-S8AG37SE2O9</Computer>
<Security UserID=S-1-5-18/>
</System>
<EventData><Data Name=HiveNameLength>140</Data>
<Data Name=HiveName>\??\C:\ProgramData\Microsoft\Windows\AppRepository\Packages\Microsoft.SecHealthUI_1000.26100.4343.0_arm64__8wekyb3d8bbwe\ActivationStore.dat</Data>
<Data Name=KeysUpdated>0</Data>
<Data Name=DirtyPages>0</Data>
</EventData>
</Event>
ElfRec#000148 (0x00015158)	2026-01-14T21:33:35.8851978Z	size=608
<Event xmlns=http://schemas.microsoft.com/win/2004/08/events/event><System><Provider Name=Microsoft-Windows-Kernel-General Guid={a68ca8b7-004f-d7b6-a698-07e2de0f1f5d}/>
<EventID Qualifiers=(null)>16</EventID>
<Version>0</Version>
<Level>4</Level>
<Task>0</Task>
<Opcode>0</Opcode>
<Keywords>0x8000000000000000</Keywords>
<TimeCreated SystemTime=2026-01-14T21:33:35.885197800Z/>
<EventRecordID>148</EventRecordID>
<Correlation ActivityID=(null) RelatedActivityID=(null)/>
<Execution ProcessID=2652 ThreadID=800/>
<Channel>System</Channel>
<Computer>WIN-S8AG37SE2O9</Computer>
<Security UserID=S-1-5-18/>
</System>
<EventData><Data Name=HiveNameLength>142</Data>
<Data Name=HiveName>\??\C:\ProgramData\Microsoft\Windows\AppRepository\Packages\Microsoft.StorePurchaseApp_22408.1400.1.0_arm64__8wekyb3d8bbwe\ActivationStore.dat</Data>
<Data Name=KeysUpdated>0</Data>
<Data Name=DirtyPages>0</Data>
</EventData>
</Event>
ElfRec#000149 (0x000153b8)	2026-01-14T21:33:36.2950093Z	size=584
<Event xmlns=http://schemas.microsoft.com/win/2004/08/events/event><System><Provider Name=Microsoft-Windows-Kernel-General Guid={a68ca8b7-004f-d7b6-a698-07e2de0f1f5d}/>
<EventID Qualifiers=(null)>16</EventID>
<Version>0</Version>
<Level>4</Level>
<Task>0</Task>
<Opcode>0</Opcode>
<Keywords>0x8000000000000000</Keywords>
<TimeCreated SystemTime=2026-01-14T21:33:36.295009300Z/>
<EventRecordID>149</EventRecordID>
<Correlation ActivityID=(null) RelatedActivityID=(null)/>
<Execution ProcessID=2652 ThreadID=800/>
<Channel>System</Channel>
<Computer>WIN-S8AG37SE2O9</Computer>
<Security UserID=S-1-5-18/>
</System>
<EventData><Data Name=HiveNameLength>129</Data>
<Data Name=HiveName>\??\C:\ProgramData\Microsoft\Windows\AppRepository\Packages\Microsoft.Todos_0.120.7961.0_arm64__8wekyb3d8bbwe\ActivationStore.dat</Data>
<Data Name=KeysUpdated>0</Data>
<Data Name=DirtyPages>0</Data>
</EventData>
</Event>
ElfRec#000150 (0x00015600)	2026-01-14T21:33:38.0438132Z	size=608
<Event xmlns=http://schemas.microsoft.com/win/2004/08/events/event><System><Provider Name=Microsoft-Windows-Kernel-General Guid={a68ca8b7-004f-d7b6-a698-07e2de0f1f5d}/>
<EventID Qualifiers=(null)>16</EventID>
<Version>0</Version>
<Level>4</Level>
<Task>0</Task>
<Opcode>0</Opcode>
<Keywords>0x8000000000000000</Keywords>
<TimeCreated SystemTime=2026-01-14T21:33:38.043813200Z/>
<EventRecordID>150</EventRecordID>
<Correlation ActivityID=(null) RelatedActivityID=(null)/>
<Execution ProcessID=2652 ThreadID=800/>
<Channel>System</Channel>
<Computer>WIN-S8AG37SE2O9</Computer>
<Security UserID=S-1-5-18/>
</System>
<EventData><Data Name=HiveNameLength>142</Data>
<Data Name=HiveName>\??\C:\ProgramData\Microsoft\Windows\AppRepository\Packages\Microsoft.Windows.Photos_24.24070.23002.0_arm64__8wekyb3d8bbwe\ActivationStore.dat</Data>
<Data Name=KeysUpdated>0</Data>
<Data Name=DirtyPages>0</Data>
</EventData>
</Event>
ElfRec#000151 (0x00015860)	2026-01-14T21:33:38.5571516Z	size=592
<Event xmlns=http://schemas.microsoft.com/win/2004/08/events/event><System><Provider Name=Microsoft-Windows-Kernel-General Guid={a68ca8b7-004f-d7b6-a698-07e2de0f1f5d}/>
<EventID Qualifiers=(null)>16</EventID>
<Version>0</Version>
<Level>4</Level>
<Task>0</Task>
<Opcode>0</Opcode>
<Keywords>0x8000000000000000</Keywords>
<TimeCreated SystemTime=2026-01-14T21:33:38.557151600Z/>
<EventRecordID>151</EventRecordID>
<Correlation ActivityID=(null) RelatedActivityID=(null)/>
<Execution ProcessID=2652 ThreadID=800/>
<Channel>System</Channel>
<Computer>WIN-S8AG37SE2O9</Computer>
<Security UserID=S-1-5-18/>
</System>
<EventData><Data Name=HiveNameLength>134</Data>
<Data Name=HiveName>\??\C:\ProgramData\Microsoft\Windows\AppRepository\Packages\Microsoft.WindowsAlarms_1.0.211.0_arm64__8wekyb3d8bbwe\ActivationStore.dat</Data>
<Data Name=KeysUpdated>0</Data>
<Data Name=DirtyPages>0</Data>
</EventData>
</Event>
ElfRec#000152 (0x00015ab0)	2026-01-14T21:33:39.1037881Z	size=608
<Event xmlns=http://schemas.microsoft.com/win/2004/08/events/event><System><Provider Name=Microsoft-Windows-Kernel-General Guid={a68ca8b7-004f-d7b6-a698-07e2de0f1f5d}/>
<EventID Qualifiers=(null)>16</EventID>
<Version>0</Version>
<Level>4</Level>
<Task>0</Task>
<Opcode>0</Opcode>
<Keywords>0x8000000000000000</Keywords>
<TimeCreated SystemTime=2026-01-14T21:33:39.103788100Z/>
<EventRecordID>152</EventRecordID>
<Correlation ActivityID=(null) RelatedActivityID=(null)/>
<Execution ProcessID=2652 ThreadID=800/>
<Channel>System</Channel>
<Computer>WIN-S8AG37SE2O9</Computer>
<Security UserID=S-1-5-18/>
</System>
<EventData><Data Name=HiveNameLength>140</Data>
<Data Name=HiveName>\??\C:\ProgramData\Microsoft\Windows\AppRepository\Packages\Microsoft.WindowsCalculator_11.2502.2.0_arm64__8wekyb3d8bbwe\ActivationStore.dat</Data>
<Data Name=KeysUpdated>0</Data>
<Data Name=DirtyPages>0</Data>
</EventData>
</Event>
ElfRec#000153 (0x00015d10)	2026-01-14T21:33:39.7934924Z	size=600
<Event xmlns=http://schemas.microsoft.com/win/2004/08/events/event><System><Provider Name=Microsoft-Windows-Kernel-General Guid={a68ca8b7-004f-d7b6-a698-07e2de0f1f5d}/>
<EventID Qualifiers=(null)>16</EventID>
<Version>0</Version>
<Level>4</Level>
<Task>0</Task>
<Opcode>0</Opcode>
<Keywords>0x8000000000000000</Keywords>
<TimeCreated SystemTime=2026-01-14T21:33:39.793492400Z/>
<EventRecordID>153</EventRecordID>
<Correlation ActivityID=(null) RelatedActivityID=(null)/>
<Execution ProcessID=2652 ThreadID=800/>
<Channel>System</Channel>
<Computer>WIN-S8AG37SE2O9</Computer>
<Security UserID=S-1-5-18/>
</System>
<EventData><Data Name=HiveNameLength>138</Data>
<Data Name=HiveName>\??\C:\ProgramData\Microsoft\Windows\AppRepository\Packages\Microsoft.WindowsCamera_2024.2408.1.0_arm64__8wekyb3d8bbwe\ActivationStore.dat</Data>
<Data Name=KeysUpdated>0</Data>
<Data Name=DirtyPages>0</Data>
</EventData>
</Event>
ElfRec#000154 (0x00015f68)	2026-01-14T21:33:40.4221988Z	size=616
<Event xmlns=http://schemas.microsoft.com/win/2004/08/events/event><System><Provider Name=Microsoft-Windows-Kernel-General Guid={a68ca8b7-004f-d7b6-a698-07e2de0f1f5d}/>
<EventID Qualifiers=(null)>16</EventID>
<Version>0</Version>
<Level>4</Level>
<Task>0</Task>
<Opcode>0</Opcode>
<Keywords>0x8000000000000000</Keywords>
<TimeCreated SystemTime=2026-01-14T21:33:40.422198800Z/>
<EventRecordID>154</EventRecordID>
<Correlation ActivityID=(null) RelatedActivityID=(null)/>
<Execution ProcessID=2652 ThreadID=800/>
<Channel>System</Channel>
<Computer>WIN-S8AG37SE2O9</Computer>
<Security UserID=S-1-5-18/>
</System>
<EventData><Data Name=HiveNameLength>144</Data>
<Data Name=HiveName>\??\C:\ProgramData\Microsoft\Windows\AppRepository\Packages\Microsoft.WindowsFeedbackHub_1.2401.20253.0_arm64__8wekyb3d8bbwe\ActivationStore.dat</Data>
<Data Name=KeysUpdated>0</Data>
<Data Name=DirtyPages>0</Data>
</EventData>
</Event>
ElfRec#000155 (0x000161d0)	2026-01-14T21:33:41.0392381Z	size=600
<Event xmlns=http://schemas.microsoft.com/win/2004/08/events/event><System><Provider Name=Microsoft-Windows-Kernel-General Guid={a68ca8b7-004f-d7b6-a698-07e2de0f1f5d}/>
<EventID Qualifiers=(null)>16</EventID>
<Version>0</Version>
<Level>4</Level>
<Task>0</Task>
<Opcode>0</Opcode>
<Keywords>0x8000000000000000</Keywords>
<TimeCreated SystemTime=2026-01-14T21:33:41.039238100Z/>
<EventRecordID>155</EventRecordID>
<Correlation ActivityID=(null) RelatedActivityID=(null)/>
<Execution ProcessID=2652 ThreadID=800/>
<Channel>System</Channel>
<Computer>WIN-S8AG37SE2O9</Computer>
<Security UserID=S-1-5-18/>
</System>
<EventData><Data Name=HiveNameLength>138</Data>
<Data Name=HiveName>\??\C:\ProgramData\Microsoft\Windows\AppRepository\Packages\Microsoft.WindowsNotepad_11.2402.22.0_arm64__8wekyb3d8bbwe\ActivationStore.dat</Data>
<Data Name=KeysUpdated>0</Data>
<Data Name=DirtyPages>0</Data>
</EventData>
</Event>
ElfRec#000156 (0x00016428)	2026-01-14T21:33:41.3709198Z	size=768
<Event xmlns=http://schemas.microsoft.com/win/2004/08/events/event><System><Provider Name=Microsoft-Windows-Time-Service Guid={06edcfeb-0fd0-4e53-acca-a6f8bbf81bcb}/>
<EventID Qualifiers=(null)>34</EventID>
<Version>0</Version>
<Level>2</Level>
<Task>0</Task>
<Opcode>0</Opcode>
<Keywords>0x8000000000000000</Keywords>
<TimeCreated SystemTime=2026-01-14T21:33:41.370919800Z/>
<EventRecordID>156</EventRecordID>
<Correlation ActivityID=(null) RelatedActivityID=(null)/>
<Execution ProcessID=4260 ThreadID=4812/>
<Channel>System</Channel>
<Computer>WIN-S8AG37SE2O9</Computer>
<Security UserID=S-1-5-19/>
</System>
<EventData Name=TMP_EVENT_TIME_CHANGE_TOO_BIG><Data Name=SystemTimeChangeSeconds>[Unknown Type 0x09, size 8]</Data>
<Data Name=MaxSystemTimeChangeSeconds>54000</Data>
<Data Name=TimeSource>time.windows.com,0x9 (ntp.m|0x9|0.0.0.0:123->20.43.94.199:123)</Data>
</EventData>
</Event>
ElfRec#000157 (0x00016728)	2026-01-14T21:33:41.5294651Z	size=608
<Event xmlns=http://schemas.microsoft.com/win/2004/08/events/event><System><Provider Name=Microsoft-Windows-Kernel-General Guid={a68ca8b7-004f-d7b6-a698-07e2de0f1f5d}/>
<EventID Qualifiers=(null)>16</EventID>
<Version>0</Version>
<Level>4</Level>
<Task>0</Task>
<Opcode>0</Opcode>
<Keywords>0x8000000000000000</Keywords>
<TimeCreated SystemTime=2026-01-14T21:33:41.529465100Z/>
<EventRecordID>157</EventRecordID>
<Correlation ActivityID=(null) RelatedActivityID=(null)/>
<Execution ProcessID=2652 ThreadID=800/>
<Channel>System</Channel>
<Computer>WIN-S8AG37SE2O9</Computer>
<Security UserID=S-1-5-18/>
</System>
<EventData><Data Name=HiveNameLength>140</Data>
<Data Name=HiveName>\??\C:\ProgramData\Microsoft\Windows\AppRepository\Packages\Microsoft.WindowsSoundRecorder_1.0.90.0_arm64__8wekyb3d8bbwe\ActivationStore.dat</Data>
<Data Name=KeysUpdated>0</Data>
<Data Name=DirtyPages>0</Data>
</EventData>
</Event>
ElfRec#000158 (0x00016988)	2026-01-14T21:33:42.3498190Z	size=600
<Event xmlns=http://schemas.microsoft.com/win/2004/08/events/event><System><Provider Name=Microsoft-Windows-Kernel-General Guid={a68ca8b7-004f-d7b6-a698-07e2de0f1f5d}/>
<EventID Qualifiers=(null)>16</EventID>
<Version>0</Version>
<Level>4</Level>
<Task>0</Task>
<Opcode>0</Opcode>
<Keywords>0x8000000000000000</Keywords>
<TimeCreated SystemTime=2026-01-14T21:33:42.349819000Z/>
<EventRecordID>158</EventRecordID>
<Correlation ActivityID=(null) RelatedActivityID=(null)/>
<Execution ProcessID=2652 ThreadID=800/>
<Channel>System</Channel>
<Computer>WIN-S8AG37SE2O9</Computer>
<Security UserID=S-1-5-18/>
</System>
<EventData><Data Name=HiveNameLength>138</Data>
<Data Name=HiveName>\??\C:\ProgramData\Microsoft\Windows\AppRepository\Packages\Microsoft.WindowsStore_22412.1400.0.0_arm64__8wekyb3d8bbwe\ActivationStore.dat</Data>
<Data Name=KeysUpdated>0</Data>
<Data Name=DirtyPages>0</Data>
</EventData>
</Event>
ElfRec#000159 (0x00016be0)	2026-01-14T21:33:42.8712953Z	size=600
<Event xmlns=http://schemas.microsoft.com/win/2004/08/events/event><System><Provider Name=Microsoft-Windows-Kernel-General Guid={a68ca8b7-004f-d7b6-a698-07e2de0f1f5d}/>
<EventID Qualifiers=(null)>16</EventID>
<Version>0</Version>
<Level>4</Level>
<Task>0</Task>
<Opcode>0</Opcode>
<Keywords>0x8000000000000000</Keywords>
<TimeCreated SystemTime=2026-01-14T21:33:42.871295300Z/>
<EventRecordID>159</EventRecordID>
<Correlation ActivityID=(null) RelatedActivityID=(null)/>
<Execution ProcessID=2652 ThreadID=800/>
<Channel>System</Channel>
<Computer>WIN-S8AG37SE2O9</Computer>
<Security UserID=S-1-5-18/>
</System>
<EventData><Data Name=HiveNameLength>139</Data>
<Data Name=HiveName>\??\C:\ProgramData\Microsoft\Windows\AppRepository\Packages\Microsoft.WindowsTerminal_1.18.10301.0_arm64__8wekyb3d8bbwe\ActivationStore.dat</Data>
<Data Name=KeysUpdated>0</Data>
<Data Name=DirtyPages>0</Data>
</EventData>
</Event>
ElfRec#000160 (0x00016e38)	2026-01-14T21:33:43.1074034Z	size=592
<Event xmlns=http://schemas.microsoft.com/win/2004/08/events/event><System><Provider Name=Microsoft-Windows-Kernel-General Guid={a68ca8b7-004f-d7b6-a698-07e2de0f1f5d}/>
<EventID Qualifiers=(null)>16</EventID>
<Version>0</Version>
<Level>4</Level>
<Task>0</Task>
<Opcode>0</Opcode>
<Keywords>0x8000000000000000</Keywords>
<TimeCreated SystemTime=2026-01-14T21:33:43.107403400Z/>
<EventRecordID>160</EventRecordID>
<Correlation ActivityID=(null) RelatedActivityID=(null)/>
<Execution ProcessID=2652 ThreadID=800/>
<Channel>System</Channel>
<Computer>WIN-S8AG37SE2O9</Computer>
<Security UserID=S-1-5-18/>
</System>
<EventData><Data Name=HiveNameLength>133</Data>
<Data Name=HiveName>\??\C:\ProgramData\Microsoft\Windows\AppRepository\Packages\Microsoft.Xbox.TCUI_1.23.28005.0_arm64__8wekyb3d8bbwe\ActivationStore.dat</Data>
<Data Name=KeysUpdated>0</Data>
<Data Name=DirtyPages>0</Data>
</EventData>
</Event>
